[2024-05-22T08:06:34.924+0000] {processor.py:161} INFO - Started process (PID=322) to work on /home/airflow/.local/lib/python3.12/site-packages/airflow/example_dags/example_task_group.py
[2024-05-22T08:06:34.933+0000] {processor.py:830} INFO - Processing file /home/airflow/.local/lib/python3.12/site-packages/airflow/example_dags/example_task_group.py for tasks to queue
[2024-05-22T08:06:34.934+0000] {logging_mixin.py:188} INFO - [2024-05-22T08:06:34.934+0000] {dagbag.py:540} INFO - Filling up the DagBag from /home/airflow/.local/lib/python3.12/site-packages/airflow/example_dags/example_task_group.py
[2024-05-22T08:06:34.938+0000] {processor.py:840} INFO - DAG(s) 'example_task_group' retrieved from /home/airflow/.local/lib/python3.12/site-packages/airflow/example_dags/example_task_group.py
[2024-05-22T08:06:34.953+0000] {logging_mixin.py:188} INFO - [2024-05-22T08:06:34.953+0000] {dag.py:3096} INFO - Sync 1 DAGs
[2024-05-22T08:06:34.968+0000] {logging_mixin.py:188} INFO - [2024-05-22T08:06:34.967+0000] {dag.py:3954} INFO - Setting next_dagrun for example_task_group to 2024-05-21 00:00:00+00:00, run_after=2024-05-22 00:00:00+00:00
[2024-05-22T08:06:34.978+0000] {processor.py:183} INFO - Processing /home/airflow/.local/lib/python3.12/site-packages/airflow/example_dags/example_task_group.py took 0.057 seconds
[2024-05-22T08:07:05.015+0000] {processor.py:161} INFO - Started process (PID=586) to work on /home/airflow/.local/lib/python3.12/site-packages/airflow/example_dags/example_task_group.py
[2024-05-22T08:07:05.016+0000] {processor.py:830} INFO - Processing file /home/airflow/.local/lib/python3.12/site-packages/airflow/example_dags/example_task_group.py for tasks to queue
[2024-05-22T08:07:05.017+0000] {logging_mixin.py:188} INFO - [2024-05-22T08:07:05.016+0000] {dagbag.py:540} INFO - Filling up the DagBag from /home/airflow/.local/lib/python3.12/site-packages/airflow/example_dags/example_task_group.py
[2024-05-22T08:07:05.020+0000] {processor.py:840} INFO - DAG(s) 'example_task_group' retrieved from /home/airflow/.local/lib/python3.12/site-packages/airflow/example_dags/example_task_group.py
[2024-05-22T08:07:05.029+0000] {logging_mixin.py:188} INFO - [2024-05-22T08:07:05.029+0000] {dag.py:3096} INFO - Sync 1 DAGs
[2024-05-22T08:07:05.038+0000] {logging_mixin.py:188} INFO - [2024-05-22T08:07:05.037+0000] {dag.py:3954} INFO - Setting next_dagrun for example_task_group to 2024-05-21 00:00:00+00:00, run_after=2024-05-22 00:00:00+00:00
[2024-05-22T08:07:05.045+0000] {processor.py:183} INFO - Processing /home/airflow/.local/lib/python3.12/site-packages/airflow/example_dags/example_task_group.py took 0.032 seconds
[2024-05-22T08:07:35.763+0000] {processor.py:161} INFO - Started process (PID=856) to work on /home/airflow/.local/lib/python3.12/site-packages/airflow/example_dags/example_task_group.py
[2024-05-22T08:07:35.764+0000] {processor.py:830} INFO - Processing file /home/airflow/.local/lib/python3.12/site-packages/airflow/example_dags/example_task_group.py for tasks to queue
[2024-05-22T08:07:35.765+0000] {logging_mixin.py:188} INFO - [2024-05-22T08:07:35.765+0000] {dagbag.py:540} INFO - Filling up the DagBag from /home/airflow/.local/lib/python3.12/site-packages/airflow/example_dags/example_task_group.py
[2024-05-22T08:07:35.768+0000] {processor.py:840} INFO - DAG(s) 'example_task_group' retrieved from /home/airflow/.local/lib/python3.12/site-packages/airflow/example_dags/example_task_group.py
[2024-05-22T08:07:35.779+0000] {logging_mixin.py:188} INFO - [2024-05-22T08:07:35.779+0000] {dag.py:3096} INFO - Sync 1 DAGs
[2024-05-22T08:07:35.791+0000] {logging_mixin.py:188} INFO - [2024-05-22T08:07:35.791+0000] {dag.py:3954} INFO - Setting next_dagrun for example_task_group to 2024-05-21 00:00:00+00:00, run_after=2024-05-22 00:00:00+00:00
[2024-05-22T08:07:35.799+0000] {processor.py:183} INFO - Processing /home/airflow/.local/lib/python3.12/site-packages/airflow/example_dags/example_task_group.py took 0.039 seconds
[2024-05-22T08:08:06.442+0000] {processor.py:161} INFO - Started process (PID=1123) to work on /home/airflow/.local/lib/python3.12/site-packages/airflow/example_dags/example_task_group.py
[2024-05-22T08:08:06.442+0000] {processor.py:830} INFO - Processing file /home/airflow/.local/lib/python3.12/site-packages/airflow/example_dags/example_task_group.py for tasks to queue
[2024-05-22T08:08:06.443+0000] {logging_mixin.py:188} INFO - [2024-05-22T08:08:06.443+0000] {dagbag.py:540} INFO - Filling up the DagBag from /home/airflow/.local/lib/python3.12/site-packages/airflow/example_dags/example_task_group.py
[2024-05-22T08:08:06.447+0000] {processor.py:840} INFO - DAG(s) 'example_task_group' retrieved from /home/airflow/.local/lib/python3.12/site-packages/airflow/example_dags/example_task_group.py
[2024-05-22T08:08:06.456+0000] {logging_mixin.py:188} INFO - [2024-05-22T08:08:06.456+0000] {dag.py:3096} INFO - Sync 1 DAGs
[2024-05-22T08:08:06.466+0000] {logging_mixin.py:188} INFO - [2024-05-22T08:08:06.466+0000] {dag.py:3954} INFO - Setting next_dagrun for example_task_group to 2024-05-21 00:00:00+00:00, run_after=2024-05-22 00:00:00+00:00
[2024-05-22T08:08:06.474+0000] {processor.py:183} INFO - Processing /home/airflow/.local/lib/python3.12/site-packages/airflow/example_dags/example_task_group.py took 0.035 seconds
[2024-05-22T08:08:37.147+0000] {processor.py:161} INFO - Started process (PID=1390) to work on /home/airflow/.local/lib/python3.12/site-packages/airflow/example_dags/example_task_group.py
[2024-05-22T08:08:37.147+0000] {processor.py:830} INFO - Processing file /home/airflow/.local/lib/python3.12/site-packages/airflow/example_dags/example_task_group.py for tasks to queue
[2024-05-22T08:08:37.148+0000] {logging_mixin.py:188} INFO - [2024-05-22T08:08:37.148+0000] {dagbag.py:540} INFO - Filling up the DagBag from /home/airflow/.local/lib/python3.12/site-packages/airflow/example_dags/example_task_group.py
[2024-05-22T08:08:37.151+0000] {processor.py:840} INFO - DAG(s) 'example_task_group' retrieved from /home/airflow/.local/lib/python3.12/site-packages/airflow/example_dags/example_task_group.py
[2024-05-22T08:08:37.162+0000] {logging_mixin.py:188} INFO - [2024-05-22T08:08:37.162+0000] {dag.py:3096} INFO - Sync 1 DAGs
[2024-05-22T08:08:37.172+0000] {logging_mixin.py:188} INFO - [2024-05-22T08:08:37.172+0000] {dag.py:3954} INFO - Setting next_dagrun for example_task_group to 2024-05-21 00:00:00+00:00, run_after=2024-05-22 00:00:00+00:00
[2024-05-22T08:08:37.180+0000] {processor.py:183} INFO - Processing /home/airflow/.local/lib/python3.12/site-packages/airflow/example_dags/example_task_group.py took 0.036 seconds
[2024-05-22T08:09:08.105+0000] {processor.py:161} INFO - Started process (PID=1657) to work on /home/airflow/.local/lib/python3.12/site-packages/airflow/example_dags/example_task_group.py
[2024-05-22T08:09:08.106+0000] {processor.py:830} INFO - Processing file /home/airflow/.local/lib/python3.12/site-packages/airflow/example_dags/example_task_group.py for tasks to queue
[2024-05-22T08:09:08.106+0000] {logging_mixin.py:188} INFO - [2024-05-22T08:09:08.106+0000] {dagbag.py:540} INFO - Filling up the DagBag from /home/airflow/.local/lib/python3.12/site-packages/airflow/example_dags/example_task_group.py
[2024-05-22T08:09:08.110+0000] {processor.py:840} INFO - DAG(s) 'example_task_group' retrieved from /home/airflow/.local/lib/python3.12/site-packages/airflow/example_dags/example_task_group.py
[2024-05-22T08:09:08.120+0000] {logging_mixin.py:188} INFO - [2024-05-22T08:09:08.120+0000] {dag.py:3096} INFO - Sync 1 DAGs
[2024-05-22T08:09:08.131+0000] {logging_mixin.py:188} INFO - [2024-05-22T08:09:08.131+0000] {dag.py:3954} INFO - Setting next_dagrun for example_task_group to 2024-05-21 00:00:00+00:00, run_after=2024-05-22 00:00:00+00:00
[2024-05-22T08:09:08.140+0000] {processor.py:183} INFO - Processing /home/airflow/.local/lib/python3.12/site-packages/airflow/example_dags/example_task_group.py took 0.037 seconds
[2024-05-22T08:09:38.994+0000] {processor.py:161} INFO - Started process (PID=1921) to work on /home/airflow/.local/lib/python3.12/site-packages/airflow/example_dags/example_task_group.py
[2024-05-22T08:09:38.995+0000] {processor.py:830} INFO - Processing file /home/airflow/.local/lib/python3.12/site-packages/airflow/example_dags/example_task_group.py for tasks to queue
[2024-05-22T08:09:38.995+0000] {logging_mixin.py:188} INFO - [2024-05-22T08:09:38.995+0000] {dagbag.py:540} INFO - Filling up the DagBag from /home/airflow/.local/lib/python3.12/site-packages/airflow/example_dags/example_task_group.py
[2024-05-22T08:09:38.999+0000] {processor.py:840} INFO - DAG(s) 'example_task_group' retrieved from /home/airflow/.local/lib/python3.12/site-packages/airflow/example_dags/example_task_group.py
[2024-05-22T08:09:39.009+0000] {logging_mixin.py:188} INFO - [2024-05-22T08:09:39.009+0000] {dag.py:3096} INFO - Sync 1 DAGs
[2024-05-22T08:09:39.017+0000] {logging_mixin.py:188} INFO - [2024-05-22T08:09:39.017+0000] {dag.py:3954} INFO - Setting next_dagrun for example_task_group to 2024-05-21 00:00:00+00:00, run_after=2024-05-22 00:00:00+00:00
[2024-05-22T08:09:39.027+0000] {processor.py:183} INFO - Processing /home/airflow/.local/lib/python3.12/site-packages/airflow/example_dags/example_task_group.py took 0.035 seconds
[2024-05-22T08:10:09.861+0000] {processor.py:161} INFO - Started process (PID=2188) to work on /home/airflow/.local/lib/python3.12/site-packages/airflow/example_dags/example_task_group.py
[2024-05-22T08:10:09.862+0000] {processor.py:830} INFO - Processing file /home/airflow/.local/lib/python3.12/site-packages/airflow/example_dags/example_task_group.py for tasks to queue
[2024-05-22T08:10:09.863+0000] {logging_mixin.py:188} INFO - [2024-05-22T08:10:09.862+0000] {dagbag.py:540} INFO - Filling up the DagBag from /home/airflow/.local/lib/python3.12/site-packages/airflow/example_dags/example_task_group.py
[2024-05-22T08:10:09.866+0000] {processor.py:840} INFO - DAG(s) 'example_task_group' retrieved from /home/airflow/.local/lib/python3.12/site-packages/airflow/example_dags/example_task_group.py
[2024-05-22T08:10:09.876+0000] {logging_mixin.py:188} INFO - [2024-05-22T08:10:09.876+0000] {dag.py:3096} INFO - Sync 1 DAGs
[2024-05-22T08:10:09.885+0000] {logging_mixin.py:188} INFO - [2024-05-22T08:10:09.885+0000] {dag.py:3954} INFO - Setting next_dagrun for example_task_group to 2024-05-21 00:00:00+00:00, run_after=2024-05-22 00:00:00+00:00
[2024-05-22T08:10:09.892+0000] {processor.py:183} INFO - Processing /home/airflow/.local/lib/python3.12/site-packages/airflow/example_dags/example_task_group.py took 0.034 seconds
[2024-05-22T08:10:40.506+0000] {processor.py:161} INFO - Started process (PID=2458) to work on /home/airflow/.local/lib/python3.12/site-packages/airflow/example_dags/example_task_group.py
[2024-05-22T08:10:40.506+0000] {processor.py:830} INFO - Processing file /home/airflow/.local/lib/python3.12/site-packages/airflow/example_dags/example_task_group.py for tasks to queue
[2024-05-22T08:10:40.507+0000] {logging_mixin.py:188} INFO - [2024-05-22T08:10:40.507+0000] {dagbag.py:540} INFO - Filling up the DagBag from /home/airflow/.local/lib/python3.12/site-packages/airflow/example_dags/example_task_group.py
[2024-05-22T08:10:40.510+0000] {processor.py:840} INFO - DAG(s) 'example_task_group' retrieved from /home/airflow/.local/lib/python3.12/site-packages/airflow/example_dags/example_task_group.py
[2024-05-22T08:10:40.520+0000] {logging_mixin.py:188} INFO - [2024-05-22T08:10:40.520+0000] {dag.py:3096} INFO - Sync 1 DAGs
[2024-05-22T08:10:40.529+0000] {logging_mixin.py:188} INFO - [2024-05-22T08:10:40.529+0000] {dag.py:3954} INFO - Setting next_dagrun for example_task_group to 2024-05-21 00:00:00+00:00, run_after=2024-05-22 00:00:00+00:00
[2024-05-22T08:10:40.536+0000] {processor.py:183} INFO - Processing /home/airflow/.local/lib/python3.12/site-packages/airflow/example_dags/example_task_group.py took 0.033 seconds
[2024-05-22T08:11:11.177+0000] {processor.py:161} INFO - Started process (PID=2725) to work on /home/airflow/.local/lib/python3.12/site-packages/airflow/example_dags/example_task_group.py
[2024-05-22T08:11:11.178+0000] {processor.py:830} INFO - Processing file /home/airflow/.local/lib/python3.12/site-packages/airflow/example_dags/example_task_group.py for tasks to queue
[2024-05-22T08:11:11.178+0000] {logging_mixin.py:188} INFO - [2024-05-22T08:11:11.178+0000] {dagbag.py:540} INFO - Filling up the DagBag from /home/airflow/.local/lib/python3.12/site-packages/airflow/example_dags/example_task_group.py
[2024-05-22T08:11:11.182+0000] {processor.py:840} INFO - DAG(s) 'example_task_group' retrieved from /home/airflow/.local/lib/python3.12/site-packages/airflow/example_dags/example_task_group.py
[2024-05-22T08:11:11.191+0000] {logging_mixin.py:188} INFO - [2024-05-22T08:11:11.191+0000] {dag.py:3096} INFO - Sync 1 DAGs
[2024-05-22T08:11:11.200+0000] {logging_mixin.py:188} INFO - [2024-05-22T08:11:11.200+0000] {dag.py:3954} INFO - Setting next_dagrun for example_task_group to 2024-05-21 00:00:00+00:00, run_after=2024-05-22 00:00:00+00:00
[2024-05-22T08:11:11.208+0000] {processor.py:183} INFO - Processing /home/airflow/.local/lib/python3.12/site-packages/airflow/example_dags/example_task_group.py took 0.033 seconds
[2024-05-22T08:11:41.904+0000] {processor.py:161} INFO - Started process (PID=2992) to work on /home/airflow/.local/lib/python3.12/site-packages/airflow/example_dags/example_task_group.py
[2024-05-22T08:11:41.904+0000] {processor.py:830} INFO - Processing file /home/airflow/.local/lib/python3.12/site-packages/airflow/example_dags/example_task_group.py for tasks to queue
[2024-05-22T08:11:41.905+0000] {logging_mixin.py:188} INFO - [2024-05-22T08:11:41.905+0000] {dagbag.py:540} INFO - Filling up the DagBag from /home/airflow/.local/lib/python3.12/site-packages/airflow/example_dags/example_task_group.py
[2024-05-22T08:11:41.909+0000] {processor.py:840} INFO - DAG(s) 'example_task_group' retrieved from /home/airflow/.local/lib/python3.12/site-packages/airflow/example_dags/example_task_group.py
[2024-05-22T08:11:41.919+0000] {logging_mixin.py:188} INFO - [2024-05-22T08:11:41.919+0000] {dag.py:3096} INFO - Sync 1 DAGs
[2024-05-22T08:11:41.928+0000] {logging_mixin.py:188} INFO - [2024-05-22T08:11:41.928+0000] {dag.py:3954} INFO - Setting next_dagrun for example_task_group to 2024-05-21 00:00:00+00:00, run_after=2024-05-22 00:00:00+00:00
[2024-05-22T08:11:41.936+0000] {processor.py:183} INFO - Processing /home/airflow/.local/lib/python3.12/site-packages/airflow/example_dags/example_task_group.py took 0.035 seconds
[2024-05-22T08:12:13.138+0000] {processor.py:161} INFO - Started process (PID=3253) to work on /home/airflow/.local/lib/python3.12/site-packages/airflow/example_dags/example_task_group.py
[2024-05-22T08:12:13.142+0000] {processor.py:830} INFO - Processing file /home/airflow/.local/lib/python3.12/site-packages/airflow/example_dags/example_task_group.py for tasks to queue
[2024-05-22T08:12:13.147+0000] {logging_mixin.py:188} INFO - [2024-05-22T08:12:13.147+0000] {dagbag.py:540} INFO - Filling up the DagBag from /home/airflow/.local/lib/python3.12/site-packages/airflow/example_dags/example_task_group.py
[2024-05-22T08:12:13.160+0000] {processor.py:840} INFO - DAG(s) 'example_task_group' retrieved from /home/airflow/.local/lib/python3.12/site-packages/airflow/example_dags/example_task_group.py
[2024-05-22T08:12:13.190+0000] {logging_mixin.py:188} INFO - [2024-05-22T08:12:13.189+0000] {dag.py:3096} INFO - Sync 1 DAGs
[2024-05-22T08:12:13.209+0000] {logging_mixin.py:188} INFO - [2024-05-22T08:12:13.209+0000] {dag.py:3954} INFO - Setting next_dagrun for example_task_group to 2024-05-21 00:00:00+00:00, run_after=2024-05-22 00:00:00+00:00
[2024-05-22T08:12:13.235+0000] {processor.py:183} INFO - Processing /home/airflow/.local/lib/python3.12/site-packages/airflow/example_dags/example_task_group.py took 0.111 seconds
[2024-05-22T08:12:43.480+0000] {processor.py:161} INFO - Started process (PID=3520) to work on /home/airflow/.local/lib/python3.12/site-packages/airflow/example_dags/example_task_group.py
[2024-05-22T08:12:43.481+0000] {processor.py:830} INFO - Processing file /home/airflow/.local/lib/python3.12/site-packages/airflow/example_dags/example_task_group.py for tasks to queue
[2024-05-22T08:12:43.482+0000] {logging_mixin.py:188} INFO - [2024-05-22T08:12:43.482+0000] {dagbag.py:540} INFO - Filling up the DagBag from /home/airflow/.local/lib/python3.12/site-packages/airflow/example_dags/example_task_group.py
[2024-05-22T08:12:43.487+0000] {processor.py:840} INFO - DAG(s) 'example_task_group' retrieved from /home/airflow/.local/lib/python3.12/site-packages/airflow/example_dags/example_task_group.py
[2024-05-22T08:12:43.498+0000] {logging_mixin.py:188} INFO - [2024-05-22T08:12:43.497+0000] {dag.py:3096} INFO - Sync 1 DAGs
[2024-05-22T08:12:43.509+0000] {logging_mixin.py:188} INFO - [2024-05-22T08:12:43.509+0000] {dag.py:3954} INFO - Setting next_dagrun for example_task_group to 2024-05-21 00:00:00+00:00, run_after=2024-05-22 00:00:00+00:00
[2024-05-22T08:12:43.520+0000] {processor.py:183} INFO - Processing /home/airflow/.local/lib/python3.12/site-packages/airflow/example_dags/example_task_group.py took 0.043 seconds
[2024-05-22T08:13:14.631+0000] {processor.py:161} INFO - Started process (PID=3787) to work on /home/airflow/.local/lib/python3.12/site-packages/airflow/example_dags/example_task_group.py
[2024-05-22T08:13:14.632+0000] {processor.py:830} INFO - Processing file /home/airflow/.local/lib/python3.12/site-packages/airflow/example_dags/example_task_group.py for tasks to queue
[2024-05-22T08:13:14.633+0000] {logging_mixin.py:188} INFO - [2024-05-22T08:13:14.633+0000] {dagbag.py:540} INFO - Filling up the DagBag from /home/airflow/.local/lib/python3.12/site-packages/airflow/example_dags/example_task_group.py
[2024-05-22T08:13:14.636+0000] {processor.py:840} INFO - DAG(s) 'example_task_group' retrieved from /home/airflow/.local/lib/python3.12/site-packages/airflow/example_dags/example_task_group.py
[2024-05-22T08:13:14.647+0000] {logging_mixin.py:188} INFO - [2024-05-22T08:13:14.647+0000] {dag.py:3096} INFO - Sync 1 DAGs
[2024-05-22T08:13:14.657+0000] {logging_mixin.py:188} INFO - [2024-05-22T08:13:14.657+0000] {dag.py:3954} INFO - Setting next_dagrun for example_task_group to 2024-05-21 00:00:00+00:00, run_after=2024-05-22 00:00:00+00:00
[2024-05-22T08:13:14.666+0000] {processor.py:183} INFO - Processing /home/airflow/.local/lib/python3.12/site-packages/airflow/example_dags/example_task_group.py took 0.038 seconds
[2024-05-22T08:13:45.557+0000] {processor.py:161} INFO - Started process (PID=4054) to work on /home/airflow/.local/lib/python3.12/site-packages/airflow/example_dags/example_task_group.py
[2024-05-22T08:13:45.558+0000] {processor.py:830} INFO - Processing file /home/airflow/.local/lib/python3.12/site-packages/airflow/example_dags/example_task_group.py for tasks to queue
[2024-05-22T08:13:45.558+0000] {logging_mixin.py:188} INFO - [2024-05-22T08:13:45.558+0000] {dagbag.py:540} INFO - Filling up the DagBag from /home/airflow/.local/lib/python3.12/site-packages/airflow/example_dags/example_task_group.py
[2024-05-22T08:13:45.562+0000] {processor.py:840} INFO - DAG(s) 'example_task_group' retrieved from /home/airflow/.local/lib/python3.12/site-packages/airflow/example_dags/example_task_group.py
[2024-05-22T08:13:45.572+0000] {logging_mixin.py:188} INFO - [2024-05-22T08:13:45.572+0000] {dag.py:3096} INFO - Sync 1 DAGs
[2024-05-22T08:13:45.583+0000] {logging_mixin.py:188} INFO - [2024-05-22T08:13:45.583+0000] {dag.py:3954} INFO - Setting next_dagrun for example_task_group to 2024-05-21 00:00:00+00:00, run_after=2024-05-22 00:00:00+00:00
[2024-05-22T08:13:45.590+0000] {processor.py:183} INFO - Processing /home/airflow/.local/lib/python3.12/site-packages/airflow/example_dags/example_task_group.py took 0.036 seconds
[2024-05-22T08:14:15.736+0000] {processor.py:161} INFO - Started process (PID=4320) to work on /home/airflow/.local/lib/python3.12/site-packages/airflow/example_dags/example_task_group.py
[2024-05-22T08:14:15.736+0000] {processor.py:830} INFO - Processing file /home/airflow/.local/lib/python3.12/site-packages/airflow/example_dags/example_task_group.py for tasks to queue
[2024-05-22T08:14:15.737+0000] {logging_mixin.py:188} INFO - [2024-05-22T08:14:15.737+0000] {dagbag.py:540} INFO - Filling up the DagBag from /home/airflow/.local/lib/python3.12/site-packages/airflow/example_dags/example_task_group.py
[2024-05-22T08:14:15.741+0000] {processor.py:840} INFO - DAG(s) 'example_task_group' retrieved from /home/airflow/.local/lib/python3.12/site-packages/airflow/example_dags/example_task_group.py
[2024-05-22T08:14:15.752+0000] {logging_mixin.py:188} INFO - [2024-05-22T08:14:15.751+0000] {dag.py:3096} INFO - Sync 1 DAGs
[2024-05-22T08:14:15.762+0000] {logging_mixin.py:188} INFO - [2024-05-22T08:14:15.762+0000] {dag.py:3954} INFO - Setting next_dagrun for example_task_group to 2024-05-21 00:00:00+00:00, run_after=2024-05-22 00:00:00+00:00
[2024-05-22T08:14:15.771+0000] {processor.py:183} INFO - Processing /home/airflow/.local/lib/python3.12/site-packages/airflow/example_dags/example_task_group.py took 0.038 seconds
[2024-05-22T08:14:46.012+0000] {processor.py:161} INFO - Started process (PID=4587) to work on /home/airflow/.local/lib/python3.12/site-packages/airflow/example_dags/example_task_group.py
[2024-05-22T08:14:46.012+0000] {processor.py:830} INFO - Processing file /home/airflow/.local/lib/python3.12/site-packages/airflow/example_dags/example_task_group.py for tasks to queue
[2024-05-22T08:14:46.013+0000] {logging_mixin.py:188} INFO - [2024-05-22T08:14:46.013+0000] {dagbag.py:540} INFO - Filling up the DagBag from /home/airflow/.local/lib/python3.12/site-packages/airflow/example_dags/example_task_group.py
[2024-05-22T08:14:46.017+0000] {processor.py:840} INFO - DAG(s) 'example_task_group' retrieved from /home/airflow/.local/lib/python3.12/site-packages/airflow/example_dags/example_task_group.py
[2024-05-22T08:14:46.027+0000] {logging_mixin.py:188} INFO - [2024-05-22T08:14:46.027+0000] {dag.py:3096} INFO - Sync 1 DAGs
[2024-05-22T08:14:46.037+0000] {logging_mixin.py:188} INFO - [2024-05-22T08:14:46.037+0000] {dag.py:3954} INFO - Setting next_dagrun for example_task_group to 2024-05-21 00:00:00+00:00, run_after=2024-05-22 00:00:00+00:00
[2024-05-22T08:14:46.044+0000] {processor.py:183} INFO - Processing /home/airflow/.local/lib/python3.12/site-packages/airflow/example_dags/example_task_group.py took 0.035 seconds
[2024-05-22T08:15:16.312+0000] {processor.py:161} INFO - Started process (PID=4854) to work on /home/airflow/.local/lib/python3.12/site-packages/airflow/example_dags/example_task_group.py
[2024-05-22T08:15:16.312+0000] {processor.py:830} INFO - Processing file /home/airflow/.local/lib/python3.12/site-packages/airflow/example_dags/example_task_group.py for tasks to queue
[2024-05-22T08:15:16.313+0000] {logging_mixin.py:188} INFO - [2024-05-22T08:15:16.313+0000] {dagbag.py:540} INFO - Filling up the DagBag from /home/airflow/.local/lib/python3.12/site-packages/airflow/example_dags/example_task_group.py
[2024-05-22T08:15:16.316+0000] {processor.py:840} INFO - DAG(s) 'example_task_group' retrieved from /home/airflow/.local/lib/python3.12/site-packages/airflow/example_dags/example_task_group.py
[2024-05-22T08:15:16.325+0000] {logging_mixin.py:188} INFO - [2024-05-22T08:15:16.325+0000] {dag.py:3096} INFO - Sync 1 DAGs
[2024-05-22T08:15:16.334+0000] {logging_mixin.py:188} INFO - [2024-05-22T08:15:16.334+0000] {dag.py:3954} INFO - Setting next_dagrun for example_task_group to 2024-05-21 00:00:00+00:00, run_after=2024-05-22 00:00:00+00:00
[2024-05-22T08:15:16.341+0000] {processor.py:183} INFO - Processing /home/airflow/.local/lib/python3.12/site-packages/airflow/example_dags/example_task_group.py took 0.032 seconds
