[2024-05-22T08:06:35.402+0000] {processor.py:161} INFO - Started process (PID=377) to work on /home/airflow/.local/lib/python3.12/site-packages/airflow/example_dags/example_task_group_decorator.py
[2024-05-22T08:06:35.403+0000] {processor.py:830} INFO - Processing file /home/airflow/.local/lib/python3.12/site-packages/airflow/example_dags/example_task_group_decorator.py for tasks to queue
[2024-05-22T08:06:35.409+0000] {logging_mixin.py:188} INFO - [2024-05-22T08:06:35.409+0000] {dagbag.py:540} INFO - Filling up the DagBag from /home/airflow/.local/lib/python3.12/site-packages/airflow/example_dags/example_task_group_decorator.py
[2024-05-22T08:06:35.416+0000] {processor.py:840} INFO - DAG(s) 'example_task_group_decorator' retrieved from /home/airflow/.local/lib/python3.12/site-packages/airflow/example_dags/example_task_group_decorator.py
[2024-05-22T08:06:35.429+0000] {logging_mixin.py:188} INFO - [2024-05-22T08:06:35.429+0000] {dag.py:3096} INFO - Sync 1 DAGs
[2024-05-22T08:06:35.447+0000] {logging_mixin.py:188} INFO - [2024-05-22T08:06:35.446+0000] {dag.py:3954} INFO - Setting next_dagrun for example_task_group_decorator to 2024-05-21 00:00:00+00:00, run_after=2024-05-22 00:00:00+00:00
[2024-05-22T08:06:35.457+0000] {processor.py:183} INFO - Processing /home/airflow/.local/lib/python3.12/site-packages/airflow/example_dags/example_task_group_decorator.py took 0.058 seconds
[2024-05-22T08:07:06.371+0000] {processor.py:161} INFO - Started process (PID=644) to work on /home/airflow/.local/lib/python3.12/site-packages/airflow/example_dags/example_task_group_decorator.py
[2024-05-22T08:07:06.371+0000] {processor.py:830} INFO - Processing file /home/airflow/.local/lib/python3.12/site-packages/airflow/example_dags/example_task_group_decorator.py for tasks to queue
[2024-05-22T08:07:06.372+0000] {logging_mixin.py:188} INFO - [2024-05-22T08:07:06.372+0000] {dagbag.py:540} INFO - Filling up the DagBag from /home/airflow/.local/lib/python3.12/site-packages/airflow/example_dags/example_task_group_decorator.py
[2024-05-22T08:07:06.378+0000] {processor.py:840} INFO - DAG(s) 'example_task_group_decorator' retrieved from /home/airflow/.local/lib/python3.12/site-packages/airflow/example_dags/example_task_group_decorator.py
[2024-05-22T08:07:06.389+0000] {logging_mixin.py:188} INFO - [2024-05-22T08:07:06.389+0000] {dag.py:3096} INFO - Sync 1 DAGs
[2024-05-22T08:07:06.399+0000] {logging_mixin.py:188} INFO - [2024-05-22T08:07:06.399+0000] {dag.py:3954} INFO - Setting next_dagrun for example_task_group_decorator to 2024-05-21 00:00:00+00:00, run_after=2024-05-22 00:00:00+00:00
[2024-05-22T08:07:06.407+0000] {processor.py:183} INFO - Processing /home/airflow/.local/lib/python3.12/site-packages/airflow/example_dags/example_task_group_decorator.py took 0.039 seconds
[2024-05-22T08:07:37.122+0000] {processor.py:161} INFO - Started process (PID=911) to work on /home/airflow/.local/lib/python3.12/site-packages/airflow/example_dags/example_task_group_decorator.py
[2024-05-22T08:07:37.123+0000] {processor.py:830} INFO - Processing file /home/airflow/.local/lib/python3.12/site-packages/airflow/example_dags/example_task_group_decorator.py for tasks to queue
[2024-05-22T08:07:37.124+0000] {logging_mixin.py:188} INFO - [2024-05-22T08:07:37.124+0000] {dagbag.py:540} INFO - Filling up the DagBag from /home/airflow/.local/lib/python3.12/site-packages/airflow/example_dags/example_task_group_decorator.py
[2024-05-22T08:07:37.130+0000] {processor.py:840} INFO - DAG(s) 'example_task_group_decorator' retrieved from /home/airflow/.local/lib/python3.12/site-packages/airflow/example_dags/example_task_group_decorator.py
[2024-05-22T08:07:37.141+0000] {logging_mixin.py:188} INFO - [2024-05-22T08:07:37.141+0000] {dag.py:3096} INFO - Sync 1 DAGs
[2024-05-22T08:07:37.150+0000] {logging_mixin.py:188} INFO - [2024-05-22T08:07:37.150+0000] {dag.py:3954} INFO - Setting next_dagrun for example_task_group_decorator to 2024-05-21 00:00:00+00:00, run_after=2024-05-22 00:00:00+00:00
[2024-05-22T08:07:37.158+0000] {processor.py:183} INFO - Processing /home/airflow/.local/lib/python3.12/site-packages/airflow/example_dags/example_task_group_decorator.py took 0.039 seconds
[2024-05-22T08:08:07.767+0000] {processor.py:161} INFO - Started process (PID=1178) to work on /home/airflow/.local/lib/python3.12/site-packages/airflow/example_dags/example_task_group_decorator.py
[2024-05-22T08:08:07.768+0000] {processor.py:830} INFO - Processing file /home/airflow/.local/lib/python3.12/site-packages/airflow/example_dags/example_task_group_decorator.py for tasks to queue
[2024-05-22T08:08:07.769+0000] {logging_mixin.py:188} INFO - [2024-05-22T08:08:07.768+0000] {dagbag.py:540} INFO - Filling up the DagBag from /home/airflow/.local/lib/python3.12/site-packages/airflow/example_dags/example_task_group_decorator.py
[2024-05-22T08:08:07.776+0000] {processor.py:840} INFO - DAG(s) 'example_task_group_decorator' retrieved from /home/airflow/.local/lib/python3.12/site-packages/airflow/example_dags/example_task_group_decorator.py
[2024-05-22T08:08:07.787+0000] {logging_mixin.py:188} INFO - [2024-05-22T08:08:07.787+0000] {dag.py:3096} INFO - Sync 1 DAGs
[2024-05-22T08:08:07.798+0000] {logging_mixin.py:188} INFO - [2024-05-22T08:08:07.798+0000] {dag.py:3954} INFO - Setting next_dagrun for example_task_group_decorator to 2024-05-21 00:00:00+00:00, run_after=2024-05-22 00:00:00+00:00
[2024-05-22T08:08:07.806+0000] {processor.py:183} INFO - Processing /home/airflow/.local/lib/python3.12/site-packages/airflow/example_dags/example_task_group_decorator.py took 0.042 seconds
[2024-05-22T08:08:38.485+0000] {processor.py:161} INFO - Started process (PID=1445) to work on /home/airflow/.local/lib/python3.12/site-packages/airflow/example_dags/example_task_group_decorator.py
[2024-05-22T08:08:38.485+0000] {processor.py:830} INFO - Processing file /home/airflow/.local/lib/python3.12/site-packages/airflow/example_dags/example_task_group_decorator.py for tasks to queue
[2024-05-22T08:08:38.486+0000] {logging_mixin.py:188} INFO - [2024-05-22T08:08:38.486+0000] {dagbag.py:540} INFO - Filling up the DagBag from /home/airflow/.local/lib/python3.12/site-packages/airflow/example_dags/example_task_group_decorator.py
[2024-05-22T08:08:38.492+0000] {processor.py:840} INFO - DAG(s) 'example_task_group_decorator' retrieved from /home/airflow/.local/lib/python3.12/site-packages/airflow/example_dags/example_task_group_decorator.py
[2024-05-22T08:08:38.503+0000] {logging_mixin.py:188} INFO - [2024-05-22T08:08:38.503+0000] {dag.py:3096} INFO - Sync 1 DAGs
[2024-05-22T08:08:38.513+0000] {logging_mixin.py:188} INFO - [2024-05-22T08:08:38.512+0000] {dag.py:3954} INFO - Setting next_dagrun for example_task_group_decorator to 2024-05-21 00:00:00+00:00, run_after=2024-05-22 00:00:00+00:00
[2024-05-22T08:08:38.521+0000] {processor.py:183} INFO - Processing /home/airflow/.local/lib/python3.12/site-packages/airflow/example_dags/example_task_group_decorator.py took 0.039 seconds
[2024-05-22T08:09:09.558+0000] {processor.py:161} INFO - Started process (PID=1714) to work on /home/airflow/.local/lib/python3.12/site-packages/airflow/example_dags/example_task_group_decorator.py
[2024-05-22T08:09:09.561+0000] {processor.py:830} INFO - Processing file /home/airflow/.local/lib/python3.12/site-packages/airflow/example_dags/example_task_group_decorator.py for tasks to queue
[2024-05-22T08:09:09.562+0000] {logging_mixin.py:188} INFO - [2024-05-22T08:09:09.562+0000] {dagbag.py:540} INFO - Filling up the DagBag from /home/airflow/.local/lib/python3.12/site-packages/airflow/example_dags/example_task_group_decorator.py
[2024-05-22T08:09:09.568+0000] {processor.py:840} INFO - DAG(s) 'example_task_group_decorator' retrieved from /home/airflow/.local/lib/python3.12/site-packages/airflow/example_dags/example_task_group_decorator.py
[2024-05-22T08:09:09.580+0000] {logging_mixin.py:188} INFO - [2024-05-22T08:09:09.580+0000] {dag.py:3096} INFO - Sync 1 DAGs
[2024-05-22T08:09:09.591+0000] {logging_mixin.py:188} INFO - [2024-05-22T08:09:09.591+0000] {dag.py:3954} INFO - Setting next_dagrun for example_task_group_decorator to 2024-05-21 00:00:00+00:00, run_after=2024-05-22 00:00:00+00:00
[2024-05-22T08:09:09.599+0000] {processor.py:183} INFO - Processing /home/airflow/.local/lib/python3.12/site-packages/airflow/example_dags/example_task_group_decorator.py took 0.043 seconds
[2024-05-22T08:09:40.500+0000] {processor.py:161} INFO - Started process (PID=1979) to work on /home/airflow/.local/lib/python3.12/site-packages/airflow/example_dags/example_task_group_decorator.py
[2024-05-22T08:09:40.501+0000] {processor.py:830} INFO - Processing file /home/airflow/.local/lib/python3.12/site-packages/airflow/example_dags/example_task_group_decorator.py for tasks to queue
[2024-05-22T08:09:40.502+0000] {logging_mixin.py:188} INFO - [2024-05-22T08:09:40.501+0000] {dagbag.py:540} INFO - Filling up the DagBag from /home/airflow/.local/lib/python3.12/site-packages/airflow/example_dags/example_task_group_decorator.py
[2024-05-22T08:09:40.508+0000] {processor.py:840} INFO - DAG(s) 'example_task_group_decorator' retrieved from /home/airflow/.local/lib/python3.12/site-packages/airflow/example_dags/example_task_group_decorator.py
[2024-05-22T08:09:40.519+0000] {logging_mixin.py:188} INFO - [2024-05-22T08:09:40.518+0000] {dag.py:3096} INFO - Sync 1 DAGs
[2024-05-22T08:09:40.529+0000] {logging_mixin.py:188} INFO - [2024-05-22T08:09:40.529+0000] {dag.py:3954} INFO - Setting next_dagrun for example_task_group_decorator to 2024-05-21 00:00:00+00:00, run_after=2024-05-22 00:00:00+00:00
[2024-05-22T08:09:40.539+0000] {processor.py:183} INFO - Processing /home/airflow/.local/lib/python3.12/site-packages/airflow/example_dags/example_task_group_decorator.py took 0.041 seconds
[2024-05-22T08:10:11.219+0000] {processor.py:161} INFO - Started process (PID=2246) to work on /home/airflow/.local/lib/python3.12/site-packages/airflow/example_dags/example_task_group_decorator.py
[2024-05-22T08:10:11.220+0000] {processor.py:830} INFO - Processing file /home/airflow/.local/lib/python3.12/site-packages/airflow/example_dags/example_task_group_decorator.py for tasks to queue
[2024-05-22T08:10:11.221+0000] {logging_mixin.py:188} INFO - [2024-05-22T08:10:11.220+0000] {dagbag.py:540} INFO - Filling up the DagBag from /home/airflow/.local/lib/python3.12/site-packages/airflow/example_dags/example_task_group_decorator.py
[2024-05-22T08:10:11.226+0000] {processor.py:840} INFO - DAG(s) 'example_task_group_decorator' retrieved from /home/airflow/.local/lib/python3.12/site-packages/airflow/example_dags/example_task_group_decorator.py
[2024-05-22T08:10:11.237+0000] {logging_mixin.py:188} INFO - [2024-05-22T08:10:11.237+0000] {dag.py:3096} INFO - Sync 1 DAGs
[2024-05-22T08:10:11.247+0000] {logging_mixin.py:188} INFO - [2024-05-22T08:10:11.247+0000] {dag.py:3954} INFO - Setting next_dagrun for example_task_group_decorator to 2024-05-21 00:00:00+00:00, run_after=2024-05-22 00:00:00+00:00
[2024-05-22T08:10:11.255+0000] {processor.py:183} INFO - Processing /home/airflow/.local/lib/python3.12/site-packages/airflow/example_dags/example_task_group_decorator.py took 0.039 seconds
[2024-05-22T08:10:41.792+0000] {processor.py:161} INFO - Started process (PID=2513) to work on /home/airflow/.local/lib/python3.12/site-packages/airflow/example_dags/example_task_group_decorator.py
[2024-05-22T08:10:41.792+0000] {processor.py:830} INFO - Processing file /home/airflow/.local/lib/python3.12/site-packages/airflow/example_dags/example_task_group_decorator.py for tasks to queue
[2024-05-22T08:10:41.793+0000] {logging_mixin.py:188} INFO - [2024-05-22T08:10:41.793+0000] {dagbag.py:540} INFO - Filling up the DagBag from /home/airflow/.local/lib/python3.12/site-packages/airflow/example_dags/example_task_group_decorator.py
[2024-05-22T08:10:41.799+0000] {processor.py:840} INFO - DAG(s) 'example_task_group_decorator' retrieved from /home/airflow/.local/lib/python3.12/site-packages/airflow/example_dags/example_task_group_decorator.py
[2024-05-22T08:10:41.810+0000] {logging_mixin.py:188} INFO - [2024-05-22T08:10:41.810+0000] {dag.py:3096} INFO - Sync 1 DAGs
[2024-05-22T08:10:41.819+0000] {logging_mixin.py:188} INFO - [2024-05-22T08:10:41.819+0000] {dag.py:3954} INFO - Setting next_dagrun for example_task_group_decorator to 2024-05-21 00:00:00+00:00, run_after=2024-05-22 00:00:00+00:00
[2024-05-22T08:10:41.828+0000] {processor.py:183} INFO - Processing /home/airflow/.local/lib/python3.12/site-packages/airflow/example_dags/example_task_group_decorator.py took 0.039 seconds
[2024-05-22T08:11:12.494+0000] {processor.py:161} INFO - Started process (PID=2780) to work on /home/airflow/.local/lib/python3.12/site-packages/airflow/example_dags/example_task_group_decorator.py
[2024-05-22T08:11:12.495+0000] {processor.py:830} INFO - Processing file /home/airflow/.local/lib/python3.12/site-packages/airflow/example_dags/example_task_group_decorator.py for tasks to queue
[2024-05-22T08:11:12.496+0000] {logging_mixin.py:188} INFO - [2024-05-22T08:11:12.496+0000] {dagbag.py:540} INFO - Filling up the DagBag from /home/airflow/.local/lib/python3.12/site-packages/airflow/example_dags/example_task_group_decorator.py
[2024-05-22T08:11:12.502+0000] {processor.py:840} INFO - DAG(s) 'example_task_group_decorator' retrieved from /home/airflow/.local/lib/python3.12/site-packages/airflow/example_dags/example_task_group_decorator.py
[2024-05-22T08:11:12.512+0000] {logging_mixin.py:188} INFO - [2024-05-22T08:11:12.512+0000] {dag.py:3096} INFO - Sync 1 DAGs
[2024-05-22T08:11:12.522+0000] {logging_mixin.py:188} INFO - [2024-05-22T08:11:12.522+0000] {dag.py:3954} INFO - Setting next_dagrun for example_task_group_decorator to 2024-05-21 00:00:00+00:00, run_after=2024-05-22 00:00:00+00:00
[2024-05-22T08:11:12.530+0000] {processor.py:183} INFO - Processing /home/airflow/.local/lib/python3.12/site-packages/airflow/example_dags/example_task_group_decorator.py took 0.038 seconds
[2024-05-22T08:11:43.291+0000] {processor.py:161} INFO - Started process (PID=3047) to work on /home/airflow/.local/lib/python3.12/site-packages/airflow/example_dags/example_task_group_decorator.py
[2024-05-22T08:11:43.291+0000] {processor.py:830} INFO - Processing file /home/airflow/.local/lib/python3.12/site-packages/airflow/example_dags/example_task_group_decorator.py for tasks to queue
[2024-05-22T08:11:43.292+0000] {logging_mixin.py:188} INFO - [2024-05-22T08:11:43.292+0000] {dagbag.py:540} INFO - Filling up the DagBag from /home/airflow/.local/lib/python3.12/site-packages/airflow/example_dags/example_task_group_decorator.py
[2024-05-22T08:11:43.298+0000] {processor.py:840} INFO - DAG(s) 'example_task_group_decorator' retrieved from /home/airflow/.local/lib/python3.12/site-packages/airflow/example_dags/example_task_group_decorator.py
[2024-05-22T08:11:43.309+0000] {logging_mixin.py:188} INFO - [2024-05-22T08:11:43.308+0000] {dag.py:3096} INFO - Sync 1 DAGs
[2024-05-22T08:11:43.318+0000] {logging_mixin.py:188} INFO - [2024-05-22T08:11:43.318+0000] {dag.py:3954} INFO - Setting next_dagrun for example_task_group_decorator to 2024-05-21 00:00:00+00:00, run_after=2024-05-22 00:00:00+00:00
[2024-05-22T08:11:43.325+0000] {processor.py:183} INFO - Processing /home/airflow/.local/lib/python3.12/site-packages/airflow/example_dags/example_task_group_decorator.py took 0.037 seconds
[2024-05-22T08:12:14.465+0000] {processor.py:161} INFO - Started process (PID=3315) to work on /home/airflow/.local/lib/python3.12/site-packages/airflow/example_dags/example_task_group_decorator.py
[2024-05-22T08:12:14.467+0000] {processor.py:830} INFO - Processing file /home/airflow/.local/lib/python3.12/site-packages/airflow/example_dags/example_task_group_decorator.py for tasks to queue
[2024-05-22T08:12:14.469+0000] {logging_mixin.py:188} INFO - [2024-05-22T08:12:14.469+0000] {dagbag.py:540} INFO - Filling up the DagBag from /home/airflow/.local/lib/python3.12/site-packages/airflow/example_dags/example_task_group_decorator.py
[2024-05-22T08:12:14.495+0000] {processor.py:840} INFO - DAG(s) 'example_task_group_decorator' retrieved from /home/airflow/.local/lib/python3.12/site-packages/airflow/example_dags/example_task_group_decorator.py
[2024-05-22T08:12:14.553+0000] {logging_mixin.py:188} INFO - [2024-05-22T08:12:14.552+0000] {dag.py:3096} INFO - Sync 1 DAGs
[2024-05-22T08:12:14.586+0000] {logging_mixin.py:188} INFO - [2024-05-22T08:12:14.586+0000] {dag.py:3954} INFO - Setting next_dagrun for example_task_group_decorator to 2024-05-21 00:00:00+00:00, run_after=2024-05-22 00:00:00+00:00
[2024-05-22T08:12:14.617+0000] {processor.py:183} INFO - Processing /home/airflow/.local/lib/python3.12/site-packages/airflow/example_dags/example_task_group_decorator.py took 0.160 seconds
[2024-05-22T08:12:44.847+0000] {processor.py:161} INFO - Started process (PID=3580) to work on /home/airflow/.local/lib/python3.12/site-packages/airflow/example_dags/example_task_group_decorator.py
[2024-05-22T08:12:44.849+0000] {processor.py:830} INFO - Processing file /home/airflow/.local/lib/python3.12/site-packages/airflow/example_dags/example_task_group_decorator.py for tasks to queue
[2024-05-22T08:12:44.850+0000] {logging_mixin.py:188} INFO - [2024-05-22T08:12:44.849+0000] {dagbag.py:540} INFO - Filling up the DagBag from /home/airflow/.local/lib/python3.12/site-packages/airflow/example_dags/example_task_group_decorator.py
[2024-05-22T08:12:44.855+0000] {processor.py:840} INFO - DAG(s) 'example_task_group_decorator' retrieved from /home/airflow/.local/lib/python3.12/site-packages/airflow/example_dags/example_task_group_decorator.py
[2024-05-22T08:12:44.867+0000] {logging_mixin.py:188} INFO - [2024-05-22T08:12:44.866+0000] {dag.py:3096} INFO - Sync 1 DAGs
[2024-05-22T08:12:44.876+0000] {logging_mixin.py:188} INFO - [2024-05-22T08:12:44.876+0000] {dag.py:3954} INFO - Setting next_dagrun for example_task_group_decorator to 2024-05-21 00:00:00+00:00, run_after=2024-05-22 00:00:00+00:00
[2024-05-22T08:12:44.888+0000] {processor.py:183} INFO - Processing /home/airflow/.local/lib/python3.12/site-packages/airflow/example_dags/example_task_group_decorator.py took 0.044 seconds
[2024-05-22T08:13:15.102+0000] {processor.py:161} INFO - Started process (PID=3847) to work on /home/airflow/.local/lib/python3.12/site-packages/airflow/example_dags/example_task_group_decorator.py
[2024-05-22T08:13:15.103+0000] {processor.py:830} INFO - Processing file /home/airflow/.local/lib/python3.12/site-packages/airflow/example_dags/example_task_group_decorator.py for tasks to queue
[2024-05-22T08:13:15.104+0000] {logging_mixin.py:188} INFO - [2024-05-22T08:13:15.104+0000] {dagbag.py:540} INFO - Filling up the DagBag from /home/airflow/.local/lib/python3.12/site-packages/airflow/example_dags/example_task_group_decorator.py
[2024-05-22T08:13:15.110+0000] {processor.py:840} INFO - DAG(s) 'example_task_group_decorator' retrieved from /home/airflow/.local/lib/python3.12/site-packages/airflow/example_dags/example_task_group_decorator.py
[2024-05-22T08:13:15.125+0000] {logging_mixin.py:188} INFO - [2024-05-22T08:13:15.124+0000] {dag.py:3096} INFO - Sync 1 DAGs
[2024-05-22T08:13:15.134+0000] {logging_mixin.py:188} INFO - [2024-05-22T08:13:15.134+0000] {dag.py:3954} INFO - Setting next_dagrun for example_task_group_decorator to 2024-05-21 00:00:00+00:00, run_after=2024-05-22 00:00:00+00:00
[2024-05-22T08:13:15.143+0000] {processor.py:183} INFO - Processing /home/airflow/.local/lib/python3.12/site-packages/airflow/example_dags/example_task_group_decorator.py took 0.044 seconds
[2024-05-22T08:13:46.014+0000] {processor.py:161} INFO - Started process (PID=4114) to work on /home/airflow/.local/lib/python3.12/site-packages/airflow/example_dags/example_task_group_decorator.py
[2024-05-22T08:13:46.015+0000] {processor.py:830} INFO - Processing file /home/airflow/.local/lib/python3.12/site-packages/airflow/example_dags/example_task_group_decorator.py for tasks to queue
[2024-05-22T08:13:46.016+0000] {logging_mixin.py:188} INFO - [2024-05-22T08:13:46.016+0000] {dagbag.py:540} INFO - Filling up the DagBag from /home/airflow/.local/lib/python3.12/site-packages/airflow/example_dags/example_task_group_decorator.py
[2024-05-22T08:13:46.021+0000] {processor.py:840} INFO - DAG(s) 'example_task_group_decorator' retrieved from /home/airflow/.local/lib/python3.12/site-packages/airflow/example_dags/example_task_group_decorator.py
[2024-05-22T08:13:46.032+0000] {logging_mixin.py:188} INFO - [2024-05-22T08:13:46.032+0000] {dag.py:3096} INFO - Sync 1 DAGs
[2024-05-22T08:13:46.041+0000] {logging_mixin.py:188} INFO - [2024-05-22T08:13:46.040+0000] {dag.py:3954} INFO - Setting next_dagrun for example_task_group_decorator to 2024-05-21 00:00:00+00:00, run_after=2024-05-22 00:00:00+00:00
[2024-05-22T08:13:46.048+0000] {processor.py:183} INFO - Processing /home/airflow/.local/lib/python3.12/site-packages/airflow/example_dags/example_task_group_decorator.py took 0.036 seconds
[2024-05-22T08:14:17.073+0000] {processor.py:161} INFO - Started process (PID=4380) to work on /home/airflow/.local/lib/python3.12/site-packages/airflow/example_dags/example_task_group_decorator.py
[2024-05-22T08:14:17.074+0000] {processor.py:830} INFO - Processing file /home/airflow/.local/lib/python3.12/site-packages/airflow/example_dags/example_task_group_decorator.py for tasks to queue
[2024-05-22T08:14:17.075+0000] {logging_mixin.py:188} INFO - [2024-05-22T08:14:17.075+0000] {dagbag.py:540} INFO - Filling up the DagBag from /home/airflow/.local/lib/python3.12/site-packages/airflow/example_dags/example_task_group_decorator.py
[2024-05-22T08:14:17.081+0000] {processor.py:840} INFO - DAG(s) 'example_task_group_decorator' retrieved from /home/airflow/.local/lib/python3.12/site-packages/airflow/example_dags/example_task_group_decorator.py
[2024-05-22T08:14:17.094+0000] {logging_mixin.py:188} INFO - [2024-05-22T08:14:17.094+0000] {dag.py:3096} INFO - Sync 1 DAGs
[2024-05-22T08:14:17.109+0000] {logging_mixin.py:188} INFO - [2024-05-22T08:14:17.109+0000] {dag.py:3954} INFO - Setting next_dagrun for example_task_group_decorator to 2024-05-21 00:00:00+00:00, run_after=2024-05-22 00:00:00+00:00
[2024-05-22T08:14:17.120+0000] {processor.py:183} INFO - Processing /home/airflow/.local/lib/python3.12/site-packages/airflow/example_dags/example_task_group_decorator.py took 0.051 seconds
[2024-05-22T08:14:47.297+0000] {processor.py:161} INFO - Started process (PID=4642) to work on /home/airflow/.local/lib/python3.12/site-packages/airflow/example_dags/example_task_group_decorator.py
[2024-05-22T08:14:47.298+0000] {processor.py:830} INFO - Processing file /home/airflow/.local/lib/python3.12/site-packages/airflow/example_dags/example_task_group_decorator.py for tasks to queue
[2024-05-22T08:14:47.301+0000] {logging_mixin.py:188} INFO - [2024-05-22T08:14:47.300+0000] {dagbag.py:540} INFO - Filling up the DagBag from /home/airflow/.local/lib/python3.12/site-packages/airflow/example_dags/example_task_group_decorator.py
[2024-05-22T08:14:47.318+0000] {processor.py:840} INFO - DAG(s) 'example_task_group_decorator' retrieved from /home/airflow/.local/lib/python3.12/site-packages/airflow/example_dags/example_task_group_decorator.py
[2024-05-22T08:14:47.339+0000] {logging_mixin.py:188} INFO - [2024-05-22T08:14:47.339+0000] {dag.py:3096} INFO - Sync 1 DAGs
[2024-05-22T08:14:47.353+0000] {logging_mixin.py:188} INFO - [2024-05-22T08:14:47.353+0000] {dag.py:3954} INFO - Setting next_dagrun for example_task_group_decorator to 2024-05-21 00:00:00+00:00, run_after=2024-05-22 00:00:00+00:00
[2024-05-22T08:14:47.363+0000] {processor.py:183} INFO - Processing /home/airflow/.local/lib/python3.12/site-packages/airflow/example_dags/example_task_group_decorator.py took 0.073 seconds
[2024-05-22T08:15:17.613+0000] {processor.py:161} INFO - Started process (PID=4909) to work on /home/airflow/.local/lib/python3.12/site-packages/airflow/example_dags/example_task_group_decorator.py
[2024-05-22T08:15:17.616+0000] {processor.py:830} INFO - Processing file /home/airflow/.local/lib/python3.12/site-packages/airflow/example_dags/example_task_group_decorator.py for tasks to queue
[2024-05-22T08:15:17.618+0000] {logging_mixin.py:188} INFO - [2024-05-22T08:15:17.618+0000] {dagbag.py:540} INFO - Filling up the DagBag from /home/airflow/.local/lib/python3.12/site-packages/airflow/example_dags/example_task_group_decorator.py
[2024-05-22T08:15:17.630+0000] {processor.py:840} INFO - DAG(s) 'example_task_group_decorator' retrieved from /home/airflow/.local/lib/python3.12/site-packages/airflow/example_dags/example_task_group_decorator.py
[2024-05-22T08:15:17.648+0000] {logging_mixin.py:188} INFO - [2024-05-22T08:15:17.648+0000] {dag.py:3096} INFO - Sync 1 DAGs
[2024-05-22T08:15:17.660+0000] {logging_mixin.py:188} INFO - [2024-05-22T08:15:17.660+0000] {dag.py:3954} INFO - Setting next_dagrun for example_task_group_decorator to 2024-05-21 00:00:00+00:00, run_after=2024-05-22 00:00:00+00:00
[2024-05-22T08:15:17.670+0000] {processor.py:183} INFO - Processing /home/airflow/.local/lib/python3.12/site-packages/airflow/example_dags/example_task_group_decorator.py took 0.064 seconds
