[2024-05-22T08:06:34.405+0000] {processor.py:161} INFO - Started process (PID=252) to work on /home/airflow/.local/lib/python3.12/site-packages/airflow/example_dags/example_latest_only_with_trigger.py
[2024-05-22T08:06:34.406+0000] {processor.py:830} INFO - Processing file /home/airflow/.local/lib/python3.12/site-packages/airflow/example_dags/example_latest_only_with_trigger.py for tasks to queue
[2024-05-22T08:06:34.407+0000] {logging_mixin.py:188} INFO - [2024-05-22T08:06:34.407+0000] {dagbag.py:540} INFO - Filling up the DagBag from /home/airflow/.local/lib/python3.12/site-packages/airflow/example_dags/example_latest_only_with_trigger.py
[2024-05-22T08:06:34.412+0000] {processor.py:840} INFO - DAG(s) 'latest_only_with_trigger' retrieved from /home/airflow/.local/lib/python3.12/site-packages/airflow/example_dags/example_latest_only_with_trigger.py
[2024-05-22T08:06:34.426+0000] {logging_mixin.py:188} INFO - [2024-05-22T08:06:34.426+0000] {dag.py:3096} INFO - Sync 1 DAGs
[2024-05-22T08:06:34.438+0000] {logging_mixin.py:188} INFO - [2024-05-22T08:06:34.438+0000] {dag.py:3954} INFO - Setting next_dagrun for latest_only_with_trigger to 2024-05-22 04:00:00+00:00, run_after=2024-05-22 08:00:00+00:00
[2024-05-22T08:06:34.451+0000] {processor.py:183} INFO - Processing /home/airflow/.local/lib/python3.12/site-packages/airflow/example_dags/example_latest_only_with_trigger.py took 0.049 seconds
[2024-05-22T08:07:04.667+0000] {processor.py:161} INFO - Started process (PID=519) to work on /home/airflow/.local/lib/python3.12/site-packages/airflow/example_dags/example_latest_only_with_trigger.py
[2024-05-22T08:07:04.668+0000] {processor.py:830} INFO - Processing file /home/airflow/.local/lib/python3.12/site-packages/airflow/example_dags/example_latest_only_with_trigger.py for tasks to queue
[2024-05-22T08:07:04.668+0000] {logging_mixin.py:188} INFO - [2024-05-22T08:07:04.668+0000] {dagbag.py:540} INFO - Filling up the DagBag from /home/airflow/.local/lib/python3.12/site-packages/airflow/example_dags/example_latest_only_with_trigger.py
[2024-05-22T08:07:04.671+0000] {processor.py:840} INFO - DAG(s) 'latest_only_with_trigger' retrieved from /home/airflow/.local/lib/python3.12/site-packages/airflow/example_dags/example_latest_only_with_trigger.py
[2024-05-22T08:07:04.682+0000] {logging_mixin.py:188} INFO - [2024-05-22T08:07:04.681+0000] {dag.py:3096} INFO - Sync 1 DAGs
[2024-05-22T08:07:04.692+0000] {logging_mixin.py:188} INFO - [2024-05-22T08:07:04.692+0000] {dag.py:3954} INFO - Setting next_dagrun for latest_only_with_trigger to 2024-05-22 04:00:00+00:00, run_after=2024-05-22 08:00:00+00:00
[2024-05-22T08:07:04.700+0000] {processor.py:183} INFO - Processing /home/airflow/.local/lib/python3.12/site-packages/airflow/example_dags/example_latest_only_with_trigger.py took 0.036 seconds
[2024-05-22T08:07:35.435+0000] {processor.py:161} INFO - Started process (PID=786) to work on /home/airflow/.local/lib/python3.12/site-packages/airflow/example_dags/example_latest_only_with_trigger.py
[2024-05-22T08:07:35.436+0000] {processor.py:830} INFO - Processing file /home/airflow/.local/lib/python3.12/site-packages/airflow/example_dags/example_latest_only_with_trigger.py for tasks to queue
[2024-05-22T08:07:35.437+0000] {logging_mixin.py:188} INFO - [2024-05-22T08:07:35.437+0000] {dagbag.py:540} INFO - Filling up the DagBag from /home/airflow/.local/lib/python3.12/site-packages/airflow/example_dags/example_latest_only_with_trigger.py
[2024-05-22T08:07:35.440+0000] {processor.py:840} INFO - DAG(s) 'latest_only_with_trigger' retrieved from /home/airflow/.local/lib/python3.12/site-packages/airflow/example_dags/example_latest_only_with_trigger.py
[2024-05-22T08:07:35.450+0000] {logging_mixin.py:188} INFO - [2024-05-22T08:07:35.449+0000] {dag.py:3096} INFO - Sync 1 DAGs
[2024-05-22T08:07:35.459+0000] {logging_mixin.py:188} INFO - [2024-05-22T08:07:35.459+0000] {dag.py:3954} INFO - Setting next_dagrun for latest_only_with_trigger to 2024-05-22 04:00:00+00:00, run_after=2024-05-22 08:00:00+00:00
[2024-05-22T08:07:35.470+0000] {processor.py:183} INFO - Processing /home/airflow/.local/lib/python3.12/site-packages/airflow/example_dags/example_latest_only_with_trigger.py took 0.037 seconds
[2024-05-22T08:08:06.062+0000] {processor.py:161} INFO - Started process (PID=1053) to work on /home/airflow/.local/lib/python3.12/site-packages/airflow/example_dags/example_latest_only_with_trigger.py
[2024-05-22T08:08:06.062+0000] {processor.py:830} INFO - Processing file /home/airflow/.local/lib/python3.12/site-packages/airflow/example_dags/example_latest_only_with_trigger.py for tasks to queue
[2024-05-22T08:08:06.063+0000] {logging_mixin.py:188} INFO - [2024-05-22T08:08:06.063+0000] {dagbag.py:540} INFO - Filling up the DagBag from /home/airflow/.local/lib/python3.12/site-packages/airflow/example_dags/example_latest_only_with_trigger.py
[2024-05-22T08:08:06.066+0000] {processor.py:840} INFO - DAG(s) 'latest_only_with_trigger' retrieved from /home/airflow/.local/lib/python3.12/site-packages/airflow/example_dags/example_latest_only_with_trigger.py
[2024-05-22T08:08:06.075+0000] {logging_mixin.py:188} INFO - [2024-05-22T08:08:06.075+0000] {dag.py:3096} INFO - Sync 1 DAGs
[2024-05-22T08:08:06.085+0000] {logging_mixin.py:188} INFO - [2024-05-22T08:08:06.084+0000] {dag.py:3954} INFO - Setting next_dagrun for latest_only_with_trigger to 2024-05-22 04:00:00+00:00, run_after=2024-05-22 08:00:00+00:00
[2024-05-22T08:08:06.093+0000] {processor.py:183} INFO - Processing /home/airflow/.local/lib/python3.12/site-packages/airflow/example_dags/example_latest_only_with_trigger.py took 0.035 seconds
[2024-05-22T08:08:36.829+0000] {processor.py:161} INFO - Started process (PID=1320) to work on /home/airflow/.local/lib/python3.12/site-packages/airflow/example_dags/example_latest_only_with_trigger.py
[2024-05-22T08:08:36.829+0000] {processor.py:830} INFO - Processing file /home/airflow/.local/lib/python3.12/site-packages/airflow/example_dags/example_latest_only_with_trigger.py for tasks to queue
[2024-05-22T08:08:36.830+0000] {logging_mixin.py:188} INFO - [2024-05-22T08:08:36.830+0000] {dagbag.py:540} INFO - Filling up the DagBag from /home/airflow/.local/lib/python3.12/site-packages/airflow/example_dags/example_latest_only_with_trigger.py
[2024-05-22T08:08:36.833+0000] {processor.py:840} INFO - DAG(s) 'latest_only_with_trigger' retrieved from /home/airflow/.local/lib/python3.12/site-packages/airflow/example_dags/example_latest_only_with_trigger.py
[2024-05-22T08:08:36.843+0000] {logging_mixin.py:188} INFO - [2024-05-22T08:08:36.843+0000] {dag.py:3096} INFO - Sync 1 DAGs
[2024-05-22T08:08:36.853+0000] {logging_mixin.py:188} INFO - [2024-05-22T08:08:36.853+0000] {dag.py:3954} INFO - Setting next_dagrun for latest_only_with_trigger to 2024-05-22 04:00:00+00:00, run_after=2024-05-22 08:00:00+00:00
[2024-05-22T08:08:36.862+0000] {processor.py:183} INFO - Processing /home/airflow/.local/lib/python3.12/site-packages/airflow/example_dags/example_latest_only_with_trigger.py took 0.036 seconds
[2024-05-22T08:09:07.696+0000] {processor.py:161} INFO - Started process (PID=1586) to work on /home/airflow/.local/lib/python3.12/site-packages/airflow/example_dags/example_latest_only_with_trigger.py
[2024-05-22T08:09:07.697+0000] {processor.py:830} INFO - Processing file /home/airflow/.local/lib/python3.12/site-packages/airflow/example_dags/example_latest_only_with_trigger.py for tasks to queue
[2024-05-22T08:09:07.698+0000] {logging_mixin.py:188} INFO - [2024-05-22T08:09:07.698+0000] {dagbag.py:540} INFO - Filling up the DagBag from /home/airflow/.local/lib/python3.12/site-packages/airflow/example_dags/example_latest_only_with_trigger.py
[2024-05-22T08:09:07.705+0000] {processor.py:840} INFO - DAG(s) 'latest_only_with_trigger' retrieved from /home/airflow/.local/lib/python3.12/site-packages/airflow/example_dags/example_latest_only_with_trigger.py
[2024-05-22T08:09:07.720+0000] {logging_mixin.py:188} INFO - [2024-05-22T08:09:07.720+0000] {dag.py:3096} INFO - Sync 1 DAGs
[2024-05-22T08:09:07.732+0000] {logging_mixin.py:188} INFO - [2024-05-22T08:09:07.732+0000] {dag.py:3954} INFO - Setting next_dagrun for latest_only_with_trigger to 2024-05-22 04:00:00+00:00, run_after=2024-05-22 08:00:00+00:00
[2024-05-22T08:09:07.748+0000] {processor.py:183} INFO - Processing /home/airflow/.local/lib/python3.12/site-packages/airflow/example_dags/example_latest_only_with_trigger.py took 0.055 seconds
[2024-05-22T08:09:38.594+0000] {processor.py:161} INFO - Started process (PID=1854) to work on /home/airflow/.local/lib/python3.12/site-packages/airflow/example_dags/example_latest_only_with_trigger.py
[2024-05-22T08:09:38.595+0000] {processor.py:830} INFO - Processing file /home/airflow/.local/lib/python3.12/site-packages/airflow/example_dags/example_latest_only_with_trigger.py for tasks to queue
[2024-05-22T08:09:38.596+0000] {logging_mixin.py:188} INFO - [2024-05-22T08:09:38.596+0000] {dagbag.py:540} INFO - Filling up the DagBag from /home/airflow/.local/lib/python3.12/site-packages/airflow/example_dags/example_latest_only_with_trigger.py
[2024-05-22T08:09:38.599+0000] {processor.py:840} INFO - DAG(s) 'latest_only_with_trigger' retrieved from /home/airflow/.local/lib/python3.12/site-packages/airflow/example_dags/example_latest_only_with_trigger.py
[2024-05-22T08:09:38.608+0000] {logging_mixin.py:188} INFO - [2024-05-22T08:09:38.608+0000] {dag.py:3096} INFO - Sync 1 DAGs
[2024-05-22T08:09:38.617+0000] {logging_mixin.py:188} INFO - [2024-05-22T08:09:38.617+0000] {dag.py:3954} INFO - Setting next_dagrun for latest_only_with_trigger to 2024-05-22 04:00:00+00:00, run_after=2024-05-22 08:00:00+00:00
[2024-05-22T08:09:38.627+0000] {processor.py:183} INFO - Processing /home/airflow/.local/lib/python3.12/site-packages/airflow/example_dags/example_latest_only_with_trigger.py took 0.035 seconds
[2024-05-22T08:10:09.517+0000] {processor.py:161} INFO - Started process (PID=2121) to work on /home/airflow/.local/lib/python3.12/site-packages/airflow/example_dags/example_latest_only_with_trigger.py
[2024-05-22T08:10:09.518+0000] {processor.py:830} INFO - Processing file /home/airflow/.local/lib/python3.12/site-packages/airflow/example_dags/example_latest_only_with_trigger.py for tasks to queue
[2024-05-22T08:10:09.519+0000] {logging_mixin.py:188} INFO - [2024-05-22T08:10:09.518+0000] {dagbag.py:540} INFO - Filling up the DagBag from /home/airflow/.local/lib/python3.12/site-packages/airflow/example_dags/example_latest_only_with_trigger.py
[2024-05-22T08:10:09.521+0000] {processor.py:840} INFO - DAG(s) 'latest_only_with_trigger' retrieved from /home/airflow/.local/lib/python3.12/site-packages/airflow/example_dags/example_latest_only_with_trigger.py
[2024-05-22T08:10:09.531+0000] {logging_mixin.py:188} INFO - [2024-05-22T08:10:09.530+0000] {dag.py:3096} INFO - Sync 1 DAGs
[2024-05-22T08:10:09.540+0000] {logging_mixin.py:188} INFO - [2024-05-22T08:10:09.540+0000] {dag.py:3954} INFO - Setting next_dagrun for latest_only_with_trigger to 2024-05-22 04:00:00+00:00, run_after=2024-05-22 08:00:00+00:00
[2024-05-22T08:10:09.548+0000] {processor.py:183} INFO - Processing /home/airflow/.local/lib/python3.12/site-packages/airflow/example_dags/example_latest_only_with_trigger.py took 0.033 seconds
[2024-05-22T08:10:40.161+0000] {processor.py:161} INFO - Started process (PID=2388) to work on /home/airflow/.local/lib/python3.12/site-packages/airflow/example_dags/example_latest_only_with_trigger.py
[2024-05-22T08:10:40.161+0000] {processor.py:830} INFO - Processing file /home/airflow/.local/lib/python3.12/site-packages/airflow/example_dags/example_latest_only_with_trigger.py for tasks to queue
[2024-05-22T08:10:40.162+0000] {logging_mixin.py:188} INFO - [2024-05-22T08:10:40.162+0000] {dagbag.py:540} INFO - Filling up the DagBag from /home/airflow/.local/lib/python3.12/site-packages/airflow/example_dags/example_latest_only_with_trigger.py
[2024-05-22T08:10:40.165+0000] {processor.py:840} INFO - DAG(s) 'latest_only_with_trigger' retrieved from /home/airflow/.local/lib/python3.12/site-packages/airflow/example_dags/example_latest_only_with_trigger.py
[2024-05-22T08:10:40.174+0000] {logging_mixin.py:188} INFO - [2024-05-22T08:10:40.174+0000] {dag.py:3096} INFO - Sync 1 DAGs
[2024-05-22T08:10:40.184+0000] {logging_mixin.py:188} INFO - [2024-05-22T08:10:40.184+0000] {dag.py:3954} INFO - Setting next_dagrun for latest_only_with_trigger to 2024-05-22 04:00:00+00:00, run_after=2024-05-22 08:00:00+00:00
[2024-05-22T08:10:40.192+0000] {processor.py:183} INFO - Processing /home/airflow/.local/lib/python3.12/site-packages/airflow/example_dags/example_latest_only_with_trigger.py took 0.034 seconds
[2024-05-22T08:11:10.817+0000] {processor.py:161} INFO - Started process (PID=2655) to work on /home/airflow/.local/lib/python3.12/site-packages/airflow/example_dags/example_latest_only_with_trigger.py
[2024-05-22T08:11:10.817+0000] {processor.py:830} INFO - Processing file /home/airflow/.local/lib/python3.12/site-packages/airflow/example_dags/example_latest_only_with_trigger.py for tasks to queue
[2024-05-22T08:11:10.818+0000] {logging_mixin.py:188} INFO - [2024-05-22T08:11:10.818+0000] {dagbag.py:540} INFO - Filling up the DagBag from /home/airflow/.local/lib/python3.12/site-packages/airflow/example_dags/example_latest_only_with_trigger.py
[2024-05-22T08:11:10.821+0000] {processor.py:840} INFO - DAG(s) 'latest_only_with_trigger' retrieved from /home/airflow/.local/lib/python3.12/site-packages/airflow/example_dags/example_latest_only_with_trigger.py
[2024-05-22T08:11:10.832+0000] {logging_mixin.py:188} INFO - [2024-05-22T08:11:10.832+0000] {dag.py:3096} INFO - Sync 1 DAGs
[2024-05-22T08:11:10.842+0000] {logging_mixin.py:188} INFO - [2024-05-22T08:11:10.842+0000] {dag.py:3954} INFO - Setting next_dagrun for latest_only_with_trigger to 2024-05-22 04:00:00+00:00, run_after=2024-05-22 08:00:00+00:00
[2024-05-22T08:11:10.850+0000] {processor.py:183} INFO - Processing /home/airflow/.local/lib/python3.12/site-packages/airflow/example_dags/example_latest_only_with_trigger.py took 0.036 seconds
[2024-05-22T08:11:41.592+0000] {processor.py:161} INFO - Started process (PID=2922) to work on /home/airflow/.local/lib/python3.12/site-packages/airflow/example_dags/example_latest_only_with_trigger.py
[2024-05-22T08:11:41.592+0000] {processor.py:830} INFO - Processing file /home/airflow/.local/lib/python3.12/site-packages/airflow/example_dags/example_latest_only_with_trigger.py for tasks to queue
[2024-05-22T08:11:41.593+0000] {logging_mixin.py:188} INFO - [2024-05-22T08:11:41.593+0000] {dagbag.py:540} INFO - Filling up the DagBag from /home/airflow/.local/lib/python3.12/site-packages/airflow/example_dags/example_latest_only_with_trigger.py
[2024-05-22T08:11:41.596+0000] {processor.py:840} INFO - DAG(s) 'latest_only_with_trigger' retrieved from /home/airflow/.local/lib/python3.12/site-packages/airflow/example_dags/example_latest_only_with_trigger.py
[2024-05-22T08:11:41.606+0000] {logging_mixin.py:188} INFO - [2024-05-22T08:11:41.605+0000] {dag.py:3096} INFO - Sync 1 DAGs
[2024-05-22T08:11:41.615+0000] {logging_mixin.py:188} INFO - [2024-05-22T08:11:41.615+0000] {dag.py:3954} INFO - Setting next_dagrun for latest_only_with_trigger to 2024-05-22 04:00:00+00:00, run_after=2024-05-22 08:00:00+00:00
[2024-05-22T08:11:41.623+0000] {processor.py:183} INFO - Processing /home/airflow/.local/lib/python3.12/site-packages/airflow/example_dags/example_latest_only_with_trigger.py took 0.034 seconds
[2024-05-22T08:12:12.393+0000] {processor.py:161} INFO - Started process (PID=3188) to work on /home/airflow/.local/lib/python3.12/site-packages/airflow/example_dags/example_latest_only_with_trigger.py
[2024-05-22T08:12:12.394+0000] {processor.py:830} INFO - Processing file /home/airflow/.local/lib/python3.12/site-packages/airflow/example_dags/example_latest_only_with_trigger.py for tasks to queue
[2024-05-22T08:12:12.396+0000] {logging_mixin.py:188} INFO - [2024-05-22T08:12:12.396+0000] {dagbag.py:540} INFO - Filling up the DagBag from /home/airflow/.local/lib/python3.12/site-packages/airflow/example_dags/example_latest_only_with_trigger.py
[2024-05-22T08:12:12.402+0000] {processor.py:840} INFO - DAG(s) 'latest_only_with_trigger' retrieved from /home/airflow/.local/lib/python3.12/site-packages/airflow/example_dags/example_latest_only_with_trigger.py
[2024-05-22T08:12:12.417+0000] {logging_mixin.py:188} INFO - [2024-05-22T08:12:12.417+0000] {dag.py:3096} INFO - Sync 1 DAGs
[2024-05-22T08:12:12.429+0000] {logging_mixin.py:188} INFO - [2024-05-22T08:12:12.429+0000] {dag.py:3954} INFO - Setting next_dagrun for latest_only_with_trigger to 2024-05-22 04:00:00+00:00, run_after=2024-05-22 08:00:00+00:00
[2024-05-22T08:12:12.439+0000] {processor.py:183} INFO - Processing /home/airflow/.local/lib/python3.12/site-packages/airflow/example_dags/example_latest_only_with_trigger.py took 0.052 seconds
[2024-05-22T08:12:43.116+0000] {processor.py:161} INFO - Started process (PID=3455) to work on /home/airflow/.local/lib/python3.12/site-packages/airflow/example_dags/example_latest_only_with_trigger.py
[2024-05-22T08:12:43.117+0000] {processor.py:830} INFO - Processing file /home/airflow/.local/lib/python3.12/site-packages/airflow/example_dags/example_latest_only_with_trigger.py for tasks to queue
[2024-05-22T08:12:43.118+0000] {logging_mixin.py:188} INFO - [2024-05-22T08:12:43.118+0000] {dagbag.py:540} INFO - Filling up the DagBag from /home/airflow/.local/lib/python3.12/site-packages/airflow/example_dags/example_latest_only_with_trigger.py
[2024-05-22T08:12:43.121+0000] {processor.py:840} INFO - DAG(s) 'latest_only_with_trigger' retrieved from /home/airflow/.local/lib/python3.12/site-packages/airflow/example_dags/example_latest_only_with_trigger.py
[2024-05-22T08:12:43.131+0000] {logging_mixin.py:188} INFO - [2024-05-22T08:12:43.131+0000] {dag.py:3096} INFO - Sync 1 DAGs
[2024-05-22T08:12:43.144+0000] {logging_mixin.py:188} INFO - [2024-05-22T08:12:43.144+0000] {dag.py:3954} INFO - Setting next_dagrun for latest_only_with_trigger to 2024-05-22 04:00:00+00:00, run_after=2024-05-22 08:00:00+00:00
[2024-05-22T08:12:43.155+0000] {processor.py:183} INFO - Processing /home/airflow/.local/lib/python3.12/site-packages/airflow/example_dags/example_latest_only_with_trigger.py took 0.043 seconds
[2024-05-22T08:13:14.186+0000] {processor.py:161} INFO - Started process (PID=3722) to work on /home/airflow/.local/lib/python3.12/site-packages/airflow/example_dags/example_latest_only_with_trigger.py
[2024-05-22T08:13:14.187+0000] {processor.py:830} INFO - Processing file /home/airflow/.local/lib/python3.12/site-packages/airflow/example_dags/example_latest_only_with_trigger.py for tasks to queue
[2024-05-22T08:13:14.188+0000] {logging_mixin.py:188} INFO - [2024-05-22T08:13:14.188+0000] {dagbag.py:540} INFO - Filling up the DagBag from /home/airflow/.local/lib/python3.12/site-packages/airflow/example_dags/example_latest_only_with_trigger.py
[2024-05-22T08:13:14.192+0000] {processor.py:840} INFO - DAG(s) 'latest_only_with_trigger' retrieved from /home/airflow/.local/lib/python3.12/site-packages/airflow/example_dags/example_latest_only_with_trigger.py
[2024-05-22T08:13:14.207+0000] {logging_mixin.py:188} INFO - [2024-05-22T08:13:14.206+0000] {dag.py:3096} INFO - Sync 1 DAGs
[2024-05-22T08:13:14.218+0000] {logging_mixin.py:188} INFO - [2024-05-22T08:13:14.218+0000] {dag.py:3954} INFO - Setting next_dagrun for latest_only_with_trigger to 2024-05-22 04:00:00+00:00, run_after=2024-05-22 08:00:00+00:00
[2024-05-22T08:13:14.233+0000] {processor.py:183} INFO - Processing /home/airflow/.local/lib/python3.12/site-packages/airflow/example_dags/example_latest_only_with_trigger.py took 0.050 seconds
[2024-05-22T08:13:45.239+0000] {processor.py:161} INFO - Started process (PID=3991) to work on /home/airflow/.local/lib/python3.12/site-packages/airflow/example_dags/example_latest_only_with_trigger.py
[2024-05-22T08:13:45.240+0000] {processor.py:830} INFO - Processing file /home/airflow/.local/lib/python3.12/site-packages/airflow/example_dags/example_latest_only_with_trigger.py for tasks to queue
[2024-05-22T08:13:45.241+0000] {logging_mixin.py:188} INFO - [2024-05-22T08:13:45.240+0000] {dagbag.py:540} INFO - Filling up the DagBag from /home/airflow/.local/lib/python3.12/site-packages/airflow/example_dags/example_latest_only_with_trigger.py
[2024-05-22T08:13:45.243+0000] {processor.py:840} INFO - DAG(s) 'latest_only_with_trigger' retrieved from /home/airflow/.local/lib/python3.12/site-packages/airflow/example_dags/example_latest_only_with_trigger.py
[2024-05-22T08:13:45.254+0000] {logging_mixin.py:188} INFO - [2024-05-22T08:13:45.254+0000] {dag.py:3096} INFO - Sync 1 DAGs
[2024-05-22T08:13:45.263+0000] {logging_mixin.py:188} INFO - [2024-05-22T08:13:45.262+0000] {dag.py:3954} INFO - Setting next_dagrun for latest_only_with_trigger to 2024-05-22 04:00:00+00:00, run_after=2024-05-22 08:00:00+00:00
[2024-05-22T08:13:45.270+0000] {processor.py:183} INFO - Processing /home/airflow/.local/lib/python3.12/site-packages/airflow/example_dags/example_latest_only_with_trigger.py took 0.035 seconds
[2024-05-22T08:14:15.409+0000] {processor.py:161} INFO - Started process (PID=4257) to work on /home/airflow/.local/lib/python3.12/site-packages/airflow/example_dags/example_latest_only_with_trigger.py
[2024-05-22T08:14:15.409+0000] {processor.py:830} INFO - Processing file /home/airflow/.local/lib/python3.12/site-packages/airflow/example_dags/example_latest_only_with_trigger.py for tasks to queue
[2024-05-22T08:14:15.410+0000] {logging_mixin.py:188} INFO - [2024-05-22T08:14:15.410+0000] {dagbag.py:540} INFO - Filling up the DagBag from /home/airflow/.local/lib/python3.12/site-packages/airflow/example_dags/example_latest_only_with_trigger.py
[2024-05-22T08:14:15.413+0000] {processor.py:840} INFO - DAG(s) 'latest_only_with_trigger' retrieved from /home/airflow/.local/lib/python3.12/site-packages/airflow/example_dags/example_latest_only_with_trigger.py
[2024-05-22T08:14:15.423+0000] {logging_mixin.py:188} INFO - [2024-05-22T08:14:15.423+0000] {dag.py:3096} INFO - Sync 1 DAGs
[2024-05-22T08:14:15.433+0000] {logging_mixin.py:188} INFO - [2024-05-22T08:14:15.433+0000] {dag.py:3954} INFO - Setting next_dagrun for latest_only_with_trigger to 2024-05-22 04:00:00+00:00, run_after=2024-05-22 08:00:00+00:00
[2024-05-22T08:14:15.442+0000] {processor.py:183} INFO - Processing /home/airflow/.local/lib/python3.12/site-packages/airflow/example_dags/example_latest_only_with_trigger.py took 0.036 seconds
[2024-05-22T08:14:45.699+0000] {processor.py:161} INFO - Started process (PID=4524) to work on /home/airflow/.local/lib/python3.12/site-packages/airflow/example_dags/example_latest_only_with_trigger.py
[2024-05-22T08:14:45.699+0000] {processor.py:830} INFO - Processing file /home/airflow/.local/lib/python3.12/site-packages/airflow/example_dags/example_latest_only_with_trigger.py for tasks to queue
[2024-05-22T08:14:45.700+0000] {logging_mixin.py:188} INFO - [2024-05-22T08:14:45.700+0000] {dagbag.py:540} INFO - Filling up the DagBag from /home/airflow/.local/lib/python3.12/site-packages/airflow/example_dags/example_latest_only_with_trigger.py
[2024-05-22T08:14:45.703+0000] {processor.py:840} INFO - DAG(s) 'latest_only_with_trigger' retrieved from /home/airflow/.local/lib/python3.12/site-packages/airflow/example_dags/example_latest_only_with_trigger.py
[2024-05-22T08:14:45.712+0000] {logging_mixin.py:188} INFO - [2024-05-22T08:14:45.712+0000] {dag.py:3096} INFO - Sync 1 DAGs
[2024-05-22T08:14:45.721+0000] {logging_mixin.py:188} INFO - [2024-05-22T08:14:45.721+0000] {dag.py:3954} INFO - Setting next_dagrun for latest_only_with_trigger to 2024-05-22 04:00:00+00:00, run_after=2024-05-22 08:00:00+00:00
[2024-05-22T08:14:45.728+0000] {processor.py:183} INFO - Processing /home/airflow/.local/lib/python3.12/site-packages/airflow/example_dags/example_latest_only_with_trigger.py took 0.032 seconds
[2024-05-22T08:15:16.003+0000] {processor.py:161} INFO - Started process (PID=4791) to work on /home/airflow/.local/lib/python3.12/site-packages/airflow/example_dags/example_latest_only_with_trigger.py
[2024-05-22T08:15:16.003+0000] {processor.py:830} INFO - Processing file /home/airflow/.local/lib/python3.12/site-packages/airflow/example_dags/example_latest_only_with_trigger.py for tasks to queue
[2024-05-22T08:15:16.004+0000] {logging_mixin.py:188} INFO - [2024-05-22T08:15:16.004+0000] {dagbag.py:540} INFO - Filling up the DagBag from /home/airflow/.local/lib/python3.12/site-packages/airflow/example_dags/example_latest_only_with_trigger.py
[2024-05-22T08:15:16.007+0000] {processor.py:840} INFO - DAG(s) 'latest_only_with_trigger' retrieved from /home/airflow/.local/lib/python3.12/site-packages/airflow/example_dags/example_latest_only_with_trigger.py
[2024-05-22T08:15:16.016+0000] {logging_mixin.py:188} INFO - [2024-05-22T08:15:16.016+0000] {dag.py:3096} INFO - Sync 1 DAGs
[2024-05-22T08:15:16.024+0000] {logging_mixin.py:188} INFO - [2024-05-22T08:15:16.024+0000] {dag.py:3954} INFO - Setting next_dagrun for latest_only_with_trigger to 2024-05-22 04:00:00+00:00, run_after=2024-05-22 08:00:00+00:00
[2024-05-22T08:15:16.032+0000] {processor.py:183} INFO - Processing /home/airflow/.local/lib/python3.12/site-packages/airflow/example_dags/example_latest_only_with_trigger.py took 0.032 seconds
