[2024-05-22T08:06:34.100+0000] {processor.py:161} INFO - Started process (PID=209) to work on /home/airflow/.local/lib/python3.12/site-packages/airflow/example_dags/example_nested_branch_dag.py
[2024-05-22T08:06:34.101+0000] {processor.py:830} INFO - Processing file /home/airflow/.local/lib/python3.12/site-packages/airflow/example_dags/example_nested_branch_dag.py for tasks to queue
[2024-05-22T08:06:34.102+0000] {logging_mixin.py:188} INFO - [2024-05-22T08:06:34.102+0000] {dagbag.py:540} INFO - Filling up the DagBag from /home/airflow/.local/lib/python3.12/site-packages/airflow/example_dags/example_nested_branch_dag.py
[2024-05-22T08:06:34.107+0000] {processor.py:840} INFO - DAG(s) 'example_nested_branch_dag' retrieved from /home/airflow/.local/lib/python3.12/site-packages/airflow/example_dags/example_nested_branch_dag.py
[2024-05-22T08:06:34.124+0000] {logging_mixin.py:188} INFO - [2024-05-22T08:06:34.124+0000] {dag.py:3096} INFO - Sync 1 DAGs
[2024-05-22T08:06:34.135+0000] {logging_mixin.py:188} INFO - [2024-05-22T08:06:34.135+0000] {dag.py:3954} INFO - Setting next_dagrun for example_nested_branch_dag to 2024-05-21 00:00:00+00:00, run_after=2024-05-22 00:00:00+00:00
[2024-05-22T08:06:34.145+0000] {processor.py:183} INFO - Processing /home/airflow/.local/lib/python3.12/site-packages/airflow/example_dags/example_nested_branch_dag.py took 0.048 seconds
[2024-05-22T08:07:04.433+0000] {processor.py:161} INFO - Started process (PID=476) to work on /home/airflow/.local/lib/python3.12/site-packages/airflow/example_dags/example_nested_branch_dag.py
[2024-05-22T08:07:04.434+0000] {processor.py:830} INFO - Processing file /home/airflow/.local/lib/python3.12/site-packages/airflow/example_dags/example_nested_branch_dag.py for tasks to queue
[2024-05-22T08:07:04.435+0000] {logging_mixin.py:188} INFO - [2024-05-22T08:07:04.435+0000] {dagbag.py:540} INFO - Filling up the DagBag from /home/airflow/.local/lib/python3.12/site-packages/airflow/example_dags/example_nested_branch_dag.py
[2024-05-22T08:07:04.441+0000] {processor.py:840} INFO - DAG(s) 'example_nested_branch_dag' retrieved from /home/airflow/.local/lib/python3.12/site-packages/airflow/example_dags/example_nested_branch_dag.py
[2024-05-22T08:07:04.454+0000] {logging_mixin.py:188} INFO - [2024-05-22T08:07:04.454+0000] {dag.py:3096} INFO - Sync 1 DAGs
[2024-05-22T08:07:04.465+0000] {logging_mixin.py:188} INFO - [2024-05-22T08:07:04.464+0000] {dag.py:3954} INFO - Setting next_dagrun for example_nested_branch_dag to 2024-05-21 00:00:00+00:00, run_after=2024-05-22 00:00:00+00:00
[2024-05-22T08:07:04.472+0000] {processor.py:183} INFO - Processing /home/airflow/.local/lib/python3.12/site-packages/airflow/example_dags/example_nested_branch_dag.py took 0.042 seconds
[2024-05-22T08:07:35.221+0000] {processor.py:161} INFO - Started process (PID=741) to work on /home/airflow/.local/lib/python3.12/site-packages/airflow/example_dags/example_nested_branch_dag.py
[2024-05-22T08:07:35.221+0000] {processor.py:830} INFO - Processing file /home/airflow/.local/lib/python3.12/site-packages/airflow/example_dags/example_nested_branch_dag.py for tasks to queue
[2024-05-22T08:07:35.222+0000] {logging_mixin.py:188} INFO - [2024-05-22T08:07:35.222+0000] {dagbag.py:540} INFO - Filling up the DagBag from /home/airflow/.local/lib/python3.12/site-packages/airflow/example_dags/example_nested_branch_dag.py
[2024-05-22T08:07:35.227+0000] {processor.py:840} INFO - DAG(s) 'example_nested_branch_dag' retrieved from /home/airflow/.local/lib/python3.12/site-packages/airflow/example_dags/example_nested_branch_dag.py
[2024-05-22T08:07:35.236+0000] {logging_mixin.py:188} INFO - [2024-05-22T08:07:35.236+0000] {dag.py:3096} INFO - Sync 1 DAGs
[2024-05-22T08:07:35.246+0000] {logging_mixin.py:188} INFO - [2024-05-22T08:07:35.246+0000] {dag.py:3954} INFO - Setting next_dagrun for example_nested_branch_dag to 2024-05-21 00:00:00+00:00, run_after=2024-05-22 00:00:00+00:00
[2024-05-22T08:07:35.254+0000] {processor.py:183} INFO - Processing /home/airflow/.local/lib/python3.12/site-packages/airflow/example_dags/example_nested_branch_dag.py took 0.036 seconds
[2024-05-22T08:08:05.880+0000] {processor.py:161} INFO - Started process (PID=1010) to work on /home/airflow/.local/lib/python3.12/site-packages/airflow/example_dags/example_nested_branch_dag.py
[2024-05-22T08:08:05.880+0000] {processor.py:830} INFO - Processing file /home/airflow/.local/lib/python3.12/site-packages/airflow/example_dags/example_nested_branch_dag.py for tasks to queue
[2024-05-22T08:08:05.881+0000] {logging_mixin.py:188} INFO - [2024-05-22T08:08:05.881+0000] {dagbag.py:540} INFO - Filling up the DagBag from /home/airflow/.local/lib/python3.12/site-packages/airflow/example_dags/example_nested_branch_dag.py
[2024-05-22T08:08:05.886+0000] {processor.py:840} INFO - DAG(s) 'example_nested_branch_dag' retrieved from /home/airflow/.local/lib/python3.12/site-packages/airflow/example_dags/example_nested_branch_dag.py
[2024-05-22T08:08:05.896+0000] {logging_mixin.py:188} INFO - [2024-05-22T08:08:05.896+0000] {dag.py:3096} INFO - Sync 1 DAGs
[2024-05-22T08:08:05.905+0000] {logging_mixin.py:188} INFO - [2024-05-22T08:08:05.905+0000] {dag.py:3954} INFO - Setting next_dagrun for example_nested_branch_dag to 2024-05-21 00:00:00+00:00, run_after=2024-05-22 00:00:00+00:00
[2024-05-22T08:08:05.913+0000] {processor.py:183} INFO - Processing /home/airflow/.local/lib/python3.12/site-packages/airflow/example_dags/example_nested_branch_dag.py took 0.036 seconds
[2024-05-22T08:08:36.610+0000] {processor.py:161} INFO - Started process (PID=1275) to work on /home/airflow/.local/lib/python3.12/site-packages/airflow/example_dags/example_nested_branch_dag.py
[2024-05-22T08:08:36.611+0000] {processor.py:830} INFO - Processing file /home/airflow/.local/lib/python3.12/site-packages/airflow/example_dags/example_nested_branch_dag.py for tasks to queue
[2024-05-22T08:08:36.612+0000] {logging_mixin.py:188} INFO - [2024-05-22T08:08:36.612+0000] {dagbag.py:540} INFO - Filling up the DagBag from /home/airflow/.local/lib/python3.12/site-packages/airflow/example_dags/example_nested_branch_dag.py
[2024-05-22T08:08:36.617+0000] {processor.py:840} INFO - DAG(s) 'example_nested_branch_dag' retrieved from /home/airflow/.local/lib/python3.12/site-packages/airflow/example_dags/example_nested_branch_dag.py
[2024-05-22T08:08:36.626+0000] {logging_mixin.py:188} INFO - [2024-05-22T08:08:36.626+0000] {dag.py:3096} INFO - Sync 1 DAGs
[2024-05-22T08:08:36.636+0000] {logging_mixin.py:188} INFO - [2024-05-22T08:08:36.636+0000] {dag.py:3954} INFO - Setting next_dagrun for example_nested_branch_dag to 2024-05-21 00:00:00+00:00, run_after=2024-05-22 00:00:00+00:00
[2024-05-22T08:08:36.645+0000] {processor.py:183} INFO - Processing /home/airflow/.local/lib/python3.12/site-packages/airflow/example_dags/example_nested_branch_dag.py took 0.037 seconds
[2024-05-22T08:09:07.400+0000] {processor.py:161} INFO - Started process (PID=1542) to work on /home/airflow/.local/lib/python3.12/site-packages/airflow/example_dags/example_nested_branch_dag.py
[2024-05-22T08:09:07.402+0000] {processor.py:830} INFO - Processing file /home/airflow/.local/lib/python3.12/site-packages/airflow/example_dags/example_nested_branch_dag.py for tasks to queue
[2024-05-22T08:09:07.403+0000] {logging_mixin.py:188} INFO - [2024-05-22T08:09:07.403+0000] {dagbag.py:540} INFO - Filling up the DagBag from /home/airflow/.local/lib/python3.12/site-packages/airflow/example_dags/example_nested_branch_dag.py
[2024-05-22T08:09:07.410+0000] {processor.py:840} INFO - DAG(s) 'example_nested_branch_dag' retrieved from /home/airflow/.local/lib/python3.12/site-packages/airflow/example_dags/example_nested_branch_dag.py
[2024-05-22T08:09:07.428+0000] {logging_mixin.py:188} INFO - [2024-05-22T08:09:07.428+0000] {dag.py:3096} INFO - Sync 1 DAGs
[2024-05-22T08:09:07.441+0000] {logging_mixin.py:188} INFO - [2024-05-22T08:09:07.440+0000] {dag.py:3954} INFO - Setting next_dagrun for example_nested_branch_dag to 2024-05-21 00:00:00+00:00, run_after=2024-05-22 00:00:00+00:00
[2024-05-22T08:09:07.451+0000] {processor.py:183} INFO - Processing /home/airflow/.local/lib/python3.12/site-packages/airflow/example_dags/example_nested_branch_dag.py took 0.055 seconds
[2024-05-22T08:09:38.399+0000] {processor.py:161} INFO - Started process (PID=1809) to work on /home/airflow/.local/lib/python3.12/site-packages/airflow/example_dags/example_nested_branch_dag.py
[2024-05-22T08:09:38.399+0000] {processor.py:830} INFO - Processing file /home/airflow/.local/lib/python3.12/site-packages/airflow/example_dags/example_nested_branch_dag.py for tasks to queue
[2024-05-22T08:09:38.400+0000] {logging_mixin.py:188} INFO - [2024-05-22T08:09:38.400+0000] {dagbag.py:540} INFO - Filling up the DagBag from /home/airflow/.local/lib/python3.12/site-packages/airflow/example_dags/example_nested_branch_dag.py
[2024-05-22T08:09:38.405+0000] {processor.py:840} INFO - DAG(s) 'example_nested_branch_dag' retrieved from /home/airflow/.local/lib/python3.12/site-packages/airflow/example_dags/example_nested_branch_dag.py
[2024-05-22T08:09:38.415+0000] {logging_mixin.py:188} INFO - [2024-05-22T08:09:38.415+0000] {dag.py:3096} INFO - Sync 1 DAGs
[2024-05-22T08:09:38.424+0000] {logging_mixin.py:188} INFO - [2024-05-22T08:09:38.424+0000] {dag.py:3954} INFO - Setting next_dagrun for example_nested_branch_dag to 2024-05-21 00:00:00+00:00, run_after=2024-05-22 00:00:00+00:00
[2024-05-22T08:09:38.432+0000] {processor.py:183} INFO - Processing /home/airflow/.local/lib/python3.12/site-packages/airflow/example_dags/example_nested_branch_dag.py took 0.036 seconds
[2024-05-22T08:10:09.325+0000] {processor.py:161} INFO - Started process (PID=2076) to work on /home/airflow/.local/lib/python3.12/site-packages/airflow/example_dags/example_nested_branch_dag.py
[2024-05-22T08:10:09.326+0000] {processor.py:830} INFO - Processing file /home/airflow/.local/lib/python3.12/site-packages/airflow/example_dags/example_nested_branch_dag.py for tasks to queue
[2024-05-22T08:10:09.327+0000] {logging_mixin.py:188} INFO - [2024-05-22T08:10:09.327+0000] {dagbag.py:540} INFO - Filling up the DagBag from /home/airflow/.local/lib/python3.12/site-packages/airflow/example_dags/example_nested_branch_dag.py
[2024-05-22T08:10:09.332+0000] {processor.py:840} INFO - DAG(s) 'example_nested_branch_dag' retrieved from /home/airflow/.local/lib/python3.12/site-packages/airflow/example_dags/example_nested_branch_dag.py
[2024-05-22T08:10:09.343+0000] {logging_mixin.py:188} INFO - [2024-05-22T08:10:09.343+0000] {dag.py:3096} INFO - Sync 1 DAGs
[2024-05-22T08:10:09.353+0000] {logging_mixin.py:188} INFO - [2024-05-22T08:10:09.353+0000] {dag.py:3954} INFO - Setting next_dagrun for example_nested_branch_dag to 2024-05-21 00:00:00+00:00, run_after=2024-05-22 00:00:00+00:00
[2024-05-22T08:10:09.361+0000] {processor.py:183} INFO - Processing /home/airflow/.local/lib/python3.12/site-packages/airflow/example_dags/example_nested_branch_dag.py took 0.039 seconds
[2024-05-22T08:10:39.968+0000] {processor.py:161} INFO - Started process (PID=2343) to work on /home/airflow/.local/lib/python3.12/site-packages/airflow/example_dags/example_nested_branch_dag.py
[2024-05-22T08:10:39.968+0000] {processor.py:830} INFO - Processing file /home/airflow/.local/lib/python3.12/site-packages/airflow/example_dags/example_nested_branch_dag.py for tasks to queue
[2024-05-22T08:10:39.969+0000] {logging_mixin.py:188} INFO - [2024-05-22T08:10:39.969+0000] {dagbag.py:540} INFO - Filling up the DagBag from /home/airflow/.local/lib/python3.12/site-packages/airflow/example_dags/example_nested_branch_dag.py
[2024-05-22T08:10:39.974+0000] {processor.py:840} INFO - DAG(s) 'example_nested_branch_dag' retrieved from /home/airflow/.local/lib/python3.12/site-packages/airflow/example_dags/example_nested_branch_dag.py
[2024-05-22T08:10:39.984+0000] {logging_mixin.py:188} INFO - [2024-05-22T08:10:39.984+0000] {dag.py:3096} INFO - Sync 1 DAGs
[2024-05-22T08:10:39.994+0000] {logging_mixin.py:188} INFO - [2024-05-22T08:10:39.994+0000] {dag.py:3954} INFO - Setting next_dagrun for example_nested_branch_dag to 2024-05-21 00:00:00+00:00, run_after=2024-05-22 00:00:00+00:00
[2024-05-22T08:10:40.002+0000] {processor.py:183} INFO - Processing /home/airflow/.local/lib/python3.12/site-packages/airflow/example_dags/example_nested_branch_dag.py took 0.037 seconds
[2024-05-22T08:11:10.626+0000] {processor.py:161} INFO - Started process (PID=2610) to work on /home/airflow/.local/lib/python3.12/site-packages/airflow/example_dags/example_nested_branch_dag.py
[2024-05-22T08:11:10.626+0000] {processor.py:830} INFO - Processing file /home/airflow/.local/lib/python3.12/site-packages/airflow/example_dags/example_nested_branch_dag.py for tasks to queue
[2024-05-22T08:11:10.627+0000] {logging_mixin.py:188} INFO - [2024-05-22T08:11:10.627+0000] {dagbag.py:540} INFO - Filling up the DagBag from /home/airflow/.local/lib/python3.12/site-packages/airflow/example_dags/example_nested_branch_dag.py
[2024-05-22T08:11:10.632+0000] {processor.py:840} INFO - DAG(s) 'example_nested_branch_dag' retrieved from /home/airflow/.local/lib/python3.12/site-packages/airflow/example_dags/example_nested_branch_dag.py
[2024-05-22T08:11:10.642+0000] {logging_mixin.py:188} INFO - [2024-05-22T08:11:10.642+0000] {dag.py:3096} INFO - Sync 1 DAGs
[2024-05-22T08:11:10.653+0000] {logging_mixin.py:188} INFO - [2024-05-22T08:11:10.653+0000] {dag.py:3954} INFO - Setting next_dagrun for example_nested_branch_dag to 2024-05-21 00:00:00+00:00, run_after=2024-05-22 00:00:00+00:00
[2024-05-22T08:11:10.661+0000] {processor.py:183} INFO - Processing /home/airflow/.local/lib/python3.12/site-packages/airflow/example_dags/example_nested_branch_dag.py took 0.038 seconds
[2024-05-22T08:11:41.362+0000] {processor.py:161} INFO - Started process (PID=2877) to work on /home/airflow/.local/lib/python3.12/site-packages/airflow/example_dags/example_nested_branch_dag.py
[2024-05-22T08:11:41.363+0000] {processor.py:830} INFO - Processing file /home/airflow/.local/lib/python3.12/site-packages/airflow/example_dags/example_nested_branch_dag.py for tasks to queue
[2024-05-22T08:11:41.364+0000] {logging_mixin.py:188} INFO - [2024-05-22T08:11:41.364+0000] {dagbag.py:540} INFO - Filling up the DagBag from /home/airflow/.local/lib/python3.12/site-packages/airflow/example_dags/example_nested_branch_dag.py
[2024-05-22T08:11:41.369+0000] {processor.py:840} INFO - DAG(s) 'example_nested_branch_dag' retrieved from /home/airflow/.local/lib/python3.12/site-packages/airflow/example_dags/example_nested_branch_dag.py
[2024-05-22T08:11:41.379+0000] {logging_mixin.py:188} INFO - [2024-05-22T08:11:41.379+0000] {dag.py:3096} INFO - Sync 1 DAGs
[2024-05-22T08:11:41.388+0000] {logging_mixin.py:188} INFO - [2024-05-22T08:11:41.388+0000] {dag.py:3954} INFO - Setting next_dagrun for example_nested_branch_dag to 2024-05-21 00:00:00+00:00, run_after=2024-05-22 00:00:00+00:00
[2024-05-22T08:11:41.396+0000] {processor.py:183} INFO - Processing /home/airflow/.local/lib/python3.12/site-packages/airflow/example_dags/example_nested_branch_dag.py took 0.037 seconds
[2024-05-22T08:12:12.075+0000] {processor.py:161} INFO - Started process (PID=3143) to work on /home/airflow/.local/lib/python3.12/site-packages/airflow/example_dags/example_nested_branch_dag.py
[2024-05-22T08:12:12.077+0000] {processor.py:830} INFO - Processing file /home/airflow/.local/lib/python3.12/site-packages/airflow/example_dags/example_nested_branch_dag.py for tasks to queue
[2024-05-22T08:12:12.078+0000] {logging_mixin.py:188} INFO - [2024-05-22T08:12:12.077+0000] {dagbag.py:540} INFO - Filling up the DagBag from /home/airflow/.local/lib/python3.12/site-packages/airflow/example_dags/example_nested_branch_dag.py
[2024-05-22T08:12:12.083+0000] {processor.py:840} INFO - DAG(s) 'example_nested_branch_dag' retrieved from /home/airflow/.local/lib/python3.12/site-packages/airflow/example_dags/example_nested_branch_dag.py
[2024-05-22T08:12:12.095+0000] {logging_mixin.py:188} INFO - [2024-05-22T08:12:12.095+0000] {dag.py:3096} INFO - Sync 1 DAGs
[2024-05-22T08:12:12.106+0000] {logging_mixin.py:188} INFO - [2024-05-22T08:12:12.106+0000] {dag.py:3954} INFO - Setting next_dagrun for example_nested_branch_dag to 2024-05-21 00:00:00+00:00, run_after=2024-05-22 00:00:00+00:00
[2024-05-22T08:12:12.120+0000] {processor.py:183} INFO - Processing /home/airflow/.local/lib/python3.12/site-packages/airflow/example_dags/example_nested_branch_dag.py took 0.047 seconds
[2024-05-22T08:12:42.903+0000] {processor.py:161} INFO - Started process (PID=3410) to work on /home/airflow/.local/lib/python3.12/site-packages/airflow/example_dags/example_nested_branch_dag.py
[2024-05-22T08:12:42.904+0000] {processor.py:830} INFO - Processing file /home/airflow/.local/lib/python3.12/site-packages/airflow/example_dags/example_nested_branch_dag.py for tasks to queue
[2024-05-22T08:12:42.905+0000] {logging_mixin.py:188} INFO - [2024-05-22T08:12:42.905+0000] {dagbag.py:540} INFO - Filling up the DagBag from /home/airflow/.local/lib/python3.12/site-packages/airflow/example_dags/example_nested_branch_dag.py
[2024-05-22T08:12:42.910+0000] {processor.py:840} INFO - DAG(s) 'example_nested_branch_dag' retrieved from /home/airflow/.local/lib/python3.12/site-packages/airflow/example_dags/example_nested_branch_dag.py
[2024-05-22T08:12:42.920+0000] {logging_mixin.py:188} INFO - [2024-05-22T08:12:42.920+0000] {dag.py:3096} INFO - Sync 1 DAGs
[2024-05-22T08:12:42.930+0000] {logging_mixin.py:188} INFO - [2024-05-22T08:12:42.930+0000] {dag.py:3954} INFO - Setting next_dagrun for example_nested_branch_dag to 2024-05-21 00:00:00+00:00, run_after=2024-05-22 00:00:00+00:00
[2024-05-22T08:12:42.938+0000] {processor.py:183} INFO - Processing /home/airflow/.local/lib/python3.12/site-packages/airflow/example_dags/example_nested_branch_dag.py took 0.037 seconds
[2024-05-22T08:13:13.760+0000] {processor.py:161} INFO - Started process (PID=3677) to work on /home/airflow/.local/lib/python3.12/site-packages/airflow/example_dags/example_nested_branch_dag.py
[2024-05-22T08:13:13.762+0000] {processor.py:830} INFO - Processing file /home/airflow/.local/lib/python3.12/site-packages/airflow/example_dags/example_nested_branch_dag.py for tasks to queue
[2024-05-22T08:13:13.764+0000] {logging_mixin.py:188} INFO - [2024-05-22T08:13:13.764+0000] {dagbag.py:540} INFO - Filling up the DagBag from /home/airflow/.local/lib/python3.12/site-packages/airflow/example_dags/example_nested_branch_dag.py
[2024-05-22T08:13:13.772+0000] {processor.py:840} INFO - DAG(s) 'example_nested_branch_dag' retrieved from /home/airflow/.local/lib/python3.12/site-packages/airflow/example_dags/example_nested_branch_dag.py
[2024-05-22T08:13:13.792+0000] {logging_mixin.py:188} INFO - [2024-05-22T08:13:13.791+0000] {dag.py:3096} INFO - Sync 1 DAGs
[2024-05-22T08:13:13.809+0000] {logging_mixin.py:188} INFO - [2024-05-22T08:13:13.809+0000] {dag.py:3954} INFO - Setting next_dagrun for example_nested_branch_dag to 2024-05-21 00:00:00+00:00, run_after=2024-05-22 00:00:00+00:00
[2024-05-22T08:13:13.834+0000] {processor.py:183} INFO - Processing /home/airflow/.local/lib/python3.12/site-packages/airflow/example_dags/example_nested_branch_dag.py took 0.078 seconds
[2024-05-22T08:13:43.950+0000] {processor.py:161} INFO - Started process (PID=3944) to work on /home/airflow/.local/lib/python3.12/site-packages/airflow/example_dags/example_nested_branch_dag.py
[2024-05-22T08:13:43.951+0000] {processor.py:830} INFO - Processing file /home/airflow/.local/lib/python3.12/site-packages/airflow/example_dags/example_nested_branch_dag.py for tasks to queue
[2024-05-22T08:13:43.952+0000] {logging_mixin.py:188} INFO - [2024-05-22T08:13:43.952+0000] {dagbag.py:540} INFO - Filling up the DagBag from /home/airflow/.local/lib/python3.12/site-packages/airflow/example_dags/example_nested_branch_dag.py
[2024-05-22T08:13:43.957+0000] {processor.py:840} INFO - DAG(s) 'example_nested_branch_dag' retrieved from /home/airflow/.local/lib/python3.12/site-packages/airflow/example_dags/example_nested_branch_dag.py
[2024-05-22T08:13:43.967+0000] {logging_mixin.py:188} INFO - [2024-05-22T08:13:43.967+0000] {dag.py:3096} INFO - Sync 1 DAGs
[2024-05-22T08:13:43.977+0000] {logging_mixin.py:188} INFO - [2024-05-22T08:13:43.977+0000] {dag.py:3954} INFO - Setting next_dagrun for example_nested_branch_dag to 2024-05-21 00:00:00+00:00, run_after=2024-05-22 00:00:00+00:00
[2024-05-22T08:13:43.986+0000] {processor.py:183} INFO - Processing /home/airflow/.local/lib/python3.12/site-packages/airflow/example_dags/example_nested_branch_dag.py took 0.038 seconds
[2024-05-22T08:14:14.158+0000] {processor.py:161} INFO - Started process (PID=4210) to work on /home/airflow/.local/lib/python3.12/site-packages/airflow/example_dags/example_nested_branch_dag.py
[2024-05-22T08:14:14.159+0000] {processor.py:830} INFO - Processing file /home/airflow/.local/lib/python3.12/site-packages/airflow/example_dags/example_nested_branch_dag.py for tasks to queue
[2024-05-22T08:14:14.160+0000] {logging_mixin.py:188} INFO - [2024-05-22T08:14:14.160+0000] {dagbag.py:540} INFO - Filling up the DagBag from /home/airflow/.local/lib/python3.12/site-packages/airflow/example_dags/example_nested_branch_dag.py
[2024-05-22T08:14:14.165+0000] {processor.py:840} INFO - DAG(s) 'example_nested_branch_dag' retrieved from /home/airflow/.local/lib/python3.12/site-packages/airflow/example_dags/example_nested_branch_dag.py
[2024-05-22T08:14:14.176+0000] {logging_mixin.py:188} INFO - [2024-05-22T08:14:14.176+0000] {dag.py:3096} INFO - Sync 1 DAGs
[2024-05-22T08:14:14.186+0000] {logging_mixin.py:188} INFO - [2024-05-22T08:14:14.186+0000] {dag.py:3954} INFO - Setting next_dagrun for example_nested_branch_dag to 2024-05-21 00:00:00+00:00, run_after=2024-05-22 00:00:00+00:00
[2024-05-22T08:14:14.195+0000] {processor.py:183} INFO - Processing /home/airflow/.local/lib/python3.12/site-packages/airflow/example_dags/example_nested_branch_dag.py took 0.040 seconds
[2024-05-22T08:14:44.417+0000] {processor.py:161} INFO - Started process (PID=4477) to work on /home/airflow/.local/lib/python3.12/site-packages/airflow/example_dags/example_nested_branch_dag.py
[2024-05-22T08:14:44.418+0000] {processor.py:830} INFO - Processing file /home/airflow/.local/lib/python3.12/site-packages/airflow/example_dags/example_nested_branch_dag.py for tasks to queue
[2024-05-22T08:14:44.418+0000] {logging_mixin.py:188} INFO - [2024-05-22T08:14:44.418+0000] {dagbag.py:540} INFO - Filling up the DagBag from /home/airflow/.local/lib/python3.12/site-packages/airflow/example_dags/example_nested_branch_dag.py
[2024-05-22T08:14:44.424+0000] {processor.py:840} INFO - DAG(s) 'example_nested_branch_dag' retrieved from /home/airflow/.local/lib/python3.12/site-packages/airflow/example_dags/example_nested_branch_dag.py
[2024-05-22T08:14:44.434+0000] {logging_mixin.py:188} INFO - [2024-05-22T08:14:44.434+0000] {dag.py:3096} INFO - Sync 1 DAGs
[2024-05-22T08:14:44.444+0000] {logging_mixin.py:188} INFO - [2024-05-22T08:14:44.444+0000] {dag.py:3954} INFO - Setting next_dagrun for example_nested_branch_dag to 2024-05-21 00:00:00+00:00, run_after=2024-05-22 00:00:00+00:00
[2024-05-22T08:14:44.452+0000] {processor.py:183} INFO - Processing /home/airflow/.local/lib/python3.12/site-packages/airflow/example_dags/example_nested_branch_dag.py took 0.038 seconds
[2024-05-22T08:15:14.741+0000] {processor.py:161} INFO - Started process (PID=4744) to work on /home/airflow/.local/lib/python3.12/site-packages/airflow/example_dags/example_nested_branch_dag.py
[2024-05-22T08:15:14.742+0000] {processor.py:830} INFO - Processing file /home/airflow/.local/lib/python3.12/site-packages/airflow/example_dags/example_nested_branch_dag.py for tasks to queue
[2024-05-22T08:15:14.743+0000] {logging_mixin.py:188} INFO - [2024-05-22T08:15:14.743+0000] {dagbag.py:540} INFO - Filling up the DagBag from /home/airflow/.local/lib/python3.12/site-packages/airflow/example_dags/example_nested_branch_dag.py
[2024-05-22T08:15:14.748+0000] {processor.py:840} INFO - DAG(s) 'example_nested_branch_dag' retrieved from /home/airflow/.local/lib/python3.12/site-packages/airflow/example_dags/example_nested_branch_dag.py
[2024-05-22T08:15:14.758+0000] {logging_mixin.py:188} INFO - [2024-05-22T08:15:14.758+0000] {dag.py:3096} INFO - Sync 1 DAGs
[2024-05-22T08:15:14.768+0000] {logging_mixin.py:188} INFO - [2024-05-22T08:15:14.768+0000] {dag.py:3954} INFO - Setting next_dagrun for example_nested_branch_dag to 2024-05-21 00:00:00+00:00, run_after=2024-05-22 00:00:00+00:00
[2024-05-22T08:15:14.776+0000] {processor.py:183} INFO - Processing /home/airflow/.local/lib/python3.12/site-packages/airflow/example_dags/example_nested_branch_dag.py took 0.038 seconds
