[2024-05-22T08:06:34.034+0000] {processor.py:161} INFO - Started process (PID=197) to work on /home/airflow/.local/lib/python3.12/site-packages/airflow/example_dags/example_subdag_operator.py
[2024-05-22T08:06:34.034+0000] {processor.py:830} INFO - Processing file /home/airflow/.local/lib/python3.12/site-packages/airflow/example_dags/example_subdag_operator.py for tasks to queue
[2024-05-22T08:06:34.035+0000] {logging_mixin.py:188} INFO - [2024-05-22T08:06:34.035+0000] {dagbag.py:540} INFO - Filling up the DagBag from /home/airflow/.local/lib/python3.12/site-packages/airflow/example_dags/example_subdag_operator.py
[2024-05-22T08:06:34.048+0000] {processor.py:840} INFO - DAG(s) 'example_subdag_operator.section-1', 'example_subdag_operator.section-2', 'example_subdag_operator' retrieved from /home/airflow/.local/lib/python3.12/site-packages/airflow/example_dags/example_subdag_operator.py
[2024-05-22T08:06:34.061+0000] {logging_mixin.py:188} INFO - [2024-05-22T08:06:34.061+0000] {dag.py:3096} INFO - Sync 3 DAGs
[2024-05-22T08:06:34.075+0000] {logging_mixin.py:188} INFO - [2024-05-22T08:06:34.075+0000] {dag.py:3954} INFO - Setting next_dagrun for example_subdag_operator to 2022-01-01 00:00:00+00:00, run_after=2022-01-01 00:00:00+00:00
[2024-05-22T08:06:34.078+0000] {logging_mixin.py:188} INFO - [2024-05-22T08:06:34.077+0000] {dag.py:3954} INFO - Setting next_dagrun for example_subdag_operator.section-1 to None, run_after=None
[2024-05-22T08:06:34.078+0000] {logging_mixin.py:188} INFO - [2024-05-22T08:06:34.078+0000] {dag.py:3954} INFO - Setting next_dagrun for example_subdag_operator.section-2 to None, run_after=None
[2024-05-22T08:06:34.082+0000] {logging_mixin.py:188} INFO - [2024-05-22T08:06:34.082+0000] {dag.py:3096} INFO - Sync 2 DAGs
[2024-05-22T08:06:34.085+0000] {logging_mixin.py:188} INFO - [2024-05-22T08:06:34.084+0000] {dag.py:3954} INFO - Setting next_dagrun for example_subdag_operator.section-1 to None, run_after=None
[2024-05-22T08:06:34.085+0000] {logging_mixin.py:188} INFO - [2024-05-22T08:06:34.085+0000] {dag.py:3954} INFO - Setting next_dagrun for example_subdag_operator.section-2 to None, run_after=None
[2024-05-22T08:06:34.091+0000] {processor.py:183} INFO - Processing /home/airflow/.local/lib/python3.12/site-packages/airflow/example_dags/example_subdag_operator.py took 0.060 seconds
[2024-05-22T08:07:04.378+0000] {processor.py:161} INFO - Started process (PID=464) to work on /home/airflow/.local/lib/python3.12/site-packages/airflow/example_dags/example_subdag_operator.py
[2024-05-22T08:07:04.378+0000] {processor.py:830} INFO - Processing file /home/airflow/.local/lib/python3.12/site-packages/airflow/example_dags/example_subdag_operator.py for tasks to queue
[2024-05-22T08:07:04.379+0000] {logging_mixin.py:188} INFO - [2024-05-22T08:07:04.379+0000] {dagbag.py:540} INFO - Filling up the DagBag from /home/airflow/.local/lib/python3.12/site-packages/airflow/example_dags/example_subdag_operator.py
[2024-05-22T08:07:04.390+0000] {processor.py:840} INFO - DAG(s) 'example_subdag_operator.section-1', 'example_subdag_operator.section-2', 'example_subdag_operator' retrieved from /home/airflow/.local/lib/python3.12/site-packages/airflow/example_dags/example_subdag_operator.py
[2024-05-22T08:07:04.397+0000] {logging_mixin.py:188} INFO - [2024-05-22T08:07:04.397+0000] {dag.py:3096} INFO - Sync 3 DAGs
[2024-05-22T08:07:04.408+0000] {logging_mixin.py:188} INFO - [2024-05-22T08:07:04.408+0000] {dag.py:3954} INFO - Setting next_dagrun for example_subdag_operator to 2022-01-01 00:00:00+00:00, run_after=2022-01-01 00:00:00+00:00
[2024-05-22T08:07:04.410+0000] {logging_mixin.py:188} INFO - [2024-05-22T08:07:04.410+0000] {dag.py:3954} INFO - Setting next_dagrun for example_subdag_operator.section-1 to None, run_after=None
[2024-05-22T08:07:04.410+0000] {logging_mixin.py:188} INFO - [2024-05-22T08:07:04.410+0000] {dag.py:3954} INFO - Setting next_dagrun for example_subdag_operator.section-2 to None, run_after=None
[2024-05-22T08:07:04.413+0000] {logging_mixin.py:188} INFO - [2024-05-22T08:07:04.413+0000] {dag.py:3096} INFO - Sync 2 DAGs
[2024-05-22T08:07:04.416+0000] {logging_mixin.py:188} INFO - [2024-05-22T08:07:04.416+0000] {dag.py:3954} INFO - Setting next_dagrun for example_subdag_operator.section-1 to None, run_after=None
[2024-05-22T08:07:04.416+0000] {logging_mixin.py:188} INFO - [2024-05-22T08:07:04.416+0000] {dag.py:3954} INFO - Setting next_dagrun for example_subdag_operator.section-2 to None, run_after=None
[2024-05-22T08:07:04.421+0000] {processor.py:183} INFO - Processing /home/airflow/.local/lib/python3.12/site-packages/airflow/example_dags/example_subdag_operator.py took 0.046 seconds
[2024-05-22T08:07:35.165+0000] {processor.py:161} INFO - Started process (PID=731) to work on /home/airflow/.local/lib/python3.12/site-packages/airflow/example_dags/example_subdag_operator.py
[2024-05-22T08:07:35.165+0000] {processor.py:830} INFO - Processing file /home/airflow/.local/lib/python3.12/site-packages/airflow/example_dags/example_subdag_operator.py for tasks to queue
[2024-05-22T08:07:35.166+0000] {logging_mixin.py:188} INFO - [2024-05-22T08:07:35.166+0000] {dagbag.py:540} INFO - Filling up the DagBag from /home/airflow/.local/lib/python3.12/site-packages/airflow/example_dags/example_subdag_operator.py
[2024-05-22T08:07:35.178+0000] {processor.py:840} INFO - DAG(s) 'example_subdag_operator.section-1', 'example_subdag_operator.section-2', 'example_subdag_operator' retrieved from /home/airflow/.local/lib/python3.12/site-packages/airflow/example_dags/example_subdag_operator.py
[2024-05-22T08:07:35.185+0000] {logging_mixin.py:188} INFO - [2024-05-22T08:07:35.184+0000] {dag.py:3096} INFO - Sync 3 DAGs
[2024-05-22T08:07:35.194+0000] {logging_mixin.py:188} INFO - [2024-05-22T08:07:35.194+0000] {dag.py:3954} INFO - Setting next_dagrun for example_subdag_operator to 2022-01-01 00:00:00+00:00, run_after=2022-01-01 00:00:00+00:00
[2024-05-22T08:07:35.196+0000] {logging_mixin.py:188} INFO - [2024-05-22T08:07:35.196+0000] {dag.py:3954} INFO - Setting next_dagrun for example_subdag_operator.section-1 to None, run_after=None
[2024-05-22T08:07:35.196+0000] {logging_mixin.py:188} INFO - [2024-05-22T08:07:35.196+0000] {dag.py:3954} INFO - Setting next_dagrun for example_subdag_operator.section-2 to None, run_after=None
[2024-05-22T08:07:35.200+0000] {logging_mixin.py:188} INFO - [2024-05-22T08:07:35.200+0000] {dag.py:3096} INFO - Sync 2 DAGs
[2024-05-22T08:07:35.202+0000] {logging_mixin.py:188} INFO - [2024-05-22T08:07:35.202+0000] {dag.py:3954} INFO - Setting next_dagrun for example_subdag_operator.section-1 to None, run_after=None
[2024-05-22T08:07:35.203+0000] {logging_mixin.py:188} INFO - [2024-05-22T08:07:35.203+0000] {dag.py:3954} INFO - Setting next_dagrun for example_subdag_operator.section-2 to None, run_after=None
[2024-05-22T08:07:35.208+0000] {processor.py:183} INFO - Processing /home/airflow/.local/lib/python3.12/site-packages/airflow/example_dags/example_subdag_operator.py took 0.045 seconds
[2024-05-22T08:08:05.825+0000] {processor.py:161} INFO - Started process (PID=998) to work on /home/airflow/.local/lib/python3.12/site-packages/airflow/example_dags/example_subdag_operator.py
[2024-05-22T08:08:05.826+0000] {processor.py:830} INFO - Processing file /home/airflow/.local/lib/python3.12/site-packages/airflow/example_dags/example_subdag_operator.py for tasks to queue
[2024-05-22T08:08:05.827+0000] {logging_mixin.py:188} INFO - [2024-05-22T08:08:05.827+0000] {dagbag.py:540} INFO - Filling up the DagBag from /home/airflow/.local/lib/python3.12/site-packages/airflow/example_dags/example_subdag_operator.py
[2024-05-22T08:08:05.838+0000] {processor.py:840} INFO - DAG(s) 'example_subdag_operator.section-1', 'example_subdag_operator.section-2', 'example_subdag_operator' retrieved from /home/airflow/.local/lib/python3.12/site-packages/airflow/example_dags/example_subdag_operator.py
[2024-05-22T08:08:05.845+0000] {logging_mixin.py:188} INFO - [2024-05-22T08:08:05.845+0000] {dag.py:3096} INFO - Sync 3 DAGs
[2024-05-22T08:08:05.855+0000] {logging_mixin.py:188} INFO - [2024-05-22T08:08:05.855+0000] {dag.py:3954} INFO - Setting next_dagrun for example_subdag_operator to 2022-01-01 00:00:00+00:00, run_after=2022-01-01 00:00:00+00:00
[2024-05-22T08:08:05.857+0000] {logging_mixin.py:188} INFO - [2024-05-22T08:08:05.857+0000] {dag.py:3954} INFO - Setting next_dagrun for example_subdag_operator.section-1 to None, run_after=None
[2024-05-22T08:08:05.858+0000] {logging_mixin.py:188} INFO - [2024-05-22T08:08:05.858+0000] {dag.py:3954} INFO - Setting next_dagrun for example_subdag_operator.section-2 to None, run_after=None
[2024-05-22T08:08:05.861+0000] {logging_mixin.py:188} INFO - [2024-05-22T08:08:05.861+0000] {dag.py:3096} INFO - Sync 2 DAGs
[2024-05-22T08:08:05.863+0000] {logging_mixin.py:188} INFO - [2024-05-22T08:08:05.863+0000] {dag.py:3954} INFO - Setting next_dagrun for example_subdag_operator.section-1 to None, run_after=None
[2024-05-22T08:08:05.863+0000] {logging_mixin.py:188} INFO - [2024-05-22T08:08:05.863+0000] {dag.py:3954} INFO - Setting next_dagrun for example_subdag_operator.section-2 to None, run_after=None
[2024-05-22T08:08:05.868+0000] {processor.py:183} INFO - Processing /home/airflow/.local/lib/python3.12/site-packages/airflow/example_dags/example_subdag_operator.py took 0.045 seconds
[2024-05-22T08:08:36.554+0000] {processor.py:161} INFO - Started process (PID=1265) to work on /home/airflow/.local/lib/python3.12/site-packages/airflow/example_dags/example_subdag_operator.py
[2024-05-22T08:08:36.555+0000] {processor.py:830} INFO - Processing file /home/airflow/.local/lib/python3.12/site-packages/airflow/example_dags/example_subdag_operator.py for tasks to queue
[2024-05-22T08:08:36.556+0000] {logging_mixin.py:188} INFO - [2024-05-22T08:08:36.555+0000] {dagbag.py:540} INFO - Filling up the DagBag from /home/airflow/.local/lib/python3.12/site-packages/airflow/example_dags/example_subdag_operator.py
[2024-05-22T08:08:36.566+0000] {processor.py:840} INFO - DAG(s) 'example_subdag_operator.section-1', 'example_subdag_operator.section-2', 'example_subdag_operator' retrieved from /home/airflow/.local/lib/python3.12/site-packages/airflow/example_dags/example_subdag_operator.py
[2024-05-22T08:08:36.573+0000] {logging_mixin.py:188} INFO - [2024-05-22T08:08:36.573+0000] {dag.py:3096} INFO - Sync 3 DAGs
[2024-05-22T08:08:36.582+0000] {logging_mixin.py:188} INFO - [2024-05-22T08:08:36.582+0000] {dag.py:3954} INFO - Setting next_dagrun for example_subdag_operator to 2022-01-01 00:00:00+00:00, run_after=2022-01-01 00:00:00+00:00
[2024-05-22T08:08:36.584+0000] {logging_mixin.py:188} INFO - [2024-05-22T08:08:36.584+0000] {dag.py:3954} INFO - Setting next_dagrun for example_subdag_operator.section-1 to None, run_after=None
[2024-05-22T08:08:36.584+0000] {logging_mixin.py:188} INFO - [2024-05-22T08:08:36.584+0000] {dag.py:3954} INFO - Setting next_dagrun for example_subdag_operator.section-2 to None, run_after=None
[2024-05-22T08:08:36.587+0000] {logging_mixin.py:188} INFO - [2024-05-22T08:08:36.587+0000] {dag.py:3096} INFO - Sync 2 DAGs
[2024-05-22T08:08:36.590+0000] {logging_mixin.py:188} INFO - [2024-05-22T08:08:36.590+0000] {dag.py:3954} INFO - Setting next_dagrun for example_subdag_operator.section-1 to None, run_after=None
[2024-05-22T08:08:36.591+0000] {logging_mixin.py:188} INFO - [2024-05-22T08:08:36.591+0000] {dag.py:3954} INFO - Setting next_dagrun for example_subdag_operator.section-2 to None, run_after=None
[2024-05-22T08:08:36.597+0000] {processor.py:183} INFO - Processing /home/airflow/.local/lib/python3.12/site-packages/airflow/example_dags/example_subdag_operator.py took 0.046 seconds
[2024-05-22T08:09:07.271+0000] {processor.py:161} INFO - Started process (PID=1532) to work on /home/airflow/.local/lib/python3.12/site-packages/airflow/example_dags/example_subdag_operator.py
[2024-05-22T08:09:07.272+0000] {processor.py:830} INFO - Processing file /home/airflow/.local/lib/python3.12/site-packages/airflow/example_dags/example_subdag_operator.py for tasks to queue
[2024-05-22T08:09:07.273+0000] {logging_mixin.py:188} INFO - [2024-05-22T08:09:07.273+0000] {dagbag.py:540} INFO - Filling up the DagBag from /home/airflow/.local/lib/python3.12/site-packages/airflow/example_dags/example_subdag_operator.py
[2024-05-22T08:09:07.294+0000] {processor.py:840} INFO - DAG(s) 'example_subdag_operator.section-1', 'example_subdag_operator.section-2', 'example_subdag_operator' retrieved from /home/airflow/.local/lib/python3.12/site-packages/airflow/example_dags/example_subdag_operator.py
[2024-05-22T08:09:07.302+0000] {logging_mixin.py:188} INFO - [2024-05-22T08:09:07.302+0000] {dag.py:3096} INFO - Sync 3 DAGs
[2024-05-22T08:09:07.324+0000] {logging_mixin.py:188} INFO - [2024-05-22T08:09:07.324+0000] {dag.py:3954} INFO - Setting next_dagrun for example_subdag_operator to 2022-01-01 00:00:00+00:00, run_after=2022-01-01 00:00:00+00:00
[2024-05-22T08:09:07.328+0000] {logging_mixin.py:188} INFO - [2024-05-22T08:09:07.328+0000] {dag.py:3954} INFO - Setting next_dagrun for example_subdag_operator.section-1 to None, run_after=None
[2024-05-22T08:09:07.331+0000] {logging_mixin.py:188} INFO - [2024-05-22T08:09:07.331+0000] {dag.py:3954} INFO - Setting next_dagrun for example_subdag_operator.section-2 to None, run_after=None
[2024-05-22T08:09:07.343+0000] {logging_mixin.py:188} INFO - [2024-05-22T08:09:07.343+0000] {dag.py:3096} INFO - Sync 2 DAGs
[2024-05-22T08:09:07.348+0000] {logging_mixin.py:188} INFO - [2024-05-22T08:09:07.348+0000] {dag.py:3954} INFO - Setting next_dagrun for example_subdag_operator.section-1 to None, run_after=None
[2024-05-22T08:09:07.349+0000] {logging_mixin.py:188} INFO - [2024-05-22T08:09:07.349+0000] {dag.py:3954} INFO - Setting next_dagrun for example_subdag_operator.section-2 to None, run_after=None
[2024-05-22T08:09:07.362+0000] {processor.py:183} INFO - Processing /home/airflow/.local/lib/python3.12/site-packages/airflow/example_dags/example_subdag_operator.py took 0.094 seconds
[2024-05-22T08:09:38.345+0000] {processor.py:161} INFO - Started process (PID=1801) to work on /home/airflow/.local/lib/python3.12/site-packages/airflow/example_dags/example_subdag_operator.py
[2024-05-22T08:09:38.347+0000] {processor.py:830} INFO - Processing file /home/airflow/.local/lib/python3.12/site-packages/airflow/example_dags/example_subdag_operator.py for tasks to queue
[2024-05-22T08:09:38.348+0000] {logging_mixin.py:188} INFO - [2024-05-22T08:09:38.348+0000] {dagbag.py:540} INFO - Filling up the DagBag from /home/airflow/.local/lib/python3.12/site-packages/airflow/example_dags/example_subdag_operator.py
[2024-05-22T08:09:38.365+0000] {processor.py:840} INFO - DAG(s) 'example_subdag_operator.section-1', 'example_subdag_operator.section-2', 'example_subdag_operator' retrieved from /home/airflow/.local/lib/python3.12/site-packages/airflow/example_dags/example_subdag_operator.py
[2024-05-22T08:09:38.374+0000] {logging_mixin.py:188} INFO - [2024-05-22T08:09:38.374+0000] {dag.py:3096} INFO - Sync 3 DAGs
[2024-05-22T08:09:38.385+0000] {logging_mixin.py:188} INFO - [2024-05-22T08:09:38.384+0000] {dag.py:3954} INFO - Setting next_dagrun for example_subdag_operator to 2022-01-01 00:00:00+00:00, run_after=2022-01-01 00:00:00+00:00
[2024-05-22T08:09:38.387+0000] {logging_mixin.py:188} INFO - [2024-05-22T08:09:38.387+0000] {dag.py:3954} INFO - Setting next_dagrun for example_subdag_operator.section-1 to None, run_after=None
[2024-05-22T08:09:38.387+0000] {logging_mixin.py:188} INFO - [2024-05-22T08:09:38.387+0000] {dag.py:3954} INFO - Setting next_dagrun for example_subdag_operator.section-2 to None, run_after=None
[2024-05-22T08:09:38.391+0000] {logging_mixin.py:188} INFO - [2024-05-22T08:09:38.391+0000] {dag.py:3096} INFO - Sync 2 DAGs
[2024-05-22T08:09:38.393+0000] {logging_mixin.py:188} INFO - [2024-05-22T08:09:38.393+0000] {dag.py:3954} INFO - Setting next_dagrun for example_subdag_operator.section-1 to None, run_after=None
[2024-05-22T08:09:38.394+0000] {logging_mixin.py:188} INFO - [2024-05-22T08:09:38.394+0000] {dag.py:3954} INFO - Setting next_dagrun for example_subdag_operator.section-2 to None, run_after=None
[2024-05-22T08:09:38.398+0000] {processor.py:183} INFO - Processing /home/airflow/.local/lib/python3.12/site-packages/airflow/example_dags/example_subdag_operator.py took 0.058 seconds
[2024-05-22T08:10:09.262+0000] {processor.py:161} INFO - Started process (PID=2068) to work on /home/airflow/.local/lib/python3.12/site-packages/airflow/example_dags/example_subdag_operator.py
[2024-05-22T08:10:09.263+0000] {processor.py:830} INFO - Processing file /home/airflow/.local/lib/python3.12/site-packages/airflow/example_dags/example_subdag_operator.py for tasks to queue
[2024-05-22T08:10:09.265+0000] {logging_mixin.py:188} INFO - [2024-05-22T08:10:09.265+0000] {dagbag.py:540} INFO - Filling up the DagBag from /home/airflow/.local/lib/python3.12/site-packages/airflow/example_dags/example_subdag_operator.py
[2024-05-22T08:10:09.286+0000] {processor.py:840} INFO - DAG(s) 'example_subdag_operator.section-1', 'example_subdag_operator.section-2', 'example_subdag_operator' retrieved from /home/airflow/.local/lib/python3.12/site-packages/airflow/example_dags/example_subdag_operator.py
[2024-05-22T08:10:09.297+0000] {logging_mixin.py:188} INFO - [2024-05-22T08:10:09.297+0000] {dag.py:3096} INFO - Sync 3 DAGs
[2024-05-22T08:10:09.309+0000] {logging_mixin.py:188} INFO - [2024-05-22T08:10:09.309+0000] {dag.py:3954} INFO - Setting next_dagrun for example_subdag_operator to 2022-01-01 00:00:00+00:00, run_after=2022-01-01 00:00:00+00:00
[2024-05-22T08:10:09.311+0000] {logging_mixin.py:188} INFO - [2024-05-22T08:10:09.311+0000] {dag.py:3954} INFO - Setting next_dagrun for example_subdag_operator.section-1 to None, run_after=None
[2024-05-22T08:10:09.312+0000] {logging_mixin.py:188} INFO - [2024-05-22T08:10:09.312+0000] {dag.py:3954} INFO - Setting next_dagrun for example_subdag_operator.section-2 to None, run_after=None
[2024-05-22T08:10:09.315+0000] {logging_mixin.py:188} INFO - [2024-05-22T08:10:09.315+0000] {dag.py:3096} INFO - Sync 2 DAGs
[2024-05-22T08:10:09.318+0000] {logging_mixin.py:188} INFO - [2024-05-22T08:10:09.318+0000] {dag.py:3954} INFO - Setting next_dagrun for example_subdag_operator.section-1 to None, run_after=None
[2024-05-22T08:10:09.319+0000] {logging_mixin.py:188} INFO - [2024-05-22T08:10:09.318+0000] {dag.py:3954} INFO - Setting next_dagrun for example_subdag_operator.section-2 to None, run_after=None
[2024-05-22T08:10:09.323+0000] {processor.py:183} INFO - Processing /home/airflow/.local/lib/python3.12/site-packages/airflow/example_dags/example_subdag_operator.py took 0.069 seconds
[2024-05-22T08:10:39.910+0000] {processor.py:161} INFO - Started process (PID=2335) to work on /home/airflow/.local/lib/python3.12/site-packages/airflow/example_dags/example_subdag_operator.py
[2024-05-22T08:10:39.912+0000] {processor.py:830} INFO - Processing file /home/airflow/.local/lib/python3.12/site-packages/airflow/example_dags/example_subdag_operator.py for tasks to queue
[2024-05-22T08:10:39.913+0000] {logging_mixin.py:188} INFO - [2024-05-22T08:10:39.913+0000] {dagbag.py:540} INFO - Filling up the DagBag from /home/airflow/.local/lib/python3.12/site-packages/airflow/example_dags/example_subdag_operator.py
[2024-05-22T08:10:39.934+0000] {processor.py:840} INFO - DAG(s) 'example_subdag_operator.section-1', 'example_subdag_operator.section-2', 'example_subdag_operator' retrieved from /home/airflow/.local/lib/python3.12/site-packages/airflow/example_dags/example_subdag_operator.py
[2024-05-22T08:10:39.943+0000] {logging_mixin.py:188} INFO - [2024-05-22T08:10:39.943+0000] {dag.py:3096} INFO - Sync 3 DAGs
[2024-05-22T08:10:39.956+0000] {logging_mixin.py:188} INFO - [2024-05-22T08:10:39.956+0000] {dag.py:3954} INFO - Setting next_dagrun for example_subdag_operator to 2022-01-01 00:00:00+00:00, run_after=2022-01-01 00:00:00+00:00
[2024-05-22T08:10:39.958+0000] {logging_mixin.py:188} INFO - [2024-05-22T08:10:39.958+0000] {dag.py:3954} INFO - Setting next_dagrun for example_subdag_operator.section-1 to None, run_after=None
[2024-05-22T08:10:39.961+0000] {logging_mixin.py:188} INFO - [2024-05-22T08:10:39.960+0000] {dag.py:3954} INFO - Setting next_dagrun for example_subdag_operator.section-2 to None, run_after=None
[2024-05-22T08:10:39.964+0000] {logging_mixin.py:188} INFO - [2024-05-22T08:10:39.964+0000] {dag.py:3096} INFO - Sync 2 DAGs
[2024-05-22T08:10:39.967+0000] {logging_mixin.py:188} INFO - [2024-05-22T08:10:39.967+0000] {dag.py:3954} INFO - Setting next_dagrun for example_subdag_operator.section-1 to None, run_after=None
[2024-05-22T08:10:39.968+0000] {logging_mixin.py:188} INFO - [2024-05-22T08:10:39.968+0000] {dag.py:3954} INFO - Setting next_dagrun for example_subdag_operator.section-2 to None, run_after=None
[2024-05-22T08:10:39.974+0000] {processor.py:183} INFO - Processing /home/airflow/.local/lib/python3.12/site-packages/airflow/example_dags/example_subdag_operator.py took 0.069 seconds
[2024-05-22T08:11:10.563+0000] {processor.py:161} INFO - Started process (PID=2602) to work on /home/airflow/.local/lib/python3.12/site-packages/airflow/example_dags/example_subdag_operator.py
[2024-05-22T08:11:10.568+0000] {processor.py:830} INFO - Processing file /home/airflow/.local/lib/python3.12/site-packages/airflow/example_dags/example_subdag_operator.py for tasks to queue
[2024-05-22T08:11:10.570+0000] {logging_mixin.py:188} INFO - [2024-05-22T08:11:10.570+0000] {dagbag.py:540} INFO - Filling up the DagBag from /home/airflow/.local/lib/python3.12/site-packages/airflow/example_dags/example_subdag_operator.py
[2024-05-22T08:11:10.590+0000] {processor.py:840} INFO - DAG(s) 'example_subdag_operator.section-1', 'example_subdag_operator.section-2', 'example_subdag_operator' retrieved from /home/airflow/.local/lib/python3.12/site-packages/airflow/example_dags/example_subdag_operator.py
[2024-05-22T08:11:10.600+0000] {logging_mixin.py:188} INFO - [2024-05-22T08:11:10.600+0000] {dag.py:3096} INFO - Sync 3 DAGs
[2024-05-22T08:11:10.611+0000] {logging_mixin.py:188} INFO - [2024-05-22T08:11:10.611+0000] {dag.py:3954} INFO - Setting next_dagrun for example_subdag_operator to 2022-01-01 00:00:00+00:00, run_after=2022-01-01 00:00:00+00:00
[2024-05-22T08:11:10.613+0000] {logging_mixin.py:188} INFO - [2024-05-22T08:11:10.613+0000] {dag.py:3954} INFO - Setting next_dagrun for example_subdag_operator.section-1 to None, run_after=None
[2024-05-22T08:11:10.614+0000] {logging_mixin.py:188} INFO - [2024-05-22T08:11:10.614+0000] {dag.py:3954} INFO - Setting next_dagrun for example_subdag_operator.section-2 to None, run_after=None
[2024-05-22T08:11:10.618+0000] {logging_mixin.py:188} INFO - [2024-05-22T08:11:10.618+0000] {dag.py:3096} INFO - Sync 2 DAGs
[2024-05-22T08:11:10.620+0000] {logging_mixin.py:188} INFO - [2024-05-22T08:11:10.620+0000] {dag.py:3954} INFO - Setting next_dagrun for example_subdag_operator.section-1 to None, run_after=None
[2024-05-22T08:11:10.621+0000] {logging_mixin.py:188} INFO - [2024-05-22T08:11:10.621+0000] {dag.py:3954} INFO - Setting next_dagrun for example_subdag_operator.section-2 to None, run_after=None
[2024-05-22T08:11:10.625+0000] {processor.py:183} INFO - Processing /home/airflow/.local/lib/python3.12/site-packages/airflow/example_dags/example_subdag_operator.py took 0.070 seconds
[2024-05-22T08:11:41.308+0000] {processor.py:161} INFO - Started process (PID=2869) to work on /home/airflow/.local/lib/python3.12/site-packages/airflow/example_dags/example_subdag_operator.py
[2024-05-22T08:11:41.309+0000] {processor.py:830} INFO - Processing file /home/airflow/.local/lib/python3.12/site-packages/airflow/example_dags/example_subdag_operator.py for tasks to queue
[2024-05-22T08:11:41.311+0000] {logging_mixin.py:188} INFO - [2024-05-22T08:11:41.311+0000] {dagbag.py:540} INFO - Filling up the DagBag from /home/airflow/.local/lib/python3.12/site-packages/airflow/example_dags/example_subdag_operator.py
[2024-05-22T08:11:41.328+0000] {processor.py:840} INFO - DAG(s) 'example_subdag_operator.section-1', 'example_subdag_operator.section-2', 'example_subdag_operator' retrieved from /home/airflow/.local/lib/python3.12/site-packages/airflow/example_dags/example_subdag_operator.py
[2024-05-22T08:11:41.337+0000] {logging_mixin.py:188} INFO - [2024-05-22T08:11:41.337+0000] {dag.py:3096} INFO - Sync 3 DAGs
[2024-05-22T08:11:41.347+0000] {logging_mixin.py:188} INFO - [2024-05-22T08:11:41.347+0000] {dag.py:3954} INFO - Setting next_dagrun for example_subdag_operator to 2022-01-01 00:00:00+00:00, run_after=2022-01-01 00:00:00+00:00
[2024-05-22T08:11:41.349+0000] {logging_mixin.py:188} INFO - [2024-05-22T08:11:41.349+0000] {dag.py:3954} INFO - Setting next_dagrun for example_subdag_operator.section-1 to None, run_after=None
[2024-05-22T08:11:41.349+0000] {logging_mixin.py:188} INFO - [2024-05-22T08:11:41.349+0000] {dag.py:3954} INFO - Setting next_dagrun for example_subdag_operator.section-2 to None, run_after=None
[2024-05-22T08:11:41.353+0000] {logging_mixin.py:188} INFO - [2024-05-22T08:11:41.352+0000] {dag.py:3096} INFO - Sync 2 DAGs
[2024-05-22T08:11:41.355+0000] {logging_mixin.py:188} INFO - [2024-05-22T08:11:41.355+0000] {dag.py:3954} INFO - Setting next_dagrun for example_subdag_operator.section-1 to None, run_after=None
[2024-05-22T08:11:41.355+0000] {logging_mixin.py:188} INFO - [2024-05-22T08:11:41.355+0000] {dag.py:3954} INFO - Setting next_dagrun for example_subdag_operator.section-2 to None, run_after=None
[2024-05-22T08:11:41.360+0000] {processor.py:183} INFO - Processing /home/airflow/.local/lib/python3.12/site-packages/airflow/example_dags/example_subdag_operator.py took 0.057 seconds
[2024-05-22T08:12:12.022+0000] {processor.py:161} INFO - Started process (PID=3135) to work on /home/airflow/.local/lib/python3.12/site-packages/airflow/example_dags/example_subdag_operator.py
[2024-05-22T08:12:12.024+0000] {processor.py:830} INFO - Processing file /home/airflow/.local/lib/python3.12/site-packages/airflow/example_dags/example_subdag_operator.py for tasks to queue
[2024-05-22T08:12:12.026+0000] {logging_mixin.py:188} INFO - [2024-05-22T08:12:12.026+0000] {dagbag.py:540} INFO - Filling up the DagBag from /home/airflow/.local/lib/python3.12/site-packages/airflow/example_dags/example_subdag_operator.py
[2024-05-22T08:12:12.040+0000] {processor.py:840} INFO - DAG(s) 'example_subdag_operator.section-1', 'example_subdag_operator.section-2', 'example_subdag_operator' retrieved from /home/airflow/.local/lib/python3.12/site-packages/airflow/example_dags/example_subdag_operator.py
[2024-05-22T08:12:12.049+0000] {logging_mixin.py:188} INFO - [2024-05-22T08:12:12.048+0000] {dag.py:3096} INFO - Sync 3 DAGs
[2024-05-22T08:12:12.060+0000] {logging_mixin.py:188} INFO - [2024-05-22T08:12:12.060+0000] {dag.py:3954} INFO - Setting next_dagrun for example_subdag_operator to 2022-01-01 00:00:00+00:00, run_after=2022-01-01 00:00:00+00:00
[2024-05-22T08:12:12.062+0000] {logging_mixin.py:188} INFO - [2024-05-22T08:12:12.062+0000] {dag.py:3954} INFO - Setting next_dagrun for example_subdag_operator.section-1 to None, run_after=None
[2024-05-22T08:12:12.063+0000] {logging_mixin.py:188} INFO - [2024-05-22T08:12:12.063+0000] {dag.py:3954} INFO - Setting next_dagrun for example_subdag_operator.section-2 to None, run_after=None
[2024-05-22T08:12:12.067+0000] {logging_mixin.py:188} INFO - [2024-05-22T08:12:12.067+0000] {dag.py:3096} INFO - Sync 2 DAGs
[2024-05-22T08:12:12.070+0000] {logging_mixin.py:188} INFO - [2024-05-22T08:12:12.069+0000] {dag.py:3954} INFO - Setting next_dagrun for example_subdag_operator.section-1 to None, run_after=None
[2024-05-22T08:12:12.070+0000] {logging_mixin.py:188} INFO - [2024-05-22T08:12:12.070+0000] {dag.py:3954} INFO - Setting next_dagrun for example_subdag_operator.section-2 to None, run_after=None
[2024-05-22T08:12:12.075+0000] {processor.py:183} INFO - Processing /home/airflow/.local/lib/python3.12/site-packages/airflow/example_dags/example_subdag_operator.py took 0.057 seconds
[2024-05-22T08:12:42.840+0000] {processor.py:161} INFO - Started process (PID=3402) to work on /home/airflow/.local/lib/python3.12/site-packages/airflow/example_dags/example_subdag_operator.py
[2024-05-22T08:12:42.842+0000] {processor.py:830} INFO - Processing file /home/airflow/.local/lib/python3.12/site-packages/airflow/example_dags/example_subdag_operator.py for tasks to queue
[2024-05-22T08:12:42.844+0000] {logging_mixin.py:188} INFO - [2024-05-22T08:12:42.843+0000] {dagbag.py:540} INFO - Filling up the DagBag from /home/airflow/.local/lib/python3.12/site-packages/airflow/example_dags/example_subdag_operator.py
[2024-05-22T08:12:42.864+0000] {processor.py:840} INFO - DAG(s) 'example_subdag_operator.section-1', 'example_subdag_operator.section-2', 'example_subdag_operator' retrieved from /home/airflow/.local/lib/python3.12/site-packages/airflow/example_dags/example_subdag_operator.py
[2024-05-22T08:12:42.875+0000] {logging_mixin.py:188} INFO - [2024-05-22T08:12:42.875+0000] {dag.py:3096} INFO - Sync 3 DAGs
[2024-05-22T08:12:42.888+0000] {logging_mixin.py:188} INFO - [2024-05-22T08:12:42.887+0000] {dag.py:3954} INFO - Setting next_dagrun for example_subdag_operator to 2022-01-01 00:00:00+00:00, run_after=2022-01-01 00:00:00+00:00
[2024-05-22T08:12:42.890+0000] {logging_mixin.py:188} INFO - [2024-05-22T08:12:42.890+0000] {dag.py:3954} INFO - Setting next_dagrun for example_subdag_operator.section-1 to None, run_after=None
[2024-05-22T08:12:42.891+0000] {logging_mixin.py:188} INFO - [2024-05-22T08:12:42.890+0000] {dag.py:3954} INFO - Setting next_dagrun for example_subdag_operator.section-2 to None, run_after=None
[2024-05-22T08:12:42.895+0000] {logging_mixin.py:188} INFO - [2024-05-22T08:12:42.894+0000] {dag.py:3096} INFO - Sync 2 DAGs
[2024-05-22T08:12:42.898+0000] {logging_mixin.py:188} INFO - [2024-05-22T08:12:42.897+0000] {dag.py:3954} INFO - Setting next_dagrun for example_subdag_operator.section-1 to None, run_after=None
[2024-05-22T08:12:42.898+0000] {logging_mixin.py:188} INFO - [2024-05-22T08:12:42.898+0000] {dag.py:3954} INFO - Setting next_dagrun for example_subdag_operator.section-2 to None, run_after=None
[2024-05-22T08:12:42.903+0000] {processor.py:183} INFO - Processing /home/airflow/.local/lib/python3.12/site-packages/airflow/example_dags/example_subdag_operator.py took 0.070 seconds
[2024-05-22T08:13:13.662+0000] {processor.py:161} INFO - Started process (PID=3669) to work on /home/airflow/.local/lib/python3.12/site-packages/airflow/example_dags/example_subdag_operator.py
[2024-05-22T08:13:13.664+0000] {processor.py:830} INFO - Processing file /home/airflow/.local/lib/python3.12/site-packages/airflow/example_dags/example_subdag_operator.py for tasks to queue
[2024-05-22T08:13:13.667+0000] {logging_mixin.py:188} INFO - [2024-05-22T08:13:13.666+0000] {dagbag.py:540} INFO - Filling up the DagBag from /home/airflow/.local/lib/python3.12/site-packages/airflow/example_dags/example_subdag_operator.py
[2024-05-22T08:13:13.694+0000] {processor.py:840} INFO - DAG(s) 'example_subdag_operator.section-1', 'example_subdag_operator.section-2', 'example_subdag_operator' retrieved from /home/airflow/.local/lib/python3.12/site-packages/airflow/example_dags/example_subdag_operator.py
[2024-05-22T08:13:13.707+0000] {logging_mixin.py:188} INFO - [2024-05-22T08:13:13.706+0000] {dag.py:3096} INFO - Sync 3 DAGs
[2024-05-22T08:13:13.722+0000] {logging_mixin.py:188} INFO - [2024-05-22T08:13:13.722+0000] {dag.py:3954} INFO - Setting next_dagrun for example_subdag_operator to 2022-01-01 00:00:00+00:00, run_after=2022-01-01 00:00:00+00:00
[2024-05-22T08:13:13.726+0000] {logging_mixin.py:188} INFO - [2024-05-22T08:13:13.726+0000] {dag.py:3954} INFO - Setting next_dagrun for example_subdag_operator.section-1 to None, run_after=None
[2024-05-22T08:13:13.728+0000] {logging_mixin.py:188} INFO - [2024-05-22T08:13:13.728+0000] {dag.py:3954} INFO - Setting next_dagrun for example_subdag_operator.section-2 to None, run_after=None
[2024-05-22T08:13:13.737+0000] {logging_mixin.py:188} INFO - [2024-05-22T08:13:13.736+0000] {dag.py:3096} INFO - Sync 2 DAGs
[2024-05-22T08:13:13.743+0000] {logging_mixin.py:188} INFO - [2024-05-22T08:13:13.743+0000] {dag.py:3954} INFO - Setting next_dagrun for example_subdag_operator.section-1 to None, run_after=None
[2024-05-22T08:13:13.745+0000] {logging_mixin.py:188} INFO - [2024-05-22T08:13:13.744+0000] {dag.py:3954} INFO - Setting next_dagrun for example_subdag_operator.section-2 to None, run_after=None
[2024-05-22T08:13:13.759+0000] {processor.py:183} INFO - Processing /home/airflow/.local/lib/python3.12/site-packages/airflow/example_dags/example_subdag_operator.py took 0.105 seconds
[2024-05-22T08:13:43.883+0000] {processor.py:161} INFO - Started process (PID=3936) to work on /home/airflow/.local/lib/python3.12/site-packages/airflow/example_dags/example_subdag_operator.py
[2024-05-22T08:13:43.886+0000] {processor.py:830} INFO - Processing file /home/airflow/.local/lib/python3.12/site-packages/airflow/example_dags/example_subdag_operator.py for tasks to queue
[2024-05-22T08:13:43.888+0000] {logging_mixin.py:188} INFO - [2024-05-22T08:13:43.888+0000] {dagbag.py:540} INFO - Filling up the DagBag from /home/airflow/.local/lib/python3.12/site-packages/airflow/example_dags/example_subdag_operator.py
[2024-05-22T08:13:43.911+0000] {processor.py:840} INFO - DAG(s) 'example_subdag_operator.section-1', 'example_subdag_operator.section-2', 'example_subdag_operator' retrieved from /home/airflow/.local/lib/python3.12/site-packages/airflow/example_dags/example_subdag_operator.py
[2024-05-22T08:13:43.922+0000] {logging_mixin.py:188} INFO - [2024-05-22T08:13:43.921+0000] {dag.py:3096} INFO - Sync 3 DAGs
[2024-05-22T08:13:43.936+0000] {logging_mixin.py:188} INFO - [2024-05-22T08:13:43.936+0000] {dag.py:3954} INFO - Setting next_dagrun for example_subdag_operator to 2022-01-01 00:00:00+00:00, run_after=2022-01-01 00:00:00+00:00
[2024-05-22T08:13:43.940+0000] {logging_mixin.py:188} INFO - [2024-05-22T08:13:43.940+0000] {dag.py:3954} INFO - Setting next_dagrun for example_subdag_operator.section-1 to None, run_after=None
[2024-05-22T08:13:43.942+0000] {logging_mixin.py:188} INFO - [2024-05-22T08:13:43.942+0000] {dag.py:3954} INFO - Setting next_dagrun for example_subdag_operator.section-2 to None, run_after=None
[2024-05-22T08:13:43.946+0000] {logging_mixin.py:188} INFO - [2024-05-22T08:13:43.946+0000] {dag.py:3096} INFO - Sync 2 DAGs
[2024-05-22T08:13:43.950+0000] {logging_mixin.py:188} INFO - [2024-05-22T08:13:43.949+0000] {dag.py:3954} INFO - Setting next_dagrun for example_subdag_operator.section-1 to None, run_after=None
[2024-05-22T08:13:43.950+0000] {logging_mixin.py:188} INFO - [2024-05-22T08:13:43.950+0000] {dag.py:3954} INFO - Setting next_dagrun for example_subdag_operator.section-2 to None, run_after=None
[2024-05-22T08:13:43.955+0000] {processor.py:183} INFO - Processing /home/airflow/.local/lib/python3.12/site-packages/airflow/example_dags/example_subdag_operator.py took 0.080 seconds
[2024-05-22T08:14:14.108+0000] {processor.py:161} INFO - Started process (PID=4202) to work on /home/airflow/.local/lib/python3.12/site-packages/airflow/example_dags/example_subdag_operator.py
[2024-05-22T08:14:14.110+0000] {processor.py:830} INFO - Processing file /home/airflow/.local/lib/python3.12/site-packages/airflow/example_dags/example_subdag_operator.py for tasks to queue
[2024-05-22T08:14:14.112+0000] {logging_mixin.py:188} INFO - [2024-05-22T08:14:14.111+0000] {dagbag.py:540} INFO - Filling up the DagBag from /home/airflow/.local/lib/python3.12/site-packages/airflow/example_dags/example_subdag_operator.py
[2024-05-22T08:14:14.123+0000] {processor.py:840} INFO - DAG(s) 'example_subdag_operator.section-1', 'example_subdag_operator.section-2', 'example_subdag_operator' retrieved from /home/airflow/.local/lib/python3.12/site-packages/airflow/example_dags/example_subdag_operator.py
[2024-05-22T08:14:14.131+0000] {logging_mixin.py:188} INFO - [2024-05-22T08:14:14.130+0000] {dag.py:3096} INFO - Sync 3 DAGs
[2024-05-22T08:14:14.141+0000] {logging_mixin.py:188} INFO - [2024-05-22T08:14:14.140+0000] {dag.py:3954} INFO - Setting next_dagrun for example_subdag_operator to 2022-01-01 00:00:00+00:00, run_after=2022-01-01 00:00:00+00:00
[2024-05-22T08:14:14.143+0000] {logging_mixin.py:188} INFO - [2024-05-22T08:14:14.143+0000] {dag.py:3954} INFO - Setting next_dagrun for example_subdag_operator.section-1 to None, run_after=None
[2024-05-22T08:14:14.143+0000] {logging_mixin.py:188} INFO - [2024-05-22T08:14:14.143+0000] {dag.py:3954} INFO - Setting next_dagrun for example_subdag_operator.section-2 to None, run_after=None
[2024-05-22T08:14:14.147+0000] {logging_mixin.py:188} INFO - [2024-05-22T08:14:14.147+0000] {dag.py:3096} INFO - Sync 2 DAGs
[2024-05-22T08:14:14.150+0000] {logging_mixin.py:188} INFO - [2024-05-22T08:14:14.149+0000] {dag.py:3954} INFO - Setting next_dagrun for example_subdag_operator.section-1 to None, run_after=None
[2024-05-22T08:14:14.150+0000] {logging_mixin.py:188} INFO - [2024-05-22T08:14:14.150+0000] {dag.py:3954} INFO - Setting next_dagrun for example_subdag_operator.section-2 to None, run_after=None
[2024-05-22T08:14:14.156+0000] {processor.py:183} INFO - Processing /home/airflow/.local/lib/python3.12/site-packages/airflow/example_dags/example_subdag_operator.py took 0.054 seconds
[2024-05-22T08:14:44.359+0000] {processor.py:161} INFO - Started process (PID=4469) to work on /home/airflow/.local/lib/python3.12/site-packages/airflow/example_dags/example_subdag_operator.py
[2024-05-22T08:14:44.362+0000] {processor.py:830} INFO - Processing file /home/airflow/.local/lib/python3.12/site-packages/airflow/example_dags/example_subdag_operator.py for tasks to queue
[2024-05-22T08:14:44.363+0000] {logging_mixin.py:188} INFO - [2024-05-22T08:14:44.363+0000] {dagbag.py:540} INFO - Filling up the DagBag from /home/airflow/.local/lib/python3.12/site-packages/airflow/example_dags/example_subdag_operator.py
[2024-05-22T08:14:44.381+0000] {processor.py:840} INFO - DAG(s) 'example_subdag_operator.section-1', 'example_subdag_operator.section-2', 'example_subdag_operator' retrieved from /home/airflow/.local/lib/python3.12/site-packages/airflow/example_dags/example_subdag_operator.py
[2024-05-22T08:14:44.390+0000] {logging_mixin.py:188} INFO - [2024-05-22T08:14:44.390+0000] {dag.py:3096} INFO - Sync 3 DAGs
[2024-05-22T08:14:44.401+0000] {logging_mixin.py:188} INFO - [2024-05-22T08:14:44.401+0000] {dag.py:3954} INFO - Setting next_dagrun for example_subdag_operator to 2022-01-01 00:00:00+00:00, run_after=2022-01-01 00:00:00+00:00
[2024-05-22T08:14:44.403+0000] {logging_mixin.py:188} INFO - [2024-05-22T08:14:44.403+0000] {dag.py:3954} INFO - Setting next_dagrun for example_subdag_operator.section-1 to None, run_after=None
[2024-05-22T08:14:44.404+0000] {logging_mixin.py:188} INFO - [2024-05-22T08:14:44.404+0000] {dag.py:3954} INFO - Setting next_dagrun for example_subdag_operator.section-2 to None, run_after=None
[2024-05-22T08:14:44.408+0000] {logging_mixin.py:188} INFO - [2024-05-22T08:14:44.408+0000] {dag.py:3096} INFO - Sync 2 DAGs
[2024-05-22T08:14:44.411+0000] {logging_mixin.py:188} INFO - [2024-05-22T08:14:44.411+0000] {dag.py:3954} INFO - Setting next_dagrun for example_subdag_operator.section-1 to None, run_after=None
[2024-05-22T08:14:44.411+0000] {logging_mixin.py:188} INFO - [2024-05-22T08:14:44.411+0000] {dag.py:3954} INFO - Setting next_dagrun for example_subdag_operator.section-2 to None, run_after=None
[2024-05-22T08:14:44.416+0000] {processor.py:183} INFO - Processing /home/airflow/.local/lib/python3.12/site-packages/airflow/example_dags/example_subdag_operator.py took 0.063 seconds
[2024-05-22T08:15:14.672+0000] {processor.py:161} INFO - Started process (PID=4736) to work on /home/airflow/.local/lib/python3.12/site-packages/airflow/example_dags/example_subdag_operator.py
[2024-05-22T08:15:14.674+0000] {processor.py:830} INFO - Processing file /home/airflow/.local/lib/python3.12/site-packages/airflow/example_dags/example_subdag_operator.py for tasks to queue
[2024-05-22T08:15:14.676+0000] {logging_mixin.py:188} INFO - [2024-05-22T08:15:14.675+0000] {dagbag.py:540} INFO - Filling up the DagBag from /home/airflow/.local/lib/python3.12/site-packages/airflow/example_dags/example_subdag_operator.py
[2024-05-22T08:15:14.699+0000] {processor.py:840} INFO - DAG(s) 'example_subdag_operator.section-1', 'example_subdag_operator.section-2', 'example_subdag_operator' retrieved from /home/airflow/.local/lib/python3.12/site-packages/airflow/example_dags/example_subdag_operator.py
[2024-05-22T08:15:14.711+0000] {logging_mixin.py:188} INFO - [2024-05-22T08:15:14.711+0000] {dag.py:3096} INFO - Sync 3 DAGs
[2024-05-22T08:15:14.724+0000] {logging_mixin.py:188} INFO - [2024-05-22T08:15:14.724+0000] {dag.py:3954} INFO - Setting next_dagrun for example_subdag_operator to 2022-01-01 00:00:00+00:00, run_after=2022-01-01 00:00:00+00:00
[2024-05-22T08:15:14.727+0000] {logging_mixin.py:188} INFO - [2024-05-22T08:15:14.727+0000] {dag.py:3954} INFO - Setting next_dagrun for example_subdag_operator.section-1 to None, run_after=None
[2024-05-22T08:15:14.727+0000] {logging_mixin.py:188} INFO - [2024-05-22T08:15:14.727+0000] {dag.py:3954} INFO - Setting next_dagrun for example_subdag_operator.section-2 to None, run_after=None
[2024-05-22T08:15:14.731+0000] {logging_mixin.py:188} INFO - [2024-05-22T08:15:14.731+0000] {dag.py:3096} INFO - Sync 2 DAGs
[2024-05-22T08:15:14.734+0000] {logging_mixin.py:188} INFO - [2024-05-22T08:15:14.734+0000] {dag.py:3954} INFO - Setting next_dagrun for example_subdag_operator.section-1 to None, run_after=None
[2024-05-22T08:15:14.734+0000] {logging_mixin.py:188} INFO - [2024-05-22T08:15:14.734+0000] {dag.py:3954} INFO - Setting next_dagrun for example_subdag_operator.section-2 to None, run_after=None
[2024-05-22T08:15:14.739+0000] {processor.py:183} INFO - Processing /home/airflow/.local/lib/python3.12/site-packages/airflow/example_dags/example_subdag_operator.py took 0.074 seconds
