[2024-05-22T08:06:35.668+0000] {processor.py:161} INFO - Started process (PID=392) to work on /home/airflow/.local/lib/python3.12/site-packages/airflow/example_dags/example_datasets.py
[2024-05-22T08:06:35.671+0000] {processor.py:830} INFO - Processing file /home/airflow/.local/lib/python3.12/site-packages/airflow/example_dags/example_datasets.py for tasks to queue
[2024-05-22T08:06:35.673+0000] {logging_mixin.py:188} INFO - [2024-05-22T08:06:35.673+0000] {dagbag.py:540} INFO - Filling up the DagBag from /home/airflow/.local/lib/python3.12/site-packages/airflow/example_dags/example_datasets.py
[2024-05-22T08:06:35.685+0000] {processor.py:840} INFO - DAG(s) 'consume_1_or_both_2_and_3_with_dataset_expressions', 'conditional_dataset_and_time_based_timetable', 'dataset_consumes_1', 'dataset_consumes_1_and_2', 'dataset_produces_1', 'consume_1_and_2_with_dataset_expressions', 'consume_1_or_2_with_dataset_expressions', 'dataset_consumes_unknown_never_scheduled', 'dataset_consumes_1_never_scheduled', 'dataset_produces_2' retrieved from /home/airflow/.local/lib/python3.12/site-packages/airflow/example_dags/example_datasets.py
[2024-05-22T08:06:35.710+0000] {logging_mixin.py:188} INFO - [2024-05-22T08:06:35.710+0000] {dag.py:3096} INFO - Sync 10 DAGs
[2024-05-22T08:06:35.730+0000] {logging_mixin.py:188} INFO - [2024-05-22T08:06:35.729+0000] {dag.py:3954} INFO - Setting next_dagrun for conditional_dataset_and_time_based_timetable to 2024-05-22 01:00:00+00:00, run_after=2024-05-22 01:00:00+00:00
[2024-05-22T08:06:35.733+0000] {logging_mixin.py:188} INFO - [2024-05-22T08:06:35.733+0000] {dag.py:3954} INFO - Setting next_dagrun for consume_1_and_2_with_dataset_expressions to None, run_after=None
[2024-05-22T08:06:35.735+0000] {logging_mixin.py:188} INFO - [2024-05-22T08:06:35.735+0000] {dag.py:3954} INFO - Setting next_dagrun for consume_1_or_2_with_dataset_expressions to None, run_after=None
[2024-05-22T08:06:35.736+0000] {logging_mixin.py:188} INFO - [2024-05-22T08:06:35.736+0000] {dag.py:3954} INFO - Setting next_dagrun for consume_1_or_both_2_and_3_with_dataset_expressions to None, run_after=None
[2024-05-22T08:06:35.739+0000] {logging_mixin.py:188} INFO - [2024-05-22T08:06:35.739+0000] {dag.py:3954} INFO - Setting next_dagrun for dataset_consumes_1 to None, run_after=None
[2024-05-22T08:06:35.741+0000] {logging_mixin.py:188} INFO - [2024-05-22T08:06:35.741+0000] {dag.py:3954} INFO - Setting next_dagrun for dataset_consumes_1_and_2 to None, run_after=None
[2024-05-22T08:06:35.742+0000] {logging_mixin.py:188} INFO - [2024-05-22T08:06:35.742+0000] {dag.py:3954} INFO - Setting next_dagrun for dataset_consumes_1_never_scheduled to None, run_after=None
[2024-05-22T08:06:35.743+0000] {logging_mixin.py:188} INFO - [2024-05-22T08:06:35.743+0000] {dag.py:3954} INFO - Setting next_dagrun for dataset_consumes_unknown_never_scheduled to None, run_after=None
[2024-05-22T08:06:35.745+0000] {logging_mixin.py:188} INFO - [2024-05-22T08:06:35.745+0000] {dag.py:3954} INFO - Setting next_dagrun for dataset_produces_1 to 2024-05-21 00:00:00+00:00, run_after=2024-05-22 00:00:00+00:00
[2024-05-22T08:06:35.747+0000] {logging_mixin.py:188} INFO - [2024-05-22T08:06:35.746+0000] {dag.py:3954} INFO - Setting next_dagrun for dataset_produces_2 to None, run_after=None
[2024-05-22T08:06:35.772+0000] {processor.py:183} INFO - Processing /home/airflow/.local/lib/python3.12/site-packages/airflow/example_dags/example_datasets.py took 0.107 seconds
[2024-05-22T08:07:06.463+0000] {processor.py:161} INFO - Started process (PID=659) to work on /home/airflow/.local/lib/python3.12/site-packages/airflow/example_dags/example_datasets.py
[2024-05-22T08:07:06.463+0000] {processor.py:830} INFO - Processing file /home/airflow/.local/lib/python3.12/site-packages/airflow/example_dags/example_datasets.py for tasks to queue
[2024-05-22T08:07:06.465+0000] {logging_mixin.py:188} INFO - [2024-05-22T08:07:06.465+0000] {dagbag.py:540} INFO - Filling up the DagBag from /home/airflow/.local/lib/python3.12/site-packages/airflow/example_dags/example_datasets.py
[2024-05-22T08:07:06.472+0000] {processor.py:840} INFO - DAG(s) 'consume_1_or_2_with_dataset_expressions', 'consume_1_or_both_2_and_3_with_dataset_expressions', 'consume_1_and_2_with_dataset_expressions', 'dataset_consumes_1_never_scheduled', 'dataset_consumes_1_and_2', 'dataset_produces_1', 'conditional_dataset_and_time_based_timetable', 'dataset_consumes_unknown_never_scheduled', 'dataset_produces_2', 'dataset_consumes_1' retrieved from /home/airflow/.local/lib/python3.12/site-packages/airflow/example_dags/example_datasets.py
[2024-05-22T08:07:06.493+0000] {logging_mixin.py:188} INFO - [2024-05-22T08:07:06.493+0000] {dag.py:3096} INFO - Sync 10 DAGs
[2024-05-22T08:07:06.506+0000] {logging_mixin.py:188} INFO - [2024-05-22T08:07:06.506+0000] {dag.py:3954} INFO - Setting next_dagrun for conditional_dataset_and_time_based_timetable to 2024-05-22 01:00:00+00:00, run_after=2024-05-22 01:00:00+00:00
[2024-05-22T08:07:06.508+0000] {logging_mixin.py:188} INFO - [2024-05-22T08:07:06.508+0000] {dag.py:3954} INFO - Setting next_dagrun for consume_1_and_2_with_dataset_expressions to None, run_after=None
[2024-05-22T08:07:06.508+0000] {logging_mixin.py:188} INFO - [2024-05-22T08:07:06.508+0000] {dag.py:3954} INFO - Setting next_dagrun for consume_1_or_2_with_dataset_expressions to None, run_after=None
[2024-05-22T08:07:06.509+0000] {logging_mixin.py:188} INFO - [2024-05-22T08:07:06.509+0000] {dag.py:3954} INFO - Setting next_dagrun for consume_1_or_both_2_and_3_with_dataset_expressions to None, run_after=None
[2024-05-22T08:07:06.510+0000] {logging_mixin.py:188} INFO - [2024-05-22T08:07:06.510+0000] {dag.py:3954} INFO - Setting next_dagrun for dataset_consumes_1 to None, run_after=None
[2024-05-22T08:07:06.511+0000] {logging_mixin.py:188} INFO - [2024-05-22T08:07:06.511+0000] {dag.py:3954} INFO - Setting next_dagrun for dataset_consumes_1_and_2 to None, run_after=None
[2024-05-22T08:07:06.511+0000] {logging_mixin.py:188} INFO - [2024-05-22T08:07:06.511+0000] {dag.py:3954} INFO - Setting next_dagrun for dataset_consumes_1_never_scheduled to None, run_after=None
[2024-05-22T08:07:06.512+0000] {logging_mixin.py:188} INFO - [2024-05-22T08:07:06.512+0000] {dag.py:3954} INFO - Setting next_dagrun for dataset_consumes_unknown_never_scheduled to None, run_after=None
[2024-05-22T08:07:06.513+0000] {logging_mixin.py:188} INFO - [2024-05-22T08:07:06.513+0000] {dag.py:3954} INFO - Setting next_dagrun for dataset_produces_1 to 2024-05-21 00:00:00+00:00, run_after=2024-05-22 00:00:00+00:00
[2024-05-22T08:07:06.514+0000] {logging_mixin.py:188} INFO - [2024-05-22T08:07:06.513+0000] {dag.py:3954} INFO - Setting next_dagrun for dataset_produces_2 to None, run_after=None
[2024-05-22T08:07:06.530+0000] {processor.py:183} INFO - Processing /home/airflow/.local/lib/python3.12/site-packages/airflow/example_dags/example_datasets.py took 0.069 seconds
[2024-05-22T08:07:37.213+0000] {processor.py:161} INFO - Started process (PID=926) to work on /home/airflow/.local/lib/python3.12/site-packages/airflow/example_dags/example_datasets.py
[2024-05-22T08:07:37.214+0000] {processor.py:830} INFO - Processing file /home/airflow/.local/lib/python3.12/site-packages/airflow/example_dags/example_datasets.py for tasks to queue
[2024-05-22T08:07:37.215+0000] {logging_mixin.py:188} INFO - [2024-05-22T08:07:37.215+0000] {dagbag.py:540} INFO - Filling up the DagBag from /home/airflow/.local/lib/python3.12/site-packages/airflow/example_dags/example_datasets.py
[2024-05-22T08:07:37.222+0000] {processor.py:840} INFO - DAG(s) 'consume_1_or_2_with_dataset_expressions', 'consume_1_or_both_2_and_3_with_dataset_expressions', 'dataset_produces_1', 'dataset_consumes_1_never_scheduled', 'dataset_consumes_unknown_never_scheduled', 'dataset_consumes_1_and_2', 'dataset_produces_2', 'consume_1_and_2_with_dataset_expressions', 'dataset_consumes_1', 'conditional_dataset_and_time_based_timetable' retrieved from /home/airflow/.local/lib/python3.12/site-packages/airflow/example_dags/example_datasets.py
[2024-05-22T08:07:37.242+0000] {logging_mixin.py:188} INFO - [2024-05-22T08:07:37.242+0000] {dag.py:3096} INFO - Sync 10 DAGs
[2024-05-22T08:07:37.253+0000] {logging_mixin.py:188} INFO - [2024-05-22T08:07:37.253+0000] {dag.py:3954} INFO - Setting next_dagrun for conditional_dataset_and_time_based_timetable to 2024-05-22 01:00:00+00:00, run_after=2024-05-22 01:00:00+00:00
[2024-05-22T08:07:37.255+0000] {logging_mixin.py:188} INFO - [2024-05-22T08:07:37.255+0000] {dag.py:3954} INFO - Setting next_dagrun for consume_1_and_2_with_dataset_expressions to None, run_after=None
[2024-05-22T08:07:37.256+0000] {logging_mixin.py:188} INFO - [2024-05-22T08:07:37.256+0000] {dag.py:3954} INFO - Setting next_dagrun for consume_1_or_2_with_dataset_expressions to None, run_after=None
[2024-05-22T08:07:37.257+0000] {logging_mixin.py:188} INFO - [2024-05-22T08:07:37.257+0000] {dag.py:3954} INFO - Setting next_dagrun for consume_1_or_both_2_and_3_with_dataset_expressions to None, run_after=None
[2024-05-22T08:07:37.257+0000] {logging_mixin.py:188} INFO - [2024-05-22T08:07:37.257+0000] {dag.py:3954} INFO - Setting next_dagrun for dataset_consumes_1 to None, run_after=None
[2024-05-22T08:07:37.258+0000] {logging_mixin.py:188} INFO - [2024-05-22T08:07:37.258+0000] {dag.py:3954} INFO - Setting next_dagrun for dataset_consumes_1_and_2 to None, run_after=None
[2024-05-22T08:07:37.258+0000] {logging_mixin.py:188} INFO - [2024-05-22T08:07:37.258+0000] {dag.py:3954} INFO - Setting next_dagrun for dataset_consumes_1_never_scheduled to None, run_after=None
[2024-05-22T08:07:37.259+0000] {logging_mixin.py:188} INFO - [2024-05-22T08:07:37.259+0000] {dag.py:3954} INFO - Setting next_dagrun for dataset_consumes_unknown_never_scheduled to None, run_after=None
[2024-05-22T08:07:37.260+0000] {logging_mixin.py:188} INFO - [2024-05-22T08:07:37.260+0000] {dag.py:3954} INFO - Setting next_dagrun for dataset_produces_1 to 2024-05-21 00:00:00+00:00, run_after=2024-05-22 00:00:00+00:00
[2024-05-22T08:07:37.260+0000] {logging_mixin.py:188} INFO - [2024-05-22T08:07:37.260+0000] {dag.py:3954} INFO - Setting next_dagrun for dataset_produces_2 to None, run_after=None
[2024-05-22T08:07:37.275+0000] {processor.py:183} INFO - Processing /home/airflow/.local/lib/python3.12/site-packages/airflow/example_dags/example_datasets.py took 0.065 seconds
[2024-05-22T08:08:07.859+0000] {processor.py:161} INFO - Started process (PID=1193) to work on /home/airflow/.local/lib/python3.12/site-packages/airflow/example_dags/example_datasets.py
[2024-05-22T08:08:07.860+0000] {processor.py:830} INFO - Processing file /home/airflow/.local/lib/python3.12/site-packages/airflow/example_dags/example_datasets.py for tasks to queue
[2024-05-22T08:08:07.861+0000] {logging_mixin.py:188} INFO - [2024-05-22T08:08:07.861+0000] {dagbag.py:540} INFO - Filling up the DagBag from /home/airflow/.local/lib/python3.12/site-packages/airflow/example_dags/example_datasets.py
[2024-05-22T08:08:07.874+0000] {processor.py:840} INFO - DAG(s) 'dataset_consumes_1', 'dataset_consumes_1_never_scheduled', 'dataset_consumes_unknown_never_scheduled', 'consume_1_or_2_with_dataset_expressions', 'consume_1_and_2_with_dataset_expressions', 'conditional_dataset_and_time_based_timetable', 'dataset_produces_2', 'dataset_produces_1', 'consume_1_or_both_2_and_3_with_dataset_expressions', 'dataset_consumes_1_and_2' retrieved from /home/airflow/.local/lib/python3.12/site-packages/airflow/example_dags/example_datasets.py
[2024-05-22T08:08:07.895+0000] {logging_mixin.py:188} INFO - [2024-05-22T08:08:07.895+0000] {dag.py:3096} INFO - Sync 10 DAGs
[2024-05-22T08:08:07.907+0000] {logging_mixin.py:188} INFO - [2024-05-22T08:08:07.906+0000] {dag.py:3954} INFO - Setting next_dagrun for conditional_dataset_and_time_based_timetable to 2024-05-22 01:00:00+00:00, run_after=2024-05-22 01:00:00+00:00
[2024-05-22T08:08:07.909+0000] {logging_mixin.py:188} INFO - [2024-05-22T08:08:07.909+0000] {dag.py:3954} INFO - Setting next_dagrun for consume_1_and_2_with_dataset_expressions to None, run_after=None
[2024-05-22T08:08:07.909+0000] {logging_mixin.py:188} INFO - [2024-05-22T08:08:07.909+0000] {dag.py:3954} INFO - Setting next_dagrun for consume_1_or_2_with_dataset_expressions to None, run_after=None
[2024-05-22T08:08:07.910+0000] {logging_mixin.py:188} INFO - [2024-05-22T08:08:07.910+0000] {dag.py:3954} INFO - Setting next_dagrun for consume_1_or_both_2_and_3_with_dataset_expressions to None, run_after=None
[2024-05-22T08:08:07.911+0000] {logging_mixin.py:188} INFO - [2024-05-22T08:08:07.911+0000] {dag.py:3954} INFO - Setting next_dagrun for dataset_consumes_1 to None, run_after=None
[2024-05-22T08:08:07.911+0000] {logging_mixin.py:188} INFO - [2024-05-22T08:08:07.911+0000] {dag.py:3954} INFO - Setting next_dagrun for dataset_consumes_1_and_2 to None, run_after=None
[2024-05-22T08:08:07.912+0000] {logging_mixin.py:188} INFO - [2024-05-22T08:08:07.912+0000] {dag.py:3954} INFO - Setting next_dagrun for dataset_consumes_1_never_scheduled to None, run_after=None
[2024-05-22T08:08:07.912+0000] {logging_mixin.py:188} INFO - [2024-05-22T08:08:07.912+0000] {dag.py:3954} INFO - Setting next_dagrun for dataset_consumes_unknown_never_scheduled to None, run_after=None
[2024-05-22T08:08:07.913+0000] {logging_mixin.py:188} INFO - [2024-05-22T08:08:07.913+0000] {dag.py:3954} INFO - Setting next_dagrun for dataset_produces_1 to 2024-05-21 00:00:00+00:00, run_after=2024-05-22 00:00:00+00:00
[2024-05-22T08:08:07.914+0000] {logging_mixin.py:188} INFO - [2024-05-22T08:08:07.914+0000] {dag.py:3954} INFO - Setting next_dagrun for dataset_produces_2 to None, run_after=None
[2024-05-22T08:08:07.929+0000] {processor.py:183} INFO - Processing /home/airflow/.local/lib/python3.12/site-packages/airflow/example_dags/example_datasets.py took 0.073 seconds
[2024-05-22T08:08:38.571+0000] {processor.py:161} INFO - Started process (PID=1460) to work on /home/airflow/.local/lib/python3.12/site-packages/airflow/example_dags/example_datasets.py
[2024-05-22T08:08:38.571+0000] {processor.py:830} INFO - Processing file /home/airflow/.local/lib/python3.12/site-packages/airflow/example_dags/example_datasets.py for tasks to queue
[2024-05-22T08:08:38.572+0000] {logging_mixin.py:188} INFO - [2024-05-22T08:08:38.572+0000] {dagbag.py:540} INFO - Filling up the DagBag from /home/airflow/.local/lib/python3.12/site-packages/airflow/example_dags/example_datasets.py
[2024-05-22T08:08:38.579+0000] {processor.py:840} INFO - DAG(s) 'consume_1_or_2_with_dataset_expressions', 'dataset_consumes_1_and_2', 'dataset_produces_1', 'dataset_consumes_unknown_never_scheduled', 'consume_1_and_2_with_dataset_expressions', 'dataset_consumes_1', 'dataset_consumes_1_never_scheduled', 'consume_1_or_both_2_and_3_with_dataset_expressions', 'dataset_produces_2', 'conditional_dataset_and_time_based_timetable' retrieved from /home/airflow/.local/lib/python3.12/site-packages/airflow/example_dags/example_datasets.py
[2024-05-22T08:08:38.599+0000] {logging_mixin.py:188} INFO - [2024-05-22T08:08:38.599+0000] {dag.py:3096} INFO - Sync 10 DAGs
[2024-05-22T08:08:38.611+0000] {logging_mixin.py:188} INFO - [2024-05-22T08:08:38.610+0000] {dag.py:3954} INFO - Setting next_dagrun for conditional_dataset_and_time_based_timetable to 2024-05-22 01:00:00+00:00, run_after=2024-05-22 01:00:00+00:00
[2024-05-22T08:08:38.613+0000] {logging_mixin.py:188} INFO - [2024-05-22T08:08:38.613+0000] {dag.py:3954} INFO - Setting next_dagrun for consume_1_and_2_with_dataset_expressions to None, run_after=None
[2024-05-22T08:08:38.614+0000] {logging_mixin.py:188} INFO - [2024-05-22T08:08:38.614+0000] {dag.py:3954} INFO - Setting next_dagrun for consume_1_or_2_with_dataset_expressions to None, run_after=None
[2024-05-22T08:08:38.614+0000] {logging_mixin.py:188} INFO - [2024-05-22T08:08:38.614+0000] {dag.py:3954} INFO - Setting next_dagrun for consume_1_or_both_2_and_3_with_dataset_expressions to None, run_after=None
[2024-05-22T08:08:38.615+0000] {logging_mixin.py:188} INFO - [2024-05-22T08:08:38.615+0000] {dag.py:3954} INFO - Setting next_dagrun for dataset_consumes_1 to None, run_after=None
[2024-05-22T08:08:38.615+0000] {logging_mixin.py:188} INFO - [2024-05-22T08:08:38.615+0000] {dag.py:3954} INFO - Setting next_dagrun for dataset_consumes_1_and_2 to None, run_after=None
[2024-05-22T08:08:38.616+0000] {logging_mixin.py:188} INFO - [2024-05-22T08:08:38.616+0000] {dag.py:3954} INFO - Setting next_dagrun for dataset_consumes_1_never_scheduled to None, run_after=None
[2024-05-22T08:08:38.617+0000] {logging_mixin.py:188} INFO - [2024-05-22T08:08:38.616+0000] {dag.py:3954} INFO - Setting next_dagrun for dataset_consumes_unknown_never_scheduled to None, run_after=None
[2024-05-22T08:08:38.617+0000] {logging_mixin.py:188} INFO - [2024-05-22T08:08:38.617+0000] {dag.py:3954} INFO - Setting next_dagrun for dataset_produces_1 to 2024-05-21 00:00:00+00:00, run_after=2024-05-22 00:00:00+00:00
[2024-05-22T08:08:38.618+0000] {logging_mixin.py:188} INFO - [2024-05-22T08:08:38.618+0000] {dag.py:3954} INFO - Setting next_dagrun for dataset_produces_2 to None, run_after=None
[2024-05-22T08:08:38.632+0000] {processor.py:183} INFO - Processing /home/airflow/.local/lib/python3.12/site-packages/airflow/example_dags/example_datasets.py took 0.064 seconds
[2024-05-22T08:09:09.615+0000] {processor.py:161} INFO - Started process (PID=1727) to work on /home/airflow/.local/lib/python3.12/site-packages/airflow/example_dags/example_datasets.py
[2024-05-22T08:09:09.615+0000] {processor.py:830} INFO - Processing file /home/airflow/.local/lib/python3.12/site-packages/airflow/example_dags/example_datasets.py for tasks to queue
[2024-05-22T08:09:09.616+0000] {logging_mixin.py:188} INFO - [2024-05-22T08:09:09.616+0000] {dagbag.py:540} INFO - Filling up the DagBag from /home/airflow/.local/lib/python3.12/site-packages/airflow/example_dags/example_datasets.py
[2024-05-22T08:09:09.622+0000] {processor.py:840} INFO - DAG(s) 'consume_1_or_both_2_and_3_with_dataset_expressions', 'dataset_produces_1', 'dataset_consumes_1', 'dataset_consumes_unknown_never_scheduled', 'conditional_dataset_and_time_based_timetable', 'dataset_produces_2', 'dataset_consumes_1_never_scheduled', 'dataset_consumes_1_and_2', 'consume_1_and_2_with_dataset_expressions', 'consume_1_or_2_with_dataset_expressions' retrieved from /home/airflow/.local/lib/python3.12/site-packages/airflow/example_dags/example_datasets.py
[2024-05-22T08:09:09.641+0000] {logging_mixin.py:188} INFO - [2024-05-22T08:09:09.641+0000] {dag.py:3096} INFO - Sync 10 DAGs
[2024-05-22T08:09:09.651+0000] {logging_mixin.py:188} INFO - [2024-05-22T08:09:09.651+0000] {dag.py:3954} INFO - Setting next_dagrun for conditional_dataset_and_time_based_timetable to 2024-05-22 01:00:00+00:00, run_after=2024-05-22 01:00:00+00:00
[2024-05-22T08:09:09.653+0000] {logging_mixin.py:188} INFO - [2024-05-22T08:09:09.653+0000] {dag.py:3954} INFO - Setting next_dagrun for consume_1_and_2_with_dataset_expressions to None, run_after=None
[2024-05-22T08:09:09.654+0000] {logging_mixin.py:188} INFO - [2024-05-22T08:09:09.653+0000] {dag.py:3954} INFO - Setting next_dagrun for consume_1_or_2_with_dataset_expressions to None, run_after=None
[2024-05-22T08:09:09.654+0000] {logging_mixin.py:188} INFO - [2024-05-22T08:09:09.654+0000] {dag.py:3954} INFO - Setting next_dagrun for consume_1_or_both_2_and_3_with_dataset_expressions to None, run_after=None
[2024-05-22T08:09:09.655+0000] {logging_mixin.py:188} INFO - [2024-05-22T08:09:09.655+0000] {dag.py:3954} INFO - Setting next_dagrun for dataset_consumes_1 to None, run_after=None
[2024-05-22T08:09:09.656+0000] {logging_mixin.py:188} INFO - [2024-05-22T08:09:09.655+0000] {dag.py:3954} INFO - Setting next_dagrun for dataset_consumes_1_and_2 to None, run_after=None
[2024-05-22T08:09:09.656+0000] {logging_mixin.py:188} INFO - [2024-05-22T08:09:09.656+0000] {dag.py:3954} INFO - Setting next_dagrun for dataset_consumes_1_never_scheduled to None, run_after=None
[2024-05-22T08:09:09.657+0000] {logging_mixin.py:188} INFO - [2024-05-22T08:09:09.657+0000] {dag.py:3954} INFO - Setting next_dagrun for dataset_consumes_unknown_never_scheduled to None, run_after=None
[2024-05-22T08:09:09.658+0000] {logging_mixin.py:188} INFO - [2024-05-22T08:09:09.658+0000] {dag.py:3954} INFO - Setting next_dagrun for dataset_produces_1 to 2024-05-21 00:00:00+00:00, run_after=2024-05-22 00:00:00+00:00
[2024-05-22T08:09:09.658+0000] {logging_mixin.py:188} INFO - [2024-05-22T08:09:09.658+0000] {dag.py:3954} INFO - Setting next_dagrun for dataset_produces_2 to None, run_after=None
[2024-05-22T08:09:09.673+0000] {processor.py:183} INFO - Processing /home/airflow/.local/lib/python3.12/site-packages/airflow/example_dags/example_datasets.py took 0.061 seconds
[2024-05-22T08:09:40.602+0000] {processor.py:161} INFO - Started process (PID=1994) to work on /home/airflow/.local/lib/python3.12/site-packages/airflow/example_dags/example_datasets.py
[2024-05-22T08:09:40.602+0000] {processor.py:830} INFO - Processing file /home/airflow/.local/lib/python3.12/site-packages/airflow/example_dags/example_datasets.py for tasks to queue
[2024-05-22T08:09:40.603+0000] {logging_mixin.py:188} INFO - [2024-05-22T08:09:40.603+0000] {dagbag.py:540} INFO - Filling up the DagBag from /home/airflow/.local/lib/python3.12/site-packages/airflow/example_dags/example_datasets.py
[2024-05-22T08:09:40.610+0000] {processor.py:840} INFO - DAG(s) 'dataset_consumes_1_never_scheduled', 'conditional_dataset_and_time_based_timetable', 'dataset_consumes_unknown_never_scheduled', 'dataset_consumes_1_and_2', 'consume_1_or_both_2_and_3_with_dataset_expressions', 'dataset_produces_1', 'consume_1_or_2_with_dataset_expressions', 'dataset_produces_2', 'dataset_consumes_1', 'consume_1_and_2_with_dataset_expressions' retrieved from /home/airflow/.local/lib/python3.12/site-packages/airflow/example_dags/example_datasets.py
[2024-05-22T08:09:40.634+0000] {logging_mixin.py:188} INFO - [2024-05-22T08:09:40.633+0000] {dag.py:3096} INFO - Sync 10 DAGs
[2024-05-22T08:09:40.646+0000] {logging_mixin.py:188} INFO - [2024-05-22T08:09:40.646+0000] {dag.py:3954} INFO - Setting next_dagrun for conditional_dataset_and_time_based_timetable to 2024-05-22 01:00:00+00:00, run_after=2024-05-22 01:00:00+00:00
[2024-05-22T08:09:40.649+0000] {logging_mixin.py:188} INFO - [2024-05-22T08:09:40.648+0000] {dag.py:3954} INFO - Setting next_dagrun for consume_1_and_2_with_dataset_expressions to None, run_after=None
[2024-05-22T08:09:40.649+0000] {logging_mixin.py:188} INFO - [2024-05-22T08:09:40.649+0000] {dag.py:3954} INFO - Setting next_dagrun for consume_1_or_2_with_dataset_expressions to None, run_after=None
[2024-05-22T08:09:40.650+0000] {logging_mixin.py:188} INFO - [2024-05-22T08:09:40.650+0000] {dag.py:3954} INFO - Setting next_dagrun for consume_1_or_both_2_and_3_with_dataset_expressions to None, run_after=None
[2024-05-22T08:09:40.651+0000] {logging_mixin.py:188} INFO - [2024-05-22T08:09:40.651+0000] {dag.py:3954} INFO - Setting next_dagrun for dataset_consumes_1 to None, run_after=None
[2024-05-22T08:09:40.651+0000] {logging_mixin.py:188} INFO - [2024-05-22T08:09:40.651+0000] {dag.py:3954} INFO - Setting next_dagrun for dataset_consumes_1_and_2 to None, run_after=None
[2024-05-22T08:09:40.652+0000] {logging_mixin.py:188} INFO - [2024-05-22T08:09:40.652+0000] {dag.py:3954} INFO - Setting next_dagrun for dataset_consumes_1_never_scheduled to None, run_after=None
[2024-05-22T08:09:40.653+0000] {logging_mixin.py:188} INFO - [2024-05-22T08:09:40.653+0000] {dag.py:3954} INFO - Setting next_dagrun for dataset_consumes_unknown_never_scheduled to None, run_after=None
[2024-05-22T08:09:40.654+0000] {logging_mixin.py:188} INFO - [2024-05-22T08:09:40.654+0000] {dag.py:3954} INFO - Setting next_dagrun for dataset_produces_1 to 2024-05-21 00:00:00+00:00, run_after=2024-05-22 00:00:00+00:00
[2024-05-22T08:09:40.655+0000] {logging_mixin.py:188} INFO - [2024-05-22T08:09:40.655+0000] {dag.py:3954} INFO - Setting next_dagrun for dataset_produces_2 to None, run_after=None
[2024-05-22T08:09:40.674+0000] {processor.py:183} INFO - Processing /home/airflow/.local/lib/python3.12/site-packages/airflow/example_dags/example_datasets.py took 0.075 seconds
[2024-05-22T08:10:11.306+0000] {processor.py:161} INFO - Started process (PID=2261) to work on /home/airflow/.local/lib/python3.12/site-packages/airflow/example_dags/example_datasets.py
[2024-05-22T08:10:11.307+0000] {processor.py:830} INFO - Processing file /home/airflow/.local/lib/python3.12/site-packages/airflow/example_dags/example_datasets.py for tasks to queue
[2024-05-22T08:10:11.308+0000] {logging_mixin.py:188} INFO - [2024-05-22T08:10:11.308+0000] {dagbag.py:540} INFO - Filling up the DagBag from /home/airflow/.local/lib/python3.12/site-packages/airflow/example_dags/example_datasets.py
[2024-05-22T08:10:11.314+0000] {processor.py:840} INFO - DAG(s) 'dataset_produces_1', 'dataset_produces_2', 'dataset_consumes_unknown_never_scheduled', 'dataset_consumes_1_never_scheduled', 'consume_1_or_2_with_dataset_expressions', 'dataset_consumes_1_and_2', 'consume_1_and_2_with_dataset_expressions', 'consume_1_or_both_2_and_3_with_dataset_expressions', 'conditional_dataset_and_time_based_timetable', 'dataset_consumes_1' retrieved from /home/airflow/.local/lib/python3.12/site-packages/airflow/example_dags/example_datasets.py
[2024-05-22T08:10:11.334+0000] {logging_mixin.py:188} INFO - [2024-05-22T08:10:11.334+0000] {dag.py:3096} INFO - Sync 10 DAGs
[2024-05-22T08:10:11.346+0000] {logging_mixin.py:188} INFO - [2024-05-22T08:10:11.346+0000] {dag.py:3954} INFO - Setting next_dagrun for conditional_dataset_and_time_based_timetable to 2024-05-22 01:00:00+00:00, run_after=2024-05-22 01:00:00+00:00
[2024-05-22T08:10:11.348+0000] {logging_mixin.py:188} INFO - [2024-05-22T08:10:11.348+0000] {dag.py:3954} INFO - Setting next_dagrun for consume_1_and_2_with_dataset_expressions to None, run_after=None
[2024-05-22T08:10:11.349+0000] {logging_mixin.py:188} INFO - [2024-05-22T08:10:11.349+0000] {dag.py:3954} INFO - Setting next_dagrun for consume_1_or_2_with_dataset_expressions to None, run_after=None
[2024-05-22T08:10:11.349+0000] {logging_mixin.py:188} INFO - [2024-05-22T08:10:11.349+0000] {dag.py:3954} INFO - Setting next_dagrun for consume_1_or_both_2_and_3_with_dataset_expressions to None, run_after=None
[2024-05-22T08:10:11.350+0000] {logging_mixin.py:188} INFO - [2024-05-22T08:10:11.350+0000] {dag.py:3954} INFO - Setting next_dagrun for dataset_consumes_1 to None, run_after=None
[2024-05-22T08:10:11.350+0000] {logging_mixin.py:188} INFO - [2024-05-22T08:10:11.350+0000] {dag.py:3954} INFO - Setting next_dagrun for dataset_consumes_1_and_2 to None, run_after=None
[2024-05-22T08:10:11.351+0000] {logging_mixin.py:188} INFO - [2024-05-22T08:10:11.351+0000] {dag.py:3954} INFO - Setting next_dagrun for dataset_consumes_1_never_scheduled to None, run_after=None
[2024-05-22T08:10:11.352+0000] {logging_mixin.py:188} INFO - [2024-05-22T08:10:11.352+0000] {dag.py:3954} INFO - Setting next_dagrun for dataset_consumes_unknown_never_scheduled to None, run_after=None
[2024-05-22T08:10:11.353+0000] {logging_mixin.py:188} INFO - [2024-05-22T08:10:11.353+0000] {dag.py:3954} INFO - Setting next_dagrun for dataset_produces_1 to 2024-05-21 00:00:00+00:00, run_after=2024-05-22 00:00:00+00:00
[2024-05-22T08:10:11.353+0000] {logging_mixin.py:188} INFO - [2024-05-22T08:10:11.353+0000] {dag.py:3954} INFO - Setting next_dagrun for dataset_produces_2 to None, run_after=None
[2024-05-22T08:10:11.367+0000] {processor.py:183} INFO - Processing /home/airflow/.local/lib/python3.12/site-packages/airflow/example_dags/example_datasets.py took 0.063 seconds
[2024-05-22T08:10:41.878+0000] {processor.py:161} INFO - Started process (PID=2528) to work on /home/airflow/.local/lib/python3.12/site-packages/airflow/example_dags/example_datasets.py
[2024-05-22T08:10:41.878+0000] {processor.py:830} INFO - Processing file /home/airflow/.local/lib/python3.12/site-packages/airflow/example_dags/example_datasets.py for tasks to queue
[2024-05-22T08:10:41.879+0000] {logging_mixin.py:188} INFO - [2024-05-22T08:10:41.879+0000] {dagbag.py:540} INFO - Filling up the DagBag from /home/airflow/.local/lib/python3.12/site-packages/airflow/example_dags/example_datasets.py
[2024-05-22T08:10:41.885+0000] {processor.py:840} INFO - DAG(s) 'dataset_consumes_unknown_never_scheduled', 'dataset_consumes_1_never_scheduled', 'dataset_produces_2', 'dataset_produces_1', 'consume_1_or_both_2_and_3_with_dataset_expressions', 'dataset_consumes_1_and_2', 'dataset_consumes_1', 'conditional_dataset_and_time_based_timetable', 'consume_1_or_2_with_dataset_expressions', 'consume_1_and_2_with_dataset_expressions' retrieved from /home/airflow/.local/lib/python3.12/site-packages/airflow/example_dags/example_datasets.py
[2024-05-22T08:10:41.905+0000] {logging_mixin.py:188} INFO - [2024-05-22T08:10:41.905+0000] {dag.py:3096} INFO - Sync 10 DAGs
[2024-05-22T08:10:41.916+0000] {logging_mixin.py:188} INFO - [2024-05-22T08:10:41.916+0000] {dag.py:3954} INFO - Setting next_dagrun for conditional_dataset_and_time_based_timetable to 2024-05-22 01:00:00+00:00, run_after=2024-05-22 01:00:00+00:00
[2024-05-22T08:10:41.918+0000] {logging_mixin.py:188} INFO - [2024-05-22T08:10:41.918+0000] {dag.py:3954} INFO - Setting next_dagrun for consume_1_and_2_with_dataset_expressions to None, run_after=None
[2024-05-22T08:10:41.919+0000] {logging_mixin.py:188} INFO - [2024-05-22T08:10:41.919+0000] {dag.py:3954} INFO - Setting next_dagrun for consume_1_or_2_with_dataset_expressions to None, run_after=None
[2024-05-22T08:10:41.920+0000] {logging_mixin.py:188} INFO - [2024-05-22T08:10:41.920+0000] {dag.py:3954} INFO - Setting next_dagrun for consume_1_or_both_2_and_3_with_dataset_expressions to None, run_after=None
[2024-05-22T08:10:41.920+0000] {logging_mixin.py:188} INFO - [2024-05-22T08:10:41.920+0000] {dag.py:3954} INFO - Setting next_dagrun for dataset_consumes_1 to None, run_after=None
[2024-05-22T08:10:41.921+0000] {logging_mixin.py:188} INFO - [2024-05-22T08:10:41.921+0000] {dag.py:3954} INFO - Setting next_dagrun for dataset_consumes_1_and_2 to None, run_after=None
[2024-05-22T08:10:41.921+0000] {logging_mixin.py:188} INFO - [2024-05-22T08:10:41.921+0000] {dag.py:3954} INFO - Setting next_dagrun for dataset_consumes_1_never_scheduled to None, run_after=None
[2024-05-22T08:10:41.922+0000] {logging_mixin.py:188} INFO - [2024-05-22T08:10:41.922+0000] {dag.py:3954} INFO - Setting next_dagrun for dataset_consumes_unknown_never_scheduled to None, run_after=None
[2024-05-22T08:10:41.923+0000] {logging_mixin.py:188} INFO - [2024-05-22T08:10:41.923+0000] {dag.py:3954} INFO - Setting next_dagrun for dataset_produces_1 to 2024-05-21 00:00:00+00:00, run_after=2024-05-22 00:00:00+00:00
[2024-05-22T08:10:41.924+0000] {logging_mixin.py:188} INFO - [2024-05-22T08:10:41.924+0000] {dag.py:3954} INFO - Setting next_dagrun for dataset_produces_2 to None, run_after=None
[2024-05-22T08:10:41.937+0000] {processor.py:183} INFO - Processing /home/airflow/.local/lib/python3.12/site-packages/airflow/example_dags/example_datasets.py took 0.062 seconds
[2024-05-22T08:11:12.579+0000] {processor.py:161} INFO - Started process (PID=2795) to work on /home/airflow/.local/lib/python3.12/site-packages/airflow/example_dags/example_datasets.py
[2024-05-22T08:11:12.580+0000] {processor.py:830} INFO - Processing file /home/airflow/.local/lib/python3.12/site-packages/airflow/example_dags/example_datasets.py for tasks to queue
[2024-05-22T08:11:12.581+0000] {logging_mixin.py:188} INFO - [2024-05-22T08:11:12.581+0000] {dagbag.py:540} INFO - Filling up the DagBag from /home/airflow/.local/lib/python3.12/site-packages/airflow/example_dags/example_datasets.py
[2024-05-22T08:11:12.587+0000] {processor.py:840} INFO - DAG(s) 'conditional_dataset_and_time_based_timetable', 'dataset_produces_1', 'consume_1_or_both_2_and_3_with_dataset_expressions', 'consume_1_and_2_with_dataset_expressions', 'dataset_produces_2', 'dataset_consumes_1_never_scheduled', 'dataset_consumes_1_and_2', 'dataset_consumes_unknown_never_scheduled', 'consume_1_or_2_with_dataset_expressions', 'dataset_consumes_1' retrieved from /home/airflow/.local/lib/python3.12/site-packages/airflow/example_dags/example_datasets.py
[2024-05-22T08:11:12.607+0000] {logging_mixin.py:188} INFO - [2024-05-22T08:11:12.607+0000] {dag.py:3096} INFO - Sync 10 DAGs
[2024-05-22T08:11:12.618+0000] {logging_mixin.py:188} INFO - [2024-05-22T08:11:12.618+0000] {dag.py:3954} INFO - Setting next_dagrun for conditional_dataset_and_time_based_timetable to 2024-05-22 01:00:00+00:00, run_after=2024-05-22 01:00:00+00:00
[2024-05-22T08:11:12.620+0000] {logging_mixin.py:188} INFO - [2024-05-22T08:11:12.620+0000] {dag.py:3954} INFO - Setting next_dagrun for consume_1_and_2_with_dataset_expressions to None, run_after=None
[2024-05-22T08:11:12.621+0000] {logging_mixin.py:188} INFO - [2024-05-22T08:11:12.621+0000] {dag.py:3954} INFO - Setting next_dagrun for consume_1_or_2_with_dataset_expressions to None, run_after=None
[2024-05-22T08:11:12.622+0000] {logging_mixin.py:188} INFO - [2024-05-22T08:11:12.622+0000] {dag.py:3954} INFO - Setting next_dagrun for consume_1_or_both_2_and_3_with_dataset_expressions to None, run_after=None
[2024-05-22T08:11:12.623+0000] {logging_mixin.py:188} INFO - [2024-05-22T08:11:12.622+0000] {dag.py:3954} INFO - Setting next_dagrun for dataset_consumes_1 to None, run_after=None
[2024-05-22T08:11:12.623+0000] {logging_mixin.py:188} INFO - [2024-05-22T08:11:12.623+0000] {dag.py:3954} INFO - Setting next_dagrun for dataset_consumes_1_and_2 to None, run_after=None
[2024-05-22T08:11:12.624+0000] {logging_mixin.py:188} INFO - [2024-05-22T08:11:12.624+0000] {dag.py:3954} INFO - Setting next_dagrun for dataset_consumes_1_never_scheduled to None, run_after=None
[2024-05-22T08:11:12.624+0000] {logging_mixin.py:188} INFO - [2024-05-22T08:11:12.624+0000] {dag.py:3954} INFO - Setting next_dagrun for dataset_consumes_unknown_never_scheduled to None, run_after=None
[2024-05-22T08:11:12.625+0000] {logging_mixin.py:188} INFO - [2024-05-22T08:11:12.625+0000] {dag.py:3954} INFO - Setting next_dagrun for dataset_produces_1 to 2024-05-21 00:00:00+00:00, run_after=2024-05-22 00:00:00+00:00
[2024-05-22T08:11:12.626+0000] {logging_mixin.py:188} INFO - [2024-05-22T08:11:12.626+0000] {dag.py:3954} INFO - Setting next_dagrun for dataset_produces_2 to None, run_after=None
[2024-05-22T08:11:12.639+0000] {processor.py:183} INFO - Processing /home/airflow/.local/lib/python3.12/site-packages/airflow/example_dags/example_datasets.py took 0.063 seconds
[2024-05-22T08:11:43.381+0000] {processor.py:161} INFO - Started process (PID=3062) to work on /home/airflow/.local/lib/python3.12/site-packages/airflow/example_dags/example_datasets.py
[2024-05-22T08:11:43.382+0000] {processor.py:830} INFO - Processing file /home/airflow/.local/lib/python3.12/site-packages/airflow/example_dags/example_datasets.py for tasks to queue
[2024-05-22T08:11:43.385+0000] {logging_mixin.py:188} INFO - [2024-05-22T08:11:43.385+0000] {dagbag.py:540} INFO - Filling up the DagBag from /home/airflow/.local/lib/python3.12/site-packages/airflow/example_dags/example_datasets.py
[2024-05-22T08:11:43.391+0000] {processor.py:840} INFO - DAG(s) 'dataset_consumes_unknown_never_scheduled', 'consume_1_and_2_with_dataset_expressions', 'dataset_consumes_1_and_2', 'dataset_consumes_1_never_scheduled', 'conditional_dataset_and_time_based_timetable', 'consume_1_or_both_2_and_3_with_dataset_expressions', 'dataset_consumes_1', 'dataset_produces_1', 'dataset_produces_2', 'consume_1_or_2_with_dataset_expressions' retrieved from /home/airflow/.local/lib/python3.12/site-packages/airflow/example_dags/example_datasets.py
[2024-05-22T08:11:43.411+0000] {logging_mixin.py:188} INFO - [2024-05-22T08:11:43.411+0000] {dag.py:3096} INFO - Sync 10 DAGs
[2024-05-22T08:11:43.422+0000] {logging_mixin.py:188} INFO - [2024-05-22T08:11:43.422+0000] {dag.py:3954} INFO - Setting next_dagrun for conditional_dataset_and_time_based_timetable to 2024-05-22 01:00:00+00:00, run_after=2024-05-22 01:00:00+00:00
[2024-05-22T08:11:43.424+0000] {logging_mixin.py:188} INFO - [2024-05-22T08:11:43.424+0000] {dag.py:3954} INFO - Setting next_dagrun for consume_1_and_2_with_dataset_expressions to None, run_after=None
[2024-05-22T08:11:43.425+0000] {logging_mixin.py:188} INFO - [2024-05-22T08:11:43.425+0000] {dag.py:3954} INFO - Setting next_dagrun for consume_1_or_2_with_dataset_expressions to None, run_after=None
[2024-05-22T08:11:43.425+0000] {logging_mixin.py:188} INFO - [2024-05-22T08:11:43.425+0000] {dag.py:3954} INFO - Setting next_dagrun for consume_1_or_both_2_and_3_with_dataset_expressions to None, run_after=None
[2024-05-22T08:11:43.426+0000] {logging_mixin.py:188} INFO - [2024-05-22T08:11:43.426+0000] {dag.py:3954} INFO - Setting next_dagrun for dataset_consumes_1 to None, run_after=None
[2024-05-22T08:11:43.426+0000] {logging_mixin.py:188} INFO - [2024-05-22T08:11:43.426+0000] {dag.py:3954} INFO - Setting next_dagrun for dataset_consumes_1_and_2 to None, run_after=None
[2024-05-22T08:11:43.427+0000] {logging_mixin.py:188} INFO - [2024-05-22T08:11:43.427+0000] {dag.py:3954} INFO - Setting next_dagrun for dataset_consumes_1_never_scheduled to None, run_after=None
[2024-05-22T08:11:43.427+0000] {logging_mixin.py:188} INFO - [2024-05-22T08:11:43.427+0000] {dag.py:3954} INFO - Setting next_dagrun for dataset_consumes_unknown_never_scheduled to None, run_after=None
[2024-05-22T08:11:43.428+0000] {logging_mixin.py:188} INFO - [2024-05-22T08:11:43.428+0000] {dag.py:3954} INFO - Setting next_dagrun for dataset_produces_1 to 2024-05-21 00:00:00+00:00, run_after=2024-05-22 00:00:00+00:00
[2024-05-22T08:11:43.429+0000] {logging_mixin.py:188} INFO - [2024-05-22T08:11:43.429+0000] {dag.py:3954} INFO - Setting next_dagrun for dataset_produces_2 to None, run_after=None
[2024-05-22T08:11:43.443+0000] {processor.py:183} INFO - Processing /home/airflow/.local/lib/python3.12/site-packages/airflow/example_dags/example_datasets.py took 0.065 seconds
[2024-05-22T08:12:14.827+0000] {processor.py:161} INFO - Started process (PID=3330) to work on /home/airflow/.local/lib/python3.12/site-packages/airflow/example_dags/example_datasets.py
[2024-05-22T08:12:14.829+0000] {processor.py:830} INFO - Processing file /home/airflow/.local/lib/python3.12/site-packages/airflow/example_dags/example_datasets.py for tasks to queue
[2024-05-22T08:12:14.832+0000] {logging_mixin.py:188} INFO - [2024-05-22T08:12:14.831+0000] {dagbag.py:540} INFO - Filling up the DagBag from /home/airflow/.local/lib/python3.12/site-packages/airflow/example_dags/example_datasets.py
[2024-05-22T08:12:14.848+0000] {processor.py:840} INFO - DAG(s) 'dataset_consumes_1', 'conditional_dataset_and_time_based_timetable', 'dataset_consumes_1_and_2', 'dataset_consumes_unknown_never_scheduled', 'consume_1_or_both_2_and_3_with_dataset_expressions', 'dataset_consumes_1_never_scheduled', 'consume_1_or_2_with_dataset_expressions', 'consume_1_and_2_with_dataset_expressions', 'dataset_produces_1', 'dataset_produces_2' retrieved from /home/airflow/.local/lib/python3.12/site-packages/airflow/example_dags/example_datasets.py
[2024-05-22T08:12:14.913+0000] {logging_mixin.py:188} INFO - [2024-05-22T08:12:14.913+0000] {dag.py:3096} INFO - Sync 10 DAGs
[2024-05-22T08:12:14.937+0000] {logging_mixin.py:188} INFO - [2024-05-22T08:12:14.936+0000] {dag.py:3954} INFO - Setting next_dagrun for conditional_dataset_and_time_based_timetable to 2024-05-22 01:00:00+00:00, run_after=2024-05-22 01:00:00+00:00
[2024-05-22T08:12:14.942+0000] {logging_mixin.py:188} INFO - [2024-05-22T08:12:14.941+0000] {dag.py:3954} INFO - Setting next_dagrun for consume_1_and_2_with_dataset_expressions to None, run_after=None
[2024-05-22T08:12:14.947+0000] {logging_mixin.py:188} INFO - [2024-05-22T08:12:14.947+0000] {dag.py:3954} INFO - Setting next_dagrun for consume_1_or_2_with_dataset_expressions to None, run_after=None
[2024-05-22T08:12:14.951+0000] {logging_mixin.py:188} INFO - [2024-05-22T08:12:14.950+0000] {dag.py:3954} INFO - Setting next_dagrun for consume_1_or_both_2_and_3_with_dataset_expressions to None, run_after=None
[2024-05-22T08:12:14.954+0000] {logging_mixin.py:188} INFO - [2024-05-22T08:12:14.954+0000] {dag.py:3954} INFO - Setting next_dagrun for dataset_consumes_1 to None, run_after=None
[2024-05-22T08:12:14.957+0000] {logging_mixin.py:188} INFO - [2024-05-22T08:12:14.957+0000] {dag.py:3954} INFO - Setting next_dagrun for dataset_consumes_1_and_2 to None, run_after=None
[2024-05-22T08:12:14.960+0000] {logging_mixin.py:188} INFO - [2024-05-22T08:12:14.959+0000] {dag.py:3954} INFO - Setting next_dagrun for dataset_consumes_1_never_scheduled to None, run_after=None
[2024-05-22T08:12:14.963+0000] {logging_mixin.py:188} INFO - [2024-05-22T08:12:14.963+0000] {dag.py:3954} INFO - Setting next_dagrun for dataset_consumes_unknown_never_scheduled to None, run_after=None
[2024-05-22T08:12:14.967+0000] {logging_mixin.py:188} INFO - [2024-05-22T08:12:14.967+0000] {dag.py:3954} INFO - Setting next_dagrun for dataset_produces_1 to 2024-05-21 00:00:00+00:00, run_after=2024-05-22 00:00:00+00:00
[2024-05-22T08:12:14.970+0000] {logging_mixin.py:188} INFO - [2024-05-22T08:12:14.970+0000] {dag.py:3954} INFO - Setting next_dagrun for dataset_produces_2 to None, run_after=None
[2024-05-22T08:12:15.027+0000] {processor.py:183} INFO - Processing /home/airflow/.local/lib/python3.12/site-packages/airflow/example_dags/example_datasets.py took 0.206 seconds
[2024-05-22T08:12:45.981+0000] {processor.py:161} INFO - Started process (PID=3607) to work on /home/airflow/.local/lib/python3.12/site-packages/airflow/example_dags/example_datasets.py
[2024-05-22T08:12:45.985+0000] {processor.py:830} INFO - Processing file /home/airflow/.local/lib/python3.12/site-packages/airflow/example_dags/example_datasets.py for tasks to queue
[2024-05-22T08:12:45.987+0000] {logging_mixin.py:188} INFO - [2024-05-22T08:12:45.987+0000] {dagbag.py:540} INFO - Filling up the DagBag from /home/airflow/.local/lib/python3.12/site-packages/airflow/example_dags/example_datasets.py
[2024-05-22T08:12:46.002+0000] {processor.py:840} INFO - DAG(s) 'consume_1_or_both_2_and_3_with_dataset_expressions', 'dataset_consumes_1', 'dataset_consumes_1_never_scheduled', 'dataset_consumes_unknown_never_scheduled', 'dataset_consumes_1_and_2', 'conditional_dataset_and_time_based_timetable', 'dataset_produces_2', 'dataset_produces_1', 'consume_1_and_2_with_dataset_expressions', 'consume_1_or_2_with_dataset_expressions' retrieved from /home/airflow/.local/lib/python3.12/site-packages/airflow/example_dags/example_datasets.py
[2024-05-22T08:12:46.036+0000] {logging_mixin.py:188} INFO - [2024-05-22T08:12:46.036+0000] {dag.py:3096} INFO - Sync 10 DAGs
[2024-05-22T08:12:46.049+0000] {logging_mixin.py:188} INFO - [2024-05-22T08:12:46.049+0000] {dag.py:3954} INFO - Setting next_dagrun for conditional_dataset_and_time_based_timetable to 2024-05-22 01:00:00+00:00, run_after=2024-05-22 01:00:00+00:00
[2024-05-22T08:12:46.051+0000] {logging_mixin.py:188} INFO - [2024-05-22T08:12:46.051+0000] {dag.py:3954} INFO - Setting next_dagrun for consume_1_and_2_with_dataset_expressions to None, run_after=None
[2024-05-22T08:12:46.052+0000] {logging_mixin.py:188} INFO - [2024-05-22T08:12:46.052+0000] {dag.py:3954} INFO - Setting next_dagrun for consume_1_or_2_with_dataset_expressions to None, run_after=None
[2024-05-22T08:12:46.053+0000] {logging_mixin.py:188} INFO - [2024-05-22T08:12:46.053+0000] {dag.py:3954} INFO - Setting next_dagrun for consume_1_or_both_2_and_3_with_dataset_expressions to None, run_after=None
[2024-05-22T08:12:46.053+0000] {logging_mixin.py:188} INFO - [2024-05-22T08:12:46.053+0000] {dag.py:3954} INFO - Setting next_dagrun for dataset_consumes_1 to None, run_after=None
[2024-05-22T08:12:46.054+0000] {logging_mixin.py:188} INFO - [2024-05-22T08:12:46.054+0000] {dag.py:3954} INFO - Setting next_dagrun for dataset_consumes_1_and_2 to None, run_after=None
[2024-05-22T08:12:46.054+0000] {logging_mixin.py:188} INFO - [2024-05-22T08:12:46.054+0000] {dag.py:3954} INFO - Setting next_dagrun for dataset_consumes_1_never_scheduled to None, run_after=None
[2024-05-22T08:12:46.055+0000] {logging_mixin.py:188} INFO - [2024-05-22T08:12:46.055+0000] {dag.py:3954} INFO - Setting next_dagrun for dataset_consumes_unknown_never_scheduled to None, run_after=None
[2024-05-22T08:12:46.056+0000] {logging_mixin.py:188} INFO - [2024-05-22T08:12:46.056+0000] {dag.py:3954} INFO - Setting next_dagrun for dataset_produces_1 to 2024-05-21 00:00:00+00:00, run_after=2024-05-22 00:00:00+00:00
[2024-05-22T08:12:46.057+0000] {logging_mixin.py:188} INFO - [2024-05-22T08:12:46.056+0000] {dag.py:3954} INFO - Setting next_dagrun for dataset_produces_2 to None, run_after=None
[2024-05-22T08:12:46.071+0000] {processor.py:183} INFO - Processing /home/airflow/.local/lib/python3.12/site-packages/airflow/example_dags/example_datasets.py took 0.097 seconds
[2024-05-22T08:13:16.254+0000] {processor.py:161} INFO - Started process (PID=3874) to work on /home/airflow/.local/lib/python3.12/site-packages/airflow/example_dags/example_datasets.py
[2024-05-22T08:13:16.256+0000] {processor.py:830} INFO - Processing file /home/airflow/.local/lib/python3.12/site-packages/airflow/example_dags/example_datasets.py for tasks to queue
[2024-05-22T08:13:16.258+0000] {logging_mixin.py:188} INFO - [2024-05-22T08:13:16.258+0000] {dagbag.py:540} INFO - Filling up the DagBag from /home/airflow/.local/lib/python3.12/site-packages/airflow/example_dags/example_datasets.py
[2024-05-22T08:13:16.270+0000] {processor.py:840} INFO - DAG(s) 'dataset_consumes_unknown_never_scheduled', 'conditional_dataset_and_time_based_timetable', 'dataset_produces_1', 'dataset_produces_2', 'consume_1_or_both_2_and_3_with_dataset_expressions', 'dataset_consumes_1_never_scheduled', 'dataset_consumes_1_and_2', 'consume_1_or_2_with_dataset_expressions', 'dataset_consumes_1', 'consume_1_and_2_with_dataset_expressions' retrieved from /home/airflow/.local/lib/python3.12/site-packages/airflow/example_dags/example_datasets.py
[2024-05-22T08:13:16.295+0000] {logging_mixin.py:188} INFO - [2024-05-22T08:13:16.295+0000] {dag.py:3096} INFO - Sync 10 DAGs
[2024-05-22T08:13:16.308+0000] {logging_mixin.py:188} INFO - [2024-05-22T08:13:16.308+0000] {dag.py:3954} INFO - Setting next_dagrun for conditional_dataset_and_time_based_timetable to 2024-05-22 01:00:00+00:00, run_after=2024-05-22 01:00:00+00:00
[2024-05-22T08:13:16.310+0000] {logging_mixin.py:188} INFO - [2024-05-22T08:13:16.310+0000] {dag.py:3954} INFO - Setting next_dagrun for consume_1_and_2_with_dataset_expressions to None, run_after=None
[2024-05-22T08:13:16.311+0000] {logging_mixin.py:188} INFO - [2024-05-22T08:13:16.311+0000] {dag.py:3954} INFO - Setting next_dagrun for consume_1_or_2_with_dataset_expressions to None, run_after=None
[2024-05-22T08:13:16.311+0000] {logging_mixin.py:188} INFO - [2024-05-22T08:13:16.311+0000] {dag.py:3954} INFO - Setting next_dagrun for consume_1_or_both_2_and_3_with_dataset_expressions to None, run_after=None
[2024-05-22T08:13:16.312+0000] {logging_mixin.py:188} INFO - [2024-05-22T08:13:16.312+0000] {dag.py:3954} INFO - Setting next_dagrun for dataset_consumes_1 to None, run_after=None
[2024-05-22T08:13:16.313+0000] {logging_mixin.py:188} INFO - [2024-05-22T08:13:16.312+0000] {dag.py:3954} INFO - Setting next_dagrun for dataset_consumes_1_and_2 to None, run_after=None
[2024-05-22T08:13:16.313+0000] {logging_mixin.py:188} INFO - [2024-05-22T08:13:16.313+0000] {dag.py:3954} INFO - Setting next_dagrun for dataset_consumes_1_never_scheduled to None, run_after=None
[2024-05-22T08:13:16.314+0000] {logging_mixin.py:188} INFO - [2024-05-22T08:13:16.313+0000] {dag.py:3954} INFO - Setting next_dagrun for dataset_consumes_unknown_never_scheduled to None, run_after=None
[2024-05-22T08:13:16.314+0000] {logging_mixin.py:188} INFO - [2024-05-22T08:13:16.314+0000] {dag.py:3954} INFO - Setting next_dagrun for dataset_produces_1 to 2024-05-21 00:00:00+00:00, run_after=2024-05-22 00:00:00+00:00
[2024-05-22T08:13:16.315+0000] {logging_mixin.py:188} INFO - [2024-05-22T08:13:16.315+0000] {dag.py:3954} INFO - Setting next_dagrun for dataset_produces_2 to None, run_after=None
[2024-05-22T08:13:16.334+0000] {processor.py:183} INFO - Processing /home/airflow/.local/lib/python3.12/site-packages/airflow/example_dags/example_datasets.py took 0.088 seconds
[2024-05-22T08:13:47.186+0000] {processor.py:161} INFO - Started process (PID=4141) to work on /home/airflow/.local/lib/python3.12/site-packages/airflow/example_dags/example_datasets.py
[2024-05-22T08:13:47.187+0000] {processor.py:830} INFO - Processing file /home/airflow/.local/lib/python3.12/site-packages/airflow/example_dags/example_datasets.py for tasks to queue
[2024-05-22T08:13:47.188+0000] {logging_mixin.py:188} INFO - [2024-05-22T08:13:47.188+0000] {dagbag.py:540} INFO - Filling up the DagBag from /home/airflow/.local/lib/python3.12/site-packages/airflow/example_dags/example_datasets.py
[2024-05-22T08:13:47.216+0000] {processor.py:840} INFO - DAG(s) 'consume_1_or_both_2_and_3_with_dataset_expressions', 'dataset_consumes_1_never_scheduled', 'consume_1_or_2_with_dataset_expressions', 'dataset_consumes_1', 'dataset_produces_2', 'dataset_consumes_unknown_never_scheduled', 'conditional_dataset_and_time_based_timetable', 'dataset_produces_1', 'dataset_consumes_1_and_2', 'consume_1_and_2_with_dataset_expressions' retrieved from /home/airflow/.local/lib/python3.12/site-packages/airflow/example_dags/example_datasets.py
[2024-05-22T08:13:47.258+0000] {logging_mixin.py:188} INFO - [2024-05-22T08:13:47.258+0000] {dag.py:3096} INFO - Sync 10 DAGs
[2024-05-22T08:13:47.279+0000] {logging_mixin.py:188} INFO - [2024-05-22T08:13:47.279+0000] {dag.py:3954} INFO - Setting next_dagrun for conditional_dataset_and_time_based_timetable to 2024-05-22 01:00:00+00:00, run_after=2024-05-22 01:00:00+00:00
[2024-05-22T08:13:47.283+0000] {logging_mixin.py:188} INFO - [2024-05-22T08:13:47.282+0000] {dag.py:3954} INFO - Setting next_dagrun for consume_1_and_2_with_dataset_expressions to None, run_after=None
[2024-05-22T08:13:47.284+0000] {logging_mixin.py:188} INFO - [2024-05-22T08:13:47.284+0000] {dag.py:3954} INFO - Setting next_dagrun for consume_1_or_2_with_dataset_expressions to None, run_after=None
[2024-05-22T08:13:47.285+0000] {logging_mixin.py:188} INFO - [2024-05-22T08:13:47.285+0000] {dag.py:3954} INFO - Setting next_dagrun for consume_1_or_both_2_and_3_with_dataset_expressions to None, run_after=None
[2024-05-22T08:13:47.286+0000] {logging_mixin.py:188} INFO - [2024-05-22T08:13:47.285+0000] {dag.py:3954} INFO - Setting next_dagrun for dataset_consumes_1 to None, run_after=None
[2024-05-22T08:13:47.287+0000] {logging_mixin.py:188} INFO - [2024-05-22T08:13:47.286+0000] {dag.py:3954} INFO - Setting next_dagrun for dataset_consumes_1_and_2 to None, run_after=None
[2024-05-22T08:13:47.287+0000] {logging_mixin.py:188} INFO - [2024-05-22T08:13:47.287+0000] {dag.py:3954} INFO - Setting next_dagrun for dataset_consumes_1_never_scheduled to None, run_after=None
[2024-05-22T08:13:47.288+0000] {logging_mixin.py:188} INFO - [2024-05-22T08:13:47.288+0000] {dag.py:3954} INFO - Setting next_dagrun for dataset_consumes_unknown_never_scheduled to None, run_after=None
[2024-05-22T08:13:47.290+0000] {logging_mixin.py:188} INFO - [2024-05-22T08:13:47.290+0000] {dag.py:3954} INFO - Setting next_dagrun for dataset_produces_1 to 2024-05-21 00:00:00+00:00, run_after=2024-05-22 00:00:00+00:00
[2024-05-22T08:13:47.291+0000] {logging_mixin.py:188} INFO - [2024-05-22T08:13:47.291+0000] {dag.py:3954} INFO - Setting next_dagrun for dataset_produces_2 to None, run_after=None
[2024-05-22T08:13:47.312+0000] {processor.py:183} INFO - Processing /home/airflow/.local/lib/python3.12/site-packages/airflow/example_dags/example_datasets.py took 0.132 seconds
[2024-05-22T08:14:17.329+0000] {processor.py:161} INFO - Started process (PID=4407) to work on /home/airflow/.local/lib/python3.12/site-packages/airflow/example_dags/example_datasets.py
[2024-05-22T08:14:17.330+0000] {processor.py:830} INFO - Processing file /home/airflow/.local/lib/python3.12/site-packages/airflow/example_dags/example_datasets.py for tasks to queue
[2024-05-22T08:14:17.331+0000] {logging_mixin.py:188} INFO - [2024-05-22T08:14:17.331+0000] {dagbag.py:540} INFO - Filling up the DagBag from /home/airflow/.local/lib/python3.12/site-packages/airflow/example_dags/example_datasets.py
[2024-05-22T08:14:17.338+0000] {processor.py:840} INFO - DAG(s) 'dataset_consumes_unknown_never_scheduled', 'consume_1_or_both_2_and_3_with_dataset_expressions', 'dataset_consumes_1_and_2', 'consume_1_or_2_with_dataset_expressions', 'conditional_dataset_and_time_based_timetable', 'dataset_consumes_1', 'dataset_consumes_1_never_scheduled', 'dataset_produces_2', 'consume_1_and_2_with_dataset_expressions', 'dataset_produces_1' retrieved from /home/airflow/.local/lib/python3.12/site-packages/airflow/example_dags/example_datasets.py
[2024-05-22T08:14:17.357+0000] {logging_mixin.py:188} INFO - [2024-05-22T08:14:17.357+0000] {dag.py:3096} INFO - Sync 10 DAGs
[2024-05-22T08:14:17.367+0000] {logging_mixin.py:188} INFO - [2024-05-22T08:14:17.367+0000] {dag.py:3954} INFO - Setting next_dagrun for conditional_dataset_and_time_based_timetable to 2024-05-22 01:00:00+00:00, run_after=2024-05-22 01:00:00+00:00
[2024-05-22T08:14:17.369+0000] {logging_mixin.py:188} INFO - [2024-05-22T08:14:17.369+0000] {dag.py:3954} INFO - Setting next_dagrun for consume_1_and_2_with_dataset_expressions to None, run_after=None
[2024-05-22T08:14:17.369+0000] {logging_mixin.py:188} INFO - [2024-05-22T08:14:17.369+0000] {dag.py:3954} INFO - Setting next_dagrun for consume_1_or_2_with_dataset_expressions to None, run_after=None
[2024-05-22T08:14:17.370+0000] {logging_mixin.py:188} INFO - [2024-05-22T08:14:17.370+0000] {dag.py:3954} INFO - Setting next_dagrun for consume_1_or_both_2_and_3_with_dataset_expressions to None, run_after=None
[2024-05-22T08:14:17.370+0000] {logging_mixin.py:188} INFO - [2024-05-22T08:14:17.370+0000] {dag.py:3954} INFO - Setting next_dagrun for dataset_consumes_1 to None, run_after=None
[2024-05-22T08:14:17.371+0000] {logging_mixin.py:188} INFO - [2024-05-22T08:14:17.371+0000] {dag.py:3954} INFO - Setting next_dagrun for dataset_consumes_1_and_2 to None, run_after=None
[2024-05-22T08:14:17.372+0000] {logging_mixin.py:188} INFO - [2024-05-22T08:14:17.371+0000] {dag.py:3954} INFO - Setting next_dagrun for dataset_consumes_1_never_scheduled to None, run_after=None
[2024-05-22T08:14:17.372+0000] {logging_mixin.py:188} INFO - [2024-05-22T08:14:17.372+0000] {dag.py:3954} INFO - Setting next_dagrun for dataset_consumes_unknown_never_scheduled to None, run_after=None
[2024-05-22T08:14:17.373+0000] {logging_mixin.py:188} INFO - [2024-05-22T08:14:17.373+0000] {dag.py:3954} INFO - Setting next_dagrun for dataset_produces_1 to 2024-05-21 00:00:00+00:00, run_after=2024-05-22 00:00:00+00:00
[2024-05-22T08:14:17.373+0000] {logging_mixin.py:188} INFO - [2024-05-22T08:14:17.373+0000] {dag.py:3954} INFO - Setting next_dagrun for dataset_produces_2 to None, run_after=None
[2024-05-22T08:14:17.386+0000] {processor.py:183} INFO - Processing /home/airflow/.local/lib/python3.12/site-packages/airflow/example_dags/example_datasets.py took 0.060 seconds
[2024-05-22T08:14:47.612+0000] {processor.py:161} INFO - Started process (PID=4672) to work on /home/airflow/.local/lib/python3.12/site-packages/airflow/example_dags/example_datasets.py
[2024-05-22T08:14:47.614+0000] {processor.py:830} INFO - Processing file /home/airflow/.local/lib/python3.12/site-packages/airflow/example_dags/example_datasets.py for tasks to queue
[2024-05-22T08:14:47.615+0000] {logging_mixin.py:188} INFO - [2024-05-22T08:14:47.615+0000] {dagbag.py:540} INFO - Filling up the DagBag from /home/airflow/.local/lib/python3.12/site-packages/airflow/example_dags/example_datasets.py
[2024-05-22T08:14:47.623+0000] {processor.py:840} INFO - DAG(s) 'dataset_consumes_1_and_2', 'dataset_produces_1', 'dataset_consumes_1', 'consume_1_or_2_with_dataset_expressions', 'dataset_consumes_unknown_never_scheduled', 'conditional_dataset_and_time_based_timetable', 'consume_1_or_both_2_and_3_with_dataset_expressions', 'dataset_consumes_1_never_scheduled', 'consume_1_and_2_with_dataset_expressions', 'dataset_produces_2' retrieved from /home/airflow/.local/lib/python3.12/site-packages/airflow/example_dags/example_datasets.py
[2024-05-22T08:14:47.650+0000] {logging_mixin.py:188} INFO - [2024-05-22T08:14:47.650+0000] {dag.py:3096} INFO - Sync 10 DAGs
[2024-05-22T08:14:47.663+0000] {logging_mixin.py:188} INFO - [2024-05-22T08:14:47.663+0000] {dag.py:3954} INFO - Setting next_dagrun for conditional_dataset_and_time_based_timetable to 2024-05-22 01:00:00+00:00, run_after=2024-05-22 01:00:00+00:00
[2024-05-22T08:14:47.666+0000] {logging_mixin.py:188} INFO - [2024-05-22T08:14:47.666+0000] {dag.py:3954} INFO - Setting next_dagrun for consume_1_and_2_with_dataset_expressions to None, run_after=None
[2024-05-22T08:14:47.667+0000] {logging_mixin.py:188} INFO - [2024-05-22T08:14:47.667+0000] {dag.py:3954} INFO - Setting next_dagrun for consume_1_or_2_with_dataset_expressions to None, run_after=None
[2024-05-22T08:14:47.669+0000] {logging_mixin.py:188} INFO - [2024-05-22T08:14:47.668+0000] {dag.py:3954} INFO - Setting next_dagrun for consume_1_or_both_2_and_3_with_dataset_expressions to None, run_after=None
[2024-05-22T08:14:47.670+0000] {logging_mixin.py:188} INFO - [2024-05-22T08:14:47.670+0000] {dag.py:3954} INFO - Setting next_dagrun for dataset_consumes_1 to None, run_after=None
[2024-05-22T08:14:47.671+0000] {logging_mixin.py:188} INFO - [2024-05-22T08:14:47.671+0000] {dag.py:3954} INFO - Setting next_dagrun for dataset_consumes_1_and_2 to None, run_after=None
[2024-05-22T08:14:47.672+0000] {logging_mixin.py:188} INFO - [2024-05-22T08:14:47.672+0000] {dag.py:3954} INFO - Setting next_dagrun for dataset_consumes_1_never_scheduled to None, run_after=None
[2024-05-22T08:14:47.673+0000] {logging_mixin.py:188} INFO - [2024-05-22T08:14:47.673+0000] {dag.py:3954} INFO - Setting next_dagrun for dataset_consumes_unknown_never_scheduled to None, run_after=None
[2024-05-22T08:14:47.674+0000] {logging_mixin.py:188} INFO - [2024-05-22T08:14:47.674+0000] {dag.py:3954} INFO - Setting next_dagrun for dataset_produces_1 to 2024-05-21 00:00:00+00:00, run_after=2024-05-22 00:00:00+00:00
[2024-05-22T08:14:47.675+0000] {logging_mixin.py:188} INFO - [2024-05-22T08:14:47.675+0000] {dag.py:3954} INFO - Setting next_dagrun for dataset_produces_2 to None, run_after=None
[2024-05-22T08:14:47.698+0000] {processor.py:183} INFO - Processing /home/airflow/.local/lib/python3.12/site-packages/airflow/example_dags/example_datasets.py took 0.091 seconds
[2024-05-22T08:15:17.787+0000] {processor.py:161} INFO - Started process (PID=4939) to work on /home/airflow/.local/lib/python3.12/site-packages/airflow/example_dags/example_datasets.py
[2024-05-22T08:15:17.788+0000] {processor.py:830} INFO - Processing file /home/airflow/.local/lib/python3.12/site-packages/airflow/example_dags/example_datasets.py for tasks to queue
[2024-05-22T08:15:17.789+0000] {logging_mixin.py:188} INFO - [2024-05-22T08:15:17.789+0000] {dagbag.py:540} INFO - Filling up the DagBag from /home/airflow/.local/lib/python3.12/site-packages/airflow/example_dags/example_datasets.py
[2024-05-22T08:15:17.795+0000] {processor.py:840} INFO - DAG(s) 'dataset_consumes_unknown_never_scheduled', 'consume_1_or_2_with_dataset_expressions', 'dataset_consumes_1_and_2', 'dataset_produces_2', 'consume_1_and_2_with_dataset_expressions', 'dataset_consumes_1', 'conditional_dataset_and_time_based_timetable', 'dataset_produces_1', 'dataset_consumes_1_never_scheduled', 'consume_1_or_both_2_and_3_with_dataset_expressions' retrieved from /home/airflow/.local/lib/python3.12/site-packages/airflow/example_dags/example_datasets.py
[2024-05-22T08:15:17.815+0000] {logging_mixin.py:188} INFO - [2024-05-22T08:15:17.815+0000] {dag.py:3096} INFO - Sync 10 DAGs
[2024-05-22T08:15:17.826+0000] {logging_mixin.py:188} INFO - [2024-05-22T08:15:17.826+0000] {dag.py:3954} INFO - Setting next_dagrun for conditional_dataset_and_time_based_timetable to 2024-05-22 01:00:00+00:00, run_after=2024-05-22 01:00:00+00:00
[2024-05-22T08:15:17.828+0000] {logging_mixin.py:188} INFO - [2024-05-22T08:15:17.828+0000] {dag.py:3954} INFO - Setting next_dagrun for consume_1_and_2_with_dataset_expressions to None, run_after=None
[2024-05-22T08:15:17.829+0000] {logging_mixin.py:188} INFO - [2024-05-22T08:15:17.829+0000] {dag.py:3954} INFO - Setting next_dagrun for consume_1_or_2_with_dataset_expressions to None, run_after=None
[2024-05-22T08:15:17.829+0000] {logging_mixin.py:188} INFO - [2024-05-22T08:15:17.829+0000] {dag.py:3954} INFO - Setting next_dagrun for consume_1_or_both_2_and_3_with_dataset_expressions to None, run_after=None
[2024-05-22T08:15:17.830+0000] {logging_mixin.py:188} INFO - [2024-05-22T08:15:17.830+0000] {dag.py:3954} INFO - Setting next_dagrun for dataset_consumes_1 to None, run_after=None
[2024-05-22T08:15:17.830+0000] {logging_mixin.py:188} INFO - [2024-05-22T08:15:17.830+0000] {dag.py:3954} INFO - Setting next_dagrun for dataset_consumes_1_and_2 to None, run_after=None
[2024-05-22T08:15:17.831+0000] {logging_mixin.py:188} INFO - [2024-05-22T08:15:17.831+0000] {dag.py:3954} INFO - Setting next_dagrun for dataset_consumes_1_never_scheduled to None, run_after=None
[2024-05-22T08:15:17.832+0000] {logging_mixin.py:188} INFO - [2024-05-22T08:15:17.832+0000] {dag.py:3954} INFO - Setting next_dagrun for dataset_consumes_unknown_never_scheduled to None, run_after=None
[2024-05-22T08:15:17.833+0000] {logging_mixin.py:188} INFO - [2024-05-22T08:15:17.833+0000] {dag.py:3954} INFO - Setting next_dagrun for dataset_produces_1 to 2024-05-21 00:00:00+00:00, run_after=2024-05-22 00:00:00+00:00
[2024-05-22T08:15:17.833+0000] {logging_mixin.py:188} INFO - [2024-05-22T08:15:17.833+0000] {dag.py:3954} INFO - Setting next_dagrun for dataset_produces_2 to None, run_after=None
[2024-05-22T08:15:17.848+0000] {processor.py:183} INFO - Processing /home/airflow/.local/lib/python3.12/site-packages/airflow/example_dags/example_datasets.py took 0.063 seconds
