[2024-05-22T08:06:35.043+0000] {processor.py:161} INFO - Started process (PID=332) to work on /home/airflow/.local/lib/python3.12/site-packages/airflow/example_dags/example_sensors.py
[2024-05-22T08:06:35.044+0000] {processor.py:830} INFO - Processing file /home/airflow/.local/lib/python3.12/site-packages/airflow/example_dags/example_sensors.py for tasks to queue
[2024-05-22T08:06:35.045+0000] {logging_mixin.py:188} INFO - [2024-05-22T08:06:35.045+0000] {dagbag.py:540} INFO - Filling up the DagBag from /home/airflow/.local/lib/python3.12/site-packages/airflow/example_dags/example_sensors.py
[2024-05-22T08:06:35.050+0000] {processor.py:840} INFO - DAG(s) 'example_sensors' retrieved from /home/airflow/.local/lib/python3.12/site-packages/airflow/example_dags/example_sensors.py
[2024-05-22T08:06:35.065+0000] {logging_mixin.py:188} INFO - [2024-05-22T08:06:35.065+0000] {dag.py:3096} INFO - Sync 1 DAGs
[2024-05-22T08:06:35.071+0000] {logging_mixin.py:188} INFO - [2024-05-22T08:06:35.071+0000] {dag.py:3954} INFO - Setting next_dagrun for example_sensors to None, run_after=None
[2024-05-22T08:06:35.080+0000] {processor.py:183} INFO - Processing /home/airflow/.local/lib/python3.12/site-packages/airflow/example_dags/example_sensors.py took 0.040 seconds
[2024-05-22T08:07:05.103+0000] {processor.py:161} INFO - Started process (PID=599) to work on /home/airflow/.local/lib/python3.12/site-packages/airflow/example_dags/example_sensors.py
[2024-05-22T08:07:05.104+0000] {processor.py:830} INFO - Processing file /home/airflow/.local/lib/python3.12/site-packages/airflow/example_dags/example_sensors.py for tasks to queue
[2024-05-22T08:07:05.105+0000] {logging_mixin.py:188} INFO - [2024-05-22T08:07:05.105+0000] {dagbag.py:540} INFO - Filling up the DagBag from /home/airflow/.local/lib/python3.12/site-packages/airflow/example_dags/example_sensors.py
[2024-05-22T08:07:05.109+0000] {processor.py:840} INFO - DAG(s) 'example_sensors' retrieved from /home/airflow/.local/lib/python3.12/site-packages/airflow/example_dags/example_sensors.py
[2024-05-22T08:07:05.121+0000] {logging_mixin.py:188} INFO - [2024-05-22T08:07:05.121+0000] {dag.py:3096} INFO - Sync 1 DAGs
[2024-05-22T08:07:05.127+0000] {logging_mixin.py:188} INFO - [2024-05-22T08:07:05.127+0000] {dag.py:3954} INFO - Setting next_dagrun for example_sensors to None, run_after=None
[2024-05-22T08:07:05.136+0000] {processor.py:183} INFO - Processing /home/airflow/.local/lib/python3.12/site-packages/airflow/example_dags/example_sensors.py took 0.035 seconds
[2024-05-22T08:07:35.856+0000] {processor.py:161} INFO - Started process (PID=868) to work on /home/airflow/.local/lib/python3.12/site-packages/airflow/example_dags/example_sensors.py
[2024-05-22T08:07:35.856+0000] {processor.py:830} INFO - Processing file /home/airflow/.local/lib/python3.12/site-packages/airflow/example_dags/example_sensors.py for tasks to queue
[2024-05-22T08:07:35.857+0000] {logging_mixin.py:188} INFO - [2024-05-22T08:07:35.857+0000] {dagbag.py:540} INFO - Filling up the DagBag from /home/airflow/.local/lib/python3.12/site-packages/airflow/example_dags/example_sensors.py
[2024-05-22T08:07:35.861+0000] {processor.py:840} INFO - DAG(s) 'example_sensors' retrieved from /home/airflow/.local/lib/python3.12/site-packages/airflow/example_dags/example_sensors.py
[2024-05-22T08:07:35.872+0000] {logging_mixin.py:188} INFO - [2024-05-22T08:07:35.872+0000] {dag.py:3096} INFO - Sync 1 DAGs
[2024-05-22T08:07:35.877+0000] {logging_mixin.py:188} INFO - [2024-05-22T08:07:35.877+0000] {dag.py:3954} INFO - Setting next_dagrun for example_sensors to None, run_after=None
[2024-05-22T08:07:35.884+0000] {processor.py:183} INFO - Processing /home/airflow/.local/lib/python3.12/site-packages/airflow/example_dags/example_sensors.py took 0.030 seconds
[2024-05-22T08:08:06.520+0000] {processor.py:161} INFO - Started process (PID=1133) to work on /home/airflow/.local/lib/python3.12/site-packages/airflow/example_dags/example_sensors.py
[2024-05-22T08:08:06.521+0000] {processor.py:830} INFO - Processing file /home/airflow/.local/lib/python3.12/site-packages/airflow/example_dags/example_sensors.py for tasks to queue
[2024-05-22T08:08:06.522+0000] {logging_mixin.py:188} INFO - [2024-05-22T08:08:06.522+0000] {dagbag.py:540} INFO - Filling up the DagBag from /home/airflow/.local/lib/python3.12/site-packages/airflow/example_dags/example_sensors.py
[2024-05-22T08:08:06.526+0000] {processor.py:840} INFO - DAG(s) 'example_sensors' retrieved from /home/airflow/.local/lib/python3.12/site-packages/airflow/example_dags/example_sensors.py
[2024-05-22T08:08:06.538+0000] {logging_mixin.py:188} INFO - [2024-05-22T08:08:06.538+0000] {dag.py:3096} INFO - Sync 1 DAGs
[2024-05-22T08:08:06.543+0000] {logging_mixin.py:188} INFO - [2024-05-22T08:08:06.543+0000] {dag.py:3954} INFO - Setting next_dagrun for example_sensors to None, run_after=None
[2024-05-22T08:08:06.551+0000] {processor.py:183} INFO - Processing /home/airflow/.local/lib/python3.12/site-packages/airflow/example_dags/example_sensors.py took 0.033 seconds
[2024-05-22T08:08:37.238+0000] {processor.py:161} INFO - Started process (PID=1400) to work on /home/airflow/.local/lib/python3.12/site-packages/airflow/example_dags/example_sensors.py
[2024-05-22T08:08:37.239+0000] {processor.py:830} INFO - Processing file /home/airflow/.local/lib/python3.12/site-packages/airflow/example_dags/example_sensors.py for tasks to queue
[2024-05-22T08:08:37.241+0000] {logging_mixin.py:188} INFO - [2024-05-22T08:08:37.241+0000] {dagbag.py:540} INFO - Filling up the DagBag from /home/airflow/.local/lib/python3.12/site-packages/airflow/example_dags/example_sensors.py
[2024-05-22T08:08:37.245+0000] {processor.py:840} INFO - DAG(s) 'example_sensors' retrieved from /home/airflow/.local/lib/python3.12/site-packages/airflow/example_dags/example_sensors.py
[2024-05-22T08:08:37.259+0000] {logging_mixin.py:188} INFO - [2024-05-22T08:08:37.259+0000] {dag.py:3096} INFO - Sync 1 DAGs
[2024-05-22T08:08:37.265+0000] {logging_mixin.py:188} INFO - [2024-05-22T08:08:37.265+0000] {dag.py:3954} INFO - Setting next_dagrun for example_sensors to None, run_after=None
[2024-05-22T08:08:37.274+0000] {processor.py:183} INFO - Processing /home/airflow/.local/lib/python3.12/site-packages/airflow/example_dags/example_sensors.py took 0.038 seconds
[2024-05-22T08:09:08.201+0000] {processor.py:161} INFO - Started process (PID=1667) to work on /home/airflow/.local/lib/python3.12/site-packages/airflow/example_dags/example_sensors.py
[2024-05-22T08:09:08.202+0000] {processor.py:830} INFO - Processing file /home/airflow/.local/lib/python3.12/site-packages/airflow/example_dags/example_sensors.py for tasks to queue
[2024-05-22T08:09:08.203+0000] {logging_mixin.py:188} INFO - [2024-05-22T08:09:08.203+0000] {dagbag.py:540} INFO - Filling up the DagBag from /home/airflow/.local/lib/python3.12/site-packages/airflow/example_dags/example_sensors.py
[2024-05-22T08:09:08.207+0000] {processor.py:840} INFO - DAG(s) 'example_sensors' retrieved from /home/airflow/.local/lib/python3.12/site-packages/airflow/example_dags/example_sensors.py
[2024-05-22T08:09:08.222+0000] {logging_mixin.py:188} INFO - [2024-05-22T08:09:08.222+0000] {dag.py:3096} INFO - Sync 1 DAGs
[2024-05-22T08:09:08.230+0000] {logging_mixin.py:188} INFO - [2024-05-22T08:09:08.229+0000] {dag.py:3954} INFO - Setting next_dagrun for example_sensors to None, run_after=None
[2024-05-22T08:09:08.240+0000] {processor.py:183} INFO - Processing /home/airflow/.local/lib/python3.12/site-packages/airflow/example_dags/example_sensors.py took 0.041 seconds
[2024-05-22T08:09:39.040+0000] {processor.py:161} INFO - Started process (PID=1931) to work on /home/airflow/.local/lib/python3.12/site-packages/airflow/example_dags/example_sensors.py
[2024-05-22T08:09:39.043+0000] {processor.py:830} INFO - Processing file /home/airflow/.local/lib/python3.12/site-packages/airflow/example_dags/example_sensors.py for tasks to queue
[2024-05-22T08:09:39.044+0000] {logging_mixin.py:188} INFO - [2024-05-22T08:09:39.044+0000] {dagbag.py:540} INFO - Filling up the DagBag from /home/airflow/.local/lib/python3.12/site-packages/airflow/example_dags/example_sensors.py
[2024-05-22T08:09:39.047+0000] {processor.py:840} INFO - DAG(s) 'example_sensors' retrieved from /home/airflow/.local/lib/python3.12/site-packages/airflow/example_dags/example_sensors.py
[2024-05-22T08:09:39.059+0000] {logging_mixin.py:188} INFO - [2024-05-22T08:09:39.059+0000] {dag.py:3096} INFO - Sync 1 DAGs
[2024-05-22T08:09:39.064+0000] {logging_mixin.py:188} INFO - [2024-05-22T08:09:39.064+0000] {dag.py:3954} INFO - Setting next_dagrun for example_sensors to None, run_after=None
[2024-05-22T08:09:39.072+0000] {processor.py:183} INFO - Processing /home/airflow/.local/lib/python3.12/site-packages/airflow/example_dags/example_sensors.py took 0.035 seconds
[2024-05-22T08:10:09.904+0000] {processor.py:161} INFO - Started process (PID=2198) to work on /home/airflow/.local/lib/python3.12/site-packages/airflow/example_dags/example_sensors.py
[2024-05-22T08:10:09.905+0000] {processor.py:830} INFO - Processing file /home/airflow/.local/lib/python3.12/site-packages/airflow/example_dags/example_sensors.py for tasks to queue
[2024-05-22T08:10:09.906+0000] {logging_mixin.py:188} INFO - [2024-05-22T08:10:09.906+0000] {dagbag.py:540} INFO - Filling up the DagBag from /home/airflow/.local/lib/python3.12/site-packages/airflow/example_dags/example_sensors.py
[2024-05-22T08:10:09.909+0000] {processor.py:840} INFO - DAG(s) 'example_sensors' retrieved from /home/airflow/.local/lib/python3.12/site-packages/airflow/example_dags/example_sensors.py
[2024-05-22T08:10:09.920+0000] {logging_mixin.py:188} INFO - [2024-05-22T08:10:09.920+0000] {dag.py:3096} INFO - Sync 1 DAGs
[2024-05-22T08:10:09.925+0000] {logging_mixin.py:188} INFO - [2024-05-22T08:10:09.925+0000] {dag.py:3954} INFO - Setting next_dagrun for example_sensors to None, run_after=None
[2024-05-22T08:10:09.932+0000] {processor.py:183} INFO - Processing /home/airflow/.local/lib/python3.12/site-packages/airflow/example_dags/example_sensors.py took 0.030 seconds
[2024-05-22T08:10:40.591+0000] {processor.py:161} INFO - Started process (PID=2468) to work on /home/airflow/.local/lib/python3.12/site-packages/airflow/example_dags/example_sensors.py
[2024-05-22T08:10:40.591+0000] {processor.py:830} INFO - Processing file /home/airflow/.local/lib/python3.12/site-packages/airflow/example_dags/example_sensors.py for tasks to queue
[2024-05-22T08:10:40.592+0000] {logging_mixin.py:188} INFO - [2024-05-22T08:10:40.592+0000] {dagbag.py:540} INFO - Filling up the DagBag from /home/airflow/.local/lib/python3.12/site-packages/airflow/example_dags/example_sensors.py
[2024-05-22T08:10:40.596+0000] {processor.py:840} INFO - DAG(s) 'example_sensors' retrieved from /home/airflow/.local/lib/python3.12/site-packages/airflow/example_dags/example_sensors.py
[2024-05-22T08:10:40.607+0000] {logging_mixin.py:188} INFO - [2024-05-22T08:10:40.607+0000] {dag.py:3096} INFO - Sync 1 DAGs
[2024-05-22T08:10:40.613+0000] {logging_mixin.py:188} INFO - [2024-05-22T08:10:40.613+0000] {dag.py:3954} INFO - Setting next_dagrun for example_sensors to None, run_after=None
[2024-05-22T08:10:40.621+0000] {processor.py:183} INFO - Processing /home/airflow/.local/lib/python3.12/site-packages/airflow/example_dags/example_sensors.py took 0.033 seconds
[2024-05-22T08:11:11.262+0000] {processor.py:161} INFO - Started process (PID=2735) to work on /home/airflow/.local/lib/python3.12/site-packages/airflow/example_dags/example_sensors.py
[2024-05-22T08:11:11.262+0000] {processor.py:830} INFO - Processing file /home/airflow/.local/lib/python3.12/site-packages/airflow/example_dags/example_sensors.py for tasks to queue
[2024-05-22T08:11:11.263+0000] {logging_mixin.py:188} INFO - [2024-05-22T08:11:11.263+0000] {dagbag.py:540} INFO - Filling up the DagBag from /home/airflow/.local/lib/python3.12/site-packages/airflow/example_dags/example_sensors.py
[2024-05-22T08:11:11.267+0000] {processor.py:840} INFO - DAG(s) 'example_sensors' retrieved from /home/airflow/.local/lib/python3.12/site-packages/airflow/example_dags/example_sensors.py
[2024-05-22T08:11:11.278+0000] {logging_mixin.py:188} INFO - [2024-05-22T08:11:11.278+0000] {dag.py:3096} INFO - Sync 1 DAGs
[2024-05-22T08:11:11.284+0000] {logging_mixin.py:188} INFO - [2024-05-22T08:11:11.284+0000] {dag.py:3954} INFO - Setting next_dagrun for example_sensors to None, run_after=None
[2024-05-22T08:11:11.293+0000] {processor.py:183} INFO - Processing /home/airflow/.local/lib/python3.12/site-packages/airflow/example_dags/example_sensors.py took 0.034 seconds
[2024-05-22T08:11:41.996+0000] {processor.py:161} INFO - Started process (PID=3002) to work on /home/airflow/.local/lib/python3.12/site-packages/airflow/example_dags/example_sensors.py
[2024-05-22T08:11:41.997+0000] {processor.py:830} INFO - Processing file /home/airflow/.local/lib/python3.12/site-packages/airflow/example_dags/example_sensors.py for tasks to queue
[2024-05-22T08:11:41.998+0000] {logging_mixin.py:188} INFO - [2024-05-22T08:11:41.997+0000] {dagbag.py:540} INFO - Filling up the DagBag from /home/airflow/.local/lib/python3.12/site-packages/airflow/example_dags/example_sensors.py
[2024-05-22T08:11:42.002+0000] {processor.py:840} INFO - DAG(s) 'example_sensors' retrieved from /home/airflow/.local/lib/python3.12/site-packages/airflow/example_dags/example_sensors.py
[2024-05-22T08:11:42.016+0000] {logging_mixin.py:188} INFO - [2024-05-22T08:11:42.016+0000] {dag.py:3096} INFO - Sync 1 DAGs
[2024-05-22T08:11:42.022+0000] {logging_mixin.py:188} INFO - [2024-05-22T08:11:42.022+0000] {dag.py:3954} INFO - Setting next_dagrun for example_sensors to None, run_after=None
[2024-05-22T08:11:42.031+0000] {processor.py:183} INFO - Processing /home/airflow/.local/lib/python3.12/site-packages/airflow/example_dags/example_sensors.py took 0.038 seconds
[2024-05-22T08:12:13.336+0000] {processor.py:161} INFO - Started process (PID=3268) to work on /home/airflow/.local/lib/python3.12/site-packages/airflow/example_dags/example_sensors.py
[2024-05-22T08:12:13.338+0000] {processor.py:830} INFO - Processing file /home/airflow/.local/lib/python3.12/site-packages/airflow/example_dags/example_sensors.py for tasks to queue
[2024-05-22T08:12:13.340+0000] {logging_mixin.py:188} INFO - [2024-05-22T08:12:13.340+0000] {dagbag.py:540} INFO - Filling up the DagBag from /home/airflow/.local/lib/python3.12/site-packages/airflow/example_dags/example_sensors.py
[2024-05-22T08:12:13.355+0000] {processor.py:840} INFO - DAG(s) 'example_sensors' retrieved from /home/airflow/.local/lib/python3.12/site-packages/airflow/example_dags/example_sensors.py
[2024-05-22T08:12:13.396+0000] {logging_mixin.py:188} INFO - [2024-05-22T08:12:13.396+0000] {dag.py:3096} INFO - Sync 1 DAGs
[2024-05-22T08:12:13.410+0000] {logging_mixin.py:188} INFO - [2024-05-22T08:12:13.410+0000] {dag.py:3954} INFO - Setting next_dagrun for example_sensors to None, run_after=None
[2024-05-22T08:12:13.448+0000] {processor.py:183} INFO - Processing /home/airflow/.local/lib/python3.12/site-packages/airflow/example_dags/example_sensors.py took 0.117 seconds
[2024-05-22T08:12:43.535+0000] {processor.py:161} INFO - Started process (PID=3530) to work on /home/airflow/.local/lib/python3.12/site-packages/airflow/example_dags/example_sensors.py
[2024-05-22T08:12:43.536+0000] {processor.py:830} INFO - Processing file /home/airflow/.local/lib/python3.12/site-packages/airflow/example_dags/example_sensors.py for tasks to queue
[2024-05-22T08:12:43.536+0000] {logging_mixin.py:188} INFO - [2024-05-22T08:12:43.536+0000] {dagbag.py:540} INFO - Filling up the DagBag from /home/airflow/.local/lib/python3.12/site-packages/airflow/example_dags/example_sensors.py
[2024-05-22T08:12:43.540+0000] {processor.py:840} INFO - DAG(s) 'example_sensors' retrieved from /home/airflow/.local/lib/python3.12/site-packages/airflow/example_dags/example_sensors.py
[2024-05-22T08:12:43.551+0000] {logging_mixin.py:188} INFO - [2024-05-22T08:12:43.551+0000] {dag.py:3096} INFO - Sync 1 DAGs
[2024-05-22T08:12:43.557+0000] {logging_mixin.py:188} INFO - [2024-05-22T08:12:43.557+0000] {dag.py:3954} INFO - Setting next_dagrun for example_sensors to None, run_after=None
[2024-05-22T08:12:43.565+0000] {processor.py:183} INFO - Processing /home/airflow/.local/lib/python3.12/site-packages/airflow/example_dags/example_sensors.py took 0.033 seconds
[2024-05-22T08:13:14.681+0000] {processor.py:161} INFO - Started process (PID=3797) to work on /home/airflow/.local/lib/python3.12/site-packages/airflow/example_dags/example_sensors.py
[2024-05-22T08:13:14.682+0000] {processor.py:830} INFO - Processing file /home/airflow/.local/lib/python3.12/site-packages/airflow/example_dags/example_sensors.py for tasks to queue
[2024-05-22T08:13:14.683+0000] {logging_mixin.py:188} INFO - [2024-05-22T08:13:14.683+0000] {dagbag.py:540} INFO - Filling up the DagBag from /home/airflow/.local/lib/python3.12/site-packages/airflow/example_dags/example_sensors.py
[2024-05-22T08:13:14.687+0000] {processor.py:840} INFO - DAG(s) 'example_sensors' retrieved from /home/airflow/.local/lib/python3.12/site-packages/airflow/example_dags/example_sensors.py
[2024-05-22T08:13:14.698+0000] {logging_mixin.py:188} INFO - [2024-05-22T08:13:14.698+0000] {dag.py:3096} INFO - Sync 1 DAGs
[2024-05-22T08:13:14.705+0000] {logging_mixin.py:188} INFO - [2024-05-22T08:13:14.705+0000] {dag.py:3954} INFO - Setting next_dagrun for example_sensors to None, run_after=None
[2024-05-22T08:13:14.716+0000] {processor.py:183} INFO - Processing /home/airflow/.local/lib/python3.12/site-packages/airflow/example_dags/example_sensors.py took 0.038 seconds
[2024-05-22T08:13:45.603+0000] {processor.py:161} INFO - Started process (PID=4064) to work on /home/airflow/.local/lib/python3.12/site-packages/airflow/example_dags/example_sensors.py
[2024-05-22T08:13:45.603+0000] {processor.py:830} INFO - Processing file /home/airflow/.local/lib/python3.12/site-packages/airflow/example_dags/example_sensors.py for tasks to queue
[2024-05-22T08:13:45.604+0000] {logging_mixin.py:188} INFO - [2024-05-22T08:13:45.604+0000] {dagbag.py:540} INFO - Filling up the DagBag from /home/airflow/.local/lib/python3.12/site-packages/airflow/example_dags/example_sensors.py
[2024-05-22T08:13:45.609+0000] {processor.py:840} INFO - DAG(s) 'example_sensors' retrieved from /home/airflow/.local/lib/python3.12/site-packages/airflow/example_dags/example_sensors.py
[2024-05-22T08:13:45.620+0000] {logging_mixin.py:188} INFO - [2024-05-22T08:13:45.620+0000] {dag.py:3096} INFO - Sync 1 DAGs
[2024-05-22T08:13:45.626+0000] {logging_mixin.py:188} INFO - [2024-05-22T08:13:45.626+0000] {dag.py:3954} INFO - Setting next_dagrun for example_sensors to None, run_after=None
[2024-05-22T08:13:45.634+0000] {processor.py:183} INFO - Processing /home/airflow/.local/lib/python3.12/site-packages/airflow/example_dags/example_sensors.py took 0.034 seconds
[2024-05-22T08:14:15.784+0000] {processor.py:161} INFO - Started process (PID=4330) to work on /home/airflow/.local/lib/python3.12/site-packages/airflow/example_dags/example_sensors.py
[2024-05-22T08:14:15.785+0000] {processor.py:830} INFO - Processing file /home/airflow/.local/lib/python3.12/site-packages/airflow/example_dags/example_sensors.py for tasks to queue
[2024-05-22T08:14:15.786+0000] {logging_mixin.py:188} INFO - [2024-05-22T08:14:15.786+0000] {dagbag.py:540} INFO - Filling up the DagBag from /home/airflow/.local/lib/python3.12/site-packages/airflow/example_dags/example_sensors.py
[2024-05-22T08:14:15.790+0000] {processor.py:840} INFO - DAG(s) 'example_sensors' retrieved from /home/airflow/.local/lib/python3.12/site-packages/airflow/example_dags/example_sensors.py
[2024-05-22T08:14:15.802+0000] {logging_mixin.py:188} INFO - [2024-05-22T08:14:15.802+0000] {dag.py:3096} INFO - Sync 1 DAGs
[2024-05-22T08:14:15.809+0000] {logging_mixin.py:188} INFO - [2024-05-22T08:14:15.809+0000] {dag.py:3954} INFO - Setting next_dagrun for example_sensors to None, run_after=None
[2024-05-22T08:14:15.818+0000] {processor.py:183} INFO - Processing /home/airflow/.local/lib/python3.12/site-packages/airflow/example_dags/example_sensors.py took 0.036 seconds
[2024-05-22T08:14:46.057+0000] {processor.py:161} INFO - Started process (PID=4597) to work on /home/airflow/.local/lib/python3.12/site-packages/airflow/example_dags/example_sensors.py
[2024-05-22T08:14:46.061+0000] {processor.py:830} INFO - Processing file /home/airflow/.local/lib/python3.12/site-packages/airflow/example_dags/example_sensors.py for tasks to queue
[2024-05-22T08:14:46.062+0000] {logging_mixin.py:188} INFO - [2024-05-22T08:14:46.061+0000] {dagbag.py:540} INFO - Filling up the DagBag from /home/airflow/.local/lib/python3.12/site-packages/airflow/example_dags/example_sensors.py
[2024-05-22T08:14:46.066+0000] {processor.py:840} INFO - DAG(s) 'example_sensors' retrieved from /home/airflow/.local/lib/python3.12/site-packages/airflow/example_dags/example_sensors.py
[2024-05-22T08:14:46.077+0000] {logging_mixin.py:188} INFO - [2024-05-22T08:14:46.077+0000] {dag.py:3096} INFO - Sync 1 DAGs
[2024-05-22T08:14:46.082+0000] {logging_mixin.py:188} INFO - [2024-05-22T08:14:46.082+0000] {dag.py:3954} INFO - Setting next_dagrun for example_sensors to None, run_after=None
[2024-05-22T08:14:46.090+0000] {processor.py:183} INFO - Processing /home/airflow/.local/lib/python3.12/site-packages/airflow/example_dags/example_sensors.py took 0.035 seconds
[2024-05-22T08:15:16.395+0000] {processor.py:161} INFO - Started process (PID=4866) to work on /home/airflow/.local/lib/python3.12/site-packages/airflow/example_dags/example_sensors.py
[2024-05-22T08:15:16.395+0000] {processor.py:830} INFO - Processing file /home/airflow/.local/lib/python3.12/site-packages/airflow/example_dags/example_sensors.py for tasks to queue
[2024-05-22T08:15:16.396+0000] {logging_mixin.py:188} INFO - [2024-05-22T08:15:16.396+0000] {dagbag.py:540} INFO - Filling up the DagBag from /home/airflow/.local/lib/python3.12/site-packages/airflow/example_dags/example_sensors.py
[2024-05-22T08:15:16.400+0000] {processor.py:840} INFO - DAG(s) 'example_sensors' retrieved from /home/airflow/.local/lib/python3.12/site-packages/airflow/example_dags/example_sensors.py
[2024-05-22T08:15:16.412+0000] {logging_mixin.py:188} INFO - [2024-05-22T08:15:16.412+0000] {dag.py:3096} INFO - Sync 1 DAGs
[2024-05-22T08:15:16.417+0000] {logging_mixin.py:188} INFO - [2024-05-22T08:15:16.417+0000] {dag.py:3954} INFO - Setting next_dagrun for example_sensors to None, run_after=None
[2024-05-22T08:15:16.426+0000] {processor.py:183} INFO - Processing /home/airflow/.local/lib/python3.12/site-packages/airflow/example_dags/example_sensors.py took 0.034 seconds
