[2024-05-22T08:06:33.915+0000] {processor.py:161} INFO - Started process (PID=184) to work on /home/airflow/.local/lib/python3.12/site-packages/airflow/example_dags/example_branch_python_dop_operator_3.py
[2024-05-22T08:06:33.916+0000] {processor.py:830} INFO - Processing file /home/airflow/.local/lib/python3.12/site-packages/airflow/example_dags/example_branch_python_dop_operator_3.py for tasks to queue
[2024-05-22T08:06:33.917+0000] {logging_mixin.py:188} INFO - [2024-05-22T08:06:33.917+0000] {dagbag.py:540} INFO - Filling up the DagBag from /home/airflow/.local/lib/python3.12/site-packages/airflow/example_dags/example_branch_python_dop_operator_3.py
[2024-05-22T08:06:33.922+0000] {processor.py:840} INFO - DAG(s) 'example_branch_dop_operator_v3' retrieved from /home/airflow/.local/lib/python3.12/site-packages/airflow/example_dags/example_branch_python_dop_operator_3.py
[2024-05-22T08:06:33.937+0000] {logging_mixin.py:188} INFO - [2024-05-22T08:06:33.937+0000] {dag.py:3096} INFO - Sync 1 DAGs
[2024-05-22T08:06:33.949+0000] {logging_mixin.py:188} INFO - [2024-05-22T08:06:33.949+0000] {dag.py:3954} INFO - Setting next_dagrun for example_branch_dop_operator_v3 to 2024-05-22 08:05:00+00:00, run_after=2024-05-22 08:06:00+00:00
[2024-05-22T08:06:33.958+0000] {processor.py:183} INFO - Processing /home/airflow/.local/lib/python3.12/site-packages/airflow/example_dags/example_branch_python_dop_operator_3.py took 0.045 seconds
[2024-05-22T08:07:04.300+0000] {processor.py:161} INFO - Started process (PID=449) to work on /home/airflow/.local/lib/python3.12/site-packages/airflow/example_dags/example_branch_python_dop_operator_3.py
[2024-05-22T08:07:04.301+0000] {processor.py:830} INFO - Processing file /home/airflow/.local/lib/python3.12/site-packages/airflow/example_dags/example_branch_python_dop_operator_3.py for tasks to queue
[2024-05-22T08:07:04.302+0000] {logging_mixin.py:188} INFO - [2024-05-22T08:07:04.302+0000] {dagbag.py:540} INFO - Filling up the DagBag from /home/airflow/.local/lib/python3.12/site-packages/airflow/example_dags/example_branch_python_dop_operator_3.py
[2024-05-22T08:07:04.306+0000] {processor.py:840} INFO - DAG(s) 'example_branch_dop_operator_v3' retrieved from /home/airflow/.local/lib/python3.12/site-packages/airflow/example_dags/example_branch_python_dop_operator_3.py
[2024-05-22T08:07:04.316+0000] {logging_mixin.py:188} INFO - [2024-05-22T08:07:04.315+0000] {dag.py:3096} INFO - Sync 1 DAGs
[2024-05-22T08:07:04.326+0000] {logging_mixin.py:188} INFO - [2024-05-22T08:07:04.326+0000] {dag.py:3954} INFO - Setting next_dagrun for example_branch_dop_operator_v3 to 2024-05-22 08:06:00+00:00, run_after=2024-05-22 08:07:00+00:00
[2024-05-22T08:07:04.335+0000] {processor.py:183} INFO - Processing /home/airflow/.local/lib/python3.12/site-packages/airflow/example_dags/example_branch_python_dop_operator_3.py took 0.037 seconds
[2024-05-22T08:07:35.117+0000] {processor.py:161} INFO - Started process (PID=716) to work on /home/airflow/.local/lib/python3.12/site-packages/airflow/example_dags/example_branch_python_dop_operator_3.py
[2024-05-22T08:07:35.118+0000] {processor.py:830} INFO - Processing file /home/airflow/.local/lib/python3.12/site-packages/airflow/example_dags/example_branch_python_dop_operator_3.py for tasks to queue
[2024-05-22T08:07:35.118+0000] {logging_mixin.py:188} INFO - [2024-05-22T08:07:35.118+0000] {dagbag.py:540} INFO - Filling up the DagBag from /home/airflow/.local/lib/python3.12/site-packages/airflow/example_dags/example_branch_python_dop_operator_3.py
[2024-05-22T08:07:35.123+0000] {processor.py:840} INFO - DAG(s) 'example_branch_dop_operator_v3' retrieved from /home/airflow/.local/lib/python3.12/site-packages/airflow/example_dags/example_branch_python_dop_operator_3.py
[2024-05-22T08:07:35.133+0000] {logging_mixin.py:188} INFO - [2024-05-22T08:07:35.133+0000] {dag.py:3096} INFO - Sync 1 DAGs
[2024-05-22T08:07:35.144+0000] {logging_mixin.py:188} INFO - [2024-05-22T08:07:35.143+0000] {dag.py:3954} INFO - Setting next_dagrun for example_branch_dop_operator_v3 to 2024-05-22 08:06:00+00:00, run_after=2024-05-22 08:07:00+00:00
[2024-05-22T08:07:35.151+0000] {processor.py:183} INFO - Processing /home/airflow/.local/lib/python3.12/site-packages/airflow/example_dags/example_branch_python_dop_operator_3.py took 0.037 seconds
[2024-05-22T08:08:05.743+0000] {processor.py:161} INFO - Started process (PID=983) to work on /home/airflow/.local/lib/python3.12/site-packages/airflow/example_dags/example_branch_python_dop_operator_3.py
[2024-05-22T08:08:05.744+0000] {processor.py:830} INFO - Processing file /home/airflow/.local/lib/python3.12/site-packages/airflow/example_dags/example_branch_python_dop_operator_3.py for tasks to queue
[2024-05-22T08:08:05.745+0000] {logging_mixin.py:188} INFO - [2024-05-22T08:08:05.745+0000] {dagbag.py:540} INFO - Filling up the DagBag from /home/airflow/.local/lib/python3.12/site-packages/airflow/example_dags/example_branch_python_dop_operator_3.py
[2024-05-22T08:08:05.749+0000] {processor.py:840} INFO - DAG(s) 'example_branch_dop_operator_v3' retrieved from /home/airflow/.local/lib/python3.12/site-packages/airflow/example_dags/example_branch_python_dop_operator_3.py
[2024-05-22T08:08:05.759+0000] {logging_mixin.py:188} INFO - [2024-05-22T08:08:05.759+0000] {dag.py:3096} INFO - Sync 1 DAGs
[2024-05-22T08:08:05.770+0000] {logging_mixin.py:188} INFO - [2024-05-22T08:08:05.770+0000] {dag.py:3954} INFO - Setting next_dagrun for example_branch_dop_operator_v3 to 2024-05-22 08:07:00+00:00, run_after=2024-05-22 08:08:00+00:00
[2024-05-22T08:08:05.779+0000] {processor.py:183} INFO - Processing /home/airflow/.local/lib/python3.12/site-packages/airflow/example_dags/example_branch_python_dop_operator_3.py took 0.039 seconds
[2024-05-22T08:08:36.470+0000] {processor.py:161} INFO - Started process (PID=1250) to work on /home/airflow/.local/lib/python3.12/site-packages/airflow/example_dags/example_branch_python_dop_operator_3.py
[2024-05-22T08:08:36.471+0000] {processor.py:830} INFO - Processing file /home/airflow/.local/lib/python3.12/site-packages/airflow/example_dags/example_branch_python_dop_operator_3.py for tasks to queue
[2024-05-22T08:08:36.472+0000] {logging_mixin.py:188} INFO - [2024-05-22T08:08:36.471+0000] {dagbag.py:540} INFO - Filling up the DagBag from /home/airflow/.local/lib/python3.12/site-packages/airflow/example_dags/example_branch_python_dop_operator_3.py
[2024-05-22T08:08:36.476+0000] {processor.py:840} INFO - DAG(s) 'example_branch_dop_operator_v3' retrieved from /home/airflow/.local/lib/python3.12/site-packages/airflow/example_dags/example_branch_python_dop_operator_3.py
[2024-05-22T08:08:36.485+0000] {logging_mixin.py:188} INFO - [2024-05-22T08:08:36.485+0000] {dag.py:3096} INFO - Sync 1 DAGs
[2024-05-22T08:08:36.496+0000] {logging_mixin.py:188} INFO - [2024-05-22T08:08:36.496+0000] {dag.py:3954} INFO - Setting next_dagrun for example_branch_dop_operator_v3 to 2024-05-22 08:07:00+00:00, run_after=2024-05-22 08:08:00+00:00
[2024-05-22T08:08:36.504+0000] {processor.py:183} INFO - Processing /home/airflow/.local/lib/python3.12/site-packages/airflow/example_dags/example_branch_python_dop_operator_3.py took 0.036 seconds
[2024-05-22T08:09:07.111+0000] {processor.py:161} INFO - Started process (PID=1517) to work on /home/airflow/.local/lib/python3.12/site-packages/airflow/example_dags/example_branch_python_dop_operator_3.py
[2024-05-22T08:09:07.112+0000] {processor.py:830} INFO - Processing file /home/airflow/.local/lib/python3.12/site-packages/airflow/example_dags/example_branch_python_dop_operator_3.py for tasks to queue
[2024-05-22T08:09:07.113+0000] {logging_mixin.py:188} INFO - [2024-05-22T08:09:07.113+0000] {dagbag.py:540} INFO - Filling up the DagBag from /home/airflow/.local/lib/python3.12/site-packages/airflow/example_dags/example_branch_python_dop_operator_3.py
[2024-05-22T08:09:07.121+0000] {processor.py:840} INFO - DAG(s) 'example_branch_dop_operator_v3' retrieved from /home/airflow/.local/lib/python3.12/site-packages/airflow/example_dags/example_branch_python_dop_operator_3.py
[2024-05-22T08:09:07.135+0000] {logging_mixin.py:188} INFO - [2024-05-22T08:09:07.134+0000] {dag.py:3096} INFO - Sync 1 DAGs
[2024-05-22T08:09:07.147+0000] {logging_mixin.py:188} INFO - [2024-05-22T08:09:07.147+0000] {dag.py:3954} INFO - Setting next_dagrun for example_branch_dop_operator_v3 to 2024-05-22 08:08:00+00:00, run_after=2024-05-22 08:09:00+00:00
[2024-05-22T08:09:07.156+0000] {processor.py:183} INFO - Processing /home/airflow/.local/lib/python3.12/site-packages/airflow/example_dags/example_branch_python_dop_operator_3.py took 0.048 seconds
[2024-05-22T08:09:37.280+0000] {processor.py:161} INFO - Started process (PID=1784) to work on /home/airflow/.local/lib/python3.12/site-packages/airflow/example_dags/example_branch_python_dop_operator_3.py
[2024-05-22T08:09:37.281+0000] {processor.py:830} INFO - Processing file /home/airflow/.local/lib/python3.12/site-packages/airflow/example_dags/example_branch_python_dop_operator_3.py for tasks to queue
[2024-05-22T08:09:37.282+0000] {logging_mixin.py:188} INFO - [2024-05-22T08:09:37.281+0000] {dagbag.py:540} INFO - Filling up the DagBag from /home/airflow/.local/lib/python3.12/site-packages/airflow/example_dags/example_branch_python_dop_operator_3.py
[2024-05-22T08:09:37.286+0000] {processor.py:840} INFO - DAG(s) 'example_branch_dop_operator_v3' retrieved from /home/airflow/.local/lib/python3.12/site-packages/airflow/example_dags/example_branch_python_dop_operator_3.py
[2024-05-22T08:09:37.295+0000] {logging_mixin.py:188} INFO - [2024-05-22T08:09:37.295+0000] {dag.py:3096} INFO - Sync 1 DAGs
[2024-05-22T08:09:37.305+0000] {logging_mixin.py:188} INFO - [2024-05-22T08:09:37.305+0000] {dag.py:3954} INFO - Setting next_dagrun for example_branch_dop_operator_v3 to 2024-05-22 08:08:00+00:00, run_after=2024-05-22 08:09:00+00:00
[2024-05-22T08:09:37.313+0000] {processor.py:183} INFO - Processing /home/airflow/.local/lib/python3.12/site-packages/airflow/example_dags/example_branch_python_dop_operator_3.py took 0.035 seconds
[2024-05-22T08:10:08.144+0000] {processor.py:161} INFO - Started process (PID=2051) to work on /home/airflow/.local/lib/python3.12/site-packages/airflow/example_dags/example_branch_python_dop_operator_3.py
[2024-05-22T08:10:08.145+0000] {processor.py:830} INFO - Processing file /home/airflow/.local/lib/python3.12/site-packages/airflow/example_dags/example_branch_python_dop_operator_3.py for tasks to queue
[2024-05-22T08:10:08.146+0000] {logging_mixin.py:188} INFO - [2024-05-22T08:10:08.146+0000] {dagbag.py:540} INFO - Filling up the DagBag from /home/airflow/.local/lib/python3.12/site-packages/airflow/example_dags/example_branch_python_dop_operator_3.py
[2024-05-22T08:10:08.150+0000] {processor.py:840} INFO - DAG(s) 'example_branch_dop_operator_v3' retrieved from /home/airflow/.local/lib/python3.12/site-packages/airflow/example_dags/example_branch_python_dop_operator_3.py
[2024-05-22T08:10:08.159+0000] {logging_mixin.py:188} INFO - [2024-05-22T08:10:08.159+0000] {dag.py:3096} INFO - Sync 1 DAGs
[2024-05-22T08:10:08.169+0000] {logging_mixin.py:188} INFO - [2024-05-22T08:10:08.169+0000] {dag.py:3954} INFO - Setting next_dagrun for example_branch_dop_operator_v3 to 2024-05-22 08:09:00+00:00, run_after=2024-05-22 08:10:00+00:00
[2024-05-22T08:10:08.177+0000] {processor.py:183} INFO - Processing /home/airflow/.local/lib/python3.12/site-packages/airflow/example_dags/example_branch_python_dop_operator_3.py took 0.036 seconds
[2024-05-22T08:10:38.808+0000] {processor.py:161} INFO - Started process (PID=2318) to work on /home/airflow/.local/lib/python3.12/site-packages/airflow/example_dags/example_branch_python_dop_operator_3.py
[2024-05-22T08:10:38.809+0000] {processor.py:830} INFO - Processing file /home/airflow/.local/lib/python3.12/site-packages/airflow/example_dags/example_branch_python_dop_operator_3.py for tasks to queue
[2024-05-22T08:10:38.810+0000] {logging_mixin.py:188} INFO - [2024-05-22T08:10:38.809+0000] {dagbag.py:540} INFO - Filling up the DagBag from /home/airflow/.local/lib/python3.12/site-packages/airflow/example_dags/example_branch_python_dop_operator_3.py
[2024-05-22T08:10:38.814+0000] {processor.py:840} INFO - DAG(s) 'example_branch_dop_operator_v3' retrieved from /home/airflow/.local/lib/python3.12/site-packages/airflow/example_dags/example_branch_python_dop_operator_3.py
[2024-05-22T08:10:38.823+0000] {logging_mixin.py:188} INFO - [2024-05-22T08:10:38.823+0000] {dag.py:3096} INFO - Sync 1 DAGs
[2024-05-22T08:10:38.833+0000] {logging_mixin.py:188} INFO - [2024-05-22T08:10:38.832+0000] {dag.py:3954} INFO - Setting next_dagrun for example_branch_dop_operator_v3 to 2024-05-22 08:09:00+00:00, run_after=2024-05-22 08:10:00+00:00
[2024-05-22T08:10:38.840+0000] {processor.py:183} INFO - Processing /home/airflow/.local/lib/python3.12/site-packages/airflow/example_dags/example_branch_python_dop_operator_3.py took 0.035 seconds
[2024-05-22T08:11:09.419+0000] {processor.py:161} INFO - Started process (PID=2585) to work on /home/airflow/.local/lib/python3.12/site-packages/airflow/example_dags/example_branch_python_dop_operator_3.py
[2024-05-22T08:11:09.420+0000] {processor.py:830} INFO - Processing file /home/airflow/.local/lib/python3.12/site-packages/airflow/example_dags/example_branch_python_dop_operator_3.py for tasks to queue
[2024-05-22T08:11:09.425+0000] {logging_mixin.py:188} INFO - [2024-05-22T08:11:09.425+0000] {dagbag.py:540} INFO - Filling up the DagBag from /home/airflow/.local/lib/python3.12/site-packages/airflow/example_dags/example_branch_python_dop_operator_3.py
[2024-05-22T08:11:09.432+0000] {processor.py:840} INFO - DAG(s) 'example_branch_dop_operator_v3' retrieved from /home/airflow/.local/lib/python3.12/site-packages/airflow/example_dags/example_branch_python_dop_operator_3.py
[2024-05-22T08:11:09.450+0000] {logging_mixin.py:188} INFO - [2024-05-22T08:11:09.449+0000] {dag.py:3096} INFO - Sync 1 DAGs
[2024-05-22T08:11:09.463+0000] {logging_mixin.py:188} INFO - [2024-05-22T08:11:09.463+0000] {dag.py:3954} INFO - Setting next_dagrun for example_branch_dop_operator_v3 to 2024-05-22 08:10:00+00:00, run_after=2024-05-22 08:11:00+00:00
[2024-05-22T08:11:09.474+0000] {processor.py:183} INFO - Processing /home/airflow/.local/lib/python3.12/site-packages/airflow/example_dags/example_branch_python_dop_operator_3.py took 0.058 seconds
[2024-05-22T08:11:40.239+0000] {processor.py:161} INFO - Started process (PID=2853) to work on /home/airflow/.local/lib/python3.12/site-packages/airflow/example_dags/example_branch_python_dop_operator_3.py
[2024-05-22T08:11:40.239+0000] {processor.py:830} INFO - Processing file /home/airflow/.local/lib/python3.12/site-packages/airflow/example_dags/example_branch_python_dop_operator_3.py for tasks to queue
[2024-05-22T08:11:40.240+0000] {logging_mixin.py:188} INFO - [2024-05-22T08:11:40.240+0000] {dagbag.py:540} INFO - Filling up the DagBag from /home/airflow/.local/lib/python3.12/site-packages/airflow/example_dags/example_branch_python_dop_operator_3.py
[2024-05-22T08:11:40.245+0000] {processor.py:840} INFO - DAG(s) 'example_branch_dop_operator_v3' retrieved from /home/airflow/.local/lib/python3.12/site-packages/airflow/example_dags/example_branch_python_dop_operator_3.py
[2024-05-22T08:11:40.254+0000] {logging_mixin.py:188} INFO - [2024-05-22T08:11:40.254+0000] {dag.py:3096} INFO - Sync 1 DAGs
[2024-05-22T08:11:40.265+0000] {logging_mixin.py:188} INFO - [2024-05-22T08:11:40.265+0000] {dag.py:3954} INFO - Setting next_dagrun for example_branch_dop_operator_v3 to 2024-05-22 08:10:00+00:00, run_after=2024-05-22 08:11:00+00:00
[2024-05-22T08:11:40.275+0000] {processor.py:183} INFO - Processing /home/airflow/.local/lib/python3.12/site-packages/airflow/example_dags/example_branch_python_dop_operator_3.py took 0.039 seconds
[2024-05-22T08:12:10.933+0000] {processor.py:161} INFO - Started process (PID=3118) to work on /home/airflow/.local/lib/python3.12/site-packages/airflow/example_dags/example_branch_python_dop_operator_3.py
[2024-05-22T08:12:10.933+0000] {processor.py:830} INFO - Processing file /home/airflow/.local/lib/python3.12/site-packages/airflow/example_dags/example_branch_python_dop_operator_3.py for tasks to queue
[2024-05-22T08:12:10.934+0000] {logging_mixin.py:188} INFO - [2024-05-22T08:12:10.934+0000] {dagbag.py:540} INFO - Filling up the DagBag from /home/airflow/.local/lib/python3.12/site-packages/airflow/example_dags/example_branch_python_dop_operator_3.py
[2024-05-22T08:12:10.938+0000] {processor.py:840} INFO - DAG(s) 'example_branch_dop_operator_v3' retrieved from /home/airflow/.local/lib/python3.12/site-packages/airflow/example_dags/example_branch_python_dop_operator_3.py
[2024-05-22T08:12:10.948+0000] {logging_mixin.py:188} INFO - [2024-05-22T08:12:10.948+0000] {dag.py:3096} INFO - Sync 1 DAGs
[2024-05-22T08:12:10.958+0000] {logging_mixin.py:188} INFO - [2024-05-22T08:12:10.958+0000] {dag.py:3954} INFO - Setting next_dagrun for example_branch_dop_operator_v3 to 2024-05-22 08:11:00+00:00, run_after=2024-05-22 08:12:00+00:00
[2024-05-22T08:12:10.966+0000] {processor.py:183} INFO - Processing /home/airflow/.local/lib/python3.12/site-packages/airflow/example_dags/example_branch_python_dop_operator_3.py took 0.037 seconds
[2024-05-22T08:12:41.733+0000] {processor.py:161} INFO - Started process (PID=3385) to work on /home/airflow/.local/lib/python3.12/site-packages/airflow/example_dags/example_branch_python_dop_operator_3.py
[2024-05-22T08:12:41.734+0000] {processor.py:830} INFO - Processing file /home/airflow/.local/lib/python3.12/site-packages/airflow/example_dags/example_branch_python_dop_operator_3.py for tasks to queue
[2024-05-22T08:12:41.735+0000] {logging_mixin.py:188} INFO - [2024-05-22T08:12:41.735+0000] {dagbag.py:540} INFO - Filling up the DagBag from /home/airflow/.local/lib/python3.12/site-packages/airflow/example_dags/example_branch_python_dop_operator_3.py
[2024-05-22T08:12:41.739+0000] {processor.py:840} INFO - DAG(s) 'example_branch_dop_operator_v3' retrieved from /home/airflow/.local/lib/python3.12/site-packages/airflow/example_dags/example_branch_python_dop_operator_3.py
[2024-05-22T08:12:41.748+0000] {logging_mixin.py:188} INFO - [2024-05-22T08:12:41.748+0000] {dag.py:3096} INFO - Sync 1 DAGs
[2024-05-22T08:12:41.759+0000] {logging_mixin.py:188} INFO - [2024-05-22T08:12:41.758+0000] {dag.py:3954} INFO - Setting next_dagrun for example_branch_dop_operator_v3 to 2024-05-22 08:11:00+00:00, run_after=2024-05-22 08:12:00+00:00
[2024-05-22T08:12:41.767+0000] {processor.py:183} INFO - Processing /home/airflow/.local/lib/python3.12/site-packages/airflow/example_dags/example_branch_python_dop_operator_3.py took 0.036 seconds
[2024-05-22T08:13:12.559+0000] {processor.py:161} INFO - Started process (PID=3652) to work on /home/airflow/.local/lib/python3.12/site-packages/airflow/example_dags/example_branch_python_dop_operator_3.py
[2024-05-22T08:13:12.560+0000] {processor.py:830} INFO - Processing file /home/airflow/.local/lib/python3.12/site-packages/airflow/example_dags/example_branch_python_dop_operator_3.py for tasks to queue
[2024-05-22T08:13:12.560+0000] {logging_mixin.py:188} INFO - [2024-05-22T08:13:12.560+0000] {dagbag.py:540} INFO - Filling up the DagBag from /home/airflow/.local/lib/python3.12/site-packages/airflow/example_dags/example_branch_python_dop_operator_3.py
[2024-05-22T08:13:12.564+0000] {processor.py:840} INFO - DAG(s) 'example_branch_dop_operator_v3' retrieved from /home/airflow/.local/lib/python3.12/site-packages/airflow/example_dags/example_branch_python_dop_operator_3.py
[2024-05-22T08:13:12.574+0000] {logging_mixin.py:188} INFO - [2024-05-22T08:13:12.573+0000] {dag.py:3096} INFO - Sync 1 DAGs
[2024-05-22T08:13:12.585+0000] {logging_mixin.py:188} INFO - [2024-05-22T08:13:12.585+0000] {dag.py:3954} INFO - Setting next_dagrun for example_branch_dop_operator_v3 to 2024-05-22 08:12:00+00:00, run_after=2024-05-22 08:13:00+00:00
[2024-05-22T08:13:12.593+0000] {processor.py:183} INFO - Processing /home/airflow/.local/lib/python3.12/site-packages/airflow/example_dags/example_branch_python_dop_operator_3.py took 0.038 seconds
[2024-05-22T08:13:42.781+0000] {processor.py:161} INFO - Started process (PID=3919) to work on /home/airflow/.local/lib/python3.12/site-packages/airflow/example_dags/example_branch_python_dop_operator_3.py
[2024-05-22T08:13:42.782+0000] {processor.py:830} INFO - Processing file /home/airflow/.local/lib/python3.12/site-packages/airflow/example_dags/example_branch_python_dop_operator_3.py for tasks to queue
[2024-05-22T08:13:42.783+0000] {logging_mixin.py:188} INFO - [2024-05-22T08:13:42.783+0000] {dagbag.py:540} INFO - Filling up the DagBag from /home/airflow/.local/lib/python3.12/site-packages/airflow/example_dags/example_branch_python_dop_operator_3.py
[2024-05-22T08:13:42.787+0000] {processor.py:840} INFO - DAG(s) 'example_branch_dop_operator_v3' retrieved from /home/airflow/.local/lib/python3.12/site-packages/airflow/example_dags/example_branch_python_dop_operator_3.py
[2024-05-22T08:13:42.796+0000] {logging_mixin.py:188} INFO - [2024-05-22T08:13:42.796+0000] {dag.py:3096} INFO - Sync 1 DAGs
[2024-05-22T08:13:42.806+0000] {logging_mixin.py:188} INFO - [2024-05-22T08:13:42.806+0000] {dag.py:3954} INFO - Setting next_dagrun for example_branch_dop_operator_v3 to 2024-05-22 08:12:00+00:00, run_after=2024-05-22 08:13:00+00:00
[2024-05-22T08:13:42.814+0000] {processor.py:183} INFO - Processing /home/airflow/.local/lib/python3.12/site-packages/airflow/example_dags/example_branch_python_dop_operator_3.py took 0.036 seconds
[2024-05-22T08:14:12.993+0000] {processor.py:161} INFO - Started process (PID=4185) to work on /home/airflow/.local/lib/python3.12/site-packages/airflow/example_dags/example_branch_python_dop_operator_3.py
[2024-05-22T08:14:12.994+0000] {processor.py:830} INFO - Processing file /home/airflow/.local/lib/python3.12/site-packages/airflow/example_dags/example_branch_python_dop_operator_3.py for tasks to queue
[2024-05-22T08:14:12.996+0000] {logging_mixin.py:188} INFO - [2024-05-22T08:14:12.996+0000] {dagbag.py:540} INFO - Filling up the DagBag from /home/airflow/.local/lib/python3.12/site-packages/airflow/example_dags/example_branch_python_dop_operator_3.py
[2024-05-22T08:14:13.000+0000] {processor.py:840} INFO - DAG(s) 'example_branch_dop_operator_v3' retrieved from /home/airflow/.local/lib/python3.12/site-packages/airflow/example_dags/example_branch_python_dop_operator_3.py
[2024-05-22T08:14:13.010+0000] {logging_mixin.py:188} INFO - [2024-05-22T08:14:13.010+0000] {dag.py:3096} INFO - Sync 1 DAGs
[2024-05-22T08:14:13.022+0000] {logging_mixin.py:188} INFO - [2024-05-22T08:14:13.022+0000] {dag.py:3954} INFO - Setting next_dagrun for example_branch_dop_operator_v3 to 2024-05-22 08:13:00+00:00, run_after=2024-05-22 08:14:00+00:00
[2024-05-22T08:14:13.037+0000] {processor.py:183} INFO - Processing /home/airflow/.local/lib/python3.12/site-packages/airflow/example_dags/example_branch_python_dop_operator_3.py took 0.047 seconds
[2024-05-22T08:14:43.205+0000] {processor.py:161} INFO - Started process (PID=4452) to work on /home/airflow/.local/lib/python3.12/site-packages/airflow/example_dags/example_branch_python_dop_operator_3.py
[2024-05-22T08:14:43.206+0000] {processor.py:830} INFO - Processing file /home/airflow/.local/lib/python3.12/site-packages/airflow/example_dags/example_branch_python_dop_operator_3.py for tasks to queue
[2024-05-22T08:14:43.207+0000] {logging_mixin.py:188} INFO - [2024-05-22T08:14:43.207+0000] {dagbag.py:540} INFO - Filling up the DagBag from /home/airflow/.local/lib/python3.12/site-packages/airflow/example_dags/example_branch_python_dop_operator_3.py
[2024-05-22T08:14:43.213+0000] {processor.py:840} INFO - DAG(s) 'example_branch_dop_operator_v3' retrieved from /home/airflow/.local/lib/python3.12/site-packages/airflow/example_dags/example_branch_python_dop_operator_3.py
[2024-05-22T08:14:43.229+0000] {logging_mixin.py:188} INFO - [2024-05-22T08:14:43.229+0000] {dag.py:3096} INFO - Sync 1 DAGs
[2024-05-22T08:14:43.247+0000] {logging_mixin.py:188} INFO - [2024-05-22T08:14:43.247+0000] {dag.py:3954} INFO - Setting next_dagrun for example_branch_dop_operator_v3 to 2024-05-22 08:13:00+00:00, run_after=2024-05-22 08:14:00+00:00
[2024-05-22T08:14:43.258+0000] {processor.py:183} INFO - Processing /home/airflow/.local/lib/python3.12/site-packages/airflow/example_dags/example_branch_python_dop_operator_3.py took 0.056 seconds
[2024-05-22T08:15:13.568+0000] {processor.py:161} INFO - Started process (PID=4719) to work on /home/airflow/.local/lib/python3.12/site-packages/airflow/example_dags/example_branch_python_dop_operator_3.py
[2024-05-22T08:15:13.569+0000] {processor.py:830} INFO - Processing file /home/airflow/.local/lib/python3.12/site-packages/airflow/example_dags/example_branch_python_dop_operator_3.py for tasks to queue
[2024-05-22T08:15:13.570+0000] {logging_mixin.py:188} INFO - [2024-05-22T08:15:13.570+0000] {dagbag.py:540} INFO - Filling up the DagBag from /home/airflow/.local/lib/python3.12/site-packages/airflow/example_dags/example_branch_python_dop_operator_3.py
[2024-05-22T08:15:13.574+0000] {processor.py:840} INFO - DAG(s) 'example_branch_dop_operator_v3' retrieved from /home/airflow/.local/lib/python3.12/site-packages/airflow/example_dags/example_branch_python_dop_operator_3.py
[2024-05-22T08:15:13.583+0000] {logging_mixin.py:188} INFO - [2024-05-22T08:15:13.583+0000] {dag.py:3096} INFO - Sync 1 DAGs
[2024-05-22T08:15:13.594+0000] {logging_mixin.py:188} INFO - [2024-05-22T08:15:13.594+0000] {dag.py:3954} INFO - Setting next_dagrun for example_branch_dop_operator_v3 to 2024-05-22 08:14:00+00:00, run_after=2024-05-22 08:15:00+00:00
[2024-05-22T08:15:13.602+0000] {processor.py:183} INFO - Processing /home/airflow/.local/lib/python3.12/site-packages/airflow/example_dags/example_branch_python_dop_operator_3.py took 0.038 seconds
