[2024-05-22T08:06:35.473+0000] {processor.py:161} INFO - Started process (PID=382) to work on /home/airflow/.local/lib/python3.12/site-packages/airflow/example_dags/example_branch_operator.py
[2024-05-22T08:06:35.474+0000] {processor.py:830} INFO - Processing file /home/airflow/.local/lib/python3.12/site-packages/airflow/example_dags/example_branch_operator.py for tasks to queue
[2024-05-22T08:06:35.477+0000] {logging_mixin.py:188} INFO - [2024-05-22T08:06:35.477+0000] {dagbag.py:540} INFO - Filling up the DagBag from /home/airflow/.local/lib/python3.12/site-packages/airflow/example_dags/example_branch_operator.py
[2024-05-22T08:06:35.502+0000] {processor.py:840} INFO - DAG(s) 'example_branch_operator' retrieved from /home/airflow/.local/lib/python3.12/site-packages/airflow/example_dags/example_branch_operator.py
[2024-05-22T08:06:35.610+0000] {logging_mixin.py:188} INFO - [2024-05-22T08:06:35.610+0000] {dag.py:3096} INFO - Sync 1 DAGs
[2024-05-22T08:06:35.626+0000] {logging_mixin.py:188} INFO - [2024-05-22T08:06:35.626+0000] {dag.py:3954} INFO - Setting next_dagrun for example_branch_operator to 2024-05-21 00:00:00+00:00, run_after=2024-05-22 00:00:00+00:00
[2024-05-22T08:06:35.646+0000] {processor.py:183} INFO - Processing /home/airflow/.local/lib/python3.12/site-packages/airflow/example_dags/example_branch_operator.py took 0.177 seconds
[2024-05-22T08:07:06.410+0000] {processor.py:161} INFO - Started process (PID=649) to work on /home/airflow/.local/lib/python3.12/site-packages/airflow/example_dags/example_branch_operator.py
[2024-05-22T08:07:06.411+0000] {processor.py:830} INFO - Processing file /home/airflow/.local/lib/python3.12/site-packages/airflow/example_dags/example_branch_operator.py for tasks to queue
[2024-05-22T08:07:06.412+0000] {logging_mixin.py:188} INFO - [2024-05-22T08:07:06.412+0000] {dagbag.py:540} INFO - Filling up the DagBag from /home/airflow/.local/lib/python3.12/site-packages/airflow/example_dags/example_branch_operator.py
[2024-05-22T08:07:06.420+0000] {processor.py:840} INFO - DAG(s) 'example_branch_operator' retrieved from /home/airflow/.local/lib/python3.12/site-packages/airflow/example_dags/example_branch_operator.py
[2024-05-22T08:07:06.432+0000] {logging_mixin.py:188} INFO - [2024-05-22T08:07:06.432+0000] {dag.py:3096} INFO - Sync 1 DAGs
[2024-05-22T08:07:06.442+0000] {logging_mixin.py:188} INFO - [2024-05-22T08:07:06.442+0000] {dag.py:3954} INFO - Setting next_dagrun for example_branch_operator to 2024-05-21 00:00:00+00:00, run_after=2024-05-22 00:00:00+00:00
[2024-05-22T08:07:06.450+0000] {processor.py:183} INFO - Processing /home/airflow/.local/lib/python3.12/site-packages/airflow/example_dags/example_branch_operator.py took 0.043 seconds
[2024-05-22T08:07:37.157+0000] {processor.py:161} INFO - Started process (PID=916) to work on /home/airflow/.local/lib/python3.12/site-packages/airflow/example_dags/example_branch_operator.py
[2024-05-22T08:07:37.158+0000] {processor.py:830} INFO - Processing file /home/airflow/.local/lib/python3.12/site-packages/airflow/example_dags/example_branch_operator.py for tasks to queue
[2024-05-22T08:07:37.159+0000] {logging_mixin.py:188} INFO - [2024-05-22T08:07:37.159+0000] {dagbag.py:540} INFO - Filling up the DagBag from /home/airflow/.local/lib/python3.12/site-packages/airflow/example_dags/example_branch_operator.py
[2024-05-22T08:07:37.167+0000] {processor.py:840} INFO - DAG(s) 'example_branch_operator' retrieved from /home/airflow/.local/lib/python3.12/site-packages/airflow/example_dags/example_branch_operator.py
[2024-05-22T08:07:37.179+0000] {logging_mixin.py:188} INFO - [2024-05-22T08:07:37.179+0000] {dag.py:3096} INFO - Sync 1 DAGs
[2024-05-22T08:07:37.192+0000] {logging_mixin.py:188} INFO - [2024-05-22T08:07:37.192+0000] {dag.py:3954} INFO - Setting next_dagrun for example_branch_operator to 2024-05-21 00:00:00+00:00, run_after=2024-05-22 00:00:00+00:00
[2024-05-22T08:07:37.200+0000] {processor.py:183} INFO - Processing /home/airflow/.local/lib/python3.12/site-packages/airflow/example_dags/example_branch_operator.py took 0.045 seconds
[2024-05-22T08:08:07.806+0000] {processor.py:161} INFO - Started process (PID=1183) to work on /home/airflow/.local/lib/python3.12/site-packages/airflow/example_dags/example_branch_operator.py
[2024-05-22T08:08:07.807+0000] {processor.py:830} INFO - Processing file /home/airflow/.local/lib/python3.12/site-packages/airflow/example_dags/example_branch_operator.py for tasks to queue
[2024-05-22T08:08:07.808+0000] {logging_mixin.py:188} INFO - [2024-05-22T08:08:07.807+0000] {dagbag.py:540} INFO - Filling up the DagBag from /home/airflow/.local/lib/python3.12/site-packages/airflow/example_dags/example_branch_operator.py
[2024-05-22T08:08:07.815+0000] {processor.py:840} INFO - DAG(s) 'example_branch_operator' retrieved from /home/airflow/.local/lib/python3.12/site-packages/airflow/example_dags/example_branch_operator.py
[2024-05-22T08:08:07.828+0000] {logging_mixin.py:188} INFO - [2024-05-22T08:08:07.828+0000] {dag.py:3096} INFO - Sync 1 DAGs
[2024-05-22T08:08:07.838+0000] {logging_mixin.py:188} INFO - [2024-05-22T08:08:07.838+0000] {dag.py:3954} INFO - Setting next_dagrun for example_branch_operator to 2024-05-21 00:00:00+00:00, run_after=2024-05-22 00:00:00+00:00
[2024-05-22T08:08:07.846+0000] {processor.py:183} INFO - Processing /home/airflow/.local/lib/python3.12/site-packages/airflow/example_dags/example_branch_operator.py took 0.043 seconds
[2024-05-22T08:08:38.518+0000] {processor.py:161} INFO - Started process (PID=1450) to work on /home/airflow/.local/lib/python3.12/site-packages/airflow/example_dags/example_branch_operator.py
[2024-05-22T08:08:38.518+0000] {processor.py:830} INFO - Processing file /home/airflow/.local/lib/python3.12/site-packages/airflow/example_dags/example_branch_operator.py for tasks to queue
[2024-05-22T08:08:38.519+0000] {logging_mixin.py:188} INFO - [2024-05-22T08:08:38.519+0000] {dagbag.py:540} INFO - Filling up the DagBag from /home/airflow/.local/lib/python3.12/site-packages/airflow/example_dags/example_branch_operator.py
[2024-05-22T08:08:38.527+0000] {processor.py:840} INFO - DAG(s) 'example_branch_operator' retrieved from /home/airflow/.local/lib/python3.12/site-packages/airflow/example_dags/example_branch_operator.py
[2024-05-22T08:08:38.540+0000] {logging_mixin.py:188} INFO - [2024-05-22T08:08:38.539+0000] {dag.py:3096} INFO - Sync 1 DAGs
[2024-05-22T08:08:38.549+0000] {logging_mixin.py:188} INFO - [2024-05-22T08:08:38.549+0000] {dag.py:3954} INFO - Setting next_dagrun for example_branch_operator to 2024-05-21 00:00:00+00:00, run_after=2024-05-22 00:00:00+00:00
[2024-05-22T08:08:38.557+0000] {processor.py:183} INFO - Processing /home/airflow/.local/lib/python3.12/site-packages/airflow/example_dags/example_branch_operator.py took 0.042 seconds
[2024-05-22T08:09:09.561+0000] {processor.py:161} INFO - Started process (PID=1717) to work on /home/airflow/.local/lib/python3.12/site-packages/airflow/example_dags/example_branch_operator.py
[2024-05-22T08:09:09.561+0000] {processor.py:830} INFO - Processing file /home/airflow/.local/lib/python3.12/site-packages/airflow/example_dags/example_branch_operator.py for tasks to queue
[2024-05-22T08:09:09.562+0000] {logging_mixin.py:188} INFO - [2024-05-22T08:09:09.562+0000] {dagbag.py:540} INFO - Filling up the DagBag from /home/airflow/.local/lib/python3.12/site-packages/airflow/example_dags/example_branch_operator.py
[2024-05-22T08:09:09.570+0000] {processor.py:840} INFO - DAG(s) 'example_branch_operator' retrieved from /home/airflow/.local/lib/python3.12/site-packages/airflow/example_dags/example_branch_operator.py
[2024-05-22T08:09:09.581+0000] {logging_mixin.py:188} INFO - [2024-05-22T08:09:09.581+0000] {dag.py:3096} INFO - Sync 1 DAGs
[2024-05-22T08:09:09.591+0000] {logging_mixin.py:188} INFO - [2024-05-22T08:09:09.591+0000] {dag.py:3954} INFO - Setting next_dagrun for example_branch_operator to 2024-05-21 00:00:00+00:00, run_after=2024-05-22 00:00:00+00:00
[2024-05-22T08:09:09.599+0000] {processor.py:183} INFO - Processing /home/airflow/.local/lib/python3.12/site-packages/airflow/example_dags/example_branch_operator.py took 0.041 seconds
[2024-05-22T08:09:40.541+0000] {processor.py:161} INFO - Started process (PID=1984) to work on /home/airflow/.local/lib/python3.12/site-packages/airflow/example_dags/example_branch_operator.py
[2024-05-22T08:09:40.542+0000] {processor.py:830} INFO - Processing file /home/airflow/.local/lib/python3.12/site-packages/airflow/example_dags/example_branch_operator.py for tasks to queue
[2024-05-22T08:09:40.543+0000] {logging_mixin.py:188} INFO - [2024-05-22T08:09:40.543+0000] {dagbag.py:540} INFO - Filling up the DagBag from /home/airflow/.local/lib/python3.12/site-packages/airflow/example_dags/example_branch_operator.py
[2024-05-22T08:09:40.551+0000] {processor.py:840} INFO - DAG(s) 'example_branch_operator' retrieved from /home/airflow/.local/lib/python3.12/site-packages/airflow/example_dags/example_branch_operator.py
[2024-05-22T08:09:40.567+0000] {logging_mixin.py:188} INFO - [2024-05-22T08:09:40.567+0000] {dag.py:3096} INFO - Sync 1 DAGs
[2024-05-22T08:09:40.579+0000] {logging_mixin.py:188} INFO - [2024-05-22T08:09:40.579+0000] {dag.py:3954} INFO - Setting next_dagrun for example_branch_operator to 2024-05-21 00:00:00+00:00, run_after=2024-05-22 00:00:00+00:00
[2024-05-22T08:09:40.588+0000] {processor.py:183} INFO - Processing /home/airflow/.local/lib/python3.12/site-packages/airflow/example_dags/example_branch_operator.py took 0.049 seconds
[2024-05-22T08:10:11.255+0000] {processor.py:161} INFO - Started process (PID=2251) to work on /home/airflow/.local/lib/python3.12/site-packages/airflow/example_dags/example_branch_operator.py
[2024-05-22T08:10:11.256+0000] {processor.py:830} INFO - Processing file /home/airflow/.local/lib/python3.12/site-packages/airflow/example_dags/example_branch_operator.py for tasks to queue
[2024-05-22T08:10:11.257+0000] {logging_mixin.py:188} INFO - [2024-05-22T08:10:11.256+0000] {dagbag.py:540} INFO - Filling up the DagBag from /home/airflow/.local/lib/python3.12/site-packages/airflow/example_dags/example_branch_operator.py
[2024-05-22T08:10:11.264+0000] {processor.py:840} INFO - DAG(s) 'example_branch_operator' retrieved from /home/airflow/.local/lib/python3.12/site-packages/airflow/example_dags/example_branch_operator.py
[2024-05-22T08:10:11.276+0000] {logging_mixin.py:188} INFO - [2024-05-22T08:10:11.276+0000] {dag.py:3096} INFO - Sync 1 DAGs
[2024-05-22T08:10:11.286+0000] {logging_mixin.py:188} INFO - [2024-05-22T08:10:11.286+0000] {dag.py:3954} INFO - Setting next_dagrun for example_branch_operator to 2024-05-21 00:00:00+00:00, run_after=2024-05-22 00:00:00+00:00
[2024-05-22T08:10:11.294+0000] {processor.py:183} INFO - Processing /home/airflow/.local/lib/python3.12/site-packages/airflow/example_dags/example_branch_operator.py took 0.042 seconds
[2024-05-22T08:10:41.825+0000] {processor.py:161} INFO - Started process (PID=2518) to work on /home/airflow/.local/lib/python3.12/site-packages/airflow/example_dags/example_branch_operator.py
[2024-05-22T08:10:41.826+0000] {processor.py:830} INFO - Processing file /home/airflow/.local/lib/python3.12/site-packages/airflow/example_dags/example_branch_operator.py for tasks to queue
[2024-05-22T08:10:41.827+0000] {logging_mixin.py:188} INFO - [2024-05-22T08:10:41.827+0000] {dagbag.py:540} INFO - Filling up the DagBag from /home/airflow/.local/lib/python3.12/site-packages/airflow/example_dags/example_branch_operator.py
[2024-05-22T08:10:41.834+0000] {processor.py:840} INFO - DAG(s) 'example_branch_operator' retrieved from /home/airflow/.local/lib/python3.12/site-packages/airflow/example_dags/example_branch_operator.py
[2024-05-22T08:10:41.847+0000] {logging_mixin.py:188} INFO - [2024-05-22T08:10:41.847+0000] {dag.py:3096} INFO - Sync 1 DAGs
[2024-05-22T08:10:41.858+0000] {logging_mixin.py:188} INFO - [2024-05-22T08:10:41.857+0000] {dag.py:3954} INFO - Setting next_dagrun for example_branch_operator to 2024-05-21 00:00:00+00:00, run_after=2024-05-22 00:00:00+00:00
[2024-05-22T08:10:41.865+0000] {processor.py:183} INFO - Processing /home/airflow/.local/lib/python3.12/site-packages/airflow/example_dags/example_branch_operator.py took 0.043 seconds
[2024-05-22T08:11:12.528+0000] {processor.py:161} INFO - Started process (PID=2785) to work on /home/airflow/.local/lib/python3.12/site-packages/airflow/example_dags/example_branch_operator.py
[2024-05-22T08:11:12.529+0000] {processor.py:830} INFO - Processing file /home/airflow/.local/lib/python3.12/site-packages/airflow/example_dags/example_branch_operator.py for tasks to queue
[2024-05-22T08:11:12.530+0000] {logging_mixin.py:188} INFO - [2024-05-22T08:11:12.529+0000] {dagbag.py:540} INFO - Filling up the DagBag from /home/airflow/.local/lib/python3.12/site-packages/airflow/example_dags/example_branch_operator.py
[2024-05-22T08:11:12.537+0000] {processor.py:840} INFO - DAG(s) 'example_branch_operator' retrieved from /home/airflow/.local/lib/python3.12/site-packages/airflow/example_dags/example_branch_operator.py
[2024-05-22T08:11:12.549+0000] {logging_mixin.py:188} INFO - [2024-05-22T08:11:12.549+0000] {dag.py:3096} INFO - Sync 1 DAGs
[2024-05-22T08:11:12.559+0000] {logging_mixin.py:188} INFO - [2024-05-22T08:11:12.558+0000] {dag.py:3954} INFO - Setting next_dagrun for example_branch_operator to 2024-05-21 00:00:00+00:00, run_after=2024-05-22 00:00:00+00:00
[2024-05-22T08:11:12.567+0000] {processor.py:183} INFO - Processing /home/airflow/.local/lib/python3.12/site-packages/airflow/example_dags/example_branch_operator.py took 0.041 seconds
[2024-05-22T08:11:43.325+0000] {processor.py:161} INFO - Started process (PID=3052) to work on /home/airflow/.local/lib/python3.12/site-packages/airflow/example_dags/example_branch_operator.py
[2024-05-22T08:11:43.326+0000] {processor.py:830} INFO - Processing file /home/airflow/.local/lib/python3.12/site-packages/airflow/example_dags/example_branch_operator.py for tasks to queue
[2024-05-22T08:11:43.326+0000] {logging_mixin.py:188} INFO - [2024-05-22T08:11:43.326+0000] {dagbag.py:540} INFO - Filling up the DagBag from /home/airflow/.local/lib/python3.12/site-packages/airflow/example_dags/example_branch_operator.py
[2024-05-22T08:11:43.334+0000] {processor.py:840} INFO - DAG(s) 'example_branch_operator' retrieved from /home/airflow/.local/lib/python3.12/site-packages/airflow/example_dags/example_branch_operator.py
[2024-05-22T08:11:43.346+0000] {logging_mixin.py:188} INFO - [2024-05-22T08:11:43.346+0000] {dag.py:3096} INFO - Sync 1 DAGs
[2024-05-22T08:11:43.356+0000] {logging_mixin.py:188} INFO - [2024-05-22T08:11:43.356+0000] {dag.py:3954} INFO - Setting next_dagrun for example_branch_operator to 2024-05-21 00:00:00+00:00, run_after=2024-05-22 00:00:00+00:00
[2024-05-22T08:11:43.366+0000] {processor.py:183} INFO - Processing /home/airflow/.local/lib/python3.12/site-packages/airflow/example_dags/example_branch_operator.py took 0.044 seconds
[2024-05-22T08:12:14.467+0000] {processor.py:161} INFO - Started process (PID=3318) to work on /home/airflow/.local/lib/python3.12/site-packages/airflow/example_dags/example_branch_operator.py
[2024-05-22T08:12:14.469+0000] {processor.py:830} INFO - Processing file /home/airflow/.local/lib/python3.12/site-packages/airflow/example_dags/example_branch_operator.py for tasks to queue
[2024-05-22T08:12:14.473+0000] {logging_mixin.py:188} INFO - [2024-05-22T08:12:14.472+0000] {dagbag.py:540} INFO - Filling up the DagBag from /home/airflow/.local/lib/python3.12/site-packages/airflow/example_dags/example_branch_operator.py
[2024-05-22T08:12:14.498+0000] {processor.py:840} INFO - DAG(s) 'example_branch_operator' retrieved from /home/airflow/.local/lib/python3.12/site-packages/airflow/example_dags/example_branch_operator.py
[2024-05-22T08:12:14.561+0000] {logging_mixin.py:188} INFO - [2024-05-22T08:12:14.561+0000] {dag.py:3096} INFO - Sync 1 DAGs
[2024-05-22T08:12:14.590+0000] {logging_mixin.py:188} INFO - [2024-05-22T08:12:14.589+0000] {dag.py:3954} INFO - Setting next_dagrun for example_branch_operator to 2024-05-21 00:00:00+00:00, run_after=2024-05-22 00:00:00+00:00
[2024-05-22T08:12:14.618+0000] {processor.py:183} INFO - Processing /home/airflow/.local/lib/python3.12/site-packages/airflow/example_dags/example_branch_operator.py took 0.157 seconds
[2024-05-22T08:12:44.882+0000] {processor.py:161} INFO - Started process (PID=3585) to work on /home/airflow/.local/lib/python3.12/site-packages/airflow/example_dags/example_branch_operator.py
[2024-05-22T08:12:44.885+0000] {processor.py:830} INFO - Processing file /home/airflow/.local/lib/python3.12/site-packages/airflow/example_dags/example_branch_operator.py for tasks to queue
[2024-05-22T08:12:44.886+0000] {logging_mixin.py:188} INFO - [2024-05-22T08:12:44.885+0000] {dagbag.py:540} INFO - Filling up the DagBag from /home/airflow/.local/lib/python3.12/site-packages/airflow/example_dags/example_branch_operator.py
[2024-05-22T08:12:44.893+0000] {processor.py:840} INFO - DAG(s) 'example_branch_operator' retrieved from /home/airflow/.local/lib/python3.12/site-packages/airflow/example_dags/example_branch_operator.py
[2024-05-22T08:12:44.906+0000] {logging_mixin.py:188} INFO - [2024-05-22T08:12:44.906+0000] {dag.py:3096} INFO - Sync 1 DAGs
[2024-05-22T08:12:44.916+0000] {logging_mixin.py:188} INFO - [2024-05-22T08:12:44.916+0000] {dag.py:3954} INFO - Setting next_dagrun for example_branch_operator to 2024-05-21 00:00:00+00:00, run_after=2024-05-22 00:00:00+00:00
[2024-05-22T08:12:44.923+0000] {processor.py:183} INFO - Processing /home/airflow/.local/lib/python3.12/site-packages/airflow/example_dags/example_branch_operator.py took 0.044 seconds
[2024-05-22T08:13:15.115+0000] {processor.py:161} INFO - Started process (PID=3852) to work on /home/airflow/.local/lib/python3.12/site-packages/airflow/example_dags/example_branch_operator.py
[2024-05-22T08:13:15.116+0000] {processor.py:830} INFO - Processing file /home/airflow/.local/lib/python3.12/site-packages/airflow/example_dags/example_branch_operator.py for tasks to queue
[2024-05-22T08:13:15.117+0000] {logging_mixin.py:188} INFO - [2024-05-22T08:13:15.116+0000] {dagbag.py:540} INFO - Filling up the DagBag from /home/airflow/.local/lib/python3.12/site-packages/airflow/example_dags/example_branch_operator.py
[2024-05-22T08:13:15.124+0000] {processor.py:840} INFO - DAG(s) 'example_branch_operator' retrieved from /home/airflow/.local/lib/python3.12/site-packages/airflow/example_dags/example_branch_operator.py
[2024-05-22T08:13:15.137+0000] {logging_mixin.py:188} INFO - [2024-05-22T08:13:15.137+0000] {dag.py:3096} INFO - Sync 1 DAGs
[2024-05-22T08:13:15.148+0000] {logging_mixin.py:188} INFO - [2024-05-22T08:13:15.148+0000] {dag.py:3954} INFO - Setting next_dagrun for example_branch_operator to 2024-05-21 00:00:00+00:00, run_after=2024-05-22 00:00:00+00:00
[2024-05-22T08:13:15.162+0000] {processor.py:183} INFO - Processing /home/airflow/.local/lib/python3.12/site-packages/airflow/example_dags/example_branch_operator.py took 0.050 seconds
[2024-05-22T08:13:46.056+0000] {processor.py:161} INFO - Started process (PID=4121) to work on /home/airflow/.local/lib/python3.12/site-packages/airflow/example_dags/example_branch_operator.py
[2024-05-22T08:13:46.057+0000] {processor.py:830} INFO - Processing file /home/airflow/.local/lib/python3.12/site-packages/airflow/example_dags/example_branch_operator.py for tasks to queue
[2024-05-22T08:13:46.058+0000] {logging_mixin.py:188} INFO - [2024-05-22T08:13:46.058+0000] {dagbag.py:540} INFO - Filling up the DagBag from /home/airflow/.local/lib/python3.12/site-packages/airflow/example_dags/example_branch_operator.py
[2024-05-22T08:13:46.065+0000] {processor.py:840} INFO - DAG(s) 'example_branch_operator' retrieved from /home/airflow/.local/lib/python3.12/site-packages/airflow/example_dags/example_branch_operator.py
[2024-05-22T08:13:46.082+0000] {logging_mixin.py:188} INFO - [2024-05-22T08:13:46.082+0000] {dag.py:3096} INFO - Sync 1 DAGs
[2024-05-22T08:13:46.093+0000] {logging_mixin.py:188} INFO - [2024-05-22T08:13:46.093+0000] {dag.py:3954} INFO - Setting next_dagrun for example_branch_operator to 2024-05-21 00:00:00+00:00, run_after=2024-05-22 00:00:00+00:00
[2024-05-22T08:13:46.102+0000] {processor.py:183} INFO - Processing /home/airflow/.local/lib/python3.12/site-packages/airflow/example_dags/example_branch_operator.py took 0.048 seconds
[2024-05-22T08:14:17.141+0000] {processor.py:161} INFO - Started process (PID=4385) to work on /home/airflow/.local/lib/python3.12/site-packages/airflow/example_dags/example_branch_operator.py
[2024-05-22T08:14:17.142+0000] {processor.py:830} INFO - Processing file /home/airflow/.local/lib/python3.12/site-packages/airflow/example_dags/example_branch_operator.py for tasks to queue
[2024-05-22T08:14:17.144+0000] {logging_mixin.py:188} INFO - [2024-05-22T08:14:17.143+0000] {dagbag.py:540} INFO - Filling up the DagBag from /home/airflow/.local/lib/python3.12/site-packages/airflow/example_dags/example_branch_operator.py
[2024-05-22T08:14:17.158+0000] {processor.py:840} INFO - DAG(s) 'example_branch_operator' retrieved from /home/airflow/.local/lib/python3.12/site-packages/airflow/example_dags/example_branch_operator.py
[2024-05-22T08:14:17.179+0000] {logging_mixin.py:188} INFO - [2024-05-22T08:14:17.178+0000] {dag.py:3096} INFO - Sync 1 DAGs
[2024-05-22T08:14:17.194+0000] {logging_mixin.py:188} INFO - [2024-05-22T08:14:17.194+0000] {dag.py:3954} INFO - Setting next_dagrun for example_branch_operator to 2024-05-21 00:00:00+00:00, run_after=2024-05-22 00:00:00+00:00
[2024-05-22T08:14:17.208+0000] {processor.py:183} INFO - Processing /home/airflow/.local/lib/python3.12/site-packages/airflow/example_dags/example_branch_operator.py took 0.072 seconds
[2024-05-22T08:14:47.371+0000] {processor.py:161} INFO - Started process (PID=4649) to work on /home/airflow/.local/lib/python3.12/site-packages/airflow/example_dags/example_branch_operator.py
[2024-05-22T08:14:47.372+0000] {processor.py:830} INFO - Processing file /home/airflow/.local/lib/python3.12/site-packages/airflow/example_dags/example_branch_operator.py for tasks to queue
[2024-05-22T08:14:47.373+0000] {logging_mixin.py:188} INFO - [2024-05-22T08:14:47.373+0000] {dagbag.py:540} INFO - Filling up the DagBag from /home/airflow/.local/lib/python3.12/site-packages/airflow/example_dags/example_branch_operator.py
[2024-05-22T08:14:47.382+0000] {processor.py:840} INFO - DAG(s) 'example_branch_operator' retrieved from /home/airflow/.local/lib/python3.12/site-packages/airflow/example_dags/example_branch_operator.py
[2024-05-22T08:14:47.395+0000] {logging_mixin.py:188} INFO - [2024-05-22T08:14:47.395+0000] {dag.py:3096} INFO - Sync 1 DAGs
[2024-05-22T08:14:47.407+0000] {logging_mixin.py:188} INFO - [2024-05-22T08:14:47.407+0000] {dag.py:3954} INFO - Setting next_dagrun for example_branch_operator to 2024-05-21 00:00:00+00:00, run_after=2024-05-22 00:00:00+00:00
[2024-05-22T08:14:47.418+0000] {processor.py:183} INFO - Processing /home/airflow/.local/lib/python3.12/site-packages/airflow/example_dags/example_branch_operator.py took 0.049 seconds
[2024-05-22T08:15:17.680+0000] {processor.py:161} INFO - Started process (PID=4916) to work on /home/airflow/.local/lib/python3.12/site-packages/airflow/example_dags/example_branch_operator.py
[2024-05-22T08:15:17.681+0000] {processor.py:830} INFO - Processing file /home/airflow/.local/lib/python3.12/site-packages/airflow/example_dags/example_branch_operator.py for tasks to queue
[2024-05-22T08:15:17.682+0000] {logging_mixin.py:188} INFO - [2024-05-22T08:15:17.682+0000] {dagbag.py:540} INFO - Filling up the DagBag from /home/airflow/.local/lib/python3.12/site-packages/airflow/example_dags/example_branch_operator.py
[2024-05-22T08:15:17.689+0000] {processor.py:840} INFO - DAG(s) 'example_branch_operator' retrieved from /home/airflow/.local/lib/python3.12/site-packages/airflow/example_dags/example_branch_operator.py
[2024-05-22T08:15:17.701+0000] {logging_mixin.py:188} INFO - [2024-05-22T08:15:17.701+0000] {dag.py:3096} INFO - Sync 1 DAGs
[2024-05-22T08:15:17.710+0000] {logging_mixin.py:188} INFO - [2024-05-22T08:15:17.710+0000] {dag.py:3954} INFO - Setting next_dagrun for example_branch_operator to 2024-05-21 00:00:00+00:00, run_after=2024-05-22 00:00:00+00:00
[2024-05-22T08:15:17.718+0000] {processor.py:183} INFO - Processing /home/airflow/.local/lib/python3.12/site-packages/airflow/example_dags/example_branch_operator.py took 0.040 seconds
