[2024-05-22T08:06:34.350+0000] {processor.py:161} INFO - Started process (PID=242) to work on /home/airflow/.local/lib/python3.12/site-packages/airflow/example_dags/example_skip_dag.py
[2024-05-22T08:06:34.351+0000] {processor.py:830} INFO - Processing file /home/airflow/.local/lib/python3.12/site-packages/airflow/example_dags/example_skip_dag.py for tasks to queue
[2024-05-22T08:06:34.351+0000] {logging_mixin.py:188} INFO - [2024-05-22T08:06:34.351+0000] {dagbag.py:540} INFO - Filling up the DagBag from /home/airflow/.local/lib/python3.12/site-packages/airflow/example_dags/example_skip_dag.py
[2024-05-22T08:06:34.357+0000] {processor.py:840} INFO - DAG(s) 'example_skip_dag' retrieved from /home/airflow/.local/lib/python3.12/site-packages/airflow/example_dags/example_skip_dag.py
[2024-05-22T08:06:34.370+0000] {logging_mixin.py:188} INFO - [2024-05-22T08:06:34.370+0000] {dag.py:3096} INFO - Sync 1 DAGs
[2024-05-22T08:06:34.381+0000] {logging_mixin.py:188} INFO - [2024-05-22T08:06:34.381+0000] {dag.py:3954} INFO - Setting next_dagrun for example_skip_dag to 2024-05-21 00:00:00+00:00, run_after=2024-05-22 00:00:00+00:00
[2024-05-22T08:06:34.391+0000] {processor.py:183} INFO - Processing /home/airflow/.local/lib/python3.12/site-packages/airflow/example_dags/example_skip_dag.py took 0.044 seconds
[2024-05-22T08:07:04.618+0000] {processor.py:161} INFO - Started process (PID=509) to work on /home/airflow/.local/lib/python3.12/site-packages/airflow/example_dags/example_skip_dag.py
[2024-05-22T08:07:04.619+0000] {processor.py:830} INFO - Processing file /home/airflow/.local/lib/python3.12/site-packages/airflow/example_dags/example_skip_dag.py for tasks to queue
[2024-05-22T08:07:04.620+0000] {logging_mixin.py:188} INFO - [2024-05-22T08:07:04.619+0000] {dagbag.py:540} INFO - Filling up the DagBag from /home/airflow/.local/lib/python3.12/site-packages/airflow/example_dags/example_skip_dag.py
[2024-05-22T08:07:04.623+0000] {processor.py:840} INFO - DAG(s) 'example_skip_dag' retrieved from /home/airflow/.local/lib/python3.12/site-packages/airflow/example_dags/example_skip_dag.py
[2024-05-22T08:07:04.633+0000] {logging_mixin.py:188} INFO - [2024-05-22T08:07:04.633+0000] {dag.py:3096} INFO - Sync 1 DAGs
[2024-05-22T08:07:04.647+0000] {logging_mixin.py:188} INFO - [2024-05-22T08:07:04.647+0000] {dag.py:3954} INFO - Setting next_dagrun for example_skip_dag to 2024-05-21 00:00:00+00:00, run_after=2024-05-22 00:00:00+00:00
[2024-05-22T08:07:04.655+0000] {processor.py:183} INFO - Processing /home/airflow/.local/lib/python3.12/site-packages/airflow/example_dags/example_skip_dag.py took 0.040 seconds
[2024-05-22T08:07:35.389+0000] {processor.py:161} INFO - Started process (PID=776) to work on /home/airflow/.local/lib/python3.12/site-packages/airflow/example_dags/example_skip_dag.py
[2024-05-22T08:07:35.390+0000] {processor.py:830} INFO - Processing file /home/airflow/.local/lib/python3.12/site-packages/airflow/example_dags/example_skip_dag.py for tasks to queue
[2024-05-22T08:07:35.392+0000] {logging_mixin.py:188} INFO - [2024-05-22T08:07:35.391+0000] {dagbag.py:540} INFO - Filling up the DagBag from /home/airflow/.local/lib/python3.12/site-packages/airflow/example_dags/example_skip_dag.py
[2024-05-22T08:07:35.395+0000] {processor.py:840} INFO - DAG(s) 'example_skip_dag' retrieved from /home/airflow/.local/lib/python3.12/site-packages/airflow/example_dags/example_skip_dag.py
[2024-05-22T08:07:35.405+0000] {logging_mixin.py:188} INFO - [2024-05-22T08:07:35.405+0000] {dag.py:3096} INFO - Sync 1 DAGs
[2024-05-22T08:07:35.415+0000] {logging_mixin.py:188} INFO - [2024-05-22T08:07:35.415+0000] {dag.py:3954} INFO - Setting next_dagrun for example_skip_dag to 2024-05-21 00:00:00+00:00, run_after=2024-05-22 00:00:00+00:00
[2024-05-22T08:07:35.423+0000] {processor.py:183} INFO - Processing /home/airflow/.local/lib/python3.12/site-packages/airflow/example_dags/example_skip_dag.py took 0.036 seconds
[2024-05-22T08:08:06.018+0000] {processor.py:161} INFO - Started process (PID=1043) to work on /home/airflow/.local/lib/python3.12/site-packages/airflow/example_dags/example_skip_dag.py
[2024-05-22T08:08:06.019+0000] {processor.py:830} INFO - Processing file /home/airflow/.local/lib/python3.12/site-packages/airflow/example_dags/example_skip_dag.py for tasks to queue
[2024-05-22T08:08:06.020+0000] {logging_mixin.py:188} INFO - [2024-05-22T08:08:06.019+0000] {dagbag.py:540} INFO - Filling up the DagBag from /home/airflow/.local/lib/python3.12/site-packages/airflow/example_dags/example_skip_dag.py
[2024-05-22T08:08:06.022+0000] {processor.py:840} INFO - DAG(s) 'example_skip_dag' retrieved from /home/airflow/.local/lib/python3.12/site-packages/airflow/example_dags/example_skip_dag.py
[2024-05-22T08:08:06.032+0000] {logging_mixin.py:188} INFO - [2024-05-22T08:08:06.032+0000] {dag.py:3096} INFO - Sync 1 DAGs
[2024-05-22T08:08:06.041+0000] {logging_mixin.py:188} INFO - [2024-05-22T08:08:06.041+0000] {dag.py:3954} INFO - Setting next_dagrun for example_skip_dag to 2024-05-21 00:00:00+00:00, run_after=2024-05-22 00:00:00+00:00
[2024-05-22T08:08:06.049+0000] {processor.py:183} INFO - Processing /home/airflow/.local/lib/python3.12/site-packages/airflow/example_dags/example_skip_dag.py took 0.034 seconds
[2024-05-22T08:08:36.783+0000] {processor.py:161} INFO - Started process (PID=1310) to work on /home/airflow/.local/lib/python3.12/site-packages/airflow/example_dags/example_skip_dag.py
[2024-05-22T08:08:36.784+0000] {processor.py:830} INFO - Processing file /home/airflow/.local/lib/python3.12/site-packages/airflow/example_dags/example_skip_dag.py for tasks to queue
[2024-05-22T08:08:36.784+0000] {logging_mixin.py:188} INFO - [2024-05-22T08:08:36.784+0000] {dagbag.py:540} INFO - Filling up the DagBag from /home/airflow/.local/lib/python3.12/site-packages/airflow/example_dags/example_skip_dag.py
[2024-05-22T08:08:36.788+0000] {processor.py:840} INFO - DAG(s) 'example_skip_dag' retrieved from /home/airflow/.local/lib/python3.12/site-packages/airflow/example_dags/example_skip_dag.py
[2024-05-22T08:08:36.798+0000] {logging_mixin.py:188} INFO - [2024-05-22T08:08:36.798+0000] {dag.py:3096} INFO - Sync 1 DAGs
[2024-05-22T08:08:36.808+0000] {logging_mixin.py:188} INFO - [2024-05-22T08:08:36.808+0000] {dag.py:3954} INFO - Setting next_dagrun for example_skip_dag to 2024-05-21 00:00:00+00:00, run_after=2024-05-22 00:00:00+00:00
[2024-05-22T08:08:36.817+0000] {processor.py:183} INFO - Processing /home/airflow/.local/lib/python3.12/site-packages/airflow/example_dags/example_skip_dag.py took 0.036 seconds
[2024-05-22T08:09:07.634+0000] {processor.py:161} INFO - Started process (PID=1577) to work on /home/airflow/.local/lib/python3.12/site-packages/airflow/example_dags/example_skip_dag.py
[2024-05-22T08:09:07.635+0000] {processor.py:830} INFO - Processing file /home/airflow/.local/lib/python3.12/site-packages/airflow/example_dags/example_skip_dag.py for tasks to queue
[2024-05-22T08:09:07.637+0000] {logging_mixin.py:188} INFO - [2024-05-22T08:09:07.636+0000] {dagbag.py:540} INFO - Filling up the DagBag from /home/airflow/.local/lib/python3.12/site-packages/airflow/example_dags/example_skip_dag.py
[2024-05-22T08:09:07.641+0000] {processor.py:840} INFO - DAG(s) 'example_skip_dag' retrieved from /home/airflow/.local/lib/python3.12/site-packages/airflow/example_dags/example_skip_dag.py
[2024-05-22T08:09:07.651+0000] {logging_mixin.py:188} INFO - [2024-05-22T08:09:07.651+0000] {dag.py:3096} INFO - Sync 1 DAGs
[2024-05-22T08:09:07.662+0000] {logging_mixin.py:188} INFO - [2024-05-22T08:09:07.662+0000] {dag.py:3954} INFO - Setting next_dagrun for example_skip_dag to 2024-05-21 00:00:00+00:00, run_after=2024-05-22 00:00:00+00:00
[2024-05-22T08:09:07.673+0000] {processor.py:183} INFO - Processing /home/airflow/.local/lib/python3.12/site-packages/airflow/example_dags/example_skip_dag.py took 0.042 seconds
[2024-05-22T08:09:38.550+0000] {processor.py:161} INFO - Started process (PID=1844) to work on /home/airflow/.local/lib/python3.12/site-packages/airflow/example_dags/example_skip_dag.py
[2024-05-22T08:09:38.551+0000] {processor.py:830} INFO - Processing file /home/airflow/.local/lib/python3.12/site-packages/airflow/example_dags/example_skip_dag.py for tasks to queue
[2024-05-22T08:09:38.552+0000] {logging_mixin.py:188} INFO - [2024-05-22T08:09:38.551+0000] {dagbag.py:540} INFO - Filling up the DagBag from /home/airflow/.local/lib/python3.12/site-packages/airflow/example_dags/example_skip_dag.py
[2024-05-22T08:09:38.555+0000] {processor.py:840} INFO - DAG(s) 'example_skip_dag' retrieved from /home/airflow/.local/lib/python3.12/site-packages/airflow/example_dags/example_skip_dag.py
[2024-05-22T08:09:38.564+0000] {logging_mixin.py:188} INFO - [2024-05-22T08:09:38.564+0000] {dag.py:3096} INFO - Sync 1 DAGs
[2024-05-22T08:09:38.573+0000] {logging_mixin.py:188} INFO - [2024-05-22T08:09:38.573+0000] {dag.py:3954} INFO - Setting next_dagrun for example_skip_dag to 2024-05-21 00:00:00+00:00, run_after=2024-05-22 00:00:00+00:00
[2024-05-22T08:09:38.581+0000] {processor.py:183} INFO - Processing /home/airflow/.local/lib/python3.12/site-packages/airflow/example_dags/example_skip_dag.py took 0.034 seconds
[2024-05-22T08:10:09.473+0000] {processor.py:161} INFO - Started process (PID=2111) to work on /home/airflow/.local/lib/python3.12/site-packages/airflow/example_dags/example_skip_dag.py
[2024-05-22T08:10:09.474+0000] {processor.py:830} INFO - Processing file /home/airflow/.local/lib/python3.12/site-packages/airflow/example_dags/example_skip_dag.py for tasks to queue
[2024-05-22T08:10:09.474+0000] {logging_mixin.py:188} INFO - [2024-05-22T08:10:09.474+0000] {dagbag.py:540} INFO - Filling up the DagBag from /home/airflow/.local/lib/python3.12/site-packages/airflow/example_dags/example_skip_dag.py
[2024-05-22T08:10:09.478+0000] {processor.py:840} INFO - DAG(s) 'example_skip_dag' retrieved from /home/airflow/.local/lib/python3.12/site-packages/airflow/example_dags/example_skip_dag.py
[2024-05-22T08:10:09.487+0000] {logging_mixin.py:188} INFO - [2024-05-22T08:10:09.487+0000] {dag.py:3096} INFO - Sync 1 DAGs
[2024-05-22T08:10:09.496+0000] {logging_mixin.py:188} INFO - [2024-05-22T08:10:09.496+0000] {dag.py:3954} INFO - Setting next_dagrun for example_skip_dag to 2024-05-21 00:00:00+00:00, run_after=2024-05-22 00:00:00+00:00
[2024-05-22T08:10:09.505+0000] {processor.py:183} INFO - Processing /home/airflow/.local/lib/python3.12/site-packages/airflow/example_dags/example_skip_dag.py took 0.034 seconds
[2024-05-22T08:10:40.117+0000] {processor.py:161} INFO - Started process (PID=2378) to work on /home/airflow/.local/lib/python3.12/site-packages/airflow/example_dags/example_skip_dag.py
[2024-05-22T08:10:40.118+0000] {processor.py:830} INFO - Processing file /home/airflow/.local/lib/python3.12/site-packages/airflow/example_dags/example_skip_dag.py for tasks to queue
[2024-05-22T08:10:40.118+0000] {logging_mixin.py:188} INFO - [2024-05-22T08:10:40.118+0000] {dagbag.py:540} INFO - Filling up the DagBag from /home/airflow/.local/lib/python3.12/site-packages/airflow/example_dags/example_skip_dag.py
[2024-05-22T08:10:40.122+0000] {processor.py:840} INFO - DAG(s) 'example_skip_dag' retrieved from /home/airflow/.local/lib/python3.12/site-packages/airflow/example_dags/example_skip_dag.py
[2024-05-22T08:10:40.131+0000] {logging_mixin.py:188} INFO - [2024-05-22T08:10:40.131+0000] {dag.py:3096} INFO - Sync 1 DAGs
[2024-05-22T08:10:40.141+0000] {logging_mixin.py:188} INFO - [2024-05-22T08:10:40.140+0000] {dag.py:3954} INFO - Setting next_dagrun for example_skip_dag to 2024-05-21 00:00:00+00:00, run_after=2024-05-22 00:00:00+00:00
[2024-05-22T08:10:40.149+0000] {processor.py:183} INFO - Processing /home/airflow/.local/lib/python3.12/site-packages/airflow/example_dags/example_skip_dag.py took 0.034 seconds
[2024-05-22T08:11:10.772+0000] {processor.py:161} INFO - Started process (PID=2645) to work on /home/airflow/.local/lib/python3.12/site-packages/airflow/example_dags/example_skip_dag.py
[2024-05-22T08:11:10.773+0000] {processor.py:830} INFO - Processing file /home/airflow/.local/lib/python3.12/site-packages/airflow/example_dags/example_skip_dag.py for tasks to queue
[2024-05-22T08:11:10.773+0000] {logging_mixin.py:188} INFO - [2024-05-22T08:11:10.773+0000] {dagbag.py:540} INFO - Filling up the DagBag from /home/airflow/.local/lib/python3.12/site-packages/airflow/example_dags/example_skip_dag.py
[2024-05-22T08:11:10.777+0000] {processor.py:840} INFO - DAG(s) 'example_skip_dag' retrieved from /home/airflow/.local/lib/python3.12/site-packages/airflow/example_dags/example_skip_dag.py
[2024-05-22T08:11:10.786+0000] {logging_mixin.py:188} INFO - [2024-05-22T08:11:10.786+0000] {dag.py:3096} INFO - Sync 1 DAGs
[2024-05-22T08:11:10.795+0000] {logging_mixin.py:188} INFO - [2024-05-22T08:11:10.795+0000] {dag.py:3954} INFO - Setting next_dagrun for example_skip_dag to 2024-05-21 00:00:00+00:00, run_after=2024-05-22 00:00:00+00:00
[2024-05-22T08:11:10.804+0000] {processor.py:183} INFO - Processing /home/airflow/.local/lib/python3.12/site-packages/airflow/example_dags/example_skip_dag.py took 0.034 seconds
[2024-05-22T08:11:41.543+0000] {processor.py:161} INFO - Started process (PID=2912) to work on /home/airflow/.local/lib/python3.12/site-packages/airflow/example_dags/example_skip_dag.py
[2024-05-22T08:11:41.544+0000] {processor.py:830} INFO - Processing file /home/airflow/.local/lib/python3.12/site-packages/airflow/example_dags/example_skip_dag.py for tasks to queue
[2024-05-22T08:11:41.545+0000] {logging_mixin.py:188} INFO - [2024-05-22T08:11:41.545+0000] {dagbag.py:540} INFO - Filling up the DagBag from /home/airflow/.local/lib/python3.12/site-packages/airflow/example_dags/example_skip_dag.py
[2024-05-22T08:11:41.549+0000] {processor.py:840} INFO - DAG(s) 'example_skip_dag' retrieved from /home/airflow/.local/lib/python3.12/site-packages/airflow/example_dags/example_skip_dag.py
[2024-05-22T08:11:41.560+0000] {logging_mixin.py:188} INFO - [2024-05-22T08:11:41.560+0000] {dag.py:3096} INFO - Sync 1 DAGs
[2024-05-22T08:11:41.571+0000] {logging_mixin.py:188} INFO - [2024-05-22T08:11:41.571+0000] {dag.py:3954} INFO - Setting next_dagrun for example_skip_dag to 2024-05-21 00:00:00+00:00, run_after=2024-05-22 00:00:00+00:00
[2024-05-22T08:11:41.579+0000] {processor.py:183} INFO - Processing /home/airflow/.local/lib/python3.12/site-packages/airflow/example_dags/example_skip_dag.py took 0.039 seconds
[2024-05-22T08:12:12.275+0000] {processor.py:161} INFO - Started process (PID=3178) to work on /home/airflow/.local/lib/python3.12/site-packages/airflow/example_dags/example_skip_dag.py
[2024-05-22T08:12:12.277+0000] {processor.py:830} INFO - Processing file /home/airflow/.local/lib/python3.12/site-packages/airflow/example_dags/example_skip_dag.py for tasks to queue
[2024-05-22T08:12:12.279+0000] {logging_mixin.py:188} INFO - [2024-05-22T08:12:12.279+0000] {dagbag.py:540} INFO - Filling up the DagBag from /home/airflow/.local/lib/python3.12/site-packages/airflow/example_dags/example_skip_dag.py
[2024-05-22T08:12:12.285+0000] {processor.py:840} INFO - DAG(s) 'example_skip_dag' retrieved from /home/airflow/.local/lib/python3.12/site-packages/airflow/example_dags/example_skip_dag.py
[2024-05-22T08:12:12.303+0000] {logging_mixin.py:188} INFO - [2024-05-22T08:12:12.303+0000] {dag.py:3096} INFO - Sync 1 DAGs
[2024-05-22T08:12:12.326+0000] {logging_mixin.py:188} INFO - [2024-05-22T08:12:12.324+0000] {dag.py:3954} INFO - Setting next_dagrun for example_skip_dag to 2024-05-21 00:00:00+00:00, run_after=2024-05-22 00:00:00+00:00
[2024-05-22T08:12:12.362+0000] {processor.py:183} INFO - Processing /home/airflow/.local/lib/python3.12/site-packages/airflow/example_dags/example_skip_dag.py took 0.093 seconds
[2024-05-22T08:12:43.062+0000] {processor.py:161} INFO - Started process (PID=3445) to work on /home/airflow/.local/lib/python3.12/site-packages/airflow/example_dags/example_skip_dag.py
[2024-05-22T08:12:43.063+0000] {processor.py:830} INFO - Processing file /home/airflow/.local/lib/python3.12/site-packages/airflow/example_dags/example_skip_dag.py for tasks to queue
[2024-05-22T08:12:43.063+0000] {logging_mixin.py:188} INFO - [2024-05-22T08:12:43.063+0000] {dagbag.py:540} INFO - Filling up the DagBag from /home/airflow/.local/lib/python3.12/site-packages/airflow/example_dags/example_skip_dag.py
[2024-05-22T08:12:43.067+0000] {processor.py:840} INFO - DAG(s) 'example_skip_dag' retrieved from /home/airflow/.local/lib/python3.12/site-packages/airflow/example_dags/example_skip_dag.py
[2024-05-22T08:12:43.079+0000] {logging_mixin.py:188} INFO - [2024-05-22T08:12:43.079+0000] {dag.py:3096} INFO - Sync 1 DAGs
[2024-05-22T08:12:43.089+0000] {logging_mixin.py:188} INFO - [2024-05-22T08:12:43.089+0000] {dag.py:3954} INFO - Setting next_dagrun for example_skip_dag to 2024-05-21 00:00:00+00:00, run_after=2024-05-22 00:00:00+00:00
[2024-05-22T08:12:43.098+0000] {processor.py:183} INFO - Processing /home/airflow/.local/lib/python3.12/site-packages/airflow/example_dags/example_skip_dag.py took 0.039 seconds
[2024-05-22T08:13:14.096+0000] {processor.py:161} INFO - Started process (PID=3712) to work on /home/airflow/.local/lib/python3.12/site-packages/airflow/example_dags/example_skip_dag.py
[2024-05-22T08:13:14.099+0000] {processor.py:830} INFO - Processing file /home/airflow/.local/lib/python3.12/site-packages/airflow/example_dags/example_skip_dag.py for tasks to queue
[2024-05-22T08:13:14.101+0000] {logging_mixin.py:188} INFO - [2024-05-22T08:13:14.101+0000] {dagbag.py:540} INFO - Filling up the DagBag from /home/airflow/.local/lib/python3.12/site-packages/airflow/example_dags/example_skip_dag.py
[2024-05-22T08:13:14.109+0000] {processor.py:840} INFO - DAG(s) 'example_skip_dag' retrieved from /home/airflow/.local/lib/python3.12/site-packages/airflow/example_dags/example_skip_dag.py
[2024-05-22T08:13:14.134+0000] {logging_mixin.py:188} INFO - [2024-05-22T08:13:14.134+0000] {dag.py:3096} INFO - Sync 1 DAGs
[2024-05-22T08:13:14.153+0000] {logging_mixin.py:188} INFO - [2024-05-22T08:13:14.153+0000] {dag.py:3954} INFO - Setting next_dagrun for example_skip_dag to 2024-05-21 00:00:00+00:00, run_after=2024-05-22 00:00:00+00:00
[2024-05-22T08:13:14.169+0000] {processor.py:183} INFO - Processing /home/airflow/.local/lib/python3.12/site-packages/airflow/example_dags/example_skip_dag.py took 0.076 seconds
[2024-05-22T08:13:45.195+0000] {processor.py:161} INFO - Started process (PID=3981) to work on /home/airflow/.local/lib/python3.12/site-packages/airflow/example_dags/example_skip_dag.py
[2024-05-22T08:13:45.195+0000] {processor.py:830} INFO - Processing file /home/airflow/.local/lib/python3.12/site-packages/airflow/example_dags/example_skip_dag.py for tasks to queue
[2024-05-22T08:13:45.196+0000] {logging_mixin.py:188} INFO - [2024-05-22T08:13:45.196+0000] {dagbag.py:540} INFO - Filling up the DagBag from /home/airflow/.local/lib/python3.12/site-packages/airflow/example_dags/example_skip_dag.py
[2024-05-22T08:13:45.200+0000] {processor.py:840} INFO - DAG(s) 'example_skip_dag' retrieved from /home/airflow/.local/lib/python3.12/site-packages/airflow/example_dags/example_skip_dag.py
[2024-05-22T08:13:45.210+0000] {logging_mixin.py:188} INFO - [2024-05-22T08:13:45.210+0000] {dag.py:3096} INFO - Sync 1 DAGs
[2024-05-22T08:13:45.220+0000] {logging_mixin.py:188} INFO - [2024-05-22T08:13:45.219+0000] {dag.py:3954} INFO - Setting next_dagrun for example_skip_dag to 2024-05-21 00:00:00+00:00, run_after=2024-05-22 00:00:00+00:00
[2024-05-22T08:13:45.228+0000] {processor.py:183} INFO - Processing /home/airflow/.local/lib/python3.12/site-packages/airflow/example_dags/example_skip_dag.py took 0.036 seconds
[2024-05-22T08:14:15.319+0000] {processor.py:161} INFO - Started process (PID=4245) to work on /home/airflow/.local/lib/python3.12/site-packages/airflow/example_dags/example_skip_dag.py
[2024-05-22T08:14:15.320+0000] {processor.py:830} INFO - Processing file /home/airflow/.local/lib/python3.12/site-packages/airflow/example_dags/example_skip_dag.py for tasks to queue
[2024-05-22T08:14:15.321+0000] {logging_mixin.py:188} INFO - [2024-05-22T08:14:15.321+0000] {dagbag.py:540} INFO - Filling up the DagBag from /home/airflow/.local/lib/python3.12/site-packages/airflow/example_dags/example_skip_dag.py
[2024-05-22T08:14:15.324+0000] {processor.py:840} INFO - DAG(s) 'example_skip_dag' retrieved from /home/airflow/.local/lib/python3.12/site-packages/airflow/example_dags/example_skip_dag.py
[2024-05-22T08:14:15.334+0000] {logging_mixin.py:188} INFO - [2024-05-22T08:14:15.334+0000] {dag.py:3096} INFO - Sync 1 DAGs
[2024-05-22T08:14:15.344+0000] {logging_mixin.py:188} INFO - [2024-05-22T08:14:15.344+0000] {dag.py:3954} INFO - Setting next_dagrun for example_skip_dag to 2024-05-21 00:00:00+00:00, run_after=2024-05-22 00:00:00+00:00
[2024-05-22T08:14:15.353+0000] {processor.py:183} INFO - Processing /home/airflow/.local/lib/python3.12/site-packages/airflow/example_dags/example_skip_dag.py took 0.036 seconds
[2024-05-22T08:14:45.654+0000] {processor.py:161} INFO - Started process (PID=4514) to work on /home/airflow/.local/lib/python3.12/site-packages/airflow/example_dags/example_skip_dag.py
[2024-05-22T08:14:45.654+0000] {processor.py:830} INFO - Processing file /home/airflow/.local/lib/python3.12/site-packages/airflow/example_dags/example_skip_dag.py for tasks to queue
[2024-05-22T08:14:45.655+0000] {logging_mixin.py:188} INFO - [2024-05-22T08:14:45.655+0000] {dagbag.py:540} INFO - Filling up the DagBag from /home/airflow/.local/lib/python3.12/site-packages/airflow/example_dags/example_skip_dag.py
[2024-05-22T08:14:45.658+0000] {processor.py:840} INFO - DAG(s) 'example_skip_dag' retrieved from /home/airflow/.local/lib/python3.12/site-packages/airflow/example_dags/example_skip_dag.py
[2024-05-22T08:14:45.669+0000] {logging_mixin.py:188} INFO - [2024-05-22T08:14:45.668+0000] {dag.py:3096} INFO - Sync 1 DAGs
[2024-05-22T08:14:45.678+0000] {logging_mixin.py:188} INFO - [2024-05-22T08:14:45.678+0000] {dag.py:3954} INFO - Setting next_dagrun for example_skip_dag to 2024-05-21 00:00:00+00:00, run_after=2024-05-22 00:00:00+00:00
[2024-05-22T08:14:45.686+0000] {processor.py:183} INFO - Processing /home/airflow/.local/lib/python3.12/site-packages/airflow/example_dags/example_skip_dag.py took 0.035 seconds
[2024-05-22T08:15:15.961+0000] {processor.py:161} INFO - Started process (PID=4781) to work on /home/airflow/.local/lib/python3.12/site-packages/airflow/example_dags/example_skip_dag.py
[2024-05-22T08:15:15.962+0000] {processor.py:830} INFO - Processing file /home/airflow/.local/lib/python3.12/site-packages/airflow/example_dags/example_skip_dag.py for tasks to queue
[2024-05-22T08:15:15.963+0000] {logging_mixin.py:188} INFO - [2024-05-22T08:15:15.963+0000] {dagbag.py:540} INFO - Filling up the DagBag from /home/airflow/.local/lib/python3.12/site-packages/airflow/example_dags/example_skip_dag.py
[2024-05-22T08:15:15.966+0000] {processor.py:840} INFO - DAG(s) 'example_skip_dag' retrieved from /home/airflow/.local/lib/python3.12/site-packages/airflow/example_dags/example_skip_dag.py
[2024-05-22T08:15:15.976+0000] {logging_mixin.py:188} INFO - [2024-05-22T08:15:15.976+0000] {dag.py:3096} INFO - Sync 1 DAGs
[2024-05-22T08:15:15.985+0000] {logging_mixin.py:188} INFO - [2024-05-22T08:15:15.985+0000] {dag.py:3954} INFO - Setting next_dagrun for example_skip_dag to 2024-05-21 00:00:00+00:00, run_after=2024-05-22 00:00:00+00:00
[2024-05-22T08:15:15.993+0000] {processor.py:183} INFO - Processing /home/airflow/.local/lib/python3.12/site-packages/airflow/example_dags/example_skip_dag.py took 0.035 seconds
