[2024-05-22T08:06:34.668+0000] {processor.py:161} INFO - Started process (PID=287) to work on /home/airflow/.local/lib/python3.12/site-packages/airflow/example_dags/example_sla_dag.py
[2024-05-22T08:06:34.669+0000] {processor.py:830} INFO - Processing file /home/airflow/.local/lib/python3.12/site-packages/airflow/example_dags/example_sla_dag.py for tasks to queue
[2024-05-22T08:06:34.670+0000] {logging_mixin.py:188} INFO - [2024-05-22T08:06:34.670+0000] {dagbag.py:540} INFO - Filling up the DagBag from /home/airflow/.local/lib/python3.12/site-packages/airflow/example_dags/example_sla_dag.py
[2024-05-22T08:06:34.674+0000] {processor.py:840} INFO - DAG(s) 'example_sla_dag' retrieved from /home/airflow/.local/lib/python3.12/site-packages/airflow/example_dags/example_sla_dag.py
[2024-05-22T08:06:34.686+0000] {logging_mixin.py:188} INFO - [2024-05-22T08:06:34.686+0000] {dag.py:3096} INFO - Sync 1 DAGs
[2024-05-22T08:06:34.700+0000] {logging_mixin.py:188} INFO - [2024-05-22T08:06:34.700+0000] {dag.py:3954} INFO - Setting next_dagrun for example_sla_dag to 2024-05-22 08:04:00+00:00, run_after=2024-05-22 08:06:00+00:00
[2024-05-22T08:06:34.710+0000] {processor.py:183} INFO - Processing /home/airflow/.local/lib/python3.12/site-packages/airflow/example_dags/example_sla_dag.py took 0.045 seconds
[2024-05-22T08:07:04.849+0000] {processor.py:161} INFO - Started process (PID=554) to work on /home/airflow/.local/lib/python3.12/site-packages/airflow/example_dags/example_sla_dag.py
[2024-05-22T08:07:04.850+0000] {processor.py:830} INFO - Processing file /home/airflow/.local/lib/python3.12/site-packages/airflow/example_dags/example_sla_dag.py for tasks to queue
[2024-05-22T08:07:04.851+0000] {logging_mixin.py:188} INFO - [2024-05-22T08:07:04.851+0000] {dagbag.py:540} INFO - Filling up the DagBag from /home/airflow/.local/lib/python3.12/site-packages/airflow/example_dags/example_sla_dag.py
[2024-05-22T08:07:04.855+0000] {processor.py:840} INFO - DAG(s) 'example_sla_dag' retrieved from /home/airflow/.local/lib/python3.12/site-packages/airflow/example_dags/example_sla_dag.py
[2024-05-22T08:07:04.865+0000] {logging_mixin.py:188} INFO - [2024-05-22T08:07:04.865+0000] {dag.py:3096} INFO - Sync 1 DAGs
[2024-05-22T08:07:04.876+0000] {logging_mixin.py:188} INFO - [2024-05-22T08:07:04.876+0000] {dag.py:3954} INFO - Setting next_dagrun for example_sla_dag to 2024-05-22 08:04:00+00:00, run_after=2024-05-22 08:06:00+00:00
[2024-05-22T08:07:04.885+0000] {processor.py:183} INFO - Processing /home/airflow/.local/lib/python3.12/site-packages/airflow/example_dags/example_sla_dag.py took 0.038 seconds
[2024-05-22T08:07:35.591+0000] {processor.py:161} INFO - Started process (PID=821) to work on /home/airflow/.local/lib/python3.12/site-packages/airflow/example_dags/example_sla_dag.py
[2024-05-22T08:07:35.592+0000] {processor.py:830} INFO - Processing file /home/airflow/.local/lib/python3.12/site-packages/airflow/example_dags/example_sla_dag.py for tasks to queue
[2024-05-22T08:07:35.593+0000] {logging_mixin.py:188} INFO - [2024-05-22T08:07:35.593+0000] {dagbag.py:540} INFO - Filling up the DagBag from /home/airflow/.local/lib/python3.12/site-packages/airflow/example_dags/example_sla_dag.py
[2024-05-22T08:07:35.597+0000] {processor.py:840} INFO - DAG(s) 'example_sla_dag' retrieved from /home/airflow/.local/lib/python3.12/site-packages/airflow/example_dags/example_sla_dag.py
[2024-05-22T08:07:35.607+0000] {logging_mixin.py:188} INFO - [2024-05-22T08:07:35.607+0000] {dag.py:3096} INFO - Sync 1 DAGs
[2024-05-22T08:07:35.618+0000] {logging_mixin.py:188} INFO - [2024-05-22T08:07:35.617+0000] {dag.py:3954} INFO - Setting next_dagrun for example_sla_dag to 2024-05-22 08:04:00+00:00, run_after=2024-05-22 08:06:00+00:00
[2024-05-22T08:07:35.626+0000] {processor.py:183} INFO - Processing /home/airflow/.local/lib/python3.12/site-packages/airflow/example_dags/example_sla_dag.py took 0.037 seconds
[2024-05-22T08:08:06.271+0000] {processor.py:161} INFO - Started process (PID=1090) to work on /home/airflow/.local/lib/python3.12/site-packages/airflow/example_dags/example_sla_dag.py
[2024-05-22T08:08:06.271+0000] {processor.py:830} INFO - Processing file /home/airflow/.local/lib/python3.12/site-packages/airflow/example_dags/example_sla_dag.py for tasks to queue
[2024-05-22T08:08:06.272+0000] {logging_mixin.py:188} INFO - [2024-05-22T08:08:06.272+0000] {dagbag.py:540} INFO - Filling up the DagBag from /home/airflow/.local/lib/python3.12/site-packages/airflow/example_dags/example_sla_dag.py
[2024-05-22T08:08:06.276+0000] {processor.py:840} INFO - DAG(s) 'example_sla_dag' retrieved from /home/airflow/.local/lib/python3.12/site-packages/airflow/example_dags/example_sla_dag.py
[2024-05-22T08:08:06.284+0000] {logging_mixin.py:188} INFO - [2024-05-22T08:08:06.284+0000] {dag.py:3096} INFO - Sync 1 DAGs
[2024-05-22T08:08:06.294+0000] {logging_mixin.py:188} INFO - [2024-05-22T08:08:06.294+0000] {dag.py:3954} INFO - Setting next_dagrun for example_sla_dag to 2024-05-22 08:06:00+00:00, run_after=2024-05-22 08:08:00+00:00
[2024-05-22T08:08:06.301+0000] {processor.py:183} INFO - Processing /home/airflow/.local/lib/python3.12/site-packages/airflow/example_dags/example_sla_dag.py took 0.033 seconds
[2024-05-22T08:08:36.990+0000] {processor.py:161} INFO - Started process (PID=1355) to work on /home/airflow/.local/lib/python3.12/site-packages/airflow/example_dags/example_sla_dag.py
[2024-05-22T08:08:36.991+0000] {processor.py:830} INFO - Processing file /home/airflow/.local/lib/python3.12/site-packages/airflow/example_dags/example_sla_dag.py for tasks to queue
[2024-05-22T08:08:36.992+0000] {logging_mixin.py:188} INFO - [2024-05-22T08:08:36.992+0000] {dagbag.py:540} INFO - Filling up the DagBag from /home/airflow/.local/lib/python3.12/site-packages/airflow/example_dags/example_sla_dag.py
[2024-05-22T08:08:36.996+0000] {processor.py:840} INFO - DAG(s) 'example_sla_dag' retrieved from /home/airflow/.local/lib/python3.12/site-packages/airflow/example_dags/example_sla_dag.py
[2024-05-22T08:08:37.005+0000] {logging_mixin.py:188} INFO - [2024-05-22T08:08:37.005+0000] {dag.py:3096} INFO - Sync 1 DAGs
[2024-05-22T08:08:37.017+0000] {logging_mixin.py:188} INFO - [2024-05-22T08:08:37.017+0000] {dag.py:3954} INFO - Setting next_dagrun for example_sla_dag to 2024-05-22 08:06:00+00:00, run_after=2024-05-22 08:08:00+00:00
[2024-05-22T08:08:37.025+0000] {processor.py:183} INFO - Processing /home/airflow/.local/lib/python3.12/site-packages/airflow/example_dags/example_sla_dag.py took 0.037 seconds
[2024-05-22T08:09:07.929+0000] {processor.py:161} INFO - Started process (PID=1622) to work on /home/airflow/.local/lib/python3.12/site-packages/airflow/example_dags/example_sla_dag.py
[2024-05-22T08:09:07.930+0000] {processor.py:830} INFO - Processing file /home/airflow/.local/lib/python3.12/site-packages/airflow/example_dags/example_sla_dag.py for tasks to queue
[2024-05-22T08:09:07.931+0000] {logging_mixin.py:188} INFO - [2024-05-22T08:09:07.930+0000] {dagbag.py:540} INFO - Filling up the DagBag from /home/airflow/.local/lib/python3.12/site-packages/airflow/example_dags/example_sla_dag.py
[2024-05-22T08:09:07.935+0000] {processor.py:840} INFO - DAG(s) 'example_sla_dag' retrieved from /home/airflow/.local/lib/python3.12/site-packages/airflow/example_dags/example_sla_dag.py
[2024-05-22T08:09:07.943+0000] {logging_mixin.py:188} INFO - [2024-05-22T08:09:07.943+0000] {dag.py:3096} INFO - Sync 1 DAGs
[2024-05-22T08:09:07.953+0000] {logging_mixin.py:188} INFO - [2024-05-22T08:09:07.953+0000] {dag.py:3954} INFO - Setting next_dagrun for example_sla_dag to 2024-05-22 08:06:00+00:00, run_after=2024-05-22 08:08:00+00:00
[2024-05-22T08:09:07.961+0000] {processor.py:183} INFO - Processing /home/airflow/.local/lib/python3.12/site-packages/airflow/example_dags/example_sla_dag.py took 0.035 seconds
[2024-05-22T08:09:38.789+0000] {processor.py:161} INFO - Started process (PID=1891) to work on /home/airflow/.local/lib/python3.12/site-packages/airflow/example_dags/example_sla_dag.py
[2024-05-22T08:09:38.789+0000] {processor.py:830} INFO - Processing file /home/airflow/.local/lib/python3.12/site-packages/airflow/example_dags/example_sla_dag.py for tasks to queue
[2024-05-22T08:09:38.790+0000] {logging_mixin.py:188} INFO - [2024-05-22T08:09:38.790+0000] {dagbag.py:540} INFO - Filling up the DagBag from /home/airflow/.local/lib/python3.12/site-packages/airflow/example_dags/example_sla_dag.py
[2024-05-22T08:09:38.795+0000] {processor.py:840} INFO - DAG(s) 'example_sla_dag' retrieved from /home/airflow/.local/lib/python3.12/site-packages/airflow/example_dags/example_sla_dag.py
[2024-05-22T08:09:38.806+0000] {logging_mixin.py:188} INFO - [2024-05-22T08:09:38.806+0000] {dag.py:3096} INFO - Sync 1 DAGs
[2024-05-22T08:09:38.820+0000] {logging_mixin.py:188} INFO - [2024-05-22T08:09:38.820+0000] {dag.py:3954} INFO - Setting next_dagrun for example_sla_dag to 2024-05-22 08:06:00+00:00, run_after=2024-05-22 08:08:00+00:00
[2024-05-22T08:09:38.829+0000] {processor.py:183} INFO - Processing /home/airflow/.local/lib/python3.12/site-packages/airflow/example_dags/example_sla_dag.py took 0.044 seconds
[2024-05-22T08:10:09.687+0000] {processor.py:161} INFO - Started process (PID=2158) to work on /home/airflow/.local/lib/python3.12/site-packages/airflow/example_dags/example_sla_dag.py
[2024-05-22T08:10:09.688+0000] {processor.py:830} INFO - Processing file /home/airflow/.local/lib/python3.12/site-packages/airflow/example_dags/example_sla_dag.py for tasks to queue
[2024-05-22T08:10:09.689+0000] {logging_mixin.py:188} INFO - [2024-05-22T08:10:09.689+0000] {dagbag.py:540} INFO - Filling up the DagBag from /home/airflow/.local/lib/python3.12/site-packages/airflow/example_dags/example_sla_dag.py
[2024-05-22T08:10:09.693+0000] {processor.py:840} INFO - DAG(s) 'example_sla_dag' retrieved from /home/airflow/.local/lib/python3.12/site-packages/airflow/example_dags/example_sla_dag.py
[2024-05-22T08:10:09.702+0000] {logging_mixin.py:188} INFO - [2024-05-22T08:10:09.702+0000] {dag.py:3096} INFO - Sync 1 DAGs
[2024-05-22T08:10:09.712+0000] {logging_mixin.py:188} INFO - [2024-05-22T08:10:09.712+0000] {dag.py:3954} INFO - Setting next_dagrun for example_sla_dag to 2024-05-22 08:08:00+00:00, run_after=2024-05-22 08:10:00+00:00
[2024-05-22T08:10:09.720+0000] {processor.py:183} INFO - Processing /home/airflow/.local/lib/python3.12/site-packages/airflow/example_dags/example_sla_dag.py took 0.035 seconds
[2024-05-22T08:10:40.330+0000] {processor.py:161} INFO - Started process (PID=2423) to work on /home/airflow/.local/lib/python3.12/site-packages/airflow/example_dags/example_sla_dag.py
[2024-05-22T08:10:40.331+0000] {processor.py:830} INFO - Processing file /home/airflow/.local/lib/python3.12/site-packages/airflow/example_dags/example_sla_dag.py for tasks to queue
[2024-05-22T08:10:40.332+0000] {logging_mixin.py:188} INFO - [2024-05-22T08:10:40.332+0000] {dagbag.py:540} INFO - Filling up the DagBag from /home/airflow/.local/lib/python3.12/site-packages/airflow/example_dags/example_sla_dag.py
[2024-05-22T08:10:40.336+0000] {processor.py:840} INFO - DAG(s) 'example_sla_dag' retrieved from /home/airflow/.local/lib/python3.12/site-packages/airflow/example_dags/example_sla_dag.py
[2024-05-22T08:10:40.346+0000] {logging_mixin.py:188} INFO - [2024-05-22T08:10:40.346+0000] {dag.py:3096} INFO - Sync 1 DAGs
[2024-05-22T08:10:40.358+0000] {logging_mixin.py:188} INFO - [2024-05-22T08:10:40.358+0000] {dag.py:3954} INFO - Setting next_dagrun for example_sla_dag to 2024-05-22 08:08:00+00:00, run_after=2024-05-22 08:10:00+00:00
[2024-05-22T08:10:40.366+0000] {processor.py:183} INFO - Processing /home/airflow/.local/lib/python3.12/site-packages/airflow/example_dags/example_sla_dag.py took 0.039 seconds
[2024-05-22T08:11:10.992+0000] {processor.py:161} INFO - Started process (PID=2690) to work on /home/airflow/.local/lib/python3.12/site-packages/airflow/example_dags/example_sla_dag.py
[2024-05-22T08:11:10.993+0000] {processor.py:830} INFO - Processing file /home/airflow/.local/lib/python3.12/site-packages/airflow/example_dags/example_sla_dag.py for tasks to queue
[2024-05-22T08:11:10.995+0000] {logging_mixin.py:188} INFO - [2024-05-22T08:11:10.995+0000] {dagbag.py:540} INFO - Filling up the DagBag from /home/airflow/.local/lib/python3.12/site-packages/airflow/example_dags/example_sla_dag.py
[2024-05-22T08:11:11.000+0000] {processor.py:840} INFO - DAG(s) 'example_sla_dag' retrieved from /home/airflow/.local/lib/python3.12/site-packages/airflow/example_dags/example_sla_dag.py
[2024-05-22T08:11:11.010+0000] {logging_mixin.py:188} INFO - [2024-05-22T08:11:11.009+0000] {dag.py:3096} INFO - Sync 1 DAGs
[2024-05-22T08:11:11.020+0000] {logging_mixin.py:188} INFO - [2024-05-22T08:11:11.020+0000] {dag.py:3954} INFO - Setting next_dagrun for example_sla_dag to 2024-05-22 08:08:00+00:00, run_after=2024-05-22 08:10:00+00:00
[2024-05-22T08:11:11.028+0000] {processor.py:183} INFO - Processing /home/airflow/.local/lib/python3.12/site-packages/airflow/example_dags/example_sla_dag.py took 0.040 seconds
[2024-05-22T08:11:41.747+0000] {processor.py:161} INFO - Started process (PID=2957) to work on /home/airflow/.local/lib/python3.12/site-packages/airflow/example_dags/example_sla_dag.py
[2024-05-22T08:11:41.748+0000] {processor.py:830} INFO - Processing file /home/airflow/.local/lib/python3.12/site-packages/airflow/example_dags/example_sla_dag.py for tasks to queue
[2024-05-22T08:11:41.749+0000] {logging_mixin.py:188} INFO - [2024-05-22T08:11:41.749+0000] {dagbag.py:540} INFO - Filling up the DagBag from /home/airflow/.local/lib/python3.12/site-packages/airflow/example_dags/example_sla_dag.py
[2024-05-22T08:11:41.753+0000] {processor.py:840} INFO - DAG(s) 'example_sla_dag' retrieved from /home/airflow/.local/lib/python3.12/site-packages/airflow/example_dags/example_sla_dag.py
[2024-05-22T08:11:41.762+0000] {logging_mixin.py:188} INFO - [2024-05-22T08:11:41.762+0000] {dag.py:3096} INFO - Sync 1 DAGs
[2024-05-22T08:11:41.773+0000] {logging_mixin.py:188} INFO - [2024-05-22T08:11:41.773+0000] {dag.py:3954} INFO - Setting next_dagrun for example_sla_dag to 2024-05-22 08:08:00+00:00, run_after=2024-05-22 08:10:00+00:00
[2024-05-22T08:11:41.781+0000] {processor.py:183} INFO - Processing /home/airflow/.local/lib/python3.12/site-packages/airflow/example_dags/example_sla_dag.py took 0.036 seconds
[2024-05-22T08:12:12.678+0000] {processor.py:161} INFO - Started process (PID=3223) to work on /home/airflow/.local/lib/python3.12/site-packages/airflow/example_dags/example_sla_dag.py
[2024-05-22T08:12:12.679+0000] {processor.py:830} INFO - Processing file /home/airflow/.local/lib/python3.12/site-packages/airflow/example_dags/example_sla_dag.py for tasks to queue
[2024-05-22T08:12:12.681+0000] {logging_mixin.py:188} INFO - [2024-05-22T08:12:12.681+0000] {dagbag.py:540} INFO - Filling up the DagBag from /home/airflow/.local/lib/python3.12/site-packages/airflow/example_dags/example_sla_dag.py
[2024-05-22T08:12:12.693+0000] {processor.py:840} INFO - DAG(s) 'example_sla_dag' retrieved from /home/airflow/.local/lib/python3.12/site-packages/airflow/example_dags/example_sla_dag.py
[2024-05-22T08:12:12.719+0000] {logging_mixin.py:188} INFO - [2024-05-22T08:12:12.719+0000] {dag.py:3096} INFO - Sync 1 DAGs
[2024-05-22T08:12:12.743+0000] {logging_mixin.py:188} INFO - [2024-05-22T08:12:12.743+0000] {dag.py:3954} INFO - Setting next_dagrun for example_sla_dag to 2024-05-22 08:10:00+00:00, run_after=2024-05-22 08:12:00+00:00
[2024-05-22T08:12:12.769+0000] {processor.py:183} INFO - Processing /home/airflow/.local/lib/python3.12/site-packages/airflow/example_dags/example_sla_dag.py took 0.097 seconds
[2024-05-22T08:12:43.324+0000] {processor.py:161} INFO - Started process (PID=3491) to work on /home/airflow/.local/lib/python3.12/site-packages/airflow/example_dags/example_sla_dag.py
[2024-05-22T08:12:43.325+0000] {processor.py:830} INFO - Processing file /home/airflow/.local/lib/python3.12/site-packages/airflow/example_dags/example_sla_dag.py for tasks to queue
[2024-05-22T08:12:43.326+0000] {logging_mixin.py:188} INFO - [2024-05-22T08:12:43.325+0000] {dagbag.py:540} INFO - Filling up the DagBag from /home/airflow/.local/lib/python3.12/site-packages/airflow/example_dags/example_sla_dag.py
[2024-05-22T08:12:43.331+0000] {processor.py:840} INFO - DAG(s) 'example_sla_dag' retrieved from /home/airflow/.local/lib/python3.12/site-packages/airflow/example_dags/example_sla_dag.py
[2024-05-22T08:12:43.341+0000] {logging_mixin.py:188} INFO - [2024-05-22T08:12:43.340+0000] {dag.py:3096} INFO - Sync 1 DAGs
[2024-05-22T08:12:43.352+0000] {logging_mixin.py:188} INFO - [2024-05-22T08:12:43.352+0000] {dag.py:3954} INFO - Setting next_dagrun for example_sla_dag to 2024-05-22 08:10:00+00:00, run_after=2024-05-22 08:12:00+00:00
[2024-05-22T08:12:43.362+0000] {processor.py:183} INFO - Processing /home/airflow/.local/lib/python3.12/site-packages/airflow/example_dags/example_sla_dag.py took 0.041 seconds
[2024-05-22T08:13:14.455+0000] {processor.py:161} INFO - Started process (PID=3757) to work on /home/airflow/.local/lib/python3.12/site-packages/airflow/example_dags/example_sla_dag.py
[2024-05-22T08:13:14.456+0000] {processor.py:830} INFO - Processing file /home/airflow/.local/lib/python3.12/site-packages/airflow/example_dags/example_sla_dag.py for tasks to queue
[2024-05-22T08:13:14.457+0000] {logging_mixin.py:188} INFO - [2024-05-22T08:13:14.457+0000] {dagbag.py:540} INFO - Filling up the DagBag from /home/airflow/.local/lib/python3.12/site-packages/airflow/example_dags/example_sla_dag.py
[2024-05-22T08:13:14.462+0000] {processor.py:840} INFO - DAG(s) 'example_sla_dag' retrieved from /home/airflow/.local/lib/python3.12/site-packages/airflow/example_dags/example_sla_dag.py
[2024-05-22T08:13:14.472+0000] {logging_mixin.py:188} INFO - [2024-05-22T08:13:14.472+0000] {dag.py:3096} INFO - Sync 1 DAGs
[2024-05-22T08:13:14.483+0000] {logging_mixin.py:188} INFO - [2024-05-22T08:13:14.483+0000] {dag.py:3954} INFO - Setting next_dagrun for example_sla_dag to 2024-05-22 08:10:00+00:00, run_after=2024-05-22 08:12:00+00:00
[2024-05-22T08:13:14.504+0000] {processor.py:183} INFO - Processing /home/airflow/.local/lib/python3.12/site-packages/airflow/example_dags/example_sla_dag.py took 0.052 seconds
[2024-05-22T08:13:45.423+0000] {processor.py:161} INFO - Started process (PID=4026) to work on /home/airflow/.local/lib/python3.12/site-packages/airflow/example_dags/example_sla_dag.py
[2024-05-22T08:13:45.424+0000] {processor.py:830} INFO - Processing file /home/airflow/.local/lib/python3.12/site-packages/airflow/example_dags/example_sla_dag.py for tasks to queue
[2024-05-22T08:13:45.425+0000] {logging_mixin.py:188} INFO - [2024-05-22T08:13:45.425+0000] {dagbag.py:540} INFO - Filling up the DagBag from /home/airflow/.local/lib/python3.12/site-packages/airflow/example_dags/example_sla_dag.py
[2024-05-22T08:13:45.429+0000] {processor.py:840} INFO - DAG(s) 'example_sla_dag' retrieved from /home/airflow/.local/lib/python3.12/site-packages/airflow/example_dags/example_sla_dag.py
[2024-05-22T08:13:45.437+0000] {logging_mixin.py:188} INFO - [2024-05-22T08:13:45.437+0000] {dag.py:3096} INFO - Sync 1 DAGs
[2024-05-22T08:13:45.448+0000] {logging_mixin.py:188} INFO - [2024-05-22T08:13:45.448+0000] {dag.py:3954} INFO - Setting next_dagrun for example_sla_dag to 2024-05-22 08:10:00+00:00, run_after=2024-05-22 08:12:00+00:00
[2024-05-22T08:13:45.456+0000] {processor.py:183} INFO - Processing /home/airflow/.local/lib/python3.12/site-packages/airflow/example_dags/example_sla_dag.py took 0.035 seconds
[2024-05-22T08:14:15.581+0000] {processor.py:161} INFO - Started process (PID=4290) to work on /home/airflow/.local/lib/python3.12/site-packages/airflow/example_dags/example_sla_dag.py
[2024-05-22T08:14:15.582+0000] {processor.py:830} INFO - Processing file /home/airflow/.local/lib/python3.12/site-packages/airflow/example_dags/example_sla_dag.py for tasks to queue
[2024-05-22T08:14:15.582+0000] {logging_mixin.py:188} INFO - [2024-05-22T08:14:15.582+0000] {dagbag.py:540} INFO - Filling up the DagBag from /home/airflow/.local/lib/python3.12/site-packages/airflow/example_dags/example_sla_dag.py
[2024-05-22T08:14:15.587+0000] {processor.py:840} INFO - DAG(s) 'example_sla_dag' retrieved from /home/airflow/.local/lib/python3.12/site-packages/airflow/example_dags/example_sla_dag.py
[2024-05-22T08:14:15.597+0000] {logging_mixin.py:188} INFO - [2024-05-22T08:14:15.597+0000] {dag.py:3096} INFO - Sync 1 DAGs
[2024-05-22T08:14:15.609+0000] {logging_mixin.py:188} INFO - [2024-05-22T08:14:15.609+0000] {dag.py:3954} INFO - Setting next_dagrun for example_sla_dag to 2024-05-22 08:12:00+00:00, run_after=2024-05-22 08:14:00+00:00
[2024-05-22T08:14:15.618+0000] {processor.py:183} INFO - Processing /home/airflow/.local/lib/python3.12/site-packages/airflow/example_dags/example_sla_dag.py took 0.040 seconds
[2024-05-22T08:14:45.879+0000] {processor.py:161} INFO - Started process (PID=4559) to work on /home/airflow/.local/lib/python3.12/site-packages/airflow/example_dags/example_sla_dag.py
[2024-05-22T08:14:45.880+0000] {processor.py:830} INFO - Processing file /home/airflow/.local/lib/python3.12/site-packages/airflow/example_dags/example_sla_dag.py for tasks to queue
[2024-05-22T08:14:45.881+0000] {logging_mixin.py:188} INFO - [2024-05-22T08:14:45.880+0000] {dagbag.py:540} INFO - Filling up the DagBag from /home/airflow/.local/lib/python3.12/site-packages/airflow/example_dags/example_sla_dag.py
[2024-05-22T08:14:45.885+0000] {processor.py:840} INFO - DAG(s) 'example_sla_dag' retrieved from /home/airflow/.local/lib/python3.12/site-packages/airflow/example_dags/example_sla_dag.py
[2024-05-22T08:14:45.894+0000] {logging_mixin.py:188} INFO - [2024-05-22T08:14:45.894+0000] {dag.py:3096} INFO - Sync 1 DAGs
[2024-05-22T08:14:45.905+0000] {logging_mixin.py:188} INFO - [2024-05-22T08:14:45.905+0000] {dag.py:3954} INFO - Setting next_dagrun for example_sla_dag to 2024-05-22 08:12:00+00:00, run_after=2024-05-22 08:14:00+00:00
[2024-05-22T08:14:45.912+0000] {processor.py:183} INFO - Processing /home/airflow/.local/lib/python3.12/site-packages/airflow/example_dags/example_sla_dag.py took 0.036 seconds
[2024-05-22T08:15:16.181+0000] {processor.py:161} INFO - Started process (PID=4826) to work on /home/airflow/.local/lib/python3.12/site-packages/airflow/example_dags/example_sla_dag.py
[2024-05-22T08:15:16.182+0000] {processor.py:830} INFO - Processing file /home/airflow/.local/lib/python3.12/site-packages/airflow/example_dags/example_sla_dag.py for tasks to queue
[2024-05-22T08:15:16.182+0000] {logging_mixin.py:188} INFO - [2024-05-22T08:15:16.182+0000] {dagbag.py:540} INFO - Filling up the DagBag from /home/airflow/.local/lib/python3.12/site-packages/airflow/example_dags/example_sla_dag.py
[2024-05-22T08:15:16.186+0000] {processor.py:840} INFO - DAG(s) 'example_sla_dag' retrieved from /home/airflow/.local/lib/python3.12/site-packages/airflow/example_dags/example_sla_dag.py
[2024-05-22T08:15:16.195+0000] {logging_mixin.py:188} INFO - [2024-05-22T08:15:16.195+0000] {dag.py:3096} INFO - Sync 1 DAGs
[2024-05-22T08:15:16.204+0000] {logging_mixin.py:188} INFO - [2024-05-22T08:15:16.204+0000] {dag.py:3954} INFO - Setting next_dagrun for example_sla_dag to 2024-05-22 08:12:00+00:00, run_after=2024-05-22 08:14:00+00:00
[2024-05-22T08:15:16.212+0000] {processor.py:183} INFO - Processing /home/airflow/.local/lib/python3.12/site-packages/airflow/example_dags/example_sla_dag.py took 0.033 seconds
