[2024-05-22T08:06:35.052+0000] {processor.py:161} INFO - Started process (PID=337) to work on /home/airflow/.local/lib/python3.12/site-packages/airflow/example_dags/example_complex.py
[2024-05-22T08:06:35.053+0000] {processor.py:830} INFO - Processing file /home/airflow/.local/lib/python3.12/site-packages/airflow/example_dags/example_complex.py for tasks to queue
[2024-05-22T08:06:35.054+0000] {logging_mixin.py:188} INFO - [2024-05-22T08:06:35.053+0000] {dagbag.py:540} INFO - Filling up the DagBag from /home/airflow/.local/lib/python3.12/site-packages/airflow/example_dags/example_complex.py
[2024-05-22T08:06:35.060+0000] {processor.py:840} INFO - DAG(s) 'example_complex' retrieved from /home/airflow/.local/lib/python3.12/site-packages/airflow/example_dags/example_complex.py
[2024-05-22T08:06:35.076+0000] {logging_mixin.py:188} INFO - [2024-05-22T08:06:35.075+0000] {dag.py:3096} INFO - Sync 1 DAGs
[2024-05-22T08:06:35.082+0000] {logging_mixin.py:188} INFO - [2024-05-22T08:06:35.082+0000] {dag.py:3954} INFO - Setting next_dagrun for example_complex to None, run_after=None
[2024-05-22T08:06:35.092+0000] {processor.py:183} INFO - Processing /home/airflow/.local/lib/python3.12/site-packages/airflow/example_dags/example_complex.py took 0.043 seconds
[2024-05-22T08:07:05.149+0000] {processor.py:161} INFO - Started process (PID=604) to work on /home/airflow/.local/lib/python3.12/site-packages/airflow/example_dags/example_complex.py
[2024-05-22T08:07:05.150+0000] {processor.py:830} INFO - Processing file /home/airflow/.local/lib/python3.12/site-packages/airflow/example_dags/example_complex.py for tasks to queue
[2024-05-22T08:07:05.151+0000] {logging_mixin.py:188} INFO - [2024-05-22T08:07:05.151+0000] {dagbag.py:540} INFO - Filling up the DagBag from /home/airflow/.local/lib/python3.12/site-packages/airflow/example_dags/example_complex.py
[2024-05-22T08:07:05.156+0000] {processor.py:840} INFO - DAG(s) 'example_complex' retrieved from /home/airflow/.local/lib/python3.12/site-packages/airflow/example_dags/example_complex.py
[2024-05-22T08:07:05.172+0000] {logging_mixin.py:188} INFO - [2024-05-22T08:07:05.172+0000] {dag.py:3096} INFO - Sync 1 DAGs
[2024-05-22T08:07:05.179+0000] {logging_mixin.py:188} INFO - [2024-05-22T08:07:05.178+0000] {dag.py:3954} INFO - Setting next_dagrun for example_complex to None, run_after=None
[2024-05-22T08:07:05.187+0000] {processor.py:183} INFO - Processing /home/airflow/.local/lib/python3.12/site-packages/airflow/example_dags/example_complex.py took 0.041 seconds
[2024-05-22T08:07:35.896+0000] {processor.py:161} INFO - Started process (PID=873) to work on /home/airflow/.local/lib/python3.12/site-packages/airflow/example_dags/example_complex.py
[2024-05-22T08:07:35.896+0000] {processor.py:830} INFO - Processing file /home/airflow/.local/lib/python3.12/site-packages/airflow/example_dags/example_complex.py for tasks to queue
[2024-05-22T08:07:35.897+0000] {logging_mixin.py:188} INFO - [2024-05-22T08:07:35.897+0000] {dagbag.py:540} INFO - Filling up the DagBag from /home/airflow/.local/lib/python3.12/site-packages/airflow/example_dags/example_complex.py
[2024-05-22T08:07:35.902+0000] {processor.py:840} INFO - DAG(s) 'example_complex' retrieved from /home/airflow/.local/lib/python3.12/site-packages/airflow/example_dags/example_complex.py
[2024-05-22T08:07:35.915+0000] {logging_mixin.py:188} INFO - [2024-05-22T08:07:35.915+0000] {dag.py:3096} INFO - Sync 1 DAGs
[2024-05-22T08:07:35.921+0000] {logging_mixin.py:188} INFO - [2024-05-22T08:07:35.921+0000] {dag.py:3954} INFO - Setting next_dagrun for example_complex to None, run_after=None
[2024-05-22T08:07:35.928+0000] {processor.py:183} INFO - Processing /home/airflow/.local/lib/python3.12/site-packages/airflow/example_dags/example_complex.py took 0.036 seconds
[2024-05-22T08:08:06.532+0000] {processor.py:161} INFO - Started process (PID=1138) to work on /home/airflow/.local/lib/python3.12/site-packages/airflow/example_dags/example_complex.py
[2024-05-22T08:08:06.533+0000] {processor.py:830} INFO - Processing file /home/airflow/.local/lib/python3.12/site-packages/airflow/example_dags/example_complex.py for tasks to queue
[2024-05-22T08:08:06.534+0000] {logging_mixin.py:188} INFO - [2024-05-22T08:08:06.534+0000] {dagbag.py:540} INFO - Filling up the DagBag from /home/airflow/.local/lib/python3.12/site-packages/airflow/example_dags/example_complex.py
[2024-05-22T08:08:06.538+0000] {processor.py:840} INFO - DAG(s) 'example_complex' retrieved from /home/airflow/.local/lib/python3.12/site-packages/airflow/example_dags/example_complex.py
[2024-05-22T08:08:06.552+0000] {logging_mixin.py:188} INFO - [2024-05-22T08:08:06.551+0000] {dag.py:3096} INFO - Sync 1 DAGs
[2024-05-22T08:08:06.557+0000] {logging_mixin.py:188} INFO - [2024-05-22T08:08:06.557+0000] {dag.py:3954} INFO - Setting next_dagrun for example_complex to None, run_after=None
[2024-05-22T08:08:06.566+0000] {processor.py:183} INFO - Processing /home/airflow/.local/lib/python3.12/site-packages/airflow/example_dags/example_complex.py took 0.036 seconds
[2024-05-22T08:08:37.253+0000] {processor.py:161} INFO - Started process (PID=1405) to work on /home/airflow/.local/lib/python3.12/site-packages/airflow/example_dags/example_complex.py
[2024-05-22T08:08:37.254+0000] {processor.py:830} INFO - Processing file /home/airflow/.local/lib/python3.12/site-packages/airflow/example_dags/example_complex.py for tasks to queue
[2024-05-22T08:08:37.255+0000] {logging_mixin.py:188} INFO - [2024-05-22T08:08:37.254+0000] {dagbag.py:540} INFO - Filling up the DagBag from /home/airflow/.local/lib/python3.12/site-packages/airflow/example_dags/example_complex.py
[2024-05-22T08:08:37.259+0000] {processor.py:840} INFO - DAG(s) 'example_complex' retrieved from /home/airflow/.local/lib/python3.12/site-packages/airflow/example_dags/example_complex.py
[2024-05-22T08:08:37.273+0000] {logging_mixin.py:188} INFO - [2024-05-22T08:08:37.273+0000] {dag.py:3096} INFO - Sync 1 DAGs
[2024-05-22T08:08:37.281+0000] {logging_mixin.py:188} INFO - [2024-05-22T08:08:37.281+0000] {dag.py:3954} INFO - Setting next_dagrun for example_complex to None, run_after=None
[2024-05-22T08:08:37.291+0000] {processor.py:183} INFO - Processing /home/airflow/.local/lib/python3.12/site-packages/airflow/example_dags/example_complex.py took 0.041 seconds
[2024-05-22T08:09:08.257+0000] {processor.py:161} INFO - Started process (PID=1672) to work on /home/airflow/.local/lib/python3.12/site-packages/airflow/example_dags/example_complex.py
[2024-05-22T08:09:08.258+0000] {processor.py:830} INFO - Processing file /home/airflow/.local/lib/python3.12/site-packages/airflow/example_dags/example_complex.py for tasks to queue
[2024-05-22T08:09:08.259+0000] {logging_mixin.py:188} INFO - [2024-05-22T08:09:08.259+0000] {dagbag.py:540} INFO - Filling up the DagBag from /home/airflow/.local/lib/python3.12/site-packages/airflow/example_dags/example_complex.py
[2024-05-22T08:09:08.265+0000] {processor.py:840} INFO - DAG(s) 'example_complex' retrieved from /home/airflow/.local/lib/python3.12/site-packages/airflow/example_dags/example_complex.py
[2024-05-22T08:09:08.288+0000] {logging_mixin.py:188} INFO - [2024-05-22T08:09:08.288+0000] {dag.py:3096} INFO - Sync 1 DAGs
[2024-05-22T08:09:08.297+0000] {logging_mixin.py:188} INFO - [2024-05-22T08:09:08.296+0000] {dag.py:3954} INFO - Setting next_dagrun for example_complex to None, run_after=None
[2024-05-22T08:09:08.308+0000] {processor.py:183} INFO - Processing /home/airflow/.local/lib/python3.12/site-packages/airflow/example_dags/example_complex.py took 0.055 seconds
[2024-05-22T08:09:39.042+0000] {processor.py:161} INFO - Started process (PID=1934) to work on /home/airflow/.local/lib/python3.12/site-packages/airflow/example_dags/example_complex.py
[2024-05-22T08:09:39.043+0000] {processor.py:830} INFO - Processing file /home/airflow/.local/lib/python3.12/site-packages/airflow/example_dags/example_complex.py for tasks to queue
[2024-05-22T08:09:39.044+0000] {logging_mixin.py:188} INFO - [2024-05-22T08:09:39.044+0000] {dagbag.py:540} INFO - Filling up the DagBag from /home/airflow/.local/lib/python3.12/site-packages/airflow/example_dags/example_complex.py
[2024-05-22T08:09:39.048+0000] {processor.py:840} INFO - DAG(s) 'example_complex' retrieved from /home/airflow/.local/lib/python3.12/site-packages/airflow/example_dags/example_complex.py
[2024-05-22T08:09:39.061+0000] {logging_mixin.py:188} INFO - [2024-05-22T08:09:39.061+0000] {dag.py:3096} INFO - Sync 1 DAGs
[2024-05-22T08:09:39.066+0000] {logging_mixin.py:188} INFO - [2024-05-22T08:09:39.066+0000] {dag.py:3954} INFO - Setting next_dagrun for example_complex to None, run_after=None
[2024-05-22T08:09:39.076+0000] {processor.py:183} INFO - Processing /home/airflow/.local/lib/python3.12/site-packages/airflow/example_dags/example_complex.py took 0.036 seconds
[2024-05-22T08:10:09.943+0000] {processor.py:161} INFO - Started process (PID=2203) to work on /home/airflow/.local/lib/python3.12/site-packages/airflow/example_dags/example_complex.py
[2024-05-22T08:10:09.943+0000] {processor.py:830} INFO - Processing file /home/airflow/.local/lib/python3.12/site-packages/airflow/example_dags/example_complex.py for tasks to queue
[2024-05-22T08:10:09.944+0000] {logging_mixin.py:188} INFO - [2024-05-22T08:10:09.944+0000] {dagbag.py:540} INFO - Filling up the DagBag from /home/airflow/.local/lib/python3.12/site-packages/airflow/example_dags/example_complex.py
[2024-05-22T08:10:09.948+0000] {processor.py:840} INFO - DAG(s) 'example_complex' retrieved from /home/airflow/.local/lib/python3.12/site-packages/airflow/example_dags/example_complex.py
[2024-05-22T08:10:09.962+0000] {logging_mixin.py:188} INFO - [2024-05-22T08:10:09.962+0000] {dag.py:3096} INFO - Sync 1 DAGs
[2024-05-22T08:10:09.968+0000] {logging_mixin.py:188} INFO - [2024-05-22T08:10:09.967+0000] {dag.py:3954} INFO - Setting next_dagrun for example_complex to None, run_after=None
[2024-05-22T08:10:09.975+0000] {processor.py:183} INFO - Processing /home/airflow/.local/lib/python3.12/site-packages/airflow/example_dags/example_complex.py took 0.034 seconds
[2024-05-22T08:10:40.621+0000] {processor.py:161} INFO - Started process (PID=2473) to work on /home/airflow/.local/lib/python3.12/site-packages/airflow/example_dags/example_complex.py
[2024-05-22T08:10:40.621+0000] {processor.py:830} INFO - Processing file /home/airflow/.local/lib/python3.12/site-packages/airflow/example_dags/example_complex.py for tasks to queue
[2024-05-22T08:10:40.623+0000] {logging_mixin.py:188} INFO - [2024-05-22T08:10:40.622+0000] {dagbag.py:540} INFO - Filling up the DagBag from /home/airflow/.local/lib/python3.12/site-packages/airflow/example_dags/example_complex.py
[2024-05-22T08:10:40.627+0000] {processor.py:840} INFO - DAG(s) 'example_complex' retrieved from /home/airflow/.local/lib/python3.12/site-packages/airflow/example_dags/example_complex.py
[2024-05-22T08:10:40.640+0000] {logging_mixin.py:188} INFO - [2024-05-22T08:10:40.640+0000] {dag.py:3096} INFO - Sync 1 DAGs
[2024-05-22T08:10:40.646+0000] {logging_mixin.py:188} INFO - [2024-05-22T08:10:40.646+0000] {dag.py:3954} INFO - Setting next_dagrun for example_complex to None, run_after=None
[2024-05-22T08:10:40.654+0000] {processor.py:183} INFO - Processing /home/airflow/.local/lib/python3.12/site-packages/airflow/example_dags/example_complex.py took 0.035 seconds
[2024-05-22T08:11:11.283+0000] {processor.py:161} INFO - Started process (PID=2740) to work on /home/airflow/.local/lib/python3.12/site-packages/airflow/example_dags/example_complex.py
[2024-05-22T08:11:11.284+0000] {processor.py:830} INFO - Processing file /home/airflow/.local/lib/python3.12/site-packages/airflow/example_dags/example_complex.py for tasks to queue
[2024-05-22T08:11:11.285+0000] {logging_mixin.py:188} INFO - [2024-05-22T08:11:11.284+0000] {dagbag.py:540} INFO - Filling up the DagBag from /home/airflow/.local/lib/python3.12/site-packages/airflow/example_dags/example_complex.py
[2024-05-22T08:11:11.289+0000] {processor.py:840} INFO - DAG(s) 'example_complex' retrieved from /home/airflow/.local/lib/python3.12/site-packages/airflow/example_dags/example_complex.py
[2024-05-22T08:11:11.303+0000] {logging_mixin.py:188} INFO - [2024-05-22T08:11:11.303+0000] {dag.py:3096} INFO - Sync 1 DAGs
[2024-05-22T08:11:11.309+0000] {logging_mixin.py:188} INFO - [2024-05-22T08:11:11.309+0000] {dag.py:3954} INFO - Setting next_dagrun for example_complex to None, run_after=None
[2024-05-22T08:11:11.317+0000] {processor.py:183} INFO - Processing /home/airflow/.local/lib/python3.12/site-packages/airflow/example_dags/example_complex.py took 0.037 seconds
[2024-05-22T08:11:42.046+0000] {processor.py:161} INFO - Started process (PID=3007) to work on /home/airflow/.local/lib/python3.12/site-packages/airflow/example_dags/example_complex.py
[2024-05-22T08:11:42.047+0000] {processor.py:830} INFO - Processing file /home/airflow/.local/lib/python3.12/site-packages/airflow/example_dags/example_complex.py for tasks to queue
[2024-05-22T08:11:42.049+0000] {logging_mixin.py:188} INFO - [2024-05-22T08:11:42.049+0000] {dagbag.py:540} INFO - Filling up the DagBag from /home/airflow/.local/lib/python3.12/site-packages/airflow/example_dags/example_complex.py
[2024-05-22T08:11:42.055+0000] {processor.py:840} INFO - DAG(s) 'example_complex' retrieved from /home/airflow/.local/lib/python3.12/site-packages/airflow/example_dags/example_complex.py
[2024-05-22T08:11:42.073+0000] {logging_mixin.py:188} INFO - [2024-05-22T08:11:42.073+0000] {dag.py:3096} INFO - Sync 1 DAGs
[2024-05-22T08:11:42.080+0000] {logging_mixin.py:188} INFO - [2024-05-22T08:11:42.080+0000] {dag.py:3954} INFO - Setting next_dagrun for example_complex to None, run_after=None
[2024-05-22T08:11:42.088+0000] {processor.py:183} INFO - Processing /home/airflow/.local/lib/python3.12/site-packages/airflow/example_dags/example_complex.py took 0.045 seconds
[2024-05-22T08:12:13.494+0000] {processor.py:161} INFO - Started process (PID=3273) to work on /home/airflow/.local/lib/python3.12/site-packages/airflow/example_dags/example_complex.py
[2024-05-22T08:12:13.497+0000] {processor.py:830} INFO - Processing file /home/airflow/.local/lib/python3.12/site-packages/airflow/example_dags/example_complex.py for tasks to queue
[2024-05-22T08:12:13.499+0000] {logging_mixin.py:188} INFO - [2024-05-22T08:12:13.498+0000] {dagbag.py:540} INFO - Filling up the DagBag from /home/airflow/.local/lib/python3.12/site-packages/airflow/example_dags/example_complex.py
[2024-05-22T08:12:13.511+0000] {processor.py:840} INFO - DAG(s) 'example_complex' retrieved from /home/airflow/.local/lib/python3.12/site-packages/airflow/example_dags/example_complex.py
[2024-05-22T08:12:13.564+0000] {logging_mixin.py:188} INFO - [2024-05-22T08:12:13.564+0000] {dag.py:3096} INFO - Sync 1 DAGs
[2024-05-22T08:12:13.587+0000] {logging_mixin.py:188} INFO - [2024-05-22T08:12:13.586+0000] {dag.py:3954} INFO - Setting next_dagrun for example_complex to None, run_after=None
[2024-05-22T08:12:13.619+0000] {processor.py:183} INFO - Processing /home/airflow/.local/lib/python3.12/site-packages/airflow/example_dags/example_complex.py took 0.130 seconds
[2024-05-22T08:12:44.557+0000] {processor.py:161} INFO - Started process (PID=3540) to work on /home/airflow/.local/lib/python3.12/site-packages/airflow/example_dags/example_complex.py
[2024-05-22T08:12:44.558+0000] {processor.py:830} INFO - Processing file /home/airflow/.local/lib/python3.12/site-packages/airflow/example_dags/example_complex.py for tasks to queue
[2024-05-22T08:12:44.559+0000] {logging_mixin.py:188} INFO - [2024-05-22T08:12:44.559+0000] {dagbag.py:540} INFO - Filling up the DagBag from /home/airflow/.local/lib/python3.12/site-packages/airflow/example_dags/example_complex.py
[2024-05-22T08:12:44.564+0000] {processor.py:840} INFO - DAG(s) 'example_complex' retrieved from /home/airflow/.local/lib/python3.12/site-packages/airflow/example_dags/example_complex.py
[2024-05-22T08:12:44.578+0000] {logging_mixin.py:188} INFO - [2024-05-22T08:12:44.578+0000] {dag.py:3096} INFO - Sync 1 DAGs
[2024-05-22T08:12:44.583+0000] {logging_mixin.py:188} INFO - [2024-05-22T08:12:44.583+0000] {dag.py:3954} INFO - Setting next_dagrun for example_complex to None, run_after=None
[2024-05-22T08:12:44.592+0000] {processor.py:183} INFO - Processing /home/airflow/.local/lib/python3.12/site-packages/airflow/example_dags/example_complex.py took 0.038 seconds
[2024-05-22T08:13:14.721+0000] {processor.py:161} INFO - Started process (PID=3802) to work on /home/airflow/.local/lib/python3.12/site-packages/airflow/example_dags/example_complex.py
[2024-05-22T08:13:14.722+0000] {processor.py:830} INFO - Processing file /home/airflow/.local/lib/python3.12/site-packages/airflow/example_dags/example_complex.py for tasks to queue
[2024-05-22T08:13:14.723+0000] {logging_mixin.py:188} INFO - [2024-05-22T08:13:14.723+0000] {dagbag.py:540} INFO - Filling up the DagBag from /home/airflow/.local/lib/python3.12/site-packages/airflow/example_dags/example_complex.py
[2024-05-22T08:13:14.728+0000] {processor.py:840} INFO - DAG(s) 'example_complex' retrieved from /home/airflow/.local/lib/python3.12/site-packages/airflow/example_dags/example_complex.py
[2024-05-22T08:13:14.743+0000] {logging_mixin.py:188} INFO - [2024-05-22T08:13:14.743+0000] {dag.py:3096} INFO - Sync 1 DAGs
[2024-05-22T08:13:14.749+0000] {logging_mixin.py:188} INFO - [2024-05-22T08:13:14.749+0000] {dag.py:3954} INFO - Setting next_dagrun for example_complex to None, run_after=None
[2024-05-22T08:13:14.758+0000] {processor.py:183} INFO - Processing /home/airflow/.local/lib/python3.12/site-packages/airflow/example_dags/example_complex.py took 0.040 seconds
[2024-05-22T08:13:45.619+0000] {processor.py:161} INFO - Started process (PID=4069) to work on /home/airflow/.local/lib/python3.12/site-packages/airflow/example_dags/example_complex.py
[2024-05-22T08:13:45.620+0000] {processor.py:830} INFO - Processing file /home/airflow/.local/lib/python3.12/site-packages/airflow/example_dags/example_complex.py for tasks to queue
[2024-05-22T08:13:45.621+0000] {logging_mixin.py:188} INFO - [2024-05-22T08:13:45.620+0000] {dagbag.py:540} INFO - Filling up the DagBag from /home/airflow/.local/lib/python3.12/site-packages/airflow/example_dags/example_complex.py
[2024-05-22T08:13:45.625+0000] {processor.py:840} INFO - DAG(s) 'example_complex' retrieved from /home/airflow/.local/lib/python3.12/site-packages/airflow/example_dags/example_complex.py
[2024-05-22T08:13:45.639+0000] {logging_mixin.py:188} INFO - [2024-05-22T08:13:45.639+0000] {dag.py:3096} INFO - Sync 1 DAGs
[2024-05-22T08:13:45.645+0000] {logging_mixin.py:188} INFO - [2024-05-22T08:13:45.645+0000] {dag.py:3954} INFO - Setting next_dagrun for example_complex to None, run_after=None
[2024-05-22T08:13:45.654+0000] {processor.py:183} INFO - Processing /home/airflow/.local/lib/python3.12/site-packages/airflow/example_dags/example_complex.py took 0.037 seconds
[2024-05-22T08:14:15.812+0000] {processor.py:161} INFO - Started process (PID=4335) to work on /home/airflow/.local/lib/python3.12/site-packages/airflow/example_dags/example_complex.py
[2024-05-22T08:14:15.813+0000] {processor.py:830} INFO - Processing file /home/airflow/.local/lib/python3.12/site-packages/airflow/example_dags/example_complex.py for tasks to queue
[2024-05-22T08:14:15.814+0000] {logging_mixin.py:188} INFO - [2024-05-22T08:14:15.814+0000] {dagbag.py:540} INFO - Filling up the DagBag from /home/airflow/.local/lib/python3.12/site-packages/airflow/example_dags/example_complex.py
[2024-05-22T08:14:15.819+0000] {processor.py:840} INFO - DAG(s) 'example_complex' retrieved from /home/airflow/.local/lib/python3.12/site-packages/airflow/example_dags/example_complex.py
[2024-05-22T08:14:15.833+0000] {logging_mixin.py:188} INFO - [2024-05-22T08:14:15.833+0000] {dag.py:3096} INFO - Sync 1 DAGs
[2024-05-22T08:14:15.840+0000] {logging_mixin.py:188} INFO - [2024-05-22T08:14:15.840+0000] {dag.py:3954} INFO - Setting next_dagrun for example_complex to None, run_after=None
[2024-05-22T08:14:15.848+0000] {processor.py:183} INFO - Processing /home/airflow/.local/lib/python3.12/site-packages/airflow/example_dags/example_complex.py took 0.039 seconds
[2024-05-22T08:14:46.065+0000] {processor.py:161} INFO - Started process (PID=4602) to work on /home/airflow/.local/lib/python3.12/site-packages/airflow/example_dags/example_complex.py
[2024-05-22T08:14:46.066+0000] {processor.py:830} INFO - Processing file /home/airflow/.local/lib/python3.12/site-packages/airflow/example_dags/example_complex.py for tasks to queue
[2024-05-22T08:14:46.067+0000] {logging_mixin.py:188} INFO - [2024-05-22T08:14:46.067+0000] {dagbag.py:540} INFO - Filling up the DagBag from /home/airflow/.local/lib/python3.12/site-packages/airflow/example_dags/example_complex.py
[2024-05-22T08:14:46.072+0000] {processor.py:840} INFO - DAG(s) 'example_complex' retrieved from /home/airflow/.local/lib/python3.12/site-packages/airflow/example_dags/example_complex.py
[2024-05-22T08:14:46.085+0000] {logging_mixin.py:188} INFO - [2024-05-22T08:14:46.085+0000] {dag.py:3096} INFO - Sync 1 DAGs
[2024-05-22T08:14:46.090+0000] {logging_mixin.py:188} INFO - [2024-05-22T08:14:46.090+0000] {dag.py:3954} INFO - Setting next_dagrun for example_complex to None, run_after=None
[2024-05-22T08:14:46.098+0000] {processor.py:183} INFO - Processing /home/airflow/.local/lib/python3.12/site-packages/airflow/example_dags/example_complex.py took 0.036 seconds
[2024-05-22T08:15:16.398+0000] {processor.py:161} INFO - Started process (PID=4869) to work on /home/airflow/.local/lib/python3.12/site-packages/airflow/example_dags/example_complex.py
[2024-05-22T08:15:16.398+0000] {processor.py:830} INFO - Processing file /home/airflow/.local/lib/python3.12/site-packages/airflow/example_dags/example_complex.py for tasks to queue
[2024-05-22T08:15:16.399+0000] {logging_mixin.py:188} INFO - [2024-05-22T08:15:16.399+0000] {dagbag.py:540} INFO - Filling up the DagBag from /home/airflow/.local/lib/python3.12/site-packages/airflow/example_dags/example_complex.py
[2024-05-22T08:15:16.403+0000] {processor.py:840} INFO - DAG(s) 'example_complex' retrieved from /home/airflow/.local/lib/python3.12/site-packages/airflow/example_dags/example_complex.py
[2024-05-22T08:15:16.416+0000] {logging_mixin.py:188} INFO - [2024-05-22T08:15:16.416+0000] {dag.py:3096} INFO - Sync 1 DAGs
[2024-05-22T08:15:16.421+0000] {logging_mixin.py:188} INFO - [2024-05-22T08:15:16.421+0000] {dag.py:3954} INFO - Setting next_dagrun for example_complex to None, run_after=None
[2024-05-22T08:15:16.430+0000] {processor.py:183} INFO - Processing /home/airflow/.local/lib/python3.12/site-packages/airflow/example_dags/example_complex.py took 0.035 seconds
