[2024-05-22T08:06:34.784+0000] {processor.py:161} INFO - Started process (PID=307) to work on /home/airflow/.local/lib/python3.12/site-packages/airflow/example_dags/example_latest_only.py
[2024-05-22T08:06:34.785+0000] {processor.py:830} INFO - Processing file /home/airflow/.local/lib/python3.12/site-packages/airflow/example_dags/example_latest_only.py for tasks to queue
[2024-05-22T08:06:34.787+0000] {logging_mixin.py:188} INFO - [2024-05-22T08:06:34.786+0000] {dagbag.py:540} INFO - Filling up the DagBag from /home/airflow/.local/lib/python3.12/site-packages/airflow/example_dags/example_latest_only.py
[2024-05-22T08:06:34.790+0000] {processor.py:840} INFO - DAG(s) 'latest_only' retrieved from /home/airflow/.local/lib/python3.12/site-packages/airflow/example_dags/example_latest_only.py
[2024-05-22T08:06:34.809+0000] {logging_mixin.py:188} INFO - [2024-05-22T08:06:34.809+0000] {dag.py:3096} INFO - Sync 1 DAGs
[2024-05-22T08:06:34.829+0000] {logging_mixin.py:188} INFO - [2024-05-22T08:06:34.829+0000] {dag.py:3954} INFO - Setting next_dagrun for latest_only to 2024-05-22 04:00:00+00:00, run_after=2024-05-22 08:00:00+00:00
[2024-05-22T08:06:34.846+0000] {processor.py:183} INFO - Processing /home/airflow/.local/lib/python3.12/site-packages/airflow/example_dags/example_latest_only.py took 0.065 seconds
[2024-05-22T08:07:04.945+0000] {processor.py:161} INFO - Started process (PID=574) to work on /home/airflow/.local/lib/python3.12/site-packages/airflow/example_dags/example_latest_only.py
[2024-05-22T08:07:04.945+0000] {processor.py:830} INFO - Processing file /home/airflow/.local/lib/python3.12/site-packages/airflow/example_dags/example_latest_only.py for tasks to queue
[2024-05-22T08:07:04.946+0000] {logging_mixin.py:188} INFO - [2024-05-22T08:07:04.946+0000] {dagbag.py:540} INFO - Filling up the DagBag from /home/airflow/.local/lib/python3.12/site-packages/airflow/example_dags/example_latest_only.py
[2024-05-22T08:07:04.949+0000] {processor.py:840} INFO - DAG(s) 'latest_only' retrieved from /home/airflow/.local/lib/python3.12/site-packages/airflow/example_dags/example_latest_only.py
[2024-05-22T08:07:04.959+0000] {logging_mixin.py:188} INFO - [2024-05-22T08:07:04.958+0000] {dag.py:3096} INFO - Sync 1 DAGs
[2024-05-22T08:07:04.969+0000] {logging_mixin.py:188} INFO - [2024-05-22T08:07:04.969+0000] {dag.py:3954} INFO - Setting next_dagrun for latest_only to 2024-05-22 04:00:00+00:00, run_after=2024-05-22 08:00:00+00:00
[2024-05-22T08:07:04.977+0000] {processor.py:183} INFO - Processing /home/airflow/.local/lib/python3.12/site-packages/airflow/example_dags/example_latest_only.py took 0.035 seconds
[2024-05-22T08:07:35.686+0000] {processor.py:161} INFO - Started process (PID=841) to work on /home/airflow/.local/lib/python3.12/site-packages/airflow/example_dags/example_latest_only.py
[2024-05-22T08:07:35.687+0000] {processor.py:830} INFO - Processing file /home/airflow/.local/lib/python3.12/site-packages/airflow/example_dags/example_latest_only.py for tasks to queue
[2024-05-22T08:07:35.688+0000] {logging_mixin.py:188} INFO - [2024-05-22T08:07:35.688+0000] {dagbag.py:540} INFO - Filling up the DagBag from /home/airflow/.local/lib/python3.12/site-packages/airflow/example_dags/example_latest_only.py
[2024-05-22T08:07:35.691+0000] {processor.py:840} INFO - DAG(s) 'latest_only' retrieved from /home/airflow/.local/lib/python3.12/site-packages/airflow/example_dags/example_latest_only.py
[2024-05-22T08:07:35.700+0000] {logging_mixin.py:188} INFO - [2024-05-22T08:07:35.700+0000] {dag.py:3096} INFO - Sync 1 DAGs
[2024-05-22T08:07:35.710+0000] {logging_mixin.py:188} INFO - [2024-05-22T08:07:35.710+0000] {dag.py:3954} INFO - Setting next_dagrun for latest_only to 2024-05-22 04:00:00+00:00, run_after=2024-05-22 08:00:00+00:00
[2024-05-22T08:07:35.718+0000] {processor.py:183} INFO - Processing /home/airflow/.local/lib/python3.12/site-packages/airflow/example_dags/example_latest_only.py took 0.035 seconds
[2024-05-22T08:08:06.356+0000] {processor.py:161} INFO - Started process (PID=1108) to work on /home/airflow/.local/lib/python3.12/site-packages/airflow/example_dags/example_latest_only.py
[2024-05-22T08:08:06.357+0000] {processor.py:830} INFO - Processing file /home/airflow/.local/lib/python3.12/site-packages/airflow/example_dags/example_latest_only.py for tasks to queue
[2024-05-22T08:08:06.357+0000] {logging_mixin.py:188} INFO - [2024-05-22T08:08:06.357+0000] {dagbag.py:540} INFO - Filling up the DagBag from /home/airflow/.local/lib/python3.12/site-packages/airflow/example_dags/example_latest_only.py
[2024-05-22T08:08:06.360+0000] {processor.py:840} INFO - DAG(s) 'latest_only' retrieved from /home/airflow/.local/lib/python3.12/site-packages/airflow/example_dags/example_latest_only.py
[2024-05-22T08:08:06.368+0000] {logging_mixin.py:188} INFO - [2024-05-22T08:08:06.368+0000] {dag.py:3096} INFO - Sync 1 DAGs
[2024-05-22T08:08:06.377+0000] {logging_mixin.py:188} INFO - [2024-05-22T08:08:06.377+0000] {dag.py:3954} INFO - Setting next_dagrun for latest_only to 2024-05-22 04:00:00+00:00, run_after=2024-05-22 08:00:00+00:00
[2024-05-22T08:08:06.385+0000] {processor.py:183} INFO - Processing /home/airflow/.local/lib/python3.12/site-packages/airflow/example_dags/example_latest_only.py took 0.032 seconds
[2024-05-22T08:08:37.084+0000] {processor.py:161} INFO - Started process (PID=1375) to work on /home/airflow/.local/lib/python3.12/site-packages/airflow/example_dags/example_latest_only.py
[2024-05-22T08:08:37.085+0000] {processor.py:830} INFO - Processing file /home/airflow/.local/lib/python3.12/site-packages/airflow/example_dags/example_latest_only.py for tasks to queue
[2024-05-22T08:08:37.085+0000] {logging_mixin.py:188} INFO - [2024-05-22T08:08:37.085+0000] {dagbag.py:540} INFO - Filling up the DagBag from /home/airflow/.local/lib/python3.12/site-packages/airflow/example_dags/example_latest_only.py
[2024-05-22T08:08:37.088+0000] {processor.py:840} INFO - DAG(s) 'latest_only' retrieved from /home/airflow/.local/lib/python3.12/site-packages/airflow/example_dags/example_latest_only.py
[2024-05-22T08:08:37.098+0000] {logging_mixin.py:188} INFO - [2024-05-22T08:08:37.097+0000] {dag.py:3096} INFO - Sync 1 DAGs
[2024-05-22T08:08:37.108+0000] {logging_mixin.py:188} INFO - [2024-05-22T08:08:37.108+0000] {dag.py:3954} INFO - Setting next_dagrun for latest_only to 2024-05-22 04:00:00+00:00, run_after=2024-05-22 08:00:00+00:00
[2024-05-22T08:08:37.116+0000] {processor.py:183} INFO - Processing /home/airflow/.local/lib/python3.12/site-packages/airflow/example_dags/example_latest_only.py took 0.035 seconds
[2024-05-22T08:09:08.052+0000] {processor.py:161} INFO - Started process (PID=1642) to work on /home/airflow/.local/lib/python3.12/site-packages/airflow/example_dags/example_latest_only.py
[2024-05-22T08:09:08.053+0000] {processor.py:830} INFO - Processing file /home/airflow/.local/lib/python3.12/site-packages/airflow/example_dags/example_latest_only.py for tasks to queue
[2024-05-22T08:09:08.054+0000] {logging_mixin.py:188} INFO - [2024-05-22T08:09:08.054+0000] {dagbag.py:540} INFO - Filling up the DagBag from /home/airflow/.local/lib/python3.12/site-packages/airflow/example_dags/example_latest_only.py
[2024-05-22T08:09:08.057+0000] {processor.py:840} INFO - DAG(s) 'latest_only' retrieved from /home/airflow/.local/lib/python3.12/site-packages/airflow/example_dags/example_latest_only.py
[2024-05-22T08:09:08.066+0000] {logging_mixin.py:188} INFO - [2024-05-22T08:09:08.066+0000] {dag.py:3096} INFO - Sync 1 DAGs
[2024-05-22T08:09:08.076+0000] {logging_mixin.py:188} INFO - [2024-05-22T08:09:08.075+0000] {dag.py:3954} INFO - Setting next_dagrun for latest_only to 2024-05-22 04:00:00+00:00, run_after=2024-05-22 08:00:00+00:00
[2024-05-22T08:09:08.084+0000] {processor.py:183} INFO - Processing /home/airflow/.local/lib/python3.12/site-packages/airflow/example_dags/example_latest_only.py took 0.035 seconds
[2024-05-22T08:09:38.900+0000] {processor.py:161} INFO - Started process (PID=1909) to work on /home/airflow/.local/lib/python3.12/site-packages/airflow/example_dags/example_latest_only.py
[2024-05-22T08:09:38.902+0000] {processor.py:830} INFO - Processing file /home/airflow/.local/lib/python3.12/site-packages/airflow/example_dags/example_latest_only.py for tasks to queue
[2024-05-22T08:09:38.906+0000] {logging_mixin.py:188} INFO - [2024-05-22T08:09:38.906+0000] {dagbag.py:540} INFO - Filling up the DagBag from /home/airflow/.local/lib/python3.12/site-packages/airflow/example_dags/example_latest_only.py
[2024-05-22T08:09:38.910+0000] {processor.py:840} INFO - DAG(s) 'latest_only' retrieved from /home/airflow/.local/lib/python3.12/site-packages/airflow/example_dags/example_latest_only.py
[2024-05-22T08:09:38.920+0000] {logging_mixin.py:188} INFO - [2024-05-22T08:09:38.919+0000] {dag.py:3096} INFO - Sync 1 DAGs
[2024-05-22T08:09:38.929+0000] {logging_mixin.py:188} INFO - [2024-05-22T08:09:38.929+0000] {dag.py:3954} INFO - Setting next_dagrun for latest_only to 2024-05-22 04:00:00+00:00, run_after=2024-05-22 08:00:00+00:00
[2024-05-22T08:09:38.938+0000] {processor.py:183} INFO - Processing /home/airflow/.local/lib/python3.12/site-packages/airflow/example_dags/example_latest_only.py took 0.043 seconds
[2024-05-22T08:10:09.774+0000] {processor.py:161} INFO - Started process (PID=2176) to work on /home/airflow/.local/lib/python3.12/site-packages/airflow/example_dags/example_latest_only.py
[2024-05-22T08:10:09.775+0000] {processor.py:830} INFO - Processing file /home/airflow/.local/lib/python3.12/site-packages/airflow/example_dags/example_latest_only.py for tasks to queue
[2024-05-22T08:10:09.776+0000] {logging_mixin.py:188} INFO - [2024-05-22T08:10:09.775+0000] {dagbag.py:540} INFO - Filling up the DagBag from /home/airflow/.local/lib/python3.12/site-packages/airflow/example_dags/example_latest_only.py
[2024-05-22T08:10:09.778+0000] {processor.py:840} INFO - DAG(s) 'latest_only' retrieved from /home/airflow/.local/lib/python3.12/site-packages/airflow/example_dags/example_latest_only.py
[2024-05-22T08:10:09.787+0000] {logging_mixin.py:188} INFO - [2024-05-22T08:10:09.787+0000] {dag.py:3096} INFO - Sync 1 DAGs
[2024-05-22T08:10:09.796+0000] {logging_mixin.py:188} INFO - [2024-05-22T08:10:09.796+0000] {dag.py:3954} INFO - Setting next_dagrun for latest_only to 2024-05-22 04:00:00+00:00, run_after=2024-05-22 08:00:00+00:00
[2024-05-22T08:10:09.804+0000] {processor.py:183} INFO - Processing /home/airflow/.local/lib/python3.12/site-packages/airflow/example_dags/example_latest_only.py took 0.031 seconds
[2024-05-22T08:10:40.421+0000] {processor.py:161} INFO - Started process (PID=2443) to work on /home/airflow/.local/lib/python3.12/site-packages/airflow/example_dags/example_latest_only.py
[2024-05-22T08:10:40.422+0000] {processor.py:830} INFO - Processing file /home/airflow/.local/lib/python3.12/site-packages/airflow/example_dags/example_latest_only.py for tasks to queue
[2024-05-22T08:10:40.423+0000] {logging_mixin.py:188} INFO - [2024-05-22T08:10:40.423+0000] {dagbag.py:540} INFO - Filling up the DagBag from /home/airflow/.local/lib/python3.12/site-packages/airflow/example_dags/example_latest_only.py
[2024-05-22T08:10:40.425+0000] {processor.py:840} INFO - DAG(s) 'latest_only' retrieved from /home/airflow/.local/lib/python3.12/site-packages/airflow/example_dags/example_latest_only.py
[2024-05-22T08:10:40.434+0000] {logging_mixin.py:188} INFO - [2024-05-22T08:10:40.434+0000] {dag.py:3096} INFO - Sync 1 DAGs
[2024-05-22T08:10:40.444+0000] {logging_mixin.py:188} INFO - [2024-05-22T08:10:40.444+0000] {dag.py:3954} INFO - Setting next_dagrun for latest_only to 2024-05-22 04:00:00+00:00, run_after=2024-05-22 08:00:00+00:00
[2024-05-22T08:10:40.452+0000] {processor.py:183} INFO - Processing /home/airflow/.local/lib/python3.12/site-packages/airflow/example_dags/example_latest_only.py took 0.033 seconds
[2024-05-22T08:11:11.121+0000] {processor.py:161} INFO - Started process (PID=2711) to work on /home/airflow/.local/lib/python3.12/site-packages/airflow/example_dags/example_latest_only.py
[2024-05-22T08:11:11.122+0000] {processor.py:830} INFO - Processing file /home/airflow/.local/lib/python3.12/site-packages/airflow/example_dags/example_latest_only.py for tasks to queue
[2024-05-22T08:11:11.123+0000] {logging_mixin.py:188} INFO - [2024-05-22T08:11:11.122+0000] {dagbag.py:540} INFO - Filling up the DagBag from /home/airflow/.local/lib/python3.12/site-packages/airflow/example_dags/example_latest_only.py
[2024-05-22T08:11:11.125+0000] {processor.py:840} INFO - DAG(s) 'latest_only' retrieved from /home/airflow/.local/lib/python3.12/site-packages/airflow/example_dags/example_latest_only.py
[2024-05-22T08:11:11.134+0000] {logging_mixin.py:188} INFO - [2024-05-22T08:11:11.134+0000] {dag.py:3096} INFO - Sync 1 DAGs
[2024-05-22T08:11:11.144+0000] {logging_mixin.py:188} INFO - [2024-05-22T08:11:11.144+0000] {dag.py:3954} INFO - Setting next_dagrun for latest_only to 2024-05-22 04:00:00+00:00, run_after=2024-05-22 08:00:00+00:00
[2024-05-22T08:11:11.152+0000] {processor.py:183} INFO - Processing /home/airflow/.local/lib/python3.12/site-packages/airflow/example_dags/example_latest_only.py took 0.033 seconds
[2024-05-22T08:11:41.837+0000] {processor.py:161} INFO - Started process (PID=2977) to work on /home/airflow/.local/lib/python3.12/site-packages/airflow/example_dags/example_latest_only.py
[2024-05-22T08:11:41.838+0000] {processor.py:830} INFO - Processing file /home/airflow/.local/lib/python3.12/site-packages/airflow/example_dags/example_latest_only.py for tasks to queue
[2024-05-22T08:11:41.839+0000] {logging_mixin.py:188} INFO - [2024-05-22T08:11:41.839+0000] {dagbag.py:540} INFO - Filling up the DagBag from /home/airflow/.local/lib/python3.12/site-packages/airflow/example_dags/example_latest_only.py
[2024-05-22T08:11:41.841+0000] {processor.py:840} INFO - DAG(s) 'latest_only' retrieved from /home/airflow/.local/lib/python3.12/site-packages/airflow/example_dags/example_latest_only.py
[2024-05-22T08:11:41.851+0000] {logging_mixin.py:188} INFO - [2024-05-22T08:11:41.851+0000] {dag.py:3096} INFO - Sync 1 DAGs
[2024-05-22T08:11:41.861+0000] {logging_mixin.py:188} INFO - [2024-05-22T08:11:41.861+0000] {dag.py:3954} INFO - Setting next_dagrun for latest_only to 2024-05-22 04:00:00+00:00, run_after=2024-05-22 08:00:00+00:00
[2024-05-22T08:11:41.869+0000] {processor.py:183} INFO - Processing /home/airflow/.local/lib/python3.12/site-packages/airflow/example_dags/example_latest_only.py took 0.034 seconds
[2024-05-22T08:12:12.949+0000] {processor.py:161} INFO - Started process (PID=3243) to work on /home/airflow/.local/lib/python3.12/site-packages/airflow/example_dags/example_latest_only.py
[2024-05-22T08:12:12.952+0000] {processor.py:830} INFO - Processing file /home/airflow/.local/lib/python3.12/site-packages/airflow/example_dags/example_latest_only.py for tasks to queue
[2024-05-22T08:12:12.958+0000] {logging_mixin.py:188} INFO - [2024-05-22T08:12:12.958+0000] {dagbag.py:540} INFO - Filling up the DagBag from /home/airflow/.local/lib/python3.12/site-packages/airflow/example_dags/example_latest_only.py
[2024-05-22T08:12:12.969+0000] {processor.py:840} INFO - DAG(s) 'latest_only' retrieved from /home/airflow/.local/lib/python3.12/site-packages/airflow/example_dags/example_latest_only.py
[2024-05-22T08:12:13.006+0000] {logging_mixin.py:188} INFO - [2024-05-22T08:12:13.005+0000] {dag.py:3096} INFO - Sync 1 DAGs
[2024-05-22T08:12:13.035+0000] {logging_mixin.py:188} INFO - [2024-05-22T08:12:13.035+0000] {dag.py:3954} INFO - Setting next_dagrun for latest_only to 2024-05-22 04:00:00+00:00, run_after=2024-05-22 08:00:00+00:00
[2024-05-22T08:12:13.078+0000] {processor.py:183} INFO - Processing /home/airflow/.local/lib/python3.12/site-packages/airflow/example_dags/example_latest_only.py took 0.135 seconds
[2024-05-22T08:12:43.430+0000] {processor.py:161} INFO - Started process (PID=3510) to work on /home/airflow/.local/lib/python3.12/site-packages/airflow/example_dags/example_latest_only.py
[2024-05-22T08:12:43.430+0000] {processor.py:830} INFO - Processing file /home/airflow/.local/lib/python3.12/site-packages/airflow/example_dags/example_latest_only.py for tasks to queue
[2024-05-22T08:12:43.432+0000] {logging_mixin.py:188} INFO - [2024-05-22T08:12:43.431+0000] {dagbag.py:540} INFO - Filling up the DagBag from /home/airflow/.local/lib/python3.12/site-packages/airflow/example_dags/example_latest_only.py
[2024-05-22T08:12:43.435+0000] {processor.py:840} INFO - DAG(s) 'latest_only' retrieved from /home/airflow/.local/lib/python3.12/site-packages/airflow/example_dags/example_latest_only.py
[2024-05-22T08:12:43.445+0000] {logging_mixin.py:188} INFO - [2024-05-22T08:12:43.445+0000] {dag.py:3096} INFO - Sync 1 DAGs
[2024-05-22T08:12:43.456+0000] {logging_mixin.py:188} INFO - [2024-05-22T08:12:43.455+0000] {dag.py:3954} INFO - Setting next_dagrun for latest_only to 2024-05-22 04:00:00+00:00, run_after=2024-05-22 08:00:00+00:00
[2024-05-22T08:12:43.464+0000] {processor.py:183} INFO - Processing /home/airflow/.local/lib/python3.12/site-packages/airflow/example_dags/example_latest_only.py took 0.038 seconds
[2024-05-22T08:13:14.578+0000] {processor.py:161} INFO - Started process (PID=3777) to work on /home/airflow/.local/lib/python3.12/site-packages/airflow/example_dags/example_latest_only.py
[2024-05-22T08:13:14.579+0000] {processor.py:830} INFO - Processing file /home/airflow/.local/lib/python3.12/site-packages/airflow/example_dags/example_latest_only.py for tasks to queue
[2024-05-22T08:13:14.580+0000] {logging_mixin.py:188} INFO - [2024-05-22T08:13:14.580+0000] {dagbag.py:540} INFO - Filling up the DagBag from /home/airflow/.local/lib/python3.12/site-packages/airflow/example_dags/example_latest_only.py
[2024-05-22T08:13:14.582+0000] {processor.py:840} INFO - DAG(s) 'latest_only' retrieved from /home/airflow/.local/lib/python3.12/site-packages/airflow/example_dags/example_latest_only.py
[2024-05-22T08:13:14.592+0000] {logging_mixin.py:188} INFO - [2024-05-22T08:13:14.592+0000] {dag.py:3096} INFO - Sync 1 DAGs
[2024-05-22T08:13:14.603+0000] {logging_mixin.py:188} INFO - [2024-05-22T08:13:14.603+0000] {dag.py:3954} INFO - Setting next_dagrun for latest_only to 2024-05-22 04:00:00+00:00, run_after=2024-05-22 08:00:00+00:00
[2024-05-22T08:13:14.616+0000] {processor.py:183} INFO - Processing /home/airflow/.local/lib/python3.12/site-packages/airflow/example_dags/example_latest_only.py took 0.041 seconds
[2024-05-22T08:13:45.513+0000] {processor.py:161} INFO - Started process (PID=4044) to work on /home/airflow/.local/lib/python3.12/site-packages/airflow/example_dags/example_latest_only.py
[2024-05-22T08:13:45.514+0000] {processor.py:830} INFO - Processing file /home/airflow/.local/lib/python3.12/site-packages/airflow/example_dags/example_latest_only.py for tasks to queue
[2024-05-22T08:13:45.515+0000] {logging_mixin.py:188} INFO - [2024-05-22T08:13:45.514+0000] {dagbag.py:540} INFO - Filling up the DagBag from /home/airflow/.local/lib/python3.12/site-packages/airflow/example_dags/example_latest_only.py
[2024-05-22T08:13:45.517+0000] {processor.py:840} INFO - DAG(s) 'latest_only' retrieved from /home/airflow/.local/lib/python3.12/site-packages/airflow/example_dags/example_latest_only.py
[2024-05-22T08:13:45.526+0000] {logging_mixin.py:188} INFO - [2024-05-22T08:13:45.526+0000] {dag.py:3096} INFO - Sync 1 DAGs
[2024-05-22T08:13:45.537+0000] {logging_mixin.py:188} INFO - [2024-05-22T08:13:45.537+0000] {dag.py:3954} INFO - Setting next_dagrun for latest_only to 2024-05-22 04:00:00+00:00, run_after=2024-05-22 08:00:00+00:00
[2024-05-22T08:13:45.545+0000] {processor.py:183} INFO - Processing /home/airflow/.local/lib/python3.12/site-packages/airflow/example_dags/example_latest_only.py took 0.035 seconds
[2024-05-22T08:14:15.680+0000] {processor.py:161} INFO - Started process (PID=4310) to work on /home/airflow/.local/lib/python3.12/site-packages/airflow/example_dags/example_latest_only.py
[2024-05-22T08:14:15.681+0000] {processor.py:830} INFO - Processing file /home/airflow/.local/lib/python3.12/site-packages/airflow/example_dags/example_latest_only.py for tasks to queue
[2024-05-22T08:14:15.682+0000] {logging_mixin.py:188} INFO - [2024-05-22T08:14:15.682+0000] {dagbag.py:540} INFO - Filling up the DagBag from /home/airflow/.local/lib/python3.12/site-packages/airflow/example_dags/example_latest_only.py
[2024-05-22T08:14:15.685+0000] {processor.py:840} INFO - DAG(s) 'latest_only' retrieved from /home/airflow/.local/lib/python3.12/site-packages/airflow/example_dags/example_latest_only.py
[2024-05-22T08:14:15.697+0000] {logging_mixin.py:188} INFO - [2024-05-22T08:14:15.697+0000] {dag.py:3096} INFO - Sync 1 DAGs
[2024-05-22T08:14:15.708+0000] {logging_mixin.py:188} INFO - [2024-05-22T08:14:15.708+0000] {dag.py:3954} INFO - Setting next_dagrun for latest_only to 2024-05-22 04:00:00+00:00, run_after=2024-05-22 08:00:00+00:00
[2024-05-22T08:14:15.718+0000] {processor.py:183} INFO - Processing /home/airflow/.local/lib/python3.12/site-packages/airflow/example_dags/example_latest_only.py took 0.041 seconds
[2024-05-22T08:14:45.969+0000] {processor.py:161} INFO - Started process (PID=4577) to work on /home/airflow/.local/lib/python3.12/site-packages/airflow/example_dags/example_latest_only.py
[2024-05-22T08:14:45.969+0000] {processor.py:830} INFO - Processing file /home/airflow/.local/lib/python3.12/site-packages/airflow/example_dags/example_latest_only.py for tasks to queue
[2024-05-22T08:14:45.970+0000] {logging_mixin.py:188} INFO - [2024-05-22T08:14:45.970+0000] {dagbag.py:540} INFO - Filling up the DagBag from /home/airflow/.local/lib/python3.12/site-packages/airflow/example_dags/example_latest_only.py
[2024-05-22T08:14:45.973+0000] {processor.py:840} INFO - DAG(s) 'latest_only' retrieved from /home/airflow/.local/lib/python3.12/site-packages/airflow/example_dags/example_latest_only.py
[2024-05-22T08:14:45.982+0000] {logging_mixin.py:188} INFO - [2024-05-22T08:14:45.982+0000] {dag.py:3096} INFO - Sync 1 DAGs
[2024-05-22T08:14:45.992+0000] {logging_mixin.py:188} INFO - [2024-05-22T08:14:45.992+0000] {dag.py:3954} INFO - Setting next_dagrun for latest_only to 2024-05-22 04:00:00+00:00, run_after=2024-05-22 08:00:00+00:00
[2024-05-22T08:14:46.000+0000] {processor.py:183} INFO - Processing /home/airflow/.local/lib/python3.12/site-packages/airflow/example_dags/example_latest_only.py took 0.034 seconds
[2024-05-22T08:15:16.268+0000] {processor.py:161} INFO - Started process (PID=4844) to work on /home/airflow/.local/lib/python3.12/site-packages/airflow/example_dags/example_latest_only.py
[2024-05-22T08:15:16.269+0000] {processor.py:830} INFO - Processing file /home/airflow/.local/lib/python3.12/site-packages/airflow/example_dags/example_latest_only.py for tasks to queue
[2024-05-22T08:15:16.270+0000] {logging_mixin.py:188} INFO - [2024-05-22T08:15:16.270+0000] {dagbag.py:540} INFO - Filling up the DagBag from /home/airflow/.local/lib/python3.12/site-packages/airflow/example_dags/example_latest_only.py
[2024-05-22T08:15:16.272+0000] {processor.py:840} INFO - DAG(s) 'latest_only' retrieved from /home/airflow/.local/lib/python3.12/site-packages/airflow/example_dags/example_latest_only.py
[2024-05-22T08:15:16.280+0000] {logging_mixin.py:188} INFO - [2024-05-22T08:15:16.280+0000] {dag.py:3096} INFO - Sync 1 DAGs
[2024-05-22T08:15:16.290+0000] {logging_mixin.py:188} INFO - [2024-05-22T08:15:16.289+0000] {dag.py:3954} INFO - Setting next_dagrun for latest_only to 2024-05-22 04:00:00+00:00, run_after=2024-05-22 08:00:00+00:00
[2024-05-22T08:15:16.297+0000] {processor.py:183} INFO - Processing /home/airflow/.local/lib/python3.12/site-packages/airflow/example_dags/example_latest_only.py took 0.032 seconds
