[2024-05-22T08:06:34.551+0000] {processor.py:161} INFO - Started process (PID=267) to work on /home/airflow/.local/lib/python3.12/site-packages/airflow/example_dags/example_branch_labels.py
[2024-05-22T08:06:34.554+0000] {processor.py:830} INFO - Processing file /home/airflow/.local/lib/python3.12/site-packages/airflow/example_dags/example_branch_labels.py for tasks to queue
[2024-05-22T08:06:34.555+0000] {logging_mixin.py:188} INFO - [2024-05-22T08:06:34.555+0000] {dagbag.py:540} INFO - Filling up the DagBag from /home/airflow/.local/lib/python3.12/site-packages/airflow/example_dags/example_branch_labels.py
[2024-05-22T08:06:34.559+0000] {processor.py:840} INFO - DAG(s) 'example_branch_labels' retrieved from /home/airflow/.local/lib/python3.12/site-packages/airflow/example_dags/example_branch_labels.py
[2024-05-22T08:06:34.571+0000] {logging_mixin.py:188} INFO - [2024-05-22T08:06:34.571+0000] {dag.py:3096} INFO - Sync 1 DAGs
[2024-05-22T08:06:34.587+0000] {logging_mixin.py:188} INFO - [2024-05-22T08:06:34.587+0000] {dag.py:3954} INFO - Setting next_dagrun for example_branch_labels to 2024-05-21 00:00:00+00:00, run_after=2024-05-22 00:00:00+00:00
[2024-05-22T08:06:34.597+0000] {processor.py:183} INFO - Processing /home/airflow/.local/lib/python3.12/site-packages/airflow/example_dags/example_branch_labels.py took 0.049 seconds
[2024-05-22T08:07:04.736+0000] {processor.py:161} INFO - Started process (PID=534) to work on /home/airflow/.local/lib/python3.12/site-packages/airflow/example_dags/example_branch_labels.py
[2024-05-22T08:07:04.737+0000] {processor.py:830} INFO - Processing file /home/airflow/.local/lib/python3.12/site-packages/airflow/example_dags/example_branch_labels.py for tasks to queue
[2024-05-22T08:07:04.738+0000] {logging_mixin.py:188} INFO - [2024-05-22T08:07:04.738+0000] {dagbag.py:540} INFO - Filling up the DagBag from /home/airflow/.local/lib/python3.12/site-packages/airflow/example_dags/example_branch_labels.py
[2024-05-22T08:07:04.742+0000] {processor.py:840} INFO - DAG(s) 'example_branch_labels' retrieved from /home/airflow/.local/lib/python3.12/site-packages/airflow/example_dags/example_branch_labels.py
[2024-05-22T08:07:04.756+0000] {logging_mixin.py:188} INFO - [2024-05-22T08:07:04.756+0000] {dag.py:3096} INFO - Sync 1 DAGs
[2024-05-22T08:07:04.771+0000] {logging_mixin.py:188} INFO - [2024-05-22T08:07:04.771+0000] {dag.py:3954} INFO - Setting next_dagrun for example_branch_labels to 2024-05-21 00:00:00+00:00, run_after=2024-05-22 00:00:00+00:00
[2024-05-22T08:07:04.783+0000] {processor.py:183} INFO - Processing /home/airflow/.local/lib/python3.12/site-packages/airflow/example_dags/example_branch_labels.py took 0.050 seconds
[2024-05-22T08:07:35.498+0000] {processor.py:161} INFO - Started process (PID=801) to work on /home/airflow/.local/lib/python3.12/site-packages/airflow/example_dags/example_branch_labels.py
[2024-05-22T08:07:35.499+0000] {processor.py:830} INFO - Processing file /home/airflow/.local/lib/python3.12/site-packages/airflow/example_dags/example_branch_labels.py for tasks to queue
[2024-05-22T08:07:35.500+0000] {logging_mixin.py:188} INFO - [2024-05-22T08:07:35.500+0000] {dagbag.py:540} INFO - Filling up the DagBag from /home/airflow/.local/lib/python3.12/site-packages/airflow/example_dags/example_branch_labels.py
[2024-05-22T08:07:35.504+0000] {processor.py:840} INFO - DAG(s) 'example_branch_labels' retrieved from /home/airflow/.local/lib/python3.12/site-packages/airflow/example_dags/example_branch_labels.py
[2024-05-22T08:07:35.513+0000] {logging_mixin.py:188} INFO - [2024-05-22T08:07:35.513+0000] {dag.py:3096} INFO - Sync 1 DAGs
[2024-05-22T08:07:35.524+0000] {logging_mixin.py:188} INFO - [2024-05-22T08:07:35.524+0000] {dag.py:3954} INFO - Setting next_dagrun for example_branch_labels to 2024-05-21 00:00:00+00:00, run_after=2024-05-22 00:00:00+00:00
[2024-05-22T08:07:35.532+0000] {processor.py:183} INFO - Processing /home/airflow/.local/lib/python3.12/site-packages/airflow/example_dags/example_branch_labels.py took 0.036 seconds
[2024-05-22T08:08:06.146+0000] {processor.py:161} INFO - Started process (PID=1070) to work on /home/airflow/.local/lib/python3.12/site-packages/airflow/example_dags/example_branch_labels.py
[2024-05-22T08:08:06.147+0000] {processor.py:830} INFO - Processing file /home/airflow/.local/lib/python3.12/site-packages/airflow/example_dags/example_branch_labels.py for tasks to queue
[2024-05-22T08:08:06.148+0000] {logging_mixin.py:188} INFO - [2024-05-22T08:08:06.148+0000] {dagbag.py:540} INFO - Filling up the DagBag from /home/airflow/.local/lib/python3.12/site-packages/airflow/example_dags/example_branch_labels.py
[2024-05-22T08:08:06.151+0000] {processor.py:840} INFO - DAG(s) 'example_branch_labels' retrieved from /home/airflow/.local/lib/python3.12/site-packages/airflow/example_dags/example_branch_labels.py
[2024-05-22T08:08:06.160+0000] {logging_mixin.py:188} INFO - [2024-05-22T08:08:06.160+0000] {dag.py:3096} INFO - Sync 1 DAGs
[2024-05-22T08:08:06.169+0000] {logging_mixin.py:188} INFO - [2024-05-22T08:08:06.169+0000] {dag.py:3954} INFO - Setting next_dagrun for example_branch_labels to 2024-05-21 00:00:00+00:00, run_after=2024-05-22 00:00:00+00:00
[2024-05-22T08:08:06.176+0000] {processor.py:183} INFO - Processing /home/airflow/.local/lib/python3.12/site-packages/airflow/example_dags/example_branch_labels.py took 0.032 seconds
[2024-05-22T08:08:36.895+0000] {processor.py:161} INFO - Started process (PID=1335) to work on /home/airflow/.local/lib/python3.12/site-packages/airflow/example_dags/example_branch_labels.py
[2024-05-22T08:08:36.896+0000] {processor.py:830} INFO - Processing file /home/airflow/.local/lib/python3.12/site-packages/airflow/example_dags/example_branch_labels.py for tasks to queue
[2024-05-22T08:08:36.897+0000] {logging_mixin.py:188} INFO - [2024-05-22T08:08:36.897+0000] {dagbag.py:540} INFO - Filling up the DagBag from /home/airflow/.local/lib/python3.12/site-packages/airflow/example_dags/example_branch_labels.py
[2024-05-22T08:08:36.900+0000] {processor.py:840} INFO - DAG(s) 'example_branch_labels' retrieved from /home/airflow/.local/lib/python3.12/site-packages/airflow/example_dags/example_branch_labels.py
[2024-05-22T08:08:36.910+0000] {logging_mixin.py:188} INFO - [2024-05-22T08:08:36.910+0000] {dag.py:3096} INFO - Sync 1 DAGs
[2024-05-22T08:08:36.923+0000] {logging_mixin.py:188} INFO - [2024-05-22T08:08:36.923+0000] {dag.py:3954} INFO - Setting next_dagrun for example_branch_labels to 2024-05-21 00:00:00+00:00, run_after=2024-05-22 00:00:00+00:00
[2024-05-22T08:08:36.931+0000] {processor.py:183} INFO - Processing /home/airflow/.local/lib/python3.12/site-packages/airflow/example_dags/example_branch_labels.py took 0.039 seconds
[2024-05-22T08:09:07.832+0000] {processor.py:161} INFO - Started process (PID=1604) to work on /home/airflow/.local/lib/python3.12/site-packages/airflow/example_dags/example_branch_labels.py
[2024-05-22T08:09:07.833+0000] {processor.py:830} INFO - Processing file /home/airflow/.local/lib/python3.12/site-packages/airflow/example_dags/example_branch_labels.py for tasks to queue
[2024-05-22T08:09:07.834+0000] {logging_mixin.py:188} INFO - [2024-05-22T08:09:07.834+0000] {dagbag.py:540} INFO - Filling up the DagBag from /home/airflow/.local/lib/python3.12/site-packages/airflow/example_dags/example_branch_labels.py
[2024-05-22T08:09:07.838+0000] {processor.py:840} INFO - DAG(s) 'example_branch_labels' retrieved from /home/airflow/.local/lib/python3.12/site-packages/airflow/example_dags/example_branch_labels.py
[2024-05-22T08:09:07.848+0000] {logging_mixin.py:188} INFO - [2024-05-22T08:09:07.847+0000] {dag.py:3096} INFO - Sync 1 DAGs
[2024-05-22T08:09:07.858+0000] {logging_mixin.py:188} INFO - [2024-05-22T08:09:07.858+0000] {dag.py:3954} INFO - Setting next_dagrun for example_branch_labels to 2024-05-21 00:00:00+00:00, run_after=2024-05-22 00:00:00+00:00
[2024-05-22T08:09:07.865+0000] {processor.py:183} INFO - Processing /home/airflow/.local/lib/python3.12/site-packages/airflow/example_dags/example_branch_labels.py took 0.036 seconds
[2024-05-22T08:09:38.675+0000] {processor.py:161} INFO - Started process (PID=1869) to work on /home/airflow/.local/lib/python3.12/site-packages/airflow/example_dags/example_branch_labels.py
[2024-05-22T08:09:38.677+0000] {processor.py:830} INFO - Processing file /home/airflow/.local/lib/python3.12/site-packages/airflow/example_dags/example_branch_labels.py for tasks to queue
[2024-05-22T08:09:38.679+0000] {logging_mixin.py:188} INFO - [2024-05-22T08:09:38.678+0000] {dagbag.py:540} INFO - Filling up the DagBag from /home/airflow/.local/lib/python3.12/site-packages/airflow/example_dags/example_branch_labels.py
[2024-05-22T08:09:38.682+0000] {processor.py:840} INFO - DAG(s) 'example_branch_labels' retrieved from /home/airflow/.local/lib/python3.12/site-packages/airflow/example_dags/example_branch_labels.py
[2024-05-22T08:09:38.693+0000] {logging_mixin.py:188} INFO - [2024-05-22T08:09:38.693+0000] {dag.py:3096} INFO - Sync 1 DAGs
[2024-05-22T08:09:38.703+0000] {logging_mixin.py:188} INFO - [2024-05-22T08:09:38.703+0000] {dag.py:3954} INFO - Setting next_dagrun for example_branch_labels to 2024-05-21 00:00:00+00:00, run_after=2024-05-22 00:00:00+00:00
[2024-05-22T08:09:38.710+0000] {processor.py:183} INFO - Processing /home/airflow/.local/lib/python3.12/site-packages/airflow/example_dags/example_branch_labels.py took 0.038 seconds
[2024-05-22T08:10:09.595+0000] {processor.py:161} INFO - Started process (PID=2136) to work on /home/airflow/.local/lib/python3.12/site-packages/airflow/example_dags/example_branch_labels.py
[2024-05-22T08:10:09.595+0000] {processor.py:830} INFO - Processing file /home/airflow/.local/lib/python3.12/site-packages/airflow/example_dags/example_branch_labels.py for tasks to queue
[2024-05-22T08:10:09.596+0000] {logging_mixin.py:188} INFO - [2024-05-22T08:10:09.596+0000] {dagbag.py:540} INFO - Filling up the DagBag from /home/airflow/.local/lib/python3.12/site-packages/airflow/example_dags/example_branch_labels.py
[2024-05-22T08:10:09.600+0000] {processor.py:840} INFO - DAG(s) 'example_branch_labels' retrieved from /home/airflow/.local/lib/python3.12/site-packages/airflow/example_dags/example_branch_labels.py
[2024-05-22T08:10:09.610+0000] {logging_mixin.py:188} INFO - [2024-05-22T08:10:09.609+0000] {dag.py:3096} INFO - Sync 1 DAGs
[2024-05-22T08:10:09.620+0000] {logging_mixin.py:188} INFO - [2024-05-22T08:10:09.620+0000] {dag.py:3954} INFO - Setting next_dagrun for example_branch_labels to 2024-05-21 00:00:00+00:00, run_after=2024-05-22 00:00:00+00:00
[2024-05-22T08:10:09.627+0000] {processor.py:183} INFO - Processing /home/airflow/.local/lib/python3.12/site-packages/airflow/example_dags/example_branch_labels.py took 0.035 seconds
[2024-05-22T08:10:40.239+0000] {processor.py:161} INFO - Started process (PID=2403) to work on /home/airflow/.local/lib/python3.12/site-packages/airflow/example_dags/example_branch_labels.py
[2024-05-22T08:10:40.239+0000] {processor.py:830} INFO - Processing file /home/airflow/.local/lib/python3.12/site-packages/airflow/example_dags/example_branch_labels.py for tasks to queue
[2024-05-22T08:10:40.240+0000] {logging_mixin.py:188} INFO - [2024-05-22T08:10:40.240+0000] {dagbag.py:540} INFO - Filling up the DagBag from /home/airflow/.local/lib/python3.12/site-packages/airflow/example_dags/example_branch_labels.py
[2024-05-22T08:10:40.244+0000] {processor.py:840} INFO - DAG(s) 'example_branch_labels' retrieved from /home/airflow/.local/lib/python3.12/site-packages/airflow/example_dags/example_branch_labels.py
[2024-05-22T08:10:40.254+0000] {logging_mixin.py:188} INFO - [2024-05-22T08:10:40.254+0000] {dag.py:3096} INFO - Sync 1 DAGs
[2024-05-22T08:10:40.263+0000] {logging_mixin.py:188} INFO - [2024-05-22T08:10:40.263+0000] {dag.py:3954} INFO - Setting next_dagrun for example_branch_labels to 2024-05-21 00:00:00+00:00, run_after=2024-05-22 00:00:00+00:00
[2024-05-22T08:10:40.271+0000] {processor.py:183} INFO - Processing /home/airflow/.local/lib/python3.12/site-packages/airflow/example_dags/example_branch_labels.py took 0.035 seconds
[2024-05-22T08:11:10.900+0000] {processor.py:161} INFO - Started process (PID=2672) to work on /home/airflow/.local/lib/python3.12/site-packages/airflow/example_dags/example_branch_labels.py
[2024-05-22T08:11:10.900+0000] {processor.py:830} INFO - Processing file /home/airflow/.local/lib/python3.12/site-packages/airflow/example_dags/example_branch_labels.py for tasks to queue
[2024-05-22T08:11:10.901+0000] {logging_mixin.py:188} INFO - [2024-05-22T08:11:10.901+0000] {dagbag.py:540} INFO - Filling up the DagBag from /home/airflow/.local/lib/python3.12/site-packages/airflow/example_dags/example_branch_labels.py
[2024-05-22T08:11:10.905+0000] {processor.py:840} INFO - DAG(s) 'example_branch_labels' retrieved from /home/airflow/.local/lib/python3.12/site-packages/airflow/example_dags/example_branch_labels.py
[2024-05-22T08:11:10.914+0000] {logging_mixin.py:188} INFO - [2024-05-22T08:11:10.914+0000] {dag.py:3096} INFO - Sync 1 DAGs
[2024-05-22T08:11:10.922+0000] {logging_mixin.py:188} INFO - [2024-05-22T08:11:10.922+0000] {dag.py:3954} INFO - Setting next_dagrun for example_branch_labels to 2024-05-21 00:00:00+00:00, run_after=2024-05-22 00:00:00+00:00
[2024-05-22T08:11:10.929+0000] {processor.py:183} INFO - Processing /home/airflow/.local/lib/python3.12/site-packages/airflow/example_dags/example_branch_labels.py took 0.032 seconds
[2024-05-22T08:11:41.653+0000] {processor.py:161} INFO - Started process (PID=2937) to work on /home/airflow/.local/lib/python3.12/site-packages/airflow/example_dags/example_branch_labels.py
[2024-05-22T08:11:41.654+0000] {processor.py:830} INFO - Processing file /home/airflow/.local/lib/python3.12/site-packages/airflow/example_dags/example_branch_labels.py for tasks to queue
[2024-05-22T08:11:41.655+0000] {logging_mixin.py:188} INFO - [2024-05-22T08:11:41.655+0000] {dagbag.py:540} INFO - Filling up the DagBag from /home/airflow/.local/lib/python3.12/site-packages/airflow/example_dags/example_branch_labels.py
[2024-05-22T08:11:41.658+0000] {processor.py:840} INFO - DAG(s) 'example_branch_labels' retrieved from /home/airflow/.local/lib/python3.12/site-packages/airflow/example_dags/example_branch_labels.py
[2024-05-22T08:11:41.669+0000] {logging_mixin.py:188} INFO - [2024-05-22T08:11:41.669+0000] {dag.py:3096} INFO - Sync 1 DAGs
[2024-05-22T08:11:41.680+0000] {logging_mixin.py:188} INFO - [2024-05-22T08:11:41.680+0000] {dag.py:3954} INFO - Setting next_dagrun for example_branch_labels to 2024-05-21 00:00:00+00:00, run_after=2024-05-22 00:00:00+00:00
[2024-05-22T08:11:41.688+0000] {processor.py:183} INFO - Processing /home/airflow/.local/lib/python3.12/site-packages/airflow/example_dags/example_branch_labels.py took 0.037 seconds
[2024-05-22T08:12:12.489+0000] {processor.py:161} INFO - Started process (PID=3203) to work on /home/airflow/.local/lib/python3.12/site-packages/airflow/example_dags/example_branch_labels.py
[2024-05-22T08:12:12.490+0000] {processor.py:830} INFO - Processing file /home/airflow/.local/lib/python3.12/site-packages/airflow/example_dags/example_branch_labels.py for tasks to queue
[2024-05-22T08:12:12.491+0000] {logging_mixin.py:188} INFO - [2024-05-22T08:12:12.490+0000] {dagbag.py:540} INFO - Filling up the DagBag from /home/airflow/.local/lib/python3.12/site-packages/airflow/example_dags/example_branch_labels.py
[2024-05-22T08:12:12.495+0000] {processor.py:840} INFO - DAG(s) 'example_branch_labels' retrieved from /home/airflow/.local/lib/python3.12/site-packages/airflow/example_dags/example_branch_labels.py
[2024-05-22T08:12:12.507+0000] {logging_mixin.py:188} INFO - [2024-05-22T08:12:12.507+0000] {dag.py:3096} INFO - Sync 1 DAGs
[2024-05-22T08:12:12.521+0000] {logging_mixin.py:188} INFO - [2024-05-22T08:12:12.521+0000] {dag.py:3954} INFO - Setting next_dagrun for example_branch_labels to 2024-05-21 00:00:00+00:00, run_after=2024-05-22 00:00:00+00:00
[2024-05-22T08:12:12.545+0000] {processor.py:183} INFO - Processing /home/airflow/.local/lib/python3.12/site-packages/airflow/example_dags/example_branch_labels.py took 0.059 seconds
[2024-05-22T08:12:43.217+0000] {processor.py:161} INFO - Started process (PID=3470) to work on /home/airflow/.local/lib/python3.12/site-packages/airflow/example_dags/example_branch_labels.py
[2024-05-22T08:12:43.218+0000] {processor.py:830} INFO - Processing file /home/airflow/.local/lib/python3.12/site-packages/airflow/example_dags/example_branch_labels.py for tasks to queue
[2024-05-22T08:12:43.220+0000] {logging_mixin.py:188} INFO - [2024-05-22T08:12:43.219+0000] {dagbag.py:540} INFO - Filling up the DagBag from /home/airflow/.local/lib/python3.12/site-packages/airflow/example_dags/example_branch_labels.py
[2024-05-22T08:12:43.224+0000] {processor.py:840} INFO - DAG(s) 'example_branch_labels' retrieved from /home/airflow/.local/lib/python3.12/site-packages/airflow/example_dags/example_branch_labels.py
[2024-05-22T08:12:43.235+0000] {logging_mixin.py:188} INFO - [2024-05-22T08:12:43.235+0000] {dag.py:3096} INFO - Sync 1 DAGs
[2024-05-22T08:12:43.246+0000] {logging_mixin.py:188} INFO - [2024-05-22T08:12:43.246+0000] {dag.py:3954} INFO - Setting next_dagrun for example_branch_labels to 2024-05-21 00:00:00+00:00, run_after=2024-05-22 00:00:00+00:00
[2024-05-22T08:12:43.258+0000] {processor.py:183} INFO - Processing /home/airflow/.local/lib/python3.12/site-packages/airflow/example_dags/example_branch_labels.py took 0.045 seconds
[2024-05-22T08:13:14.347+0000] {processor.py:161} INFO - Started process (PID=3739) to work on /home/airflow/.local/lib/python3.12/site-packages/airflow/example_dags/example_branch_labels.py
[2024-05-22T08:13:14.348+0000] {processor.py:830} INFO - Processing file /home/airflow/.local/lib/python3.12/site-packages/airflow/example_dags/example_branch_labels.py for tasks to queue
[2024-05-22T08:13:14.349+0000] {logging_mixin.py:188} INFO - [2024-05-22T08:13:14.349+0000] {dagbag.py:540} INFO - Filling up the DagBag from /home/airflow/.local/lib/python3.12/site-packages/airflow/example_dags/example_branch_labels.py
[2024-05-22T08:13:14.353+0000] {processor.py:840} INFO - DAG(s) 'example_branch_labels' retrieved from /home/airflow/.local/lib/python3.12/site-packages/airflow/example_dags/example_branch_labels.py
[2024-05-22T08:13:14.366+0000] {logging_mixin.py:188} INFO - [2024-05-22T08:13:14.365+0000] {dag.py:3096} INFO - Sync 1 DAGs
[2024-05-22T08:13:14.376+0000] {logging_mixin.py:188} INFO - [2024-05-22T08:13:14.376+0000] {dag.py:3954} INFO - Setting next_dagrun for example_branch_labels to 2024-05-21 00:00:00+00:00, run_after=2024-05-22 00:00:00+00:00
[2024-05-22T08:13:14.384+0000] {processor.py:183} INFO - Processing /home/airflow/.local/lib/python3.12/site-packages/airflow/example_dags/example_branch_labels.py took 0.041 seconds
[2024-05-22T08:13:45.329+0000] {processor.py:161} INFO - Started process (PID=4004) to work on /home/airflow/.local/lib/python3.12/site-packages/airflow/example_dags/example_branch_labels.py
[2024-05-22T08:13:45.329+0000] {processor.py:830} INFO - Processing file /home/airflow/.local/lib/python3.12/site-packages/airflow/example_dags/example_branch_labels.py for tasks to queue
[2024-05-22T08:13:45.330+0000] {logging_mixin.py:188} INFO - [2024-05-22T08:13:45.330+0000] {dagbag.py:540} INFO - Filling up the DagBag from /home/airflow/.local/lib/python3.12/site-packages/airflow/example_dags/example_branch_labels.py
[2024-05-22T08:13:45.334+0000] {processor.py:840} INFO - DAG(s) 'example_branch_labels' retrieved from /home/airflow/.local/lib/python3.12/site-packages/airflow/example_dags/example_branch_labels.py
[2024-05-22T08:13:45.345+0000] {logging_mixin.py:188} INFO - [2024-05-22T08:13:45.345+0000] {dag.py:3096} INFO - Sync 1 DAGs
[2024-05-22T08:13:45.355+0000] {logging_mixin.py:188} INFO - [2024-05-22T08:13:45.355+0000] {dag.py:3954} INFO - Setting next_dagrun for example_branch_labels to 2024-05-21 00:00:00+00:00, run_after=2024-05-22 00:00:00+00:00
[2024-05-22T08:13:45.364+0000] {processor.py:183} INFO - Processing /home/airflow/.local/lib/python3.12/site-packages/airflow/example_dags/example_branch_labels.py took 0.038 seconds
[2024-05-22T08:14:15.475+0000] {processor.py:161} INFO - Started process (PID=4270) to work on /home/airflow/.local/lib/python3.12/site-packages/airflow/example_dags/example_branch_labels.py
[2024-05-22T08:14:15.478+0000] {processor.py:830} INFO - Processing file /home/airflow/.local/lib/python3.12/site-packages/airflow/example_dags/example_branch_labels.py for tasks to queue
[2024-05-22T08:14:15.479+0000] {logging_mixin.py:188} INFO - [2024-05-22T08:14:15.479+0000] {dagbag.py:540} INFO - Filling up the DagBag from /home/airflow/.local/lib/python3.12/site-packages/airflow/example_dags/example_branch_labels.py
[2024-05-22T08:14:15.482+0000] {processor.py:840} INFO - DAG(s) 'example_branch_labels' retrieved from /home/airflow/.local/lib/python3.12/site-packages/airflow/example_dags/example_branch_labels.py
[2024-05-22T08:14:15.493+0000] {logging_mixin.py:188} INFO - [2024-05-22T08:14:15.492+0000] {dag.py:3096} INFO - Sync 1 DAGs
[2024-05-22T08:14:15.504+0000] {logging_mixin.py:188} INFO - [2024-05-22T08:14:15.504+0000] {dag.py:3954} INFO - Setting next_dagrun for example_branch_labels to 2024-05-21 00:00:00+00:00, run_after=2024-05-22 00:00:00+00:00
[2024-05-22T08:14:15.514+0000] {processor.py:183} INFO - Processing /home/airflow/.local/lib/python3.12/site-packages/airflow/example_dags/example_branch_labels.py took 0.042 seconds
[2024-05-22T08:14:45.786+0000] {processor.py:161} INFO - Started process (PID=4537) to work on /home/airflow/.local/lib/python3.12/site-packages/airflow/example_dags/example_branch_labels.py
[2024-05-22T08:14:45.787+0000] {processor.py:830} INFO - Processing file /home/airflow/.local/lib/python3.12/site-packages/airflow/example_dags/example_branch_labels.py for tasks to queue
[2024-05-22T08:14:45.788+0000] {logging_mixin.py:188} INFO - [2024-05-22T08:14:45.788+0000] {dagbag.py:540} INFO - Filling up the DagBag from /home/airflow/.local/lib/python3.12/site-packages/airflow/example_dags/example_branch_labels.py
[2024-05-22T08:14:45.792+0000] {processor.py:840} INFO - DAG(s) 'example_branch_labels' retrieved from /home/airflow/.local/lib/python3.12/site-packages/airflow/example_dags/example_branch_labels.py
[2024-05-22T08:14:45.802+0000] {logging_mixin.py:188} INFO - [2024-05-22T08:14:45.802+0000] {dag.py:3096} INFO - Sync 1 DAGs
[2024-05-22T08:14:45.812+0000] {logging_mixin.py:188} INFO - [2024-05-22T08:14:45.812+0000] {dag.py:3954} INFO - Setting next_dagrun for example_branch_labels to 2024-05-21 00:00:00+00:00, run_after=2024-05-22 00:00:00+00:00
[2024-05-22T08:14:45.819+0000] {processor.py:183} INFO - Processing /home/airflow/.local/lib/python3.12/site-packages/airflow/example_dags/example_branch_labels.py took 0.036 seconds
[2024-05-22T08:15:16.088+0000] {processor.py:161} INFO - Started process (PID=4804) to work on /home/airflow/.local/lib/python3.12/site-packages/airflow/example_dags/example_branch_labels.py
[2024-05-22T08:15:16.089+0000] {processor.py:830} INFO - Processing file /home/airflow/.local/lib/python3.12/site-packages/airflow/example_dags/example_branch_labels.py for tasks to queue
[2024-05-22T08:15:16.090+0000] {logging_mixin.py:188} INFO - [2024-05-22T08:15:16.090+0000] {dagbag.py:540} INFO - Filling up the DagBag from /home/airflow/.local/lib/python3.12/site-packages/airflow/example_dags/example_branch_labels.py
[2024-05-22T08:15:16.094+0000] {processor.py:840} INFO - DAG(s) 'example_branch_labels' retrieved from /home/airflow/.local/lib/python3.12/site-packages/airflow/example_dags/example_branch_labels.py
[2024-05-22T08:15:16.104+0000] {logging_mixin.py:188} INFO - [2024-05-22T08:15:16.104+0000] {dag.py:3096} INFO - Sync 1 DAGs
[2024-05-22T08:15:16.114+0000] {logging_mixin.py:188} INFO - [2024-05-22T08:15:16.114+0000] {dag.py:3954} INFO - Setting next_dagrun for example_branch_labels to 2024-05-21 00:00:00+00:00, run_after=2024-05-22 00:00:00+00:00
[2024-05-22T08:15:16.122+0000] {processor.py:183} INFO - Processing /home/airflow/.local/lib/python3.12/site-packages/airflow/example_dags/example_branch_labels.py took 0.036 seconds
