[2024-05-22T08:06:34.612+0000] {processor.py:161} INFO - Started process (PID=278) to work on /home/airflow/.local/lib/python3.12/site-packages/airflow/example_dags/example_short_circuit_operator.py
[2024-05-22T08:06:34.613+0000] {processor.py:830} INFO - Processing file /home/airflow/.local/lib/python3.12/site-packages/airflow/example_dags/example_short_circuit_operator.py for tasks to queue
[2024-05-22T08:06:34.614+0000] {logging_mixin.py:188} INFO - [2024-05-22T08:06:34.614+0000] {dagbag.py:540} INFO - Filling up the DagBag from /home/airflow/.local/lib/python3.12/site-packages/airflow/example_dags/example_short_circuit_operator.py
[2024-05-22T08:06:34.618+0000] {processor.py:840} INFO - DAG(s) 'example_short_circuit_operator' retrieved from /home/airflow/.local/lib/python3.12/site-packages/airflow/example_dags/example_short_circuit_operator.py
[2024-05-22T08:06:34.632+0000] {logging_mixin.py:188} INFO - [2024-05-22T08:06:34.632+0000] {dag.py:3096} INFO - Sync 1 DAGs
[2024-05-22T08:06:34.644+0000] {logging_mixin.py:188} INFO - [2024-05-22T08:06:34.644+0000] {dag.py:3954} INFO - Setting next_dagrun for example_short_circuit_operator to 2024-05-21 00:00:00+00:00, run_after=2024-05-22 00:00:00+00:00
[2024-05-22T08:06:34.653+0000] {processor.py:183} INFO - Processing /home/airflow/.local/lib/python3.12/site-packages/airflow/example_dags/example_short_circuit_operator.py took 0.044 seconds
[2024-05-22T08:07:04.801+0000] {processor.py:161} INFO - Started process (PID=544) to work on /home/airflow/.local/lib/python3.12/site-packages/airflow/example_dags/example_short_circuit_operator.py
[2024-05-22T08:07:04.801+0000] {processor.py:830} INFO - Processing file /home/airflow/.local/lib/python3.12/site-packages/airflow/example_dags/example_short_circuit_operator.py for tasks to queue
[2024-05-22T08:07:04.802+0000] {logging_mixin.py:188} INFO - [2024-05-22T08:07:04.802+0000] {dagbag.py:540} INFO - Filling up the DagBag from /home/airflow/.local/lib/python3.12/site-packages/airflow/example_dags/example_short_circuit_operator.py
[2024-05-22T08:07:04.806+0000] {processor.py:840} INFO - DAG(s) 'example_short_circuit_operator' retrieved from /home/airflow/.local/lib/python3.12/site-packages/airflow/example_dags/example_short_circuit_operator.py
[2024-05-22T08:07:04.817+0000] {logging_mixin.py:188} INFO - [2024-05-22T08:07:04.817+0000] {dag.py:3096} INFO - Sync 1 DAGs
[2024-05-22T08:07:04.828+0000] {logging_mixin.py:188} INFO - [2024-05-22T08:07:04.828+0000] {dag.py:3954} INFO - Setting next_dagrun for example_short_circuit_operator to 2024-05-21 00:00:00+00:00, run_after=2024-05-22 00:00:00+00:00
[2024-05-22T08:07:04.836+0000] {processor.py:183} INFO - Processing /home/airflow/.local/lib/python3.12/site-packages/airflow/example_dags/example_short_circuit_operator.py took 0.038 seconds
[2024-05-22T08:07:35.544+0000] {processor.py:161} INFO - Started process (PID=811) to work on /home/airflow/.local/lib/python3.12/site-packages/airflow/example_dags/example_short_circuit_operator.py
[2024-05-22T08:07:35.545+0000] {processor.py:830} INFO - Processing file /home/airflow/.local/lib/python3.12/site-packages/airflow/example_dags/example_short_circuit_operator.py for tasks to queue
[2024-05-22T08:07:35.546+0000] {logging_mixin.py:188} INFO - [2024-05-22T08:07:35.546+0000] {dagbag.py:540} INFO - Filling up the DagBag from /home/airflow/.local/lib/python3.12/site-packages/airflow/example_dags/example_short_circuit_operator.py
[2024-05-22T08:07:35.550+0000] {processor.py:840} INFO - DAG(s) 'example_short_circuit_operator' retrieved from /home/airflow/.local/lib/python3.12/site-packages/airflow/example_dags/example_short_circuit_operator.py
[2024-05-22T08:07:35.560+0000] {logging_mixin.py:188} INFO - [2024-05-22T08:07:35.560+0000] {dag.py:3096} INFO - Sync 1 DAGs
[2024-05-22T08:07:35.570+0000] {logging_mixin.py:188} INFO - [2024-05-22T08:07:35.570+0000] {dag.py:3954} INFO - Setting next_dagrun for example_short_circuit_operator to 2024-05-21 00:00:00+00:00, run_after=2024-05-22 00:00:00+00:00
[2024-05-22T08:07:35.579+0000] {processor.py:183} INFO - Processing /home/airflow/.local/lib/python3.12/site-packages/airflow/example_dags/example_short_circuit_operator.py took 0.037 seconds
[2024-05-22T08:08:06.229+0000] {processor.py:161} INFO - Started process (PID=1080) to work on /home/airflow/.local/lib/python3.12/site-packages/airflow/example_dags/example_short_circuit_operator.py
[2024-05-22T08:08:06.229+0000] {processor.py:830} INFO - Processing file /home/airflow/.local/lib/python3.12/site-packages/airflow/example_dags/example_short_circuit_operator.py for tasks to queue
[2024-05-22T08:08:06.230+0000] {logging_mixin.py:188} INFO - [2024-05-22T08:08:06.230+0000] {dagbag.py:540} INFO - Filling up the DagBag from /home/airflow/.local/lib/python3.12/site-packages/airflow/example_dags/example_short_circuit_operator.py
[2024-05-22T08:08:06.233+0000] {processor.py:840} INFO - DAG(s) 'example_short_circuit_operator' retrieved from /home/airflow/.local/lib/python3.12/site-packages/airflow/example_dags/example_short_circuit_operator.py
[2024-05-22T08:08:06.244+0000] {logging_mixin.py:188} INFO - [2024-05-22T08:08:06.244+0000] {dag.py:3096} INFO - Sync 1 DAGs
[2024-05-22T08:08:06.253+0000] {logging_mixin.py:188} INFO - [2024-05-22T08:08:06.253+0000] {dag.py:3954} INFO - Setting next_dagrun for example_short_circuit_operator to 2024-05-21 00:00:00+00:00, run_after=2024-05-22 00:00:00+00:00
[2024-05-22T08:08:06.261+0000] {processor.py:183} INFO - Processing /home/airflow/.local/lib/python3.12/site-packages/airflow/example_dags/example_short_circuit_operator.py took 0.035 seconds
[2024-05-22T08:08:36.944+0000] {processor.py:161} INFO - Started process (PID=1345) to work on /home/airflow/.local/lib/python3.12/site-packages/airflow/example_dags/example_short_circuit_operator.py
[2024-05-22T08:08:36.944+0000] {processor.py:830} INFO - Processing file /home/airflow/.local/lib/python3.12/site-packages/airflow/example_dags/example_short_circuit_operator.py for tasks to queue
[2024-05-22T08:08:36.945+0000] {logging_mixin.py:188} INFO - [2024-05-22T08:08:36.945+0000] {dagbag.py:540} INFO - Filling up the DagBag from /home/airflow/.local/lib/python3.12/site-packages/airflow/example_dags/example_short_circuit_operator.py
[2024-05-22T08:08:36.949+0000] {processor.py:840} INFO - DAG(s) 'example_short_circuit_operator' retrieved from /home/airflow/.local/lib/python3.12/site-packages/airflow/example_dags/example_short_circuit_operator.py
[2024-05-22T08:08:36.960+0000] {logging_mixin.py:188} INFO - [2024-05-22T08:08:36.960+0000] {dag.py:3096} INFO - Sync 1 DAGs
[2024-05-22T08:08:36.970+0000] {logging_mixin.py:188} INFO - [2024-05-22T08:08:36.970+0000] {dag.py:3954} INFO - Setting next_dagrun for example_short_circuit_operator to 2024-05-21 00:00:00+00:00, run_after=2024-05-22 00:00:00+00:00
[2024-05-22T08:08:36.978+0000] {processor.py:183} INFO - Processing /home/airflow/.local/lib/python3.12/site-packages/airflow/example_dags/example_short_circuit_operator.py took 0.037 seconds
[2024-05-22T08:09:07.881+0000] {processor.py:161} INFO - Started process (PID=1612) to work on /home/airflow/.local/lib/python3.12/site-packages/airflow/example_dags/example_short_circuit_operator.py
[2024-05-22T08:09:07.882+0000] {processor.py:830} INFO - Processing file /home/airflow/.local/lib/python3.12/site-packages/airflow/example_dags/example_short_circuit_operator.py for tasks to queue
[2024-05-22T08:09:07.882+0000] {logging_mixin.py:188} INFO - [2024-05-22T08:09:07.882+0000] {dagbag.py:540} INFO - Filling up the DagBag from /home/airflow/.local/lib/python3.12/site-packages/airflow/example_dags/example_short_circuit_operator.py
[2024-05-22T08:09:07.885+0000] {processor.py:840} INFO - DAG(s) 'example_short_circuit_operator' retrieved from /home/airflow/.local/lib/python3.12/site-packages/airflow/example_dags/example_short_circuit_operator.py
[2024-05-22T08:09:07.895+0000] {logging_mixin.py:188} INFO - [2024-05-22T08:09:07.895+0000] {dag.py:3096} INFO - Sync 1 DAGs
[2024-05-22T08:09:07.904+0000] {logging_mixin.py:188} INFO - [2024-05-22T08:09:07.904+0000] {dag.py:3954} INFO - Setting next_dagrun for example_short_circuit_operator to 2024-05-21 00:00:00+00:00, run_after=2024-05-22 00:00:00+00:00
[2024-05-22T08:09:07.913+0000] {processor.py:183} INFO - Processing /home/airflow/.local/lib/python3.12/site-packages/airflow/example_dags/example_short_circuit_operator.py took 0.034 seconds
[2024-05-22T08:09:38.722+0000] {processor.py:161} INFO - Started process (PID=1879) to work on /home/airflow/.local/lib/python3.12/site-packages/airflow/example_dags/example_short_circuit_operator.py
[2024-05-22T08:09:38.725+0000] {processor.py:830} INFO - Processing file /home/airflow/.local/lib/python3.12/site-packages/airflow/example_dags/example_short_circuit_operator.py for tasks to queue
[2024-05-22T08:09:38.726+0000] {logging_mixin.py:188} INFO - [2024-05-22T08:09:38.726+0000] {dagbag.py:540} INFO - Filling up the DagBag from /home/airflow/.local/lib/python3.12/site-packages/airflow/example_dags/example_short_circuit_operator.py
[2024-05-22T08:09:38.729+0000] {processor.py:840} INFO - DAG(s) 'example_short_circuit_operator' retrieved from /home/airflow/.local/lib/python3.12/site-packages/airflow/example_dags/example_short_circuit_operator.py
[2024-05-22T08:09:38.743+0000] {logging_mixin.py:188} INFO - [2024-05-22T08:09:38.743+0000] {dag.py:3096} INFO - Sync 1 DAGs
[2024-05-22T08:09:38.757+0000] {logging_mixin.py:188} INFO - [2024-05-22T08:09:38.756+0000] {dag.py:3954} INFO - Setting next_dagrun for example_short_circuit_operator to 2024-05-21 00:00:00+00:00, run_after=2024-05-22 00:00:00+00:00
[2024-05-22T08:09:38.768+0000] {processor.py:183} INFO - Processing /home/airflow/.local/lib/python3.12/site-packages/airflow/example_dags/example_short_circuit_operator.py took 0.048 seconds
[2024-05-22T08:10:09.640+0000] {processor.py:161} INFO - Started process (PID=2146) to work on /home/airflow/.local/lib/python3.12/site-packages/airflow/example_dags/example_short_circuit_operator.py
[2024-05-22T08:10:09.641+0000] {processor.py:830} INFO - Processing file /home/airflow/.local/lib/python3.12/site-packages/airflow/example_dags/example_short_circuit_operator.py for tasks to queue
[2024-05-22T08:10:09.642+0000] {logging_mixin.py:188} INFO - [2024-05-22T08:10:09.642+0000] {dagbag.py:540} INFO - Filling up the DagBag from /home/airflow/.local/lib/python3.12/site-packages/airflow/example_dags/example_short_circuit_operator.py
[2024-05-22T08:10:09.646+0000] {processor.py:840} INFO - DAG(s) 'example_short_circuit_operator' retrieved from /home/airflow/.local/lib/python3.12/site-packages/airflow/example_dags/example_short_circuit_operator.py
[2024-05-22T08:10:09.657+0000] {logging_mixin.py:188} INFO - [2024-05-22T08:10:09.657+0000] {dag.py:3096} INFO - Sync 1 DAGs
[2024-05-22T08:10:09.666+0000] {logging_mixin.py:188} INFO - [2024-05-22T08:10:09.666+0000] {dag.py:3954} INFO - Setting next_dagrun for example_short_circuit_operator to 2024-05-21 00:00:00+00:00, run_after=2024-05-22 00:00:00+00:00
[2024-05-22T08:10:09.675+0000] {processor.py:183} INFO - Processing /home/airflow/.local/lib/python3.12/site-packages/airflow/example_dags/example_short_circuit_operator.py took 0.037 seconds
[2024-05-22T08:10:40.283+0000] {processor.py:161} INFO - Started process (PID=2413) to work on /home/airflow/.local/lib/python3.12/site-packages/airflow/example_dags/example_short_circuit_operator.py
[2024-05-22T08:10:40.284+0000] {processor.py:830} INFO - Processing file /home/airflow/.local/lib/python3.12/site-packages/airflow/example_dags/example_short_circuit_operator.py for tasks to queue
[2024-05-22T08:10:40.285+0000] {logging_mixin.py:188} INFO - [2024-05-22T08:10:40.285+0000] {dagbag.py:540} INFO - Filling up the DagBag from /home/airflow/.local/lib/python3.12/site-packages/airflow/example_dags/example_short_circuit_operator.py
[2024-05-22T08:10:40.289+0000] {processor.py:840} INFO - DAG(s) 'example_short_circuit_operator' retrieved from /home/airflow/.local/lib/python3.12/site-packages/airflow/example_dags/example_short_circuit_operator.py
[2024-05-22T08:10:40.299+0000] {logging_mixin.py:188} INFO - [2024-05-22T08:10:40.299+0000] {dag.py:3096} INFO - Sync 1 DAGs
[2024-05-22T08:10:40.309+0000] {logging_mixin.py:188} INFO - [2024-05-22T08:10:40.309+0000] {dag.py:3954} INFO - Setting next_dagrun for example_short_circuit_operator to 2024-05-21 00:00:00+00:00, run_after=2024-05-22 00:00:00+00:00
[2024-05-22T08:10:40.317+0000] {processor.py:183} INFO - Processing /home/airflow/.local/lib/python3.12/site-packages/airflow/example_dags/example_short_circuit_operator.py took 0.037 seconds
[2024-05-22T08:11:10.943+0000] {processor.py:161} INFO - Started process (PID=2680) to work on /home/airflow/.local/lib/python3.12/site-packages/airflow/example_dags/example_short_circuit_operator.py
[2024-05-22T08:11:10.943+0000] {processor.py:830} INFO - Processing file /home/airflow/.local/lib/python3.12/site-packages/airflow/example_dags/example_short_circuit_operator.py for tasks to queue
[2024-05-22T08:11:10.944+0000] {logging_mixin.py:188} INFO - [2024-05-22T08:11:10.944+0000] {dagbag.py:540} INFO - Filling up the DagBag from /home/airflow/.local/lib/python3.12/site-packages/airflow/example_dags/example_short_circuit_operator.py
[2024-05-22T08:11:10.948+0000] {processor.py:840} INFO - DAG(s) 'example_short_circuit_operator' retrieved from /home/airflow/.local/lib/python3.12/site-packages/airflow/example_dags/example_short_circuit_operator.py
[2024-05-22T08:11:10.957+0000] {logging_mixin.py:188} INFO - [2024-05-22T08:11:10.957+0000] {dag.py:3096} INFO - Sync 1 DAGs
[2024-05-22T08:11:10.967+0000] {logging_mixin.py:188} INFO - [2024-05-22T08:11:10.967+0000] {dag.py:3954} INFO - Setting next_dagrun for example_short_circuit_operator to 2024-05-21 00:00:00+00:00, run_after=2024-05-22 00:00:00+00:00
[2024-05-22T08:11:10.975+0000] {processor.py:183} INFO - Processing /home/airflow/.local/lib/python3.12/site-packages/airflow/example_dags/example_short_circuit_operator.py took 0.035 seconds
[2024-05-22T08:11:41.701+0000] {processor.py:161} INFO - Started process (PID=2947) to work on /home/airflow/.local/lib/python3.12/site-packages/airflow/example_dags/example_short_circuit_operator.py
[2024-05-22T08:11:41.702+0000] {processor.py:830} INFO - Processing file /home/airflow/.local/lib/python3.12/site-packages/airflow/example_dags/example_short_circuit_operator.py for tasks to queue
[2024-05-22T08:11:41.703+0000] {logging_mixin.py:188} INFO - [2024-05-22T08:11:41.703+0000] {dagbag.py:540} INFO - Filling up the DagBag from /home/airflow/.local/lib/python3.12/site-packages/airflow/example_dags/example_short_circuit_operator.py
[2024-05-22T08:11:41.706+0000] {processor.py:840} INFO - DAG(s) 'example_short_circuit_operator' retrieved from /home/airflow/.local/lib/python3.12/site-packages/airflow/example_dags/example_short_circuit_operator.py
[2024-05-22T08:11:41.717+0000] {logging_mixin.py:188} INFO - [2024-05-22T08:11:41.717+0000] {dag.py:3096} INFO - Sync 1 DAGs
[2024-05-22T08:11:41.727+0000] {logging_mixin.py:188} INFO - [2024-05-22T08:11:41.727+0000] {dag.py:3954} INFO - Setting next_dagrun for example_short_circuit_operator to 2024-05-21 00:00:00+00:00, run_after=2024-05-22 00:00:00+00:00
[2024-05-22T08:11:41.735+0000] {processor.py:183} INFO - Processing /home/airflow/.local/lib/python3.12/site-packages/airflow/example_dags/example_short_circuit_operator.py took 0.037 seconds
[2024-05-22T08:12:12.579+0000] {processor.py:161} INFO - Started process (PID=3213) to work on /home/airflow/.local/lib/python3.12/site-packages/airflow/example_dags/example_short_circuit_operator.py
[2024-05-22T08:12:12.580+0000] {processor.py:830} INFO - Processing file /home/airflow/.local/lib/python3.12/site-packages/airflow/example_dags/example_short_circuit_operator.py for tasks to queue
[2024-05-22T08:12:12.582+0000] {logging_mixin.py:188} INFO - [2024-05-22T08:12:12.582+0000] {dagbag.py:540} INFO - Filling up the DagBag from /home/airflow/.local/lib/python3.12/site-packages/airflow/example_dags/example_short_circuit_operator.py
[2024-05-22T08:12:12.587+0000] {processor.py:840} INFO - DAG(s) 'example_short_circuit_operator' retrieved from /home/airflow/.local/lib/python3.12/site-packages/airflow/example_dags/example_short_circuit_operator.py
[2024-05-22T08:12:12.611+0000] {logging_mixin.py:188} INFO - [2024-05-22T08:12:12.610+0000] {dag.py:3096} INFO - Sync 1 DAGs
[2024-05-22T08:12:12.627+0000] {logging_mixin.py:188} INFO - [2024-05-22T08:12:12.627+0000] {dag.py:3954} INFO - Setting next_dagrun for example_short_circuit_operator to 2024-05-21 00:00:00+00:00, run_after=2024-05-22 00:00:00+00:00
[2024-05-22T08:12:12.646+0000] {processor.py:183} INFO - Processing /home/airflow/.local/lib/python3.12/site-packages/airflow/example_dags/example_short_circuit_operator.py took 0.072 seconds
[2024-05-22T08:12:43.273+0000] {processor.py:161} INFO - Started process (PID=3480) to work on /home/airflow/.local/lib/python3.12/site-packages/airflow/example_dags/example_short_circuit_operator.py
[2024-05-22T08:12:43.274+0000] {processor.py:830} INFO - Processing file /home/airflow/.local/lib/python3.12/site-packages/airflow/example_dags/example_short_circuit_operator.py for tasks to queue
[2024-05-22T08:12:43.275+0000] {logging_mixin.py:188} INFO - [2024-05-22T08:12:43.275+0000] {dagbag.py:540} INFO - Filling up the DagBag from /home/airflow/.local/lib/python3.12/site-packages/airflow/example_dags/example_short_circuit_operator.py
[2024-05-22T08:12:43.279+0000] {processor.py:840} INFO - DAG(s) 'example_short_circuit_operator' retrieved from /home/airflow/.local/lib/python3.12/site-packages/airflow/example_dags/example_short_circuit_operator.py
[2024-05-22T08:12:43.290+0000] {logging_mixin.py:188} INFO - [2024-05-22T08:12:43.290+0000] {dag.py:3096} INFO - Sync 1 DAGs
[2024-05-22T08:12:43.300+0000] {logging_mixin.py:188} INFO - [2024-05-22T08:12:43.300+0000] {dag.py:3954} INFO - Setting next_dagrun for example_short_circuit_operator to 2024-05-21 00:00:00+00:00, run_after=2024-05-22 00:00:00+00:00
[2024-05-22T08:12:43.309+0000] {processor.py:183} INFO - Processing /home/airflow/.local/lib/python3.12/site-packages/airflow/example_dags/example_short_circuit_operator.py took 0.039 seconds
[2024-05-22T08:13:14.403+0000] {processor.py:161} INFO - Started process (PID=3747) to work on /home/airflow/.local/lib/python3.12/site-packages/airflow/example_dags/example_short_circuit_operator.py
[2024-05-22T08:13:14.404+0000] {processor.py:830} INFO - Processing file /home/airflow/.local/lib/python3.12/site-packages/airflow/example_dags/example_short_circuit_operator.py for tasks to queue
[2024-05-22T08:13:14.405+0000] {logging_mixin.py:188} INFO - [2024-05-22T08:13:14.405+0000] {dagbag.py:540} INFO - Filling up the DagBag from /home/airflow/.local/lib/python3.12/site-packages/airflow/example_dags/example_short_circuit_operator.py
[2024-05-22T08:13:14.409+0000] {processor.py:840} INFO - DAG(s) 'example_short_circuit_operator' retrieved from /home/airflow/.local/lib/python3.12/site-packages/airflow/example_dags/example_short_circuit_operator.py
[2024-05-22T08:13:14.421+0000] {logging_mixin.py:188} INFO - [2024-05-22T08:13:14.421+0000] {dag.py:3096} INFO - Sync 1 DAGs
[2024-05-22T08:13:14.431+0000] {logging_mixin.py:188} INFO - [2024-05-22T08:13:14.431+0000] {dag.py:3954} INFO - Setting next_dagrun for example_short_circuit_operator to 2024-05-21 00:00:00+00:00, run_after=2024-05-22 00:00:00+00:00
[2024-05-22T08:13:14.441+0000] {processor.py:183} INFO - Processing /home/airflow/.local/lib/python3.12/site-packages/airflow/example_dags/example_short_circuit_operator.py took 0.041 seconds
[2024-05-22T08:13:45.376+0000] {processor.py:161} INFO - Started process (PID=4014) to work on /home/airflow/.local/lib/python3.12/site-packages/airflow/example_dags/example_short_circuit_operator.py
[2024-05-22T08:13:45.377+0000] {processor.py:830} INFO - Processing file /home/airflow/.local/lib/python3.12/site-packages/airflow/example_dags/example_short_circuit_operator.py for tasks to queue
[2024-05-22T08:13:45.378+0000] {logging_mixin.py:188} INFO - [2024-05-22T08:13:45.378+0000] {dagbag.py:540} INFO - Filling up the DagBag from /home/airflow/.local/lib/python3.12/site-packages/airflow/example_dags/example_short_circuit_operator.py
[2024-05-22T08:13:45.382+0000] {processor.py:840} INFO - DAG(s) 'example_short_circuit_operator' retrieved from /home/airflow/.local/lib/python3.12/site-packages/airflow/example_dags/example_short_circuit_operator.py
[2024-05-22T08:13:45.393+0000] {logging_mixin.py:188} INFO - [2024-05-22T08:13:45.392+0000] {dag.py:3096} INFO - Sync 1 DAGs
[2024-05-22T08:13:45.403+0000] {logging_mixin.py:188} INFO - [2024-05-22T08:13:45.402+0000] {dag.py:3954} INFO - Setting next_dagrun for example_short_circuit_operator to 2024-05-21 00:00:00+00:00, run_after=2024-05-22 00:00:00+00:00
[2024-05-22T08:13:45.411+0000] {processor.py:183} INFO - Processing /home/airflow/.local/lib/python3.12/site-packages/airflow/example_dags/example_short_circuit_operator.py took 0.037 seconds
[2024-05-22T08:14:15.530+0000] {processor.py:161} INFO - Started process (PID=4280) to work on /home/airflow/.local/lib/python3.12/site-packages/airflow/example_dags/example_short_circuit_operator.py
[2024-05-22T08:14:15.531+0000] {processor.py:830} INFO - Processing file /home/airflow/.local/lib/python3.12/site-packages/airflow/example_dags/example_short_circuit_operator.py for tasks to queue
[2024-05-22T08:14:15.532+0000] {logging_mixin.py:188} INFO - [2024-05-22T08:14:15.532+0000] {dagbag.py:540} INFO - Filling up the DagBag from /home/airflow/.local/lib/python3.12/site-packages/airflow/example_dags/example_short_circuit_operator.py
[2024-05-22T08:14:15.536+0000] {processor.py:840} INFO - DAG(s) 'example_short_circuit_operator' retrieved from /home/airflow/.local/lib/python3.12/site-packages/airflow/example_dags/example_short_circuit_operator.py
[2024-05-22T08:14:15.547+0000] {logging_mixin.py:188} INFO - [2024-05-22T08:14:15.547+0000] {dag.py:3096} INFO - Sync 1 DAGs
[2024-05-22T08:14:15.558+0000] {logging_mixin.py:188} INFO - [2024-05-22T08:14:15.558+0000] {dag.py:3954} INFO - Setting next_dagrun for example_short_circuit_operator to 2024-05-21 00:00:00+00:00, run_after=2024-05-22 00:00:00+00:00
[2024-05-22T08:14:15.567+0000] {processor.py:183} INFO - Processing /home/airflow/.local/lib/python3.12/site-packages/airflow/example_dags/example_short_circuit_operator.py took 0.040 seconds
[2024-05-22T08:14:45.833+0000] {processor.py:161} INFO - Started process (PID=4547) to work on /home/airflow/.local/lib/python3.12/site-packages/airflow/example_dags/example_short_circuit_operator.py
[2024-05-22T08:14:45.833+0000] {processor.py:830} INFO - Processing file /home/airflow/.local/lib/python3.12/site-packages/airflow/example_dags/example_short_circuit_operator.py for tasks to queue
[2024-05-22T08:14:45.834+0000] {logging_mixin.py:188} INFO - [2024-05-22T08:14:45.834+0000] {dagbag.py:540} INFO - Filling up the DagBag from /home/airflow/.local/lib/python3.12/site-packages/airflow/example_dags/example_short_circuit_operator.py
[2024-05-22T08:14:45.838+0000] {processor.py:840} INFO - DAG(s) 'example_short_circuit_operator' retrieved from /home/airflow/.local/lib/python3.12/site-packages/airflow/example_dags/example_short_circuit_operator.py
[2024-05-22T08:14:45.849+0000] {logging_mixin.py:188} INFO - [2024-05-22T08:14:45.849+0000] {dag.py:3096} INFO - Sync 1 DAGs
[2024-05-22T08:14:45.858+0000] {logging_mixin.py:188} INFO - [2024-05-22T08:14:45.858+0000] {dag.py:3954} INFO - Setting next_dagrun for example_short_circuit_operator to 2024-05-21 00:00:00+00:00, run_after=2024-05-22 00:00:00+00:00
[2024-05-22T08:14:45.867+0000] {processor.py:183} INFO - Processing /home/airflow/.local/lib/python3.12/site-packages/airflow/example_dags/example_short_circuit_operator.py took 0.037 seconds
[2024-05-22T08:15:16.134+0000] {processor.py:161} INFO - Started process (PID=4814) to work on /home/airflow/.local/lib/python3.12/site-packages/airflow/example_dags/example_short_circuit_operator.py
[2024-05-22T08:15:16.135+0000] {processor.py:830} INFO - Processing file /home/airflow/.local/lib/python3.12/site-packages/airflow/example_dags/example_short_circuit_operator.py for tasks to queue
[2024-05-22T08:15:16.136+0000] {logging_mixin.py:188} INFO - [2024-05-22T08:15:16.136+0000] {dagbag.py:540} INFO - Filling up the DagBag from /home/airflow/.local/lib/python3.12/site-packages/airflow/example_dags/example_short_circuit_operator.py
[2024-05-22T08:15:16.140+0000] {processor.py:840} INFO - DAG(s) 'example_short_circuit_operator' retrieved from /home/airflow/.local/lib/python3.12/site-packages/airflow/example_dags/example_short_circuit_operator.py
[2024-05-22T08:15:16.151+0000] {logging_mixin.py:188} INFO - [2024-05-22T08:15:16.150+0000] {dag.py:3096} INFO - Sync 1 DAGs
[2024-05-22T08:15:16.160+0000] {logging_mixin.py:188} INFO - [2024-05-22T08:15:16.160+0000] {dag.py:3954} INFO - Setting next_dagrun for example_short_circuit_operator to 2024-05-21 00:00:00+00:00, run_after=2024-05-22 00:00:00+00:00
[2024-05-22T08:15:16.169+0000] {processor.py:183} INFO - Processing /home/airflow/.local/lib/python3.12/site-packages/airflow/example_dags/example_short_circuit_operator.py took 0.038 seconds
