[2024-05-22T08:06:34.766+0000] {processor.py:161} INFO - Started process (PID=302) to work on /home/airflow/.local/lib/python3.12/site-packages/airflow/example_dags/example_bash_operator.py
[2024-05-22T08:06:34.766+0000] {processor.py:830} INFO - Processing file /home/airflow/.local/lib/python3.12/site-packages/airflow/example_dags/example_bash_operator.py for tasks to queue
[2024-05-22T08:06:34.767+0000] {logging_mixin.py:188} INFO - [2024-05-22T08:06:34.767+0000] {dagbag.py:540} INFO - Filling up the DagBag from /home/airflow/.local/lib/python3.12/site-packages/airflow/example_dags/example_bash_operator.py
[2024-05-22T08:06:34.774+0000] {processor.py:840} INFO - DAG(s) 'example_bash_operator' retrieved from /home/airflow/.local/lib/python3.12/site-packages/airflow/example_dags/example_bash_operator.py
[2024-05-22T08:06:34.789+0000] {logging_mixin.py:188} INFO - [2024-05-22T08:06:34.789+0000] {dag.py:3096} INFO - Sync 1 DAGs
[2024-05-22T08:06:34.805+0000] {logging_mixin.py:188} INFO - [2024-05-22T08:06:34.805+0000] {dag.py:3954} INFO - Setting next_dagrun for example_bash_operator to 2024-05-21 00:00:00+00:00, run_after=2024-05-22 00:00:00+00:00
[2024-05-22T08:06:34.821+0000] {processor.py:183} INFO - Processing /home/airflow/.local/lib/python3.12/site-packages/airflow/example_dags/example_bash_operator.py took 0.058 seconds
[2024-05-22T08:07:04.916+0000] {processor.py:161} INFO - Started process (PID=569) to work on /home/airflow/.local/lib/python3.12/site-packages/airflow/example_dags/example_bash_operator.py
[2024-05-22T08:07:04.917+0000] {processor.py:830} INFO - Processing file /home/airflow/.local/lib/python3.12/site-packages/airflow/example_dags/example_bash_operator.py for tasks to queue
[2024-05-22T08:07:04.918+0000] {logging_mixin.py:188} INFO - [2024-05-22T08:07:04.917+0000] {dagbag.py:540} INFO - Filling up the DagBag from /home/airflow/.local/lib/python3.12/site-packages/airflow/example_dags/example_bash_operator.py
[2024-05-22T08:07:04.923+0000] {processor.py:840} INFO - DAG(s) 'example_bash_operator' retrieved from /home/airflow/.local/lib/python3.12/site-packages/airflow/example_dags/example_bash_operator.py
[2024-05-22T08:07:04.936+0000] {logging_mixin.py:188} INFO - [2024-05-22T08:07:04.936+0000] {dag.py:3096} INFO - Sync 1 DAGs
[2024-05-22T08:07:04.947+0000] {logging_mixin.py:188} INFO - [2024-05-22T08:07:04.947+0000] {dag.py:3954} INFO - Setting next_dagrun for example_bash_operator to 2024-05-21 00:00:00+00:00, run_after=2024-05-22 00:00:00+00:00
[2024-05-22T08:07:04.957+0000] {processor.py:183} INFO - Processing /home/airflow/.local/lib/python3.12/site-packages/airflow/example_dags/example_bash_operator.py took 0.044 seconds
[2024-05-22T08:07:35.665+0000] {processor.py:161} INFO - Started process (PID=836) to work on /home/airflow/.local/lib/python3.12/site-packages/airflow/example_dags/example_bash_operator.py
[2024-05-22T08:07:35.665+0000] {processor.py:830} INFO - Processing file /home/airflow/.local/lib/python3.12/site-packages/airflow/example_dags/example_bash_operator.py for tasks to queue
[2024-05-22T08:07:35.667+0000] {logging_mixin.py:188} INFO - [2024-05-22T08:07:35.666+0000] {dagbag.py:540} INFO - Filling up the DagBag from /home/airflow/.local/lib/python3.12/site-packages/airflow/example_dags/example_bash_operator.py
[2024-05-22T08:07:35.672+0000] {processor.py:840} INFO - DAG(s) 'example_bash_operator' retrieved from /home/airflow/.local/lib/python3.12/site-packages/airflow/example_dags/example_bash_operator.py
[2024-05-22T08:07:35.684+0000] {logging_mixin.py:188} INFO - [2024-05-22T08:07:35.684+0000] {dag.py:3096} INFO - Sync 1 DAGs
[2024-05-22T08:07:35.695+0000] {logging_mixin.py:188} INFO - [2024-05-22T08:07:35.695+0000] {dag.py:3954} INFO - Setting next_dagrun for example_bash_operator to 2024-05-21 00:00:00+00:00, run_after=2024-05-22 00:00:00+00:00
[2024-05-22T08:07:35.703+0000] {processor.py:183} INFO - Processing /home/airflow/.local/lib/python3.12/site-packages/airflow/example_dags/example_bash_operator.py took 0.042 seconds
[2024-05-22T08:08:06.351+0000] {processor.py:161} INFO - Started process (PID=1105) to work on /home/airflow/.local/lib/python3.12/site-packages/airflow/example_dags/example_bash_operator.py
[2024-05-22T08:08:06.352+0000] {processor.py:830} INFO - Processing file /home/airflow/.local/lib/python3.12/site-packages/airflow/example_dags/example_bash_operator.py for tasks to queue
[2024-05-22T08:08:06.353+0000] {logging_mixin.py:188} INFO - [2024-05-22T08:08:06.353+0000] {dagbag.py:540} INFO - Filling up the DagBag from /home/airflow/.local/lib/python3.12/site-packages/airflow/example_dags/example_bash_operator.py
[2024-05-22T08:08:06.358+0000] {processor.py:840} INFO - DAG(s) 'example_bash_operator' retrieved from /home/airflow/.local/lib/python3.12/site-packages/airflow/example_dags/example_bash_operator.py
[2024-05-22T08:08:06.370+0000] {logging_mixin.py:188} INFO - [2024-05-22T08:08:06.370+0000] {dag.py:3096} INFO - Sync 1 DAGs
[2024-05-22T08:08:06.379+0000] {logging_mixin.py:188} INFO - [2024-05-22T08:08:06.379+0000] {dag.py:3954} INFO - Setting next_dagrun for example_bash_operator to 2024-05-21 00:00:00+00:00, run_after=2024-05-22 00:00:00+00:00
[2024-05-22T08:08:06.386+0000] {processor.py:183} INFO - Processing /home/airflow/.local/lib/python3.12/site-packages/airflow/example_dags/example_bash_operator.py took 0.037 seconds
[2024-05-22T08:08:37.050+0000] {processor.py:161} INFO - Started process (PID=1370) to work on /home/airflow/.local/lib/python3.12/site-packages/airflow/example_dags/example_bash_operator.py
[2024-05-22T08:08:37.051+0000] {processor.py:830} INFO - Processing file /home/airflow/.local/lib/python3.12/site-packages/airflow/example_dags/example_bash_operator.py for tasks to queue
[2024-05-22T08:08:37.052+0000] {logging_mixin.py:188} INFO - [2024-05-22T08:08:37.051+0000] {dagbag.py:540} INFO - Filling up the DagBag from /home/airflow/.local/lib/python3.12/site-packages/airflow/example_dags/example_bash_operator.py
[2024-05-22T08:08:37.057+0000] {processor.py:840} INFO - DAG(s) 'example_bash_operator' retrieved from /home/airflow/.local/lib/python3.12/site-packages/airflow/example_dags/example_bash_operator.py
[2024-05-22T08:08:37.068+0000] {logging_mixin.py:188} INFO - [2024-05-22T08:08:37.068+0000] {dag.py:3096} INFO - Sync 1 DAGs
[2024-05-22T08:08:37.079+0000] {logging_mixin.py:188} INFO - [2024-05-22T08:08:37.079+0000] {dag.py:3954} INFO - Setting next_dagrun for example_bash_operator to 2024-05-21 00:00:00+00:00, run_after=2024-05-22 00:00:00+00:00
[2024-05-22T08:08:37.088+0000] {processor.py:183} INFO - Processing /home/airflow/.local/lib/python3.12/site-packages/airflow/example_dags/example_bash_operator.py took 0.040 seconds
[2024-05-22T08:09:08.011+0000] {processor.py:161} INFO - Started process (PID=1637) to work on /home/airflow/.local/lib/python3.12/site-packages/airflow/example_dags/example_bash_operator.py
[2024-05-22T08:09:08.011+0000] {processor.py:830} INFO - Processing file /home/airflow/.local/lib/python3.12/site-packages/airflow/example_dags/example_bash_operator.py for tasks to queue
[2024-05-22T08:09:08.012+0000] {logging_mixin.py:188} INFO - [2024-05-22T08:09:08.012+0000] {dagbag.py:540} INFO - Filling up the DagBag from /home/airflow/.local/lib/python3.12/site-packages/airflow/example_dags/example_bash_operator.py
[2024-05-22T08:09:08.017+0000] {processor.py:840} INFO - DAG(s) 'example_bash_operator' retrieved from /home/airflow/.local/lib/python3.12/site-packages/airflow/example_dags/example_bash_operator.py
[2024-05-22T08:09:08.028+0000] {logging_mixin.py:188} INFO - [2024-05-22T08:09:08.028+0000] {dag.py:3096} INFO - Sync 1 DAGs
[2024-05-22T08:09:08.038+0000] {logging_mixin.py:188} INFO - [2024-05-22T08:09:08.038+0000] {dag.py:3954} INFO - Setting next_dagrun for example_bash_operator to 2024-05-21 00:00:00+00:00, run_after=2024-05-22 00:00:00+00:00
[2024-05-22T08:09:08.046+0000] {processor.py:183} INFO - Processing /home/airflow/.local/lib/python3.12/site-packages/airflow/example_dags/example_bash_operator.py took 0.038 seconds
[2024-05-22T08:09:38.895+0000] {processor.py:161} INFO - Started process (PID=1906) to work on /home/airflow/.local/lib/python3.12/site-packages/airflow/example_dags/example_bash_operator.py
[2024-05-22T08:09:38.896+0000] {processor.py:830} INFO - Processing file /home/airflow/.local/lib/python3.12/site-packages/airflow/example_dags/example_bash_operator.py for tasks to queue
[2024-05-22T08:09:38.898+0000] {logging_mixin.py:188} INFO - [2024-05-22T08:09:38.898+0000] {dagbag.py:540} INFO - Filling up the DagBag from /home/airflow/.local/lib/python3.12/site-packages/airflow/example_dags/example_bash_operator.py
[2024-05-22T08:09:38.909+0000] {processor.py:840} INFO - DAG(s) 'example_bash_operator' retrieved from /home/airflow/.local/lib/python3.12/site-packages/airflow/example_dags/example_bash_operator.py
[2024-05-22T08:09:38.922+0000] {logging_mixin.py:188} INFO - [2024-05-22T08:09:38.922+0000] {dag.py:3096} INFO - Sync 1 DAGs
[2024-05-22T08:09:38.933+0000] {logging_mixin.py:188} INFO - [2024-05-22T08:09:38.933+0000] {dag.py:3954} INFO - Setting next_dagrun for example_bash_operator to 2024-05-21 00:00:00+00:00, run_after=2024-05-22 00:00:00+00:00
[2024-05-22T08:09:38.941+0000] {processor.py:183} INFO - Processing /home/airflow/.local/lib/python3.12/site-packages/airflow/example_dags/example_bash_operator.py took 0.049 seconds
[2024-05-22T08:10:09.773+0000] {processor.py:161} INFO - Started process (PID=2173) to work on /home/airflow/.local/lib/python3.12/site-packages/airflow/example_dags/example_bash_operator.py
[2024-05-22T08:10:09.774+0000] {processor.py:830} INFO - Processing file /home/airflow/.local/lib/python3.12/site-packages/airflow/example_dags/example_bash_operator.py for tasks to queue
[2024-05-22T08:10:09.775+0000] {logging_mixin.py:188} INFO - [2024-05-22T08:10:09.775+0000] {dagbag.py:540} INFO - Filling up the DagBag from /home/airflow/.local/lib/python3.12/site-packages/airflow/example_dags/example_bash_operator.py
[2024-05-22T08:10:09.780+0000] {processor.py:840} INFO - DAG(s) 'example_bash_operator' retrieved from /home/airflow/.local/lib/python3.12/site-packages/airflow/example_dags/example_bash_operator.py
[2024-05-22T08:10:09.790+0000] {logging_mixin.py:188} INFO - [2024-05-22T08:10:09.790+0000] {dag.py:3096} INFO - Sync 1 DAGs
[2024-05-22T08:10:09.800+0000] {logging_mixin.py:188} INFO - [2024-05-22T08:10:09.799+0000] {dag.py:3954} INFO - Setting next_dagrun for example_bash_operator to 2024-05-21 00:00:00+00:00, run_after=2024-05-22 00:00:00+00:00
[2024-05-22T08:10:09.807+0000] {processor.py:183} INFO - Processing /home/airflow/.local/lib/python3.12/site-packages/airflow/example_dags/example_bash_operator.py took 0.036 seconds
[2024-05-22T08:10:40.420+0000] {processor.py:161} INFO - Started process (PID=2440) to work on /home/airflow/.local/lib/python3.12/site-packages/airflow/example_dags/example_bash_operator.py
[2024-05-22T08:10:40.420+0000] {processor.py:830} INFO - Processing file /home/airflow/.local/lib/python3.12/site-packages/airflow/example_dags/example_bash_operator.py for tasks to queue
[2024-05-22T08:10:40.421+0000] {logging_mixin.py:188} INFO - [2024-05-22T08:10:40.421+0000] {dagbag.py:540} INFO - Filling up the DagBag from /home/airflow/.local/lib/python3.12/site-packages/airflow/example_dags/example_bash_operator.py
[2024-05-22T08:10:40.426+0000] {processor.py:840} INFO - DAG(s) 'example_bash_operator' retrieved from /home/airflow/.local/lib/python3.12/site-packages/airflow/example_dags/example_bash_operator.py
[2024-05-22T08:10:40.437+0000] {logging_mixin.py:188} INFO - [2024-05-22T08:10:40.437+0000] {dag.py:3096} INFO - Sync 1 DAGs
[2024-05-22T08:10:40.447+0000] {logging_mixin.py:188} INFO - [2024-05-22T08:10:40.447+0000] {dag.py:3954} INFO - Setting next_dagrun for example_bash_operator to 2024-05-21 00:00:00+00:00, run_after=2024-05-22 00:00:00+00:00
[2024-05-22T08:10:40.455+0000] {processor.py:183} INFO - Processing /home/airflow/.local/lib/python3.12/site-packages/airflow/example_dags/example_bash_operator.py took 0.037 seconds
[2024-05-22T08:11:11.076+0000] {processor.py:161} INFO - Started process (PID=2705) to work on /home/airflow/.local/lib/python3.12/site-packages/airflow/example_dags/example_bash_operator.py
[2024-05-22T08:11:11.077+0000] {processor.py:830} INFO - Processing file /home/airflow/.local/lib/python3.12/site-packages/airflow/example_dags/example_bash_operator.py for tasks to queue
[2024-05-22T08:11:11.078+0000] {logging_mixin.py:188} INFO - [2024-05-22T08:11:11.078+0000] {dagbag.py:540} INFO - Filling up the DagBag from /home/airflow/.local/lib/python3.12/site-packages/airflow/example_dags/example_bash_operator.py
[2024-05-22T08:11:11.083+0000] {processor.py:840} INFO - DAG(s) 'example_bash_operator' retrieved from /home/airflow/.local/lib/python3.12/site-packages/airflow/example_dags/example_bash_operator.py
[2024-05-22T08:11:11.094+0000] {logging_mixin.py:188} INFO - [2024-05-22T08:11:11.094+0000] {dag.py:3096} INFO - Sync 1 DAGs
[2024-05-22T08:11:11.107+0000] {logging_mixin.py:188} INFO - [2024-05-22T08:11:11.106+0000] {dag.py:3954} INFO - Setting next_dagrun for example_bash_operator to 2024-05-21 00:00:00+00:00, run_after=2024-05-22 00:00:00+00:00
[2024-05-22T08:11:11.115+0000] {processor.py:183} INFO - Processing /home/airflow/.local/lib/python3.12/site-packages/airflow/example_dags/example_bash_operator.py took 0.041 seconds
[2024-05-22T08:11:41.810+0000] {processor.py:161} INFO - Started process (PID=2972) to work on /home/airflow/.local/lib/python3.12/site-packages/airflow/example_dags/example_bash_operator.py
[2024-05-22T08:11:41.811+0000] {processor.py:830} INFO - Processing file /home/airflow/.local/lib/python3.12/site-packages/airflow/example_dags/example_bash_operator.py for tasks to queue
[2024-05-22T08:11:41.812+0000] {logging_mixin.py:188} INFO - [2024-05-22T08:11:41.812+0000] {dagbag.py:540} INFO - Filling up the DagBag from /home/airflow/.local/lib/python3.12/site-packages/airflow/example_dags/example_bash_operator.py
[2024-05-22T08:11:41.817+0000] {processor.py:840} INFO - DAG(s) 'example_bash_operator' retrieved from /home/airflow/.local/lib/python3.12/site-packages/airflow/example_dags/example_bash_operator.py
[2024-05-22T08:11:41.829+0000] {logging_mixin.py:188} INFO - [2024-05-22T08:11:41.829+0000] {dag.py:3096} INFO - Sync 1 DAGs
[2024-05-22T08:11:41.839+0000] {logging_mixin.py:188} INFO - [2024-05-22T08:11:41.839+0000] {dag.py:3954} INFO - Setting next_dagrun for example_bash_operator to 2024-05-21 00:00:00+00:00, run_after=2024-05-22 00:00:00+00:00
[2024-05-22T08:11:41.847+0000] {processor.py:183} INFO - Processing /home/airflow/.local/lib/python3.12/site-packages/airflow/example_dags/example_bash_operator.py took 0.039 seconds
[2024-05-22T08:12:12.886+0000] {processor.py:161} INFO - Started process (PID=3238) to work on /home/airflow/.local/lib/python3.12/site-packages/airflow/example_dags/example_bash_operator.py
[2024-05-22T08:12:12.889+0000] {processor.py:830} INFO - Processing file /home/airflow/.local/lib/python3.12/site-packages/airflow/example_dags/example_bash_operator.py for tasks to queue
[2024-05-22T08:12:12.893+0000] {logging_mixin.py:188} INFO - [2024-05-22T08:12:12.892+0000] {dagbag.py:540} INFO - Filling up the DagBag from /home/airflow/.local/lib/python3.12/site-packages/airflow/example_dags/example_bash_operator.py
[2024-05-22T08:12:12.913+0000] {processor.py:840} INFO - DAG(s) 'example_bash_operator' retrieved from /home/airflow/.local/lib/python3.12/site-packages/airflow/example_dags/example_bash_operator.py
[2024-05-22T08:12:12.950+0000] {logging_mixin.py:188} INFO - [2024-05-22T08:12:12.950+0000] {dag.py:3096} INFO - Sync 1 DAGs
[2024-05-22T08:12:12.993+0000] {logging_mixin.py:188} INFO - [2024-05-22T08:12:12.993+0000] {dag.py:3954} INFO - Setting next_dagrun for example_bash_operator to 2024-05-21 00:00:00+00:00, run_after=2024-05-22 00:00:00+00:00
[2024-05-22T08:12:13.027+0000] {processor.py:183} INFO - Processing /home/airflow/.local/lib/python3.12/site-packages/airflow/example_dags/example_bash_operator.py took 0.150 seconds
[2024-05-22T08:12:43.378+0000] {processor.py:161} INFO - Started process (PID=3505) to work on /home/airflow/.local/lib/python3.12/site-packages/airflow/example_dags/example_bash_operator.py
[2024-05-22T08:12:43.379+0000] {processor.py:830} INFO - Processing file /home/airflow/.local/lib/python3.12/site-packages/airflow/example_dags/example_bash_operator.py for tasks to queue
[2024-05-22T08:12:43.380+0000] {logging_mixin.py:188} INFO - [2024-05-22T08:12:43.380+0000] {dagbag.py:540} INFO - Filling up the DagBag from /home/airflow/.local/lib/python3.12/site-packages/airflow/example_dags/example_bash_operator.py
[2024-05-22T08:12:43.386+0000] {processor.py:840} INFO - DAG(s) 'example_bash_operator' retrieved from /home/airflow/.local/lib/python3.12/site-packages/airflow/example_dags/example_bash_operator.py
[2024-05-22T08:12:43.399+0000] {logging_mixin.py:188} INFO - [2024-05-22T08:12:43.399+0000] {dag.py:3096} INFO - Sync 1 DAGs
[2024-05-22T08:12:43.413+0000] {logging_mixin.py:188} INFO - [2024-05-22T08:12:43.412+0000] {dag.py:3954} INFO - Setting next_dagrun for example_bash_operator to 2024-05-21 00:00:00+00:00, run_after=2024-05-22 00:00:00+00:00
[2024-05-22T08:12:43.424+0000] {processor.py:183} INFO - Processing /home/airflow/.local/lib/python3.12/site-packages/airflow/example_dags/example_bash_operator.py took 0.048 seconds
[2024-05-22T08:13:14.561+0000] {processor.py:161} INFO - Started process (PID=3772) to work on /home/airflow/.local/lib/python3.12/site-packages/airflow/example_dags/example_bash_operator.py
[2024-05-22T08:13:14.562+0000] {processor.py:830} INFO - Processing file /home/airflow/.local/lib/python3.12/site-packages/airflow/example_dags/example_bash_operator.py for tasks to queue
[2024-05-22T08:13:14.563+0000] {logging_mixin.py:188} INFO - [2024-05-22T08:13:14.563+0000] {dagbag.py:540} INFO - Filling up the DagBag from /home/airflow/.local/lib/python3.12/site-packages/airflow/example_dags/example_bash_operator.py
[2024-05-22T08:13:14.569+0000] {processor.py:840} INFO - DAG(s) 'example_bash_operator' retrieved from /home/airflow/.local/lib/python3.12/site-packages/airflow/example_dags/example_bash_operator.py
[2024-05-22T08:13:14.583+0000] {logging_mixin.py:188} INFO - [2024-05-22T08:13:14.582+0000] {dag.py:3096} INFO - Sync 1 DAGs
[2024-05-22T08:13:14.593+0000] {logging_mixin.py:188} INFO - [2024-05-22T08:13:14.593+0000] {dag.py:3954} INFO - Setting next_dagrun for example_bash_operator to 2024-05-21 00:00:00+00:00, run_after=2024-05-22 00:00:00+00:00
[2024-05-22T08:13:14.602+0000] {processor.py:183} INFO - Processing /home/airflow/.local/lib/python3.12/site-packages/airflow/example_dags/example_bash_operator.py took 0.044 seconds
[2024-05-22T08:13:45.481+0000] {processor.py:161} INFO - Started process (PID=4039) to work on /home/airflow/.local/lib/python3.12/site-packages/airflow/example_dags/example_bash_operator.py
[2024-05-22T08:13:45.481+0000] {processor.py:830} INFO - Processing file /home/airflow/.local/lib/python3.12/site-packages/airflow/example_dags/example_bash_operator.py for tasks to queue
[2024-05-22T08:13:45.482+0000] {logging_mixin.py:188} INFO - [2024-05-22T08:13:45.482+0000] {dagbag.py:540} INFO - Filling up the DagBag from /home/airflow/.local/lib/python3.12/site-packages/airflow/example_dags/example_bash_operator.py
[2024-05-22T08:13:45.487+0000] {processor.py:840} INFO - DAG(s) 'example_bash_operator' retrieved from /home/airflow/.local/lib/python3.12/site-packages/airflow/example_dags/example_bash_operator.py
[2024-05-22T08:13:45.499+0000] {logging_mixin.py:188} INFO - [2024-05-22T08:13:45.499+0000] {dag.py:3096} INFO - Sync 1 DAGs
[2024-05-22T08:13:45.510+0000] {logging_mixin.py:188} INFO - [2024-05-22T08:13:45.509+0000] {dag.py:3954} INFO - Setting next_dagrun for example_bash_operator to 2024-05-21 00:00:00+00:00, run_after=2024-05-22 00:00:00+00:00
[2024-05-22T08:13:45.518+0000] {processor.py:183} INFO - Processing /home/airflow/.local/lib/python3.12/site-packages/airflow/example_dags/example_bash_operator.py took 0.040 seconds
[2024-05-22T08:14:15.658+0000] {processor.py:161} INFO - Started process (PID=4305) to work on /home/airflow/.local/lib/python3.12/site-packages/airflow/example_dags/example_bash_operator.py
[2024-05-22T08:14:15.659+0000] {processor.py:830} INFO - Processing file /home/airflow/.local/lib/python3.12/site-packages/airflow/example_dags/example_bash_operator.py for tasks to queue
[2024-05-22T08:14:15.660+0000] {logging_mixin.py:188} INFO - [2024-05-22T08:14:15.660+0000] {dagbag.py:540} INFO - Filling up the DagBag from /home/airflow/.local/lib/python3.12/site-packages/airflow/example_dags/example_bash_operator.py
[2024-05-22T08:14:15.665+0000] {processor.py:840} INFO - DAG(s) 'example_bash_operator' retrieved from /home/airflow/.local/lib/python3.12/site-packages/airflow/example_dags/example_bash_operator.py
[2024-05-22T08:14:15.678+0000] {logging_mixin.py:188} INFO - [2024-05-22T08:14:15.678+0000] {dag.py:3096} INFO - Sync 1 DAGs
[2024-05-22T08:14:15.690+0000] {logging_mixin.py:188} INFO - [2024-05-22T08:14:15.690+0000] {dag.py:3954} INFO - Setting next_dagrun for example_bash_operator to 2024-05-21 00:00:00+00:00, run_after=2024-05-22 00:00:00+00:00
[2024-05-22T08:14:15.699+0000] {processor.py:183} INFO - Processing /home/airflow/.local/lib/python3.12/site-packages/airflow/example_dags/example_bash_operator.py took 0.044 seconds
[2024-05-22T08:14:45.927+0000] {processor.py:161} INFO - Started process (PID=4572) to work on /home/airflow/.local/lib/python3.12/site-packages/airflow/example_dags/example_bash_operator.py
[2024-05-22T08:14:45.928+0000] {processor.py:830} INFO - Processing file /home/airflow/.local/lib/python3.12/site-packages/airflow/example_dags/example_bash_operator.py for tasks to queue
[2024-05-22T08:14:45.929+0000] {logging_mixin.py:188} INFO - [2024-05-22T08:14:45.929+0000] {dagbag.py:540} INFO - Filling up the DagBag from /home/airflow/.local/lib/python3.12/site-packages/airflow/example_dags/example_bash_operator.py
[2024-05-22T08:14:45.934+0000] {processor.py:840} INFO - DAG(s) 'example_bash_operator' retrieved from /home/airflow/.local/lib/python3.12/site-packages/airflow/example_dags/example_bash_operator.py
[2024-05-22T08:14:45.946+0000] {logging_mixin.py:188} INFO - [2024-05-22T08:14:45.945+0000] {dag.py:3096} INFO - Sync 1 DAGs
[2024-05-22T08:14:45.955+0000] {logging_mixin.py:188} INFO - [2024-05-22T08:14:45.955+0000] {dag.py:3954} INFO - Setting next_dagrun for example_bash_operator to 2024-05-21 00:00:00+00:00, run_after=2024-05-22 00:00:00+00:00
[2024-05-22T08:14:45.963+0000] {processor.py:183} INFO - Processing /home/airflow/.local/lib/python3.12/site-packages/airflow/example_dags/example_bash_operator.py took 0.039 seconds
[2024-05-22T08:15:16.264+0000] {processor.py:161} INFO - Started process (PID=4841) to work on /home/airflow/.local/lib/python3.12/site-packages/airflow/example_dags/example_bash_operator.py
[2024-05-22T08:15:16.264+0000] {processor.py:830} INFO - Processing file /home/airflow/.local/lib/python3.12/site-packages/airflow/example_dags/example_bash_operator.py for tasks to queue
[2024-05-22T08:15:16.265+0000] {logging_mixin.py:188} INFO - [2024-05-22T08:15:16.265+0000] {dagbag.py:540} INFO - Filling up the DagBag from /home/airflow/.local/lib/python3.12/site-packages/airflow/example_dags/example_bash_operator.py
[2024-05-22T08:15:16.271+0000] {processor.py:840} INFO - DAG(s) 'example_bash_operator' retrieved from /home/airflow/.local/lib/python3.12/site-packages/airflow/example_dags/example_bash_operator.py
[2024-05-22T08:15:16.282+0000] {logging_mixin.py:188} INFO - [2024-05-22T08:15:16.282+0000] {dag.py:3096} INFO - Sync 1 DAGs
[2024-05-22T08:15:16.291+0000] {logging_mixin.py:188} INFO - [2024-05-22T08:15:16.291+0000] {dag.py:3954} INFO - Setting next_dagrun for example_bash_operator to 2024-05-21 00:00:00+00:00, run_after=2024-05-22 00:00:00+00:00
[2024-05-22T08:15:16.298+0000] {processor.py:183} INFO - Processing /home/airflow/.local/lib/python3.12/site-packages/airflow/example_dags/example_bash_operator.py took 0.037 seconds
