[2024-05-22T08:06:34.845+0000] {processor.py:161} INFO - Started process (PID=312) to work on /home/airflow/.local/lib/python3.12/site-packages/airflow/example_dags/example_setup_teardown.py
[2024-05-22T08:06:34.846+0000] {processor.py:830} INFO - Processing file /home/airflow/.local/lib/python3.12/site-packages/airflow/example_dags/example_setup_teardown.py for tasks to queue
[2024-05-22T08:06:34.848+0000] {logging_mixin.py:188} INFO - [2024-05-22T08:06:34.847+0000] {dagbag.py:540} INFO - Filling up the DagBag from /home/airflow/.local/lib/python3.12/site-packages/airflow/example_dags/example_setup_teardown.py
[2024-05-22T08:06:34.856+0000] {processor.py:840} INFO - DAG(s) 'example_setup_teardown' retrieved from /home/airflow/.local/lib/python3.12/site-packages/airflow/example_dags/example_setup_teardown.py
[2024-05-22T08:06:34.882+0000] {logging_mixin.py:188} INFO - [2024-05-22T08:06:34.882+0000] {dag.py:3096} INFO - Sync 1 DAGs
[2024-05-22T08:06:34.900+0000] {logging_mixin.py:188} INFO - [2024-05-22T08:06:34.900+0000] {dag.py:3954} INFO - Setting next_dagrun for example_setup_teardown to 2024-05-21 00:00:00+00:00, run_after=2024-05-22 00:00:00+00:00
[2024-05-22T08:06:34.909+0000] {processor.py:183} INFO - Processing /home/airflow/.local/lib/python3.12/site-packages/airflow/example_dags/example_setup_teardown.py took 0.069 seconds
[2024-05-22T08:07:04.973+0000] {processor.py:161} INFO - Started process (PID=579) to work on /home/airflow/.local/lib/python3.12/site-packages/airflow/example_dags/example_setup_teardown.py
[2024-05-22T08:07:04.974+0000] {processor.py:830} INFO - Processing file /home/airflow/.local/lib/python3.12/site-packages/airflow/example_dags/example_setup_teardown.py for tasks to queue
[2024-05-22T08:07:04.975+0000] {logging_mixin.py:188} INFO - [2024-05-22T08:07:04.975+0000] {dagbag.py:540} INFO - Filling up the DagBag from /home/airflow/.local/lib/python3.12/site-packages/airflow/example_dags/example_setup_teardown.py
[2024-05-22T08:07:04.979+0000] {processor.py:840} INFO - DAG(s) 'example_setup_teardown' retrieved from /home/airflow/.local/lib/python3.12/site-packages/airflow/example_dags/example_setup_teardown.py
[2024-05-22T08:07:04.989+0000] {logging_mixin.py:188} INFO - [2024-05-22T08:07:04.989+0000] {dag.py:3096} INFO - Sync 1 DAGs
[2024-05-22T08:07:04.998+0000] {logging_mixin.py:188} INFO - [2024-05-22T08:07:04.998+0000] {dag.py:3954} INFO - Setting next_dagrun for example_setup_teardown to 2024-05-21 00:00:00+00:00, run_after=2024-05-22 00:00:00+00:00
[2024-05-22T08:07:05.005+0000] {processor.py:183} INFO - Processing /home/airflow/.local/lib/python3.12/site-packages/airflow/example_dags/example_setup_teardown.py took 0.034 seconds
[2024-05-22T08:07:35.716+0000] {processor.py:161} INFO - Started process (PID=846) to work on /home/airflow/.local/lib/python3.12/site-packages/airflow/example_dags/example_setup_teardown.py
[2024-05-22T08:07:35.717+0000] {processor.py:830} INFO - Processing file /home/airflow/.local/lib/python3.12/site-packages/airflow/example_dags/example_setup_teardown.py for tasks to queue
[2024-05-22T08:07:35.718+0000] {logging_mixin.py:188} INFO - [2024-05-22T08:07:35.718+0000] {dagbag.py:540} INFO - Filling up the DagBag from /home/airflow/.local/lib/python3.12/site-packages/airflow/example_dags/example_setup_teardown.py
[2024-05-22T08:07:35.722+0000] {processor.py:840} INFO - DAG(s) 'example_setup_teardown' retrieved from /home/airflow/.local/lib/python3.12/site-packages/airflow/example_dags/example_setup_teardown.py
[2024-05-22T08:07:35.732+0000] {logging_mixin.py:188} INFO - [2024-05-22T08:07:35.732+0000] {dag.py:3096} INFO - Sync 1 DAGs
[2024-05-22T08:07:35.743+0000] {logging_mixin.py:188} INFO - [2024-05-22T08:07:35.743+0000] {dag.py:3954} INFO - Setting next_dagrun for example_setup_teardown to 2024-05-21 00:00:00+00:00, run_after=2024-05-22 00:00:00+00:00
[2024-05-22T08:07:35.750+0000] {processor.py:183} INFO - Processing /home/airflow/.local/lib/python3.12/site-packages/airflow/example_dags/example_setup_teardown.py took 0.037 seconds
[2024-05-22T08:08:06.397+0000] {processor.py:161} INFO - Started process (PID=1115) to work on /home/airflow/.local/lib/python3.12/site-packages/airflow/example_dags/example_setup_teardown.py
[2024-05-22T08:08:06.398+0000] {processor.py:830} INFO - Processing file /home/airflow/.local/lib/python3.12/site-packages/airflow/example_dags/example_setup_teardown.py for tasks to queue
[2024-05-22T08:08:06.399+0000] {logging_mixin.py:188} INFO - [2024-05-22T08:08:06.398+0000] {dagbag.py:540} INFO - Filling up the DagBag from /home/airflow/.local/lib/python3.12/site-packages/airflow/example_dags/example_setup_teardown.py
[2024-05-22T08:08:06.402+0000] {processor.py:840} INFO - DAG(s) 'example_setup_teardown' retrieved from /home/airflow/.local/lib/python3.12/site-packages/airflow/example_dags/example_setup_teardown.py
[2024-05-22T08:08:06.411+0000] {logging_mixin.py:188} INFO - [2024-05-22T08:08:06.411+0000] {dag.py:3096} INFO - Sync 1 DAGs
[2024-05-22T08:08:06.420+0000] {logging_mixin.py:188} INFO - [2024-05-22T08:08:06.420+0000] {dag.py:3954} INFO - Setting next_dagrun for example_setup_teardown to 2024-05-21 00:00:00+00:00, run_after=2024-05-22 00:00:00+00:00
[2024-05-22T08:08:06.429+0000] {processor.py:183} INFO - Processing /home/airflow/.local/lib/python3.12/site-packages/airflow/example_dags/example_setup_teardown.py took 0.034 seconds
[2024-05-22T08:08:37.100+0000] {processor.py:161} INFO - Started process (PID=1380) to work on /home/airflow/.local/lib/python3.12/site-packages/airflow/example_dags/example_setup_teardown.py
[2024-05-22T08:08:37.101+0000] {processor.py:830} INFO - Processing file /home/airflow/.local/lib/python3.12/site-packages/airflow/example_dags/example_setup_teardown.py for tasks to queue
[2024-05-22T08:08:37.102+0000] {logging_mixin.py:188} INFO - [2024-05-22T08:08:37.102+0000] {dagbag.py:540} INFO - Filling up the DagBag from /home/airflow/.local/lib/python3.12/site-packages/airflow/example_dags/example_setup_teardown.py
[2024-05-22T08:08:37.105+0000] {processor.py:840} INFO - DAG(s) 'example_setup_teardown' retrieved from /home/airflow/.local/lib/python3.12/site-packages/airflow/example_dags/example_setup_teardown.py
[2024-05-22T08:08:37.114+0000] {logging_mixin.py:188} INFO - [2024-05-22T08:08:37.114+0000] {dag.py:3096} INFO - Sync 1 DAGs
[2024-05-22T08:08:37.125+0000] {logging_mixin.py:188} INFO - [2024-05-22T08:08:37.125+0000] {dag.py:3954} INFO - Setting next_dagrun for example_setup_teardown to 2024-05-21 00:00:00+00:00, run_after=2024-05-22 00:00:00+00:00
[2024-05-22T08:08:37.133+0000] {processor.py:183} INFO - Processing /home/airflow/.local/lib/python3.12/site-packages/airflow/example_dags/example_setup_teardown.py took 0.036 seconds
[2024-05-22T08:09:08.060+0000] {processor.py:161} INFO - Started process (PID=1647) to work on /home/airflow/.local/lib/python3.12/site-packages/airflow/example_dags/example_setup_teardown.py
[2024-05-22T08:09:08.061+0000] {processor.py:830} INFO - Processing file /home/airflow/.local/lib/python3.12/site-packages/airflow/example_dags/example_setup_teardown.py for tasks to queue
[2024-05-22T08:09:08.061+0000] {logging_mixin.py:188} INFO - [2024-05-22T08:09:08.061+0000] {dagbag.py:540} INFO - Filling up the DagBag from /home/airflow/.local/lib/python3.12/site-packages/airflow/example_dags/example_setup_teardown.py
[2024-05-22T08:09:08.065+0000] {processor.py:840} INFO - DAG(s) 'example_setup_teardown' retrieved from /home/airflow/.local/lib/python3.12/site-packages/airflow/example_dags/example_setup_teardown.py
[2024-05-22T08:09:08.074+0000] {logging_mixin.py:188} INFO - [2024-05-22T08:09:08.074+0000] {dag.py:3096} INFO - Sync 1 DAGs
[2024-05-22T08:09:08.083+0000] {logging_mixin.py:188} INFO - [2024-05-22T08:09:08.083+0000] {dag.py:3954} INFO - Setting next_dagrun for example_setup_teardown to 2024-05-21 00:00:00+00:00, run_after=2024-05-22 00:00:00+00:00
[2024-05-22T08:09:08.092+0000] {processor.py:183} INFO - Processing /home/airflow/.local/lib/python3.12/site-packages/airflow/example_dags/example_setup_teardown.py took 0.035 seconds
[2024-05-22T08:09:38.950+0000] {processor.py:161} INFO - Started process (PID=1916) to work on /home/airflow/.local/lib/python3.12/site-packages/airflow/example_dags/example_setup_teardown.py
[2024-05-22T08:09:38.950+0000] {processor.py:830} INFO - Processing file /home/airflow/.local/lib/python3.12/site-packages/airflow/example_dags/example_setup_teardown.py for tasks to queue
[2024-05-22T08:09:38.951+0000] {logging_mixin.py:188} INFO - [2024-05-22T08:09:38.951+0000] {dagbag.py:540} INFO - Filling up the DagBag from /home/airflow/.local/lib/python3.12/site-packages/airflow/example_dags/example_setup_teardown.py
[2024-05-22T08:09:38.954+0000] {processor.py:840} INFO - DAG(s) 'example_setup_teardown' retrieved from /home/airflow/.local/lib/python3.12/site-packages/airflow/example_dags/example_setup_teardown.py
[2024-05-22T08:09:38.964+0000] {logging_mixin.py:188} INFO - [2024-05-22T08:09:38.964+0000] {dag.py:3096} INFO - Sync 1 DAGs
[2024-05-22T08:09:38.974+0000] {logging_mixin.py:188} INFO - [2024-05-22T08:09:38.974+0000] {dag.py:3954} INFO - Setting next_dagrun for example_setup_teardown to 2024-05-21 00:00:00+00:00, run_after=2024-05-22 00:00:00+00:00
[2024-05-22T08:09:38.982+0000] {processor.py:183} INFO - Processing /home/airflow/.local/lib/python3.12/site-packages/airflow/example_dags/example_setup_teardown.py took 0.035 seconds
[2024-05-22T08:10:09.816+0000] {processor.py:161} INFO - Started process (PID=2183) to work on /home/airflow/.local/lib/python3.12/site-packages/airflow/example_dags/example_setup_teardown.py
[2024-05-22T08:10:09.817+0000] {processor.py:830} INFO - Processing file /home/airflow/.local/lib/python3.12/site-packages/airflow/example_dags/example_setup_teardown.py for tasks to queue
[2024-05-22T08:10:09.817+0000] {logging_mixin.py:188} INFO - [2024-05-22T08:10:09.817+0000] {dagbag.py:540} INFO - Filling up the DagBag from /home/airflow/.local/lib/python3.12/site-packages/airflow/example_dags/example_setup_teardown.py
[2024-05-22T08:10:09.820+0000] {processor.py:840} INFO - DAG(s) 'example_setup_teardown' retrieved from /home/airflow/.local/lib/python3.12/site-packages/airflow/example_dags/example_setup_teardown.py
[2024-05-22T08:10:09.829+0000] {logging_mixin.py:188} INFO - [2024-05-22T08:10:09.829+0000] {dag.py:3096} INFO - Sync 1 DAGs
[2024-05-22T08:10:09.838+0000] {logging_mixin.py:188} INFO - [2024-05-22T08:10:09.838+0000] {dag.py:3954} INFO - Setting next_dagrun for example_setup_teardown to 2024-05-21 00:00:00+00:00, run_after=2024-05-22 00:00:00+00:00
[2024-05-22T08:10:09.848+0000] {processor.py:183} INFO - Processing /home/airflow/.local/lib/python3.12/site-packages/airflow/example_dags/example_setup_teardown.py took 0.034 seconds
[2024-05-22T08:10:40.463+0000] {processor.py:161} INFO - Started process (PID=2450) to work on /home/airflow/.local/lib/python3.12/site-packages/airflow/example_dags/example_setup_teardown.py
[2024-05-22T08:10:40.464+0000] {processor.py:830} INFO - Processing file /home/airflow/.local/lib/python3.12/site-packages/airflow/example_dags/example_setup_teardown.py for tasks to queue
[2024-05-22T08:10:40.465+0000] {logging_mixin.py:188} INFO - [2024-05-22T08:10:40.465+0000] {dagbag.py:540} INFO - Filling up the DagBag from /home/airflow/.local/lib/python3.12/site-packages/airflow/example_dags/example_setup_teardown.py
[2024-05-22T08:10:40.468+0000] {processor.py:840} INFO - DAG(s) 'example_setup_teardown' retrieved from /home/airflow/.local/lib/python3.12/site-packages/airflow/example_dags/example_setup_teardown.py
[2024-05-22T08:10:40.477+0000] {logging_mixin.py:188} INFO - [2024-05-22T08:10:40.477+0000] {dag.py:3096} INFO - Sync 1 DAGs
[2024-05-22T08:10:40.485+0000] {logging_mixin.py:188} INFO - [2024-05-22T08:10:40.485+0000] {dag.py:3954} INFO - Setting next_dagrun for example_setup_teardown to 2024-05-21 00:00:00+00:00, run_after=2024-05-22 00:00:00+00:00
[2024-05-22T08:10:40.492+0000] {processor.py:183} INFO - Processing /home/airflow/.local/lib/python3.12/site-packages/airflow/example_dags/example_setup_teardown.py took 0.031 seconds
[2024-05-22T08:11:11.131+0000] {processor.py:161} INFO - Started process (PID=2715) to work on /home/airflow/.local/lib/python3.12/site-packages/airflow/example_dags/example_setup_teardown.py
[2024-05-22T08:11:11.131+0000] {processor.py:830} INFO - Processing file /home/airflow/.local/lib/python3.12/site-packages/airflow/example_dags/example_setup_teardown.py for tasks to queue
[2024-05-22T08:11:11.132+0000] {logging_mixin.py:188} INFO - [2024-05-22T08:11:11.132+0000] {dagbag.py:540} INFO - Filling up the DagBag from /home/airflow/.local/lib/python3.12/site-packages/airflow/example_dags/example_setup_teardown.py
[2024-05-22T08:11:11.135+0000] {processor.py:840} INFO - DAG(s) 'example_setup_teardown' retrieved from /home/airflow/.local/lib/python3.12/site-packages/airflow/example_dags/example_setup_teardown.py
[2024-05-22T08:11:11.145+0000] {logging_mixin.py:188} INFO - [2024-05-22T08:11:11.145+0000] {dag.py:3096} INFO - Sync 1 DAGs
[2024-05-22T08:11:11.154+0000] {logging_mixin.py:188} INFO - [2024-05-22T08:11:11.154+0000] {dag.py:3954} INFO - Setting next_dagrun for example_setup_teardown to 2024-05-21 00:00:00+00:00, run_after=2024-05-22 00:00:00+00:00
[2024-05-22T08:11:11.162+0000] {processor.py:183} INFO - Processing /home/airflow/.local/lib/python3.12/site-packages/airflow/example_dags/example_setup_teardown.py took 0.034 seconds
[2024-05-22T08:11:41.860+0000] {processor.py:161} INFO - Started process (PID=2982) to work on /home/airflow/.local/lib/python3.12/site-packages/airflow/example_dags/example_setup_teardown.py
[2024-05-22T08:11:41.860+0000] {processor.py:830} INFO - Processing file /home/airflow/.local/lib/python3.12/site-packages/airflow/example_dags/example_setup_teardown.py for tasks to queue
[2024-05-22T08:11:41.861+0000] {logging_mixin.py:188} INFO - [2024-05-22T08:11:41.861+0000] {dagbag.py:540} INFO - Filling up the DagBag from /home/airflow/.local/lib/python3.12/site-packages/airflow/example_dags/example_setup_teardown.py
[2024-05-22T08:11:41.864+0000] {processor.py:840} INFO - DAG(s) 'example_setup_teardown' retrieved from /home/airflow/.local/lib/python3.12/site-packages/airflow/example_dags/example_setup_teardown.py
[2024-05-22T08:11:41.873+0000] {logging_mixin.py:188} INFO - [2024-05-22T08:11:41.873+0000] {dag.py:3096} INFO - Sync 1 DAGs
[2024-05-22T08:11:41.883+0000] {logging_mixin.py:188} INFO - [2024-05-22T08:11:41.883+0000] {dag.py:3954} INFO - Setting next_dagrun for example_setup_teardown to 2024-05-21 00:00:00+00:00, run_after=2024-05-22 00:00:00+00:00
[2024-05-22T08:11:41.892+0000] {processor.py:183} INFO - Processing /home/airflow/.local/lib/python3.12/site-packages/airflow/example_dags/example_setup_teardown.py took 0.035 seconds
[2024-05-22T08:12:13.085+0000] {processor.py:161} INFO - Started process (PID=3248) to work on /home/airflow/.local/lib/python3.12/site-packages/airflow/example_dags/example_setup_teardown.py
[2024-05-22T08:12:13.089+0000] {processor.py:830} INFO - Processing file /home/airflow/.local/lib/python3.12/site-packages/airflow/example_dags/example_setup_teardown.py for tasks to queue
[2024-05-22T08:12:13.093+0000] {logging_mixin.py:188} INFO - [2024-05-22T08:12:13.092+0000] {dagbag.py:540} INFO - Filling up the DagBag from /home/airflow/.local/lib/python3.12/site-packages/airflow/example_dags/example_setup_teardown.py
[2024-05-22T08:12:13.103+0000] {processor.py:840} INFO - DAG(s) 'example_setup_teardown' retrieved from /home/airflow/.local/lib/python3.12/site-packages/airflow/example_dags/example_setup_teardown.py
[2024-05-22T08:12:13.157+0000] {logging_mixin.py:188} INFO - [2024-05-22T08:12:13.157+0000] {dag.py:3096} INFO - Sync 1 DAGs
[2024-05-22T08:12:13.186+0000] {logging_mixin.py:188} INFO - [2024-05-22T08:12:13.186+0000] {dag.py:3954} INFO - Setting next_dagrun for example_setup_teardown to 2024-05-21 00:00:00+00:00, run_after=2024-05-22 00:00:00+00:00
[2024-05-22T08:12:13.211+0000] {processor.py:183} INFO - Processing /home/airflow/.local/lib/python3.12/site-packages/airflow/example_dags/example_setup_teardown.py took 0.137 seconds
[2024-05-22T08:12:43.438+0000] {processor.py:161} INFO - Started process (PID=3515) to work on /home/airflow/.local/lib/python3.12/site-packages/airflow/example_dags/example_setup_teardown.py
[2024-05-22T08:12:43.439+0000] {processor.py:830} INFO - Processing file /home/airflow/.local/lib/python3.12/site-packages/airflow/example_dags/example_setup_teardown.py for tasks to queue
[2024-05-22T08:12:43.440+0000] {logging_mixin.py:188} INFO - [2024-05-22T08:12:43.440+0000] {dagbag.py:540} INFO - Filling up the DagBag from /home/airflow/.local/lib/python3.12/site-packages/airflow/example_dags/example_setup_teardown.py
[2024-05-22T08:12:43.443+0000] {processor.py:840} INFO - DAG(s) 'example_setup_teardown' retrieved from /home/airflow/.local/lib/python3.12/site-packages/airflow/example_dags/example_setup_teardown.py
[2024-05-22T08:12:43.454+0000] {logging_mixin.py:188} INFO - [2024-05-22T08:12:43.454+0000] {dag.py:3096} INFO - Sync 1 DAGs
[2024-05-22T08:12:43.464+0000] {logging_mixin.py:188} INFO - [2024-05-22T08:12:43.464+0000] {dag.py:3954} INFO - Setting next_dagrun for example_setup_teardown to 2024-05-21 00:00:00+00:00, run_after=2024-05-22 00:00:00+00:00
[2024-05-22T08:12:43.474+0000] {processor.py:183} INFO - Processing /home/airflow/.local/lib/python3.12/site-packages/airflow/example_dags/example_setup_teardown.py took 0.039 seconds
[2024-05-22T08:13:14.620+0000] {processor.py:161} INFO - Started process (PID=3782) to work on /home/airflow/.local/lib/python3.12/site-packages/airflow/example_dags/example_setup_teardown.py
[2024-05-22T08:13:14.621+0000] {processor.py:830} INFO - Processing file /home/airflow/.local/lib/python3.12/site-packages/airflow/example_dags/example_setup_teardown.py for tasks to queue
[2024-05-22T08:13:14.622+0000] {logging_mixin.py:188} INFO - [2024-05-22T08:13:14.622+0000] {dagbag.py:540} INFO - Filling up the DagBag from /home/airflow/.local/lib/python3.12/site-packages/airflow/example_dags/example_setup_teardown.py
[2024-05-22T08:13:14.626+0000] {processor.py:840} INFO - DAG(s) 'example_setup_teardown' retrieved from /home/airflow/.local/lib/python3.12/site-packages/airflow/example_dags/example_setup_teardown.py
[2024-05-22T08:13:14.636+0000] {logging_mixin.py:188} INFO - [2024-05-22T08:13:14.636+0000] {dag.py:3096} INFO - Sync 1 DAGs
[2024-05-22T08:13:14.646+0000] {logging_mixin.py:188} INFO - [2024-05-22T08:13:14.646+0000] {dag.py:3954} INFO - Setting next_dagrun for example_setup_teardown to 2024-05-21 00:00:00+00:00, run_after=2024-05-22 00:00:00+00:00
[2024-05-22T08:13:14.654+0000] {processor.py:183} INFO - Processing /home/airflow/.local/lib/python3.12/site-packages/airflow/example_dags/example_setup_teardown.py took 0.038 seconds
[2024-05-22T08:13:45.530+0000] {processor.py:161} INFO - Started process (PID=4049) to work on /home/airflow/.local/lib/python3.12/site-packages/airflow/example_dags/example_setup_teardown.py
[2024-05-22T08:13:45.531+0000] {processor.py:830} INFO - Processing file /home/airflow/.local/lib/python3.12/site-packages/airflow/example_dags/example_setup_teardown.py for tasks to queue
[2024-05-22T08:13:45.531+0000] {logging_mixin.py:188} INFO - [2024-05-22T08:13:45.531+0000] {dagbag.py:540} INFO - Filling up the DagBag from /home/airflow/.local/lib/python3.12/site-packages/airflow/example_dags/example_setup_teardown.py
[2024-05-22T08:13:45.535+0000] {processor.py:840} INFO - DAG(s) 'example_setup_teardown' retrieved from /home/airflow/.local/lib/python3.12/site-packages/airflow/example_dags/example_setup_teardown.py
[2024-05-22T08:13:45.544+0000] {logging_mixin.py:188} INFO - [2024-05-22T08:13:45.544+0000] {dag.py:3096} INFO - Sync 1 DAGs
[2024-05-22T08:13:45.554+0000] {logging_mixin.py:188} INFO - [2024-05-22T08:13:45.554+0000] {dag.py:3954} INFO - Setting next_dagrun for example_setup_teardown to 2024-05-21 00:00:00+00:00, run_after=2024-05-22 00:00:00+00:00
[2024-05-22T08:13:45.562+0000] {processor.py:183} INFO - Processing /home/airflow/.local/lib/python3.12/site-packages/airflow/example_dags/example_setup_teardown.py took 0.035 seconds
[2024-05-22T08:14:15.712+0000] {processor.py:161} INFO - Started process (PID=4315) to work on /home/airflow/.local/lib/python3.12/site-packages/airflow/example_dags/example_setup_teardown.py
[2024-05-22T08:14:15.713+0000] {processor.py:830} INFO - Processing file /home/airflow/.local/lib/python3.12/site-packages/airflow/example_dags/example_setup_teardown.py for tasks to queue
[2024-05-22T08:14:15.714+0000] {logging_mixin.py:188} INFO - [2024-05-22T08:14:15.714+0000] {dagbag.py:540} INFO - Filling up the DagBag from /home/airflow/.local/lib/python3.12/site-packages/airflow/example_dags/example_setup_teardown.py
[2024-05-22T08:14:15.717+0000] {processor.py:840} INFO - DAG(s) 'example_setup_teardown' retrieved from /home/airflow/.local/lib/python3.12/site-packages/airflow/example_dags/example_setup_teardown.py
[2024-05-22T08:14:15.728+0000] {logging_mixin.py:188} INFO - [2024-05-22T08:14:15.728+0000] {dag.py:3096} INFO - Sync 1 DAGs
[2024-05-22T08:14:15.738+0000] {logging_mixin.py:188} INFO - [2024-05-22T08:14:15.738+0000] {dag.py:3954} INFO - Setting next_dagrun for example_setup_teardown to 2024-05-21 00:00:00+00:00, run_after=2024-05-22 00:00:00+00:00
[2024-05-22T08:14:15.748+0000] {processor.py:183} INFO - Processing /home/airflow/.local/lib/python3.12/site-packages/airflow/example_dags/example_setup_teardown.py took 0.039 seconds
[2024-05-22T08:14:45.976+0000] {processor.py:161} INFO - Started process (PID=4582) to work on /home/airflow/.local/lib/python3.12/site-packages/airflow/example_dags/example_setup_teardown.py
[2024-05-22T08:14:45.977+0000] {processor.py:830} INFO - Processing file /home/airflow/.local/lib/python3.12/site-packages/airflow/example_dags/example_setup_teardown.py for tasks to queue
[2024-05-22T08:14:45.978+0000] {logging_mixin.py:188} INFO - [2024-05-22T08:14:45.978+0000] {dagbag.py:540} INFO - Filling up the DagBag from /home/airflow/.local/lib/python3.12/site-packages/airflow/example_dags/example_setup_teardown.py
[2024-05-22T08:14:45.981+0000] {processor.py:840} INFO - DAG(s) 'example_setup_teardown' retrieved from /home/airflow/.local/lib/python3.12/site-packages/airflow/example_dags/example_setup_teardown.py
[2024-05-22T08:14:45.990+0000] {logging_mixin.py:188} INFO - [2024-05-22T08:14:45.990+0000] {dag.py:3096} INFO - Sync 1 DAGs
[2024-05-22T08:14:45.999+0000] {logging_mixin.py:188} INFO - [2024-05-22T08:14:45.999+0000] {dag.py:3954} INFO - Setting next_dagrun for example_setup_teardown to 2024-05-21 00:00:00+00:00, run_after=2024-05-22 00:00:00+00:00
[2024-05-22T08:14:46.008+0000] {processor.py:183} INFO - Processing /home/airflow/.local/lib/python3.12/site-packages/airflow/example_dags/example_setup_teardown.py took 0.034 seconds
[2024-05-22T08:15:16.310+0000] {processor.py:161} INFO - Started process (PID=4851) to work on /home/airflow/.local/lib/python3.12/site-packages/airflow/example_dags/example_setup_teardown.py
[2024-05-22T08:15:16.311+0000] {processor.py:830} INFO - Processing file /home/airflow/.local/lib/python3.12/site-packages/airflow/example_dags/example_setup_teardown.py for tasks to queue
[2024-05-22T08:15:16.312+0000] {logging_mixin.py:188} INFO - [2024-05-22T08:15:16.312+0000] {dagbag.py:540} INFO - Filling up the DagBag from /home/airflow/.local/lib/python3.12/site-packages/airflow/example_dags/example_setup_teardown.py
[2024-05-22T08:15:16.315+0000] {processor.py:840} INFO - DAG(s) 'example_setup_teardown' retrieved from /home/airflow/.local/lib/python3.12/site-packages/airflow/example_dags/example_setup_teardown.py
[2024-05-22T08:15:16.324+0000] {logging_mixin.py:188} INFO - [2024-05-22T08:15:16.324+0000] {dag.py:3096} INFO - Sync 1 DAGs
[2024-05-22T08:15:16.334+0000] {logging_mixin.py:188} INFO - [2024-05-22T08:15:16.334+0000] {dag.py:3954} INFO - Setting next_dagrun for example_setup_teardown to 2024-05-21 00:00:00+00:00, run_after=2024-05-22 00:00:00+00:00
[2024-05-22T08:15:16.341+0000] {processor.py:183} INFO - Processing /home/airflow/.local/lib/python3.12/site-packages/airflow/example_dags/example_setup_teardown.py took 0.034 seconds
