[2024-05-22T08:06:33.787+0000] {processor.py:161} INFO - Started process (PID=172) to work on /home/airflow/.local/lib/python3.12/site-packages/airflow/example_dags/example_python_operator.py
[2024-05-22T08:06:33.788+0000] {processor.py:830} INFO - Processing file /home/airflow/.local/lib/python3.12/site-packages/airflow/example_dags/example_python_operator.py for tasks to queue
[2024-05-22T08:06:33.789+0000] {logging_mixin.py:188} INFO - [2024-05-22T08:06:33.789+0000] {dagbag.py:540} INFO - Filling up the DagBag from /home/airflow/.local/lib/python3.12/site-packages/airflow/example_dags/example_python_operator.py
[2024-05-22T08:06:33.797+0000] {processor.py:840} INFO - DAG(s) 'example_python_operator' retrieved from /home/airflow/.local/lib/python3.12/site-packages/airflow/example_dags/example_python_operator.py
[2024-05-22T08:06:33.881+0000] {logging_mixin.py:188} INFO - [2024-05-22T08:06:33.881+0000] {dag.py:3096} INFO - Sync 1 DAGs
[2024-05-22T08:06:33.887+0000] {logging_mixin.py:188} INFO - [2024-05-22T08:06:33.887+0000] {dag.py:3954} INFO - Setting next_dagrun for example_python_operator to None, run_after=None
[2024-05-22T08:06:33.899+0000] {processor.py:183} INFO - Processing /home/airflow/.local/lib/python3.12/site-packages/airflow/example_dags/example_python_operator.py took 0.116 seconds
[2024-05-22T08:07:04.247+0000] {processor.py:161} INFO - Started process (PID=439) to work on /home/airflow/.local/lib/python3.12/site-packages/airflow/example_dags/example_python_operator.py
[2024-05-22T08:07:04.248+0000] {processor.py:830} INFO - Processing file /home/airflow/.local/lib/python3.12/site-packages/airflow/example_dags/example_python_operator.py for tasks to queue
[2024-05-22T08:07:04.249+0000] {logging_mixin.py:188} INFO - [2024-05-22T08:07:04.249+0000] {dagbag.py:540} INFO - Filling up the DagBag from /home/airflow/.local/lib/python3.12/site-packages/airflow/example_dags/example_python_operator.py
[2024-05-22T08:07:04.254+0000] {processor.py:840} INFO - DAG(s) 'example_python_operator' retrieved from /home/airflow/.local/lib/python3.12/site-packages/airflow/example_dags/example_python_operator.py
[2024-05-22T08:07:04.268+0000] {logging_mixin.py:188} INFO - [2024-05-22T08:07:04.268+0000] {dag.py:3096} INFO - Sync 1 DAGs
[2024-05-22T08:07:04.275+0000] {logging_mixin.py:188} INFO - [2024-05-22T08:07:04.275+0000] {dag.py:3954} INFO - Setting next_dagrun for example_python_operator to None, run_after=None
[2024-05-22T08:07:04.287+0000] {processor.py:183} INFO - Processing /home/airflow/.local/lib/python3.12/site-packages/airflow/example_dags/example_python_operator.py took 0.043 seconds
[2024-05-22T08:07:35.071+0000] {processor.py:161} INFO - Started process (PID=708) to work on /home/airflow/.local/lib/python3.12/site-packages/airflow/example_dags/example_python_operator.py
[2024-05-22T08:07:35.072+0000] {processor.py:830} INFO - Processing file /home/airflow/.local/lib/python3.12/site-packages/airflow/example_dags/example_python_operator.py for tasks to queue
[2024-05-22T08:07:35.073+0000] {logging_mixin.py:188} INFO - [2024-05-22T08:07:35.073+0000] {dagbag.py:540} INFO - Filling up the DagBag from /home/airflow/.local/lib/python3.12/site-packages/airflow/example_dags/example_python_operator.py
[2024-05-22T08:07:35.079+0000] {processor.py:840} INFO - DAG(s) 'example_python_operator' retrieved from /home/airflow/.local/lib/python3.12/site-packages/airflow/example_dags/example_python_operator.py
[2024-05-22T08:07:35.088+0000] {logging_mixin.py:188} INFO - [2024-05-22T08:07:35.088+0000] {dag.py:3096} INFO - Sync 1 DAGs
[2024-05-22T08:07:35.095+0000] {logging_mixin.py:188} INFO - [2024-05-22T08:07:35.095+0000] {dag.py:3954} INFO - Setting next_dagrun for example_python_operator to None, run_after=None
[2024-05-22T08:07:35.104+0000] {processor.py:183} INFO - Processing /home/airflow/.local/lib/python3.12/site-packages/airflow/example_dags/example_python_operator.py took 0.036 seconds
[2024-05-22T08:08:05.698+0000] {processor.py:161} INFO - Started process (PID=973) to work on /home/airflow/.local/lib/python3.12/site-packages/airflow/example_dags/example_python_operator.py
[2024-05-22T08:08:05.699+0000] {processor.py:830} INFO - Processing file /home/airflow/.local/lib/python3.12/site-packages/airflow/example_dags/example_python_operator.py for tasks to queue
[2024-05-22T08:08:05.700+0000] {logging_mixin.py:188} INFO - [2024-05-22T08:08:05.699+0000] {dagbag.py:540} INFO - Filling up the DagBag from /home/airflow/.local/lib/python3.12/site-packages/airflow/example_dags/example_python_operator.py
[2024-05-22T08:08:05.705+0000] {processor.py:840} INFO - DAG(s) 'example_python_operator' retrieved from /home/airflow/.local/lib/python3.12/site-packages/airflow/example_dags/example_python_operator.py
[2024-05-22T08:08:05.715+0000] {logging_mixin.py:188} INFO - [2024-05-22T08:08:05.715+0000] {dag.py:3096} INFO - Sync 1 DAGs
[2024-05-22T08:08:05.721+0000] {logging_mixin.py:188} INFO - [2024-05-22T08:08:05.720+0000] {dag.py:3954} INFO - Setting next_dagrun for example_python_operator to None, run_after=None
[2024-05-22T08:08:05.730+0000] {processor.py:183} INFO - Processing /home/airflow/.local/lib/python3.12/site-packages/airflow/example_dags/example_python_operator.py took 0.035 seconds
[2024-05-22T08:08:36.421+0000] {processor.py:161} INFO - Started process (PID=1240) to work on /home/airflow/.local/lib/python3.12/site-packages/airflow/example_dags/example_python_operator.py
[2024-05-22T08:08:36.422+0000] {processor.py:830} INFO - Processing file /home/airflow/.local/lib/python3.12/site-packages/airflow/example_dags/example_python_operator.py for tasks to queue
[2024-05-22T08:08:36.423+0000] {logging_mixin.py:188} INFO - [2024-05-22T08:08:36.423+0000] {dagbag.py:540} INFO - Filling up the DagBag from /home/airflow/.local/lib/python3.12/site-packages/airflow/example_dags/example_python_operator.py
[2024-05-22T08:08:36.428+0000] {processor.py:840} INFO - DAG(s) 'example_python_operator' retrieved from /home/airflow/.local/lib/python3.12/site-packages/airflow/example_dags/example_python_operator.py
[2024-05-22T08:08:36.441+0000] {logging_mixin.py:188} INFO - [2024-05-22T08:08:36.441+0000] {dag.py:3096} INFO - Sync 1 DAGs
[2024-05-22T08:08:36.447+0000] {logging_mixin.py:188} INFO - [2024-05-22T08:08:36.447+0000] {dag.py:3954} INFO - Setting next_dagrun for example_python_operator to None, run_after=None
[2024-05-22T08:08:36.456+0000] {processor.py:183} INFO - Processing /home/airflow/.local/lib/python3.12/site-packages/airflow/example_dags/example_python_operator.py took 0.038 seconds
[2024-05-22T08:09:07.053+0000] {processor.py:161} INFO - Started process (PID=1507) to work on /home/airflow/.local/lib/python3.12/site-packages/airflow/example_dags/example_python_operator.py
[2024-05-22T08:09:07.054+0000] {processor.py:830} INFO - Processing file /home/airflow/.local/lib/python3.12/site-packages/airflow/example_dags/example_python_operator.py for tasks to queue
[2024-05-22T08:09:07.056+0000] {logging_mixin.py:188} INFO - [2024-05-22T08:09:07.055+0000] {dagbag.py:540} INFO - Filling up the DagBag from /home/airflow/.local/lib/python3.12/site-packages/airflow/example_dags/example_python_operator.py
[2024-05-22T08:09:07.063+0000] {processor.py:840} INFO - DAG(s) 'example_python_operator' retrieved from /home/airflow/.local/lib/python3.12/site-packages/airflow/example_dags/example_python_operator.py
[2024-05-22T08:09:07.078+0000] {logging_mixin.py:188} INFO - [2024-05-22T08:09:07.078+0000] {dag.py:3096} INFO - Sync 1 DAGs
[2024-05-22T08:09:07.085+0000] {logging_mixin.py:188} INFO - [2024-05-22T08:09:07.085+0000] {dag.py:3954} INFO - Setting next_dagrun for example_python_operator to None, run_after=None
[2024-05-22T08:09:07.094+0000] {processor.py:183} INFO - Processing /home/airflow/.local/lib/python3.12/site-packages/airflow/example_dags/example_python_operator.py took 0.044 seconds
[2024-05-22T08:09:37.198+0000] {processor.py:161} INFO - Started process (PID=1774) to work on /home/airflow/.local/lib/python3.12/site-packages/airflow/example_dags/example_python_operator.py
[2024-05-22T08:09:37.199+0000] {processor.py:830} INFO - Processing file /home/airflow/.local/lib/python3.12/site-packages/airflow/example_dags/example_python_operator.py for tasks to queue
[2024-05-22T08:09:37.199+0000] {logging_mixin.py:188} INFO - [2024-05-22T08:09:37.199+0000] {dagbag.py:540} INFO - Filling up the DagBag from /home/airflow/.local/lib/python3.12/site-packages/airflow/example_dags/example_python_operator.py
[2024-05-22T08:09:37.206+0000] {processor.py:840} INFO - DAG(s) 'example_python_operator' retrieved from /home/airflow/.local/lib/python3.12/site-packages/airflow/example_dags/example_python_operator.py
[2024-05-22T08:09:37.216+0000] {logging_mixin.py:188} INFO - [2024-05-22T08:09:37.216+0000] {dag.py:3096} INFO - Sync 1 DAGs
[2024-05-22T08:09:37.222+0000] {logging_mixin.py:188} INFO - [2024-05-22T08:09:37.221+0000] {dag.py:3954} INFO - Setting next_dagrun for example_python_operator to None, run_after=None
[2024-05-22T08:09:37.229+0000] {processor.py:183} INFO - Processing /home/airflow/.local/lib/python3.12/site-packages/airflow/example_dags/example_python_operator.py took 0.034 seconds
[2024-05-22T08:10:08.098+0000] {processor.py:161} INFO - Started process (PID=2041) to work on /home/airflow/.local/lib/python3.12/site-packages/airflow/example_dags/example_python_operator.py
[2024-05-22T08:10:08.098+0000] {processor.py:830} INFO - Processing file /home/airflow/.local/lib/python3.12/site-packages/airflow/example_dags/example_python_operator.py for tasks to queue
[2024-05-22T08:10:08.099+0000] {logging_mixin.py:188} INFO - [2024-05-22T08:10:08.099+0000] {dagbag.py:540} INFO - Filling up the DagBag from /home/airflow/.local/lib/python3.12/site-packages/airflow/example_dags/example_python_operator.py
[2024-05-22T08:10:08.104+0000] {processor.py:840} INFO - DAG(s) 'example_python_operator' retrieved from /home/airflow/.local/lib/python3.12/site-packages/airflow/example_dags/example_python_operator.py
[2024-05-22T08:10:08.117+0000] {logging_mixin.py:188} INFO - [2024-05-22T08:10:08.116+0000] {dag.py:3096} INFO - Sync 1 DAGs
[2024-05-22T08:10:08.122+0000] {logging_mixin.py:188} INFO - [2024-05-22T08:10:08.122+0000] {dag.py:3954} INFO - Setting next_dagrun for example_python_operator to None, run_after=None
[2024-05-22T08:10:08.130+0000] {processor.py:183} INFO - Processing /home/airflow/.local/lib/python3.12/site-packages/airflow/example_dags/example_python_operator.py took 0.036 seconds
[2024-05-22T08:10:38.762+0000] {processor.py:161} INFO - Started process (PID=2308) to work on /home/airflow/.local/lib/python3.12/site-packages/airflow/example_dags/example_python_operator.py
[2024-05-22T08:10:38.763+0000] {processor.py:830} INFO - Processing file /home/airflow/.local/lib/python3.12/site-packages/airflow/example_dags/example_python_operator.py for tasks to queue
[2024-05-22T08:10:38.764+0000] {logging_mixin.py:188} INFO - [2024-05-22T08:10:38.764+0000] {dagbag.py:540} INFO - Filling up the DagBag from /home/airflow/.local/lib/python3.12/site-packages/airflow/example_dags/example_python_operator.py
[2024-05-22T08:10:38.772+0000] {processor.py:840} INFO - DAG(s) 'example_python_operator' retrieved from /home/airflow/.local/lib/python3.12/site-packages/airflow/example_dags/example_python_operator.py
[2024-05-22T08:10:38.782+0000] {logging_mixin.py:188} INFO - [2024-05-22T08:10:38.782+0000] {dag.py:3096} INFO - Sync 1 DAGs
[2024-05-22T08:10:38.787+0000] {logging_mixin.py:188} INFO - [2024-05-22T08:10:38.787+0000] {dag.py:3954} INFO - Setting next_dagrun for example_python_operator to None, run_after=None
[2024-05-22T08:10:38.795+0000] {processor.py:183} INFO - Processing /home/airflow/.local/lib/python3.12/site-packages/airflow/example_dags/example_python_operator.py took 0.036 seconds
[2024-05-22T08:11:09.365+0000] {processor.py:161} INFO - Started process (PID=2575) to work on /home/airflow/.local/lib/python3.12/site-packages/airflow/example_dags/example_python_operator.py
[2024-05-22T08:11:09.366+0000] {processor.py:830} INFO - Processing file /home/airflow/.local/lib/python3.12/site-packages/airflow/example_dags/example_python_operator.py for tasks to queue
[2024-05-22T08:11:09.367+0000] {logging_mixin.py:188} INFO - [2024-05-22T08:11:09.367+0000] {dagbag.py:540} INFO - Filling up the DagBag from /home/airflow/.local/lib/python3.12/site-packages/airflow/example_dags/example_python_operator.py
[2024-05-22T08:11:09.373+0000] {processor.py:840} INFO - DAG(s) 'example_python_operator' retrieved from /home/airflow/.local/lib/python3.12/site-packages/airflow/example_dags/example_python_operator.py
[2024-05-22T08:11:09.387+0000] {logging_mixin.py:188} INFO - [2024-05-22T08:11:09.387+0000] {dag.py:3096} INFO - Sync 1 DAGs
[2024-05-22T08:11:09.394+0000] {logging_mixin.py:188} INFO - [2024-05-22T08:11:09.394+0000] {dag.py:3954} INFO - Setting next_dagrun for example_python_operator to None, run_after=None
[2024-05-22T08:11:09.404+0000] {processor.py:183} INFO - Processing /home/airflow/.local/lib/python3.12/site-packages/airflow/example_dags/example_python_operator.py took 0.042 seconds
[2024-05-22T08:11:40.188+0000] {processor.py:161} INFO - Started process (PID=2844) to work on /home/airflow/.local/lib/python3.12/site-packages/airflow/example_dags/example_python_operator.py
[2024-05-22T08:11:40.189+0000] {processor.py:830} INFO - Processing file /home/airflow/.local/lib/python3.12/site-packages/airflow/example_dags/example_python_operator.py for tasks to queue
[2024-05-22T08:11:40.190+0000] {logging_mixin.py:188} INFO - [2024-05-22T08:11:40.190+0000] {dagbag.py:540} INFO - Filling up the DagBag from /home/airflow/.local/lib/python3.12/site-packages/airflow/example_dags/example_python_operator.py
[2024-05-22T08:11:40.196+0000] {processor.py:840} INFO - DAG(s) 'example_python_operator' retrieved from /home/airflow/.local/lib/python3.12/site-packages/airflow/example_dags/example_python_operator.py
[2024-05-22T08:11:40.208+0000] {logging_mixin.py:188} INFO - [2024-05-22T08:11:40.208+0000] {dag.py:3096} INFO - Sync 1 DAGs
[2024-05-22T08:11:40.216+0000] {logging_mixin.py:188} INFO - [2024-05-22T08:11:40.216+0000] {dag.py:3954} INFO - Setting next_dagrun for example_python_operator to None, run_after=None
[2024-05-22T08:11:40.226+0000] {processor.py:183} INFO - Processing /home/airflow/.local/lib/python3.12/site-packages/airflow/example_dags/example_python_operator.py took 0.040 seconds
[2024-05-22T08:12:10.873+0000] {processor.py:161} INFO - Started process (PID=3108) to work on /home/airflow/.local/lib/python3.12/site-packages/airflow/example_dags/example_python_operator.py
[2024-05-22T08:12:10.874+0000] {processor.py:830} INFO - Processing file /home/airflow/.local/lib/python3.12/site-packages/airflow/example_dags/example_python_operator.py for tasks to queue
[2024-05-22T08:12:10.875+0000] {logging_mixin.py:188} INFO - [2024-05-22T08:12:10.874+0000] {dagbag.py:540} INFO - Filling up the DagBag from /home/airflow/.local/lib/python3.12/site-packages/airflow/example_dags/example_python_operator.py
[2024-05-22T08:12:10.884+0000] {processor.py:840} INFO - DAG(s) 'example_python_operator' retrieved from /home/airflow/.local/lib/python3.12/site-packages/airflow/example_dags/example_python_operator.py
[2024-05-22T08:12:10.903+0000] {logging_mixin.py:188} INFO - [2024-05-22T08:12:10.902+0000] {dag.py:3096} INFO - Sync 1 DAGs
[2024-05-22T08:12:10.909+0000] {logging_mixin.py:188} INFO - [2024-05-22T08:12:10.909+0000] {dag.py:3954} INFO - Setting next_dagrun for example_python_operator to None, run_after=None
[2024-05-22T08:12:10.919+0000] {processor.py:183} INFO - Processing /home/airflow/.local/lib/python3.12/site-packages/airflow/example_dags/example_python_operator.py took 0.049 seconds
[2024-05-22T08:12:41.680+0000] {processor.py:161} INFO - Started process (PID=3375) to work on /home/airflow/.local/lib/python3.12/site-packages/airflow/example_dags/example_python_operator.py
[2024-05-22T08:12:41.681+0000] {processor.py:830} INFO - Processing file /home/airflow/.local/lib/python3.12/site-packages/airflow/example_dags/example_python_operator.py for tasks to queue
[2024-05-22T08:12:41.682+0000] {logging_mixin.py:188} INFO - [2024-05-22T08:12:41.682+0000] {dagbag.py:540} INFO - Filling up the DagBag from /home/airflow/.local/lib/python3.12/site-packages/airflow/example_dags/example_python_operator.py
[2024-05-22T08:12:41.688+0000] {processor.py:840} INFO - DAG(s) 'example_python_operator' retrieved from /home/airflow/.local/lib/python3.12/site-packages/airflow/example_dags/example_python_operator.py
[2024-05-22T08:12:41.702+0000] {logging_mixin.py:188} INFO - [2024-05-22T08:12:41.701+0000] {dag.py:3096} INFO - Sync 1 DAGs
[2024-05-22T08:12:41.708+0000] {logging_mixin.py:188} INFO - [2024-05-22T08:12:41.708+0000] {dag.py:3954} INFO - Setting next_dagrun for example_python_operator to None, run_after=None
[2024-05-22T08:12:41.717+0000] {processor.py:183} INFO - Processing /home/airflow/.local/lib/python3.12/site-packages/airflow/example_dags/example_python_operator.py took 0.039 seconds
[2024-05-22T08:13:12.508+0000] {processor.py:161} INFO - Started process (PID=3642) to work on /home/airflow/.local/lib/python3.12/site-packages/airflow/example_dags/example_python_operator.py
[2024-05-22T08:13:12.509+0000] {processor.py:830} INFO - Processing file /home/airflow/.local/lib/python3.12/site-packages/airflow/example_dags/example_python_operator.py for tasks to queue
[2024-05-22T08:13:12.510+0000] {logging_mixin.py:188} INFO - [2024-05-22T08:13:12.510+0000] {dagbag.py:540} INFO - Filling up the DagBag from /home/airflow/.local/lib/python3.12/site-packages/airflow/example_dags/example_python_operator.py
[2024-05-22T08:13:12.515+0000] {processor.py:840} INFO - DAG(s) 'example_python_operator' retrieved from /home/airflow/.local/lib/python3.12/site-packages/airflow/example_dags/example_python_operator.py
[2024-05-22T08:13:12.529+0000] {logging_mixin.py:188} INFO - [2024-05-22T08:13:12.529+0000] {dag.py:3096} INFO - Sync 1 DAGs
[2024-05-22T08:13:12.536+0000] {logging_mixin.py:188} INFO - [2024-05-22T08:13:12.536+0000] {dag.py:3954} INFO - Setting next_dagrun for example_python_operator to None, run_after=None
[2024-05-22T08:13:12.545+0000] {processor.py:183} INFO - Processing /home/airflow/.local/lib/python3.12/site-packages/airflow/example_dags/example_python_operator.py took 0.041 seconds
[2024-05-22T08:13:42.733+0000] {processor.py:161} INFO - Started process (PID=3909) to work on /home/airflow/.local/lib/python3.12/site-packages/airflow/example_dags/example_python_operator.py
[2024-05-22T08:13:42.734+0000] {processor.py:830} INFO - Processing file /home/airflow/.local/lib/python3.12/site-packages/airflow/example_dags/example_python_operator.py for tasks to queue
[2024-05-22T08:13:42.735+0000] {logging_mixin.py:188} INFO - [2024-05-22T08:13:42.734+0000] {dagbag.py:540} INFO - Filling up the DagBag from /home/airflow/.local/lib/python3.12/site-packages/airflow/example_dags/example_python_operator.py
[2024-05-22T08:13:42.740+0000] {processor.py:840} INFO - DAG(s) 'example_python_operator' retrieved from /home/airflow/.local/lib/python3.12/site-packages/airflow/example_dags/example_python_operator.py
[2024-05-22T08:13:42.752+0000] {logging_mixin.py:188} INFO - [2024-05-22T08:13:42.752+0000] {dag.py:3096} INFO - Sync 1 DAGs
[2024-05-22T08:13:42.759+0000] {logging_mixin.py:188} INFO - [2024-05-22T08:13:42.759+0000] {dag.py:3954} INFO - Setting next_dagrun for example_python_operator to None, run_after=None
[2024-05-22T08:13:42.768+0000] {processor.py:183} INFO - Processing /home/airflow/.local/lib/python3.12/site-packages/airflow/example_dags/example_python_operator.py took 0.037 seconds
[2024-05-22T08:14:12.932+0000] {processor.py:161} INFO - Started process (PID=4175) to work on /home/airflow/.local/lib/python3.12/site-packages/airflow/example_dags/example_python_operator.py
[2024-05-22T08:14:12.933+0000] {processor.py:830} INFO - Processing file /home/airflow/.local/lib/python3.12/site-packages/airflow/example_dags/example_python_operator.py for tasks to queue
[2024-05-22T08:14:12.935+0000] {logging_mixin.py:188} INFO - [2024-05-22T08:14:12.935+0000] {dagbag.py:540} INFO - Filling up the DagBag from /home/airflow/.local/lib/python3.12/site-packages/airflow/example_dags/example_python_operator.py
[2024-05-22T08:14:12.946+0000] {processor.py:840} INFO - DAG(s) 'example_python_operator' retrieved from /home/airflow/.local/lib/python3.12/site-packages/airflow/example_dags/example_python_operator.py
[2024-05-22T08:14:12.960+0000] {logging_mixin.py:188} INFO - [2024-05-22T08:14:12.960+0000] {dag.py:3096} INFO - Sync 1 DAGs
[2024-05-22T08:14:12.967+0000] {logging_mixin.py:188} INFO - [2024-05-22T08:14:12.967+0000] {dag.py:3954} INFO - Setting next_dagrun for example_python_operator to None, run_after=None
[2024-05-22T08:14:12.978+0000] {processor.py:183} INFO - Processing /home/airflow/.local/lib/python3.12/site-packages/airflow/example_dags/example_python_operator.py took 0.049 seconds
[2024-05-22T08:14:43.088+0000] {processor.py:161} INFO - Started process (PID=4442) to work on /home/airflow/.local/lib/python3.12/site-packages/airflow/example_dags/example_python_operator.py
[2024-05-22T08:14:43.089+0000] {processor.py:830} INFO - Processing file /home/airflow/.local/lib/python3.12/site-packages/airflow/example_dags/example_python_operator.py for tasks to queue
[2024-05-22T08:14:43.090+0000] {logging_mixin.py:188} INFO - [2024-05-22T08:14:43.090+0000] {dagbag.py:540} INFO - Filling up the DagBag from /home/airflow/.local/lib/python3.12/site-packages/airflow/example_dags/example_python_operator.py
[2024-05-22T08:14:43.097+0000] {processor.py:840} INFO - DAG(s) 'example_python_operator' retrieved from /home/airflow/.local/lib/python3.12/site-packages/airflow/example_dags/example_python_operator.py
[2024-05-22T08:14:43.111+0000] {logging_mixin.py:188} INFO - [2024-05-22T08:14:43.110+0000] {dag.py:3096} INFO - Sync 1 DAGs
[2024-05-22T08:14:43.117+0000] {logging_mixin.py:188} INFO - [2024-05-22T08:14:43.117+0000] {dag.py:3954} INFO - Setting next_dagrun for example_python_operator to None, run_after=None
[2024-05-22T08:14:43.126+0000] {processor.py:183} INFO - Processing /home/airflow/.local/lib/python3.12/site-packages/airflow/example_dags/example_python_operator.py took 0.040 seconds
[2024-05-22T08:15:13.517+0000] {processor.py:161} INFO - Started process (PID=4709) to work on /home/airflow/.local/lib/python3.12/site-packages/airflow/example_dags/example_python_operator.py
[2024-05-22T08:15:13.517+0000] {processor.py:830} INFO - Processing file /home/airflow/.local/lib/python3.12/site-packages/airflow/example_dags/example_python_operator.py for tasks to queue
[2024-05-22T08:15:13.518+0000] {logging_mixin.py:188} INFO - [2024-05-22T08:15:13.518+0000] {dagbag.py:540} INFO - Filling up the DagBag from /home/airflow/.local/lib/python3.12/site-packages/airflow/example_dags/example_python_operator.py
[2024-05-22T08:15:13.524+0000] {processor.py:840} INFO - DAG(s) 'example_python_operator' retrieved from /home/airflow/.local/lib/python3.12/site-packages/airflow/example_dags/example_python_operator.py
[2024-05-22T08:15:13.537+0000] {logging_mixin.py:188} INFO - [2024-05-22T08:15:13.537+0000] {dag.py:3096} INFO - Sync 1 DAGs
[2024-05-22T08:15:13.544+0000] {logging_mixin.py:188} INFO - [2024-05-22T08:15:13.544+0000] {dag.py:3954} INFO - Setting next_dagrun for example_python_operator to None, run_after=None
[2024-05-22T08:15:13.554+0000] {processor.py:183} INFO - Processing /home/airflow/.local/lib/python3.12/site-packages/airflow/example_dags/example_python_operator.py took 0.040 seconds
