[2024-05-22T08:06:33.695+0000] {processor.py:161} INFO - Started process (PID=167) to work on /home/airflow/.local/lib/python3.12/site-packages/airflow/example_dags/example_sensor_decorator.py
[2024-05-22T08:06:33.696+0000] {processor.py:830} INFO - Processing file /home/airflow/.local/lib/python3.12/site-packages/airflow/example_dags/example_sensor_decorator.py for tasks to queue
[2024-05-22T08:06:33.699+0000] {logging_mixin.py:188} INFO - [2024-05-22T08:06:33.699+0000] {dagbag.py:540} INFO - Filling up the DagBag from /home/airflow/.local/lib/python3.12/site-packages/airflow/example_dags/example_sensor_decorator.py
[2024-05-22T08:06:33.710+0000] {processor.py:840} INFO - DAG(s) 'example_sensor_decorator' retrieved from /home/airflow/.local/lib/python3.12/site-packages/airflow/example_dags/example_sensor_decorator.py
[2024-05-22T08:06:33.743+0000] {logging_mixin.py:188} INFO - [2024-05-22T08:06:33.743+0000] {dag.py:3096} INFO - Sync 1 DAGs
[2024-05-22T08:06:33.752+0000] {logging_mixin.py:188} INFO - [2024-05-22T08:06:33.752+0000] {dag.py:3954} INFO - Setting next_dagrun for example_sensor_decorator to None, run_after=None
[2024-05-22T08:06:33.770+0000] {processor.py:183} INFO - Processing /home/airflow/.local/lib/python3.12/site-packages/airflow/example_dags/example_sensor_decorator.py took 0.079 seconds
[2024-05-22T08:07:04.150+0000] {processor.py:161} INFO - Started process (PID=433) to work on /home/airflow/.local/lib/python3.12/site-packages/airflow/example_dags/example_sensor_decorator.py
[2024-05-22T08:07:04.152+0000] {processor.py:830} INFO - Processing file /home/airflow/.local/lib/python3.12/site-packages/airflow/example_dags/example_sensor_decorator.py for tasks to queue
[2024-05-22T08:07:04.156+0000] {logging_mixin.py:188} INFO - [2024-05-22T08:07:04.155+0000] {dagbag.py:540} INFO - Filling up the DagBag from /home/airflow/.local/lib/python3.12/site-packages/airflow/example_dags/example_sensor_decorator.py
[2024-05-22T08:07:04.173+0000] {processor.py:840} INFO - DAG(s) 'example_sensor_decorator' retrieved from /home/airflow/.local/lib/python3.12/site-packages/airflow/example_dags/example_sensor_decorator.py
[2024-05-22T08:07:04.208+0000] {logging_mixin.py:188} INFO - [2024-05-22T08:07:04.208+0000] {dag.py:3096} INFO - Sync 1 DAGs
[2024-05-22T08:07:04.216+0000] {logging_mixin.py:188} INFO - [2024-05-22T08:07:04.216+0000] {dag.py:3954} INFO - Setting next_dagrun for example_sensor_decorator to None, run_after=None
[2024-05-22T08:07:04.227+0000] {processor.py:183} INFO - Processing /home/airflow/.local/lib/python3.12/site-packages/airflow/example_dags/example_sensor_decorator.py took 0.087 seconds
[2024-05-22T08:07:34.966+0000] {processor.py:161} INFO - Started process (PID=701) to work on /home/airflow/.local/lib/python3.12/site-packages/airflow/example_dags/example_sensor_decorator.py
[2024-05-22T08:07:34.969+0000] {processor.py:830} INFO - Processing file /home/airflow/.local/lib/python3.12/site-packages/airflow/example_dags/example_sensor_decorator.py for tasks to queue
[2024-05-22T08:07:34.972+0000] {logging_mixin.py:188} INFO - [2024-05-22T08:07:34.971+0000] {dagbag.py:540} INFO - Filling up the DagBag from /home/airflow/.local/lib/python3.12/site-packages/airflow/example_dags/example_sensor_decorator.py
[2024-05-22T08:07:34.982+0000] {processor.py:840} INFO - DAG(s) 'example_sensor_decorator' retrieved from /home/airflow/.local/lib/python3.12/site-packages/airflow/example_dags/example_sensor_decorator.py
[2024-05-22T08:07:35.003+0000] {logging_mixin.py:188} INFO - [2024-05-22T08:07:35.003+0000] {dag.py:3096} INFO - Sync 1 DAGs
[2024-05-22T08:07:35.012+0000] {logging_mixin.py:188} INFO - [2024-05-22T08:07:35.012+0000] {dag.py:3954} INFO - Setting next_dagrun for example_sensor_decorator to None, run_after=None
[2024-05-22T08:07:35.023+0000] {processor.py:183} INFO - Processing /home/airflow/.local/lib/python3.12/site-packages/airflow/example_dags/example_sensor_decorator.py took 0.064 seconds
[2024-05-22T08:08:05.623+0000] {processor.py:161} INFO - Started process (PID=967) to work on /home/airflow/.local/lib/python3.12/site-packages/airflow/example_dags/example_sensor_decorator.py
[2024-05-22T08:08:05.626+0000] {processor.py:830} INFO - Processing file /home/airflow/.local/lib/python3.12/site-packages/airflow/example_dags/example_sensor_decorator.py for tasks to queue
[2024-05-22T08:08:05.629+0000] {logging_mixin.py:188} INFO - [2024-05-22T08:08:05.628+0000] {dagbag.py:540} INFO - Filling up the DagBag from /home/airflow/.local/lib/python3.12/site-packages/airflow/example_dags/example_sensor_decorator.py
[2024-05-22T08:08:05.638+0000] {processor.py:840} INFO - DAG(s) 'example_sensor_decorator' retrieved from /home/airflow/.local/lib/python3.12/site-packages/airflow/example_dags/example_sensor_decorator.py
[2024-05-22T08:08:05.658+0000] {logging_mixin.py:188} INFO - [2024-05-22T08:08:05.658+0000] {dag.py:3096} INFO - Sync 1 DAGs
[2024-05-22T08:08:05.666+0000] {logging_mixin.py:188} INFO - [2024-05-22T08:08:05.666+0000] {dag.py:3954} INFO - Setting next_dagrun for example_sensor_decorator to None, run_after=None
[2024-05-22T08:08:05.683+0000] {processor.py:183} INFO - Processing /home/airflow/.local/lib/python3.12/site-packages/airflow/example_dags/example_sensor_decorator.py took 0.069 seconds
[2024-05-22T08:08:36.332+0000] {processor.py:161} INFO - Started process (PID=1234) to work on /home/airflow/.local/lib/python3.12/site-packages/airflow/example_dags/example_sensor_decorator.py
[2024-05-22T08:08:36.334+0000] {processor.py:830} INFO - Processing file /home/airflow/.local/lib/python3.12/site-packages/airflow/example_dags/example_sensor_decorator.py for tasks to queue
[2024-05-22T08:08:36.337+0000] {logging_mixin.py:188} INFO - [2024-05-22T08:08:36.337+0000] {dagbag.py:540} INFO - Filling up the DagBag from /home/airflow/.local/lib/python3.12/site-packages/airflow/example_dags/example_sensor_decorator.py
[2024-05-22T08:08:36.352+0000] {processor.py:840} INFO - DAG(s) 'example_sensor_decorator' retrieved from /home/airflow/.local/lib/python3.12/site-packages/airflow/example_dags/example_sensor_decorator.py
[2024-05-22T08:08:36.382+0000] {logging_mixin.py:188} INFO - [2024-05-22T08:08:36.382+0000] {dag.py:3096} INFO - Sync 1 DAGs
[2024-05-22T08:08:36.391+0000] {logging_mixin.py:188} INFO - [2024-05-22T08:08:36.391+0000] {dag.py:3954} INFO - Setting next_dagrun for example_sensor_decorator to None, run_after=None
[2024-05-22T08:08:36.402+0000] {processor.py:183} INFO - Processing /home/airflow/.local/lib/python3.12/site-packages/airflow/example_dags/example_sensor_decorator.py took 0.079 seconds
[2024-05-22T08:09:06.981+0000] {processor.py:161} INFO - Started process (PID=1501) to work on /home/airflow/.local/lib/python3.12/site-packages/airflow/example_dags/example_sensor_decorator.py
[2024-05-22T08:09:06.983+0000] {processor.py:830} INFO - Processing file /home/airflow/.local/lib/python3.12/site-packages/airflow/example_dags/example_sensor_decorator.py for tasks to queue
[2024-05-22T08:09:06.984+0000] {logging_mixin.py:188} INFO - [2024-05-22T08:09:06.984+0000] {dagbag.py:540} INFO - Filling up the DagBag from /home/airflow/.local/lib/python3.12/site-packages/airflow/example_dags/example_sensor_decorator.py
[2024-05-22T08:09:07.000+0000] {processor.py:840} INFO - DAG(s) 'example_sensor_decorator' retrieved from /home/airflow/.local/lib/python3.12/site-packages/airflow/example_dags/example_sensor_decorator.py
[2024-05-22T08:09:07.017+0000] {logging_mixin.py:188} INFO - [2024-05-22T08:09:07.017+0000] {dag.py:3096} INFO - Sync 1 DAGs
[2024-05-22T08:09:07.025+0000] {logging_mixin.py:188} INFO - [2024-05-22T08:09:07.025+0000] {dag.py:3954} INFO - Setting next_dagrun for example_sensor_decorator to None, run_after=None
[2024-05-22T08:09:07.038+0000] {processor.py:183} INFO - Processing /home/airflow/.local/lib/python3.12/site-packages/airflow/example_dags/example_sensor_decorator.py took 0.061 seconds
[2024-05-22T08:09:37.131+0000] {processor.py:161} INFO - Started process (PID=1766) to work on /home/airflow/.local/lib/python3.12/site-packages/airflow/example_dags/example_sensor_decorator.py
[2024-05-22T08:09:37.132+0000] {processor.py:830} INFO - Processing file /home/airflow/.local/lib/python3.12/site-packages/airflow/example_dags/example_sensor_decorator.py for tasks to queue
[2024-05-22T08:09:37.136+0000] {logging_mixin.py:188} INFO - [2024-05-22T08:09:37.135+0000] {dagbag.py:540} INFO - Filling up the DagBag from /home/airflow/.local/lib/python3.12/site-packages/airflow/example_dags/example_sensor_decorator.py
[2024-05-22T08:09:37.145+0000] {processor.py:840} INFO - DAG(s) 'example_sensor_decorator' retrieved from /home/airflow/.local/lib/python3.12/site-packages/airflow/example_dags/example_sensor_decorator.py
[2024-05-22T08:09:37.161+0000] {logging_mixin.py:188} INFO - [2024-05-22T08:09:37.161+0000] {dag.py:3096} INFO - Sync 1 DAGs
[2024-05-22T08:09:37.169+0000] {logging_mixin.py:188} INFO - [2024-05-22T08:09:37.169+0000] {dag.py:3954} INFO - Setting next_dagrun for example_sensor_decorator to None, run_after=None
[2024-05-22T08:09:37.183+0000] {processor.py:183} INFO - Processing /home/airflow/.local/lib/python3.12/site-packages/airflow/example_dags/example_sensor_decorator.py took 0.061 seconds
[2024-05-22T08:10:08.022+0000] {processor.py:161} INFO - Started process (PID=2035) to work on /home/airflow/.local/lib/python3.12/site-packages/airflow/example_dags/example_sensor_decorator.py
[2024-05-22T08:10:08.023+0000] {processor.py:830} INFO - Processing file /home/airflow/.local/lib/python3.12/site-packages/airflow/example_dags/example_sensor_decorator.py for tasks to queue
[2024-05-22T08:10:08.026+0000] {logging_mixin.py:188} INFO - [2024-05-22T08:10:08.026+0000] {dagbag.py:540} INFO - Filling up the DagBag from /home/airflow/.local/lib/python3.12/site-packages/airflow/example_dags/example_sensor_decorator.py
[2024-05-22T08:10:08.035+0000] {processor.py:840} INFO - DAG(s) 'example_sensor_decorator' retrieved from /home/airflow/.local/lib/python3.12/site-packages/airflow/example_dags/example_sensor_decorator.py
[2024-05-22T08:10:08.060+0000] {logging_mixin.py:188} INFO - [2024-05-22T08:10:08.059+0000] {dag.py:3096} INFO - Sync 1 DAGs
[2024-05-22T08:10:08.073+0000] {logging_mixin.py:188} INFO - [2024-05-22T08:10:08.073+0000] {dag.py:3954} INFO - Setting next_dagrun for example_sensor_decorator to None, run_after=None
[2024-05-22T08:10:08.083+0000] {processor.py:183} INFO - Processing /home/airflow/.local/lib/python3.12/site-packages/airflow/example_dags/example_sensor_decorator.py took 0.070 seconds
[2024-05-22T08:10:38.708+0000] {processor.py:161} INFO - Started process (PID=2302) to work on /home/airflow/.local/lib/python3.12/site-packages/airflow/example_dags/example_sensor_decorator.py
[2024-05-22T08:10:38.709+0000] {processor.py:830} INFO - Processing file /home/airflow/.local/lib/python3.12/site-packages/airflow/example_dags/example_sensor_decorator.py for tasks to queue
[2024-05-22T08:10:38.712+0000] {logging_mixin.py:188} INFO - [2024-05-22T08:10:38.712+0000] {dagbag.py:540} INFO - Filling up the DagBag from /home/airflow/.local/lib/python3.12/site-packages/airflow/example_dags/example_sensor_decorator.py
[2024-05-22T08:10:38.719+0000] {processor.py:840} INFO - DAG(s) 'example_sensor_decorator' retrieved from /home/airflow/.local/lib/python3.12/site-packages/airflow/example_dags/example_sensor_decorator.py
[2024-05-22T08:10:38.733+0000] {logging_mixin.py:188} INFO - [2024-05-22T08:10:38.733+0000] {dag.py:3096} INFO - Sync 1 DAGs
[2024-05-22T08:10:38.740+0000] {logging_mixin.py:188} INFO - [2024-05-22T08:10:38.740+0000] {dag.py:3954} INFO - Setting next_dagrun for example_sensor_decorator to None, run_after=None
[2024-05-22T08:10:38.749+0000] {processor.py:183} INFO - Processing /home/airflow/.local/lib/python3.12/site-packages/airflow/example_dags/example_sensor_decorator.py took 0.047 seconds
[2024-05-22T08:11:09.273+0000] {processor.py:161} INFO - Started process (PID=2569) to work on /home/airflow/.local/lib/python3.12/site-packages/airflow/example_dags/example_sensor_decorator.py
[2024-05-22T08:11:09.274+0000] {processor.py:830} INFO - Processing file /home/airflow/.local/lib/python3.12/site-packages/airflow/example_dags/example_sensor_decorator.py for tasks to queue
[2024-05-22T08:11:09.277+0000] {logging_mixin.py:188} INFO - [2024-05-22T08:11:09.277+0000] {dagbag.py:540} INFO - Filling up the DagBag from /home/airflow/.local/lib/python3.12/site-packages/airflow/example_dags/example_sensor_decorator.py
[2024-05-22T08:11:09.288+0000] {processor.py:840} INFO - DAG(s) 'example_sensor_decorator' retrieved from /home/airflow/.local/lib/python3.12/site-packages/airflow/example_dags/example_sensor_decorator.py
[2024-05-22T08:11:09.329+0000] {logging_mixin.py:188} INFO - [2024-05-22T08:11:09.329+0000] {dag.py:3096} INFO - Sync 1 DAGs
[2024-05-22T08:11:09.339+0000] {logging_mixin.py:188} INFO - [2024-05-22T08:11:09.338+0000] {dag.py:3954} INFO - Setting next_dagrun for example_sensor_decorator to None, run_after=None
[2024-05-22T08:11:09.350+0000] {processor.py:183} INFO - Processing /home/airflow/.local/lib/python3.12/site-packages/airflow/example_dags/example_sensor_decorator.py took 0.082 seconds
[2024-05-22T08:11:40.071+0000] {processor.py:161} INFO - Started process (PID=2836) to work on /home/airflow/.local/lib/python3.12/site-packages/airflow/example_dags/example_sensor_decorator.py
[2024-05-22T08:11:40.072+0000] {processor.py:830} INFO - Processing file /home/airflow/.local/lib/python3.12/site-packages/airflow/example_dags/example_sensor_decorator.py for tasks to queue
[2024-05-22T08:11:40.075+0000] {logging_mixin.py:188} INFO - [2024-05-22T08:11:40.074+0000] {dagbag.py:540} INFO - Filling up the DagBag from /home/airflow/.local/lib/python3.12/site-packages/airflow/example_dags/example_sensor_decorator.py
[2024-05-22T08:11:40.083+0000] {processor.py:840} INFO - DAG(s) 'example_sensor_decorator' retrieved from /home/airflow/.local/lib/python3.12/site-packages/airflow/example_dags/example_sensor_decorator.py
[2024-05-22T08:11:40.115+0000] {logging_mixin.py:188} INFO - [2024-05-22T08:11:40.115+0000] {dag.py:3096} INFO - Sync 1 DAGs
[2024-05-22T08:11:40.125+0000] {logging_mixin.py:188} INFO - [2024-05-22T08:11:40.125+0000] {dag.py:3954} INFO - Setting next_dagrun for example_sensor_decorator to None, run_after=None
[2024-05-22T08:11:40.138+0000] {processor.py:183} INFO - Processing /home/airflow/.local/lib/python3.12/site-packages/airflow/example_dags/example_sensor_decorator.py took 0.071 seconds
[2024-05-22T08:12:10.807+0000] {processor.py:161} INFO - Started process (PID=3103) to work on /home/airflow/.local/lib/python3.12/site-packages/airflow/example_dags/example_sensor_decorator.py
[2024-05-22T08:12:10.809+0000] {processor.py:830} INFO - Processing file /home/airflow/.local/lib/python3.12/site-packages/airflow/example_dags/example_sensor_decorator.py for tasks to queue
[2024-05-22T08:12:10.811+0000] {logging_mixin.py:188} INFO - [2024-05-22T08:12:10.811+0000] {dagbag.py:540} INFO - Filling up the DagBag from /home/airflow/.local/lib/python3.12/site-packages/airflow/example_dags/example_sensor_decorator.py
[2024-05-22T08:12:10.819+0000] {processor.py:840} INFO - DAG(s) 'example_sensor_decorator' retrieved from /home/airflow/.local/lib/python3.12/site-packages/airflow/example_dags/example_sensor_decorator.py
[2024-05-22T08:12:10.836+0000] {logging_mixin.py:188} INFO - [2024-05-22T08:12:10.836+0000] {dag.py:3096} INFO - Sync 1 DAGs
[2024-05-22T08:12:10.846+0000] {logging_mixin.py:188} INFO - [2024-05-22T08:12:10.846+0000] {dag.py:3954} INFO - Setting next_dagrun for example_sensor_decorator to None, run_after=None
[2024-05-22T08:12:10.858+0000] {processor.py:183} INFO - Processing /home/airflow/.local/lib/python3.12/site-packages/airflow/example_dags/example_sensor_decorator.py took 0.057 seconds
[2024-05-22T08:12:41.608+0000] {processor.py:161} INFO - Started process (PID=3369) to work on /home/airflow/.local/lib/python3.12/site-packages/airflow/example_dags/example_sensor_decorator.py
[2024-05-22T08:12:41.611+0000] {processor.py:830} INFO - Processing file /home/airflow/.local/lib/python3.12/site-packages/airflow/example_dags/example_sensor_decorator.py for tasks to queue
[2024-05-22T08:12:41.615+0000] {logging_mixin.py:188} INFO - [2024-05-22T08:12:41.614+0000] {dagbag.py:540} INFO - Filling up the DagBag from /home/airflow/.local/lib/python3.12/site-packages/airflow/example_dags/example_sensor_decorator.py
[2024-05-22T08:12:41.623+0000] {processor.py:840} INFO - DAG(s) 'example_sensor_decorator' retrieved from /home/airflow/.local/lib/python3.12/site-packages/airflow/example_dags/example_sensor_decorator.py
[2024-05-22T08:12:41.643+0000] {logging_mixin.py:188} INFO - [2024-05-22T08:12:41.642+0000] {dag.py:3096} INFO - Sync 1 DAGs
[2024-05-22T08:12:41.653+0000] {logging_mixin.py:188} INFO - [2024-05-22T08:12:41.653+0000] {dag.py:3954} INFO - Setting next_dagrun for example_sensor_decorator to None, run_after=None
[2024-05-22T08:12:41.665+0000] {processor.py:183} INFO - Processing /home/airflow/.local/lib/python3.12/site-packages/airflow/example_dags/example_sensor_decorator.py took 0.066 seconds
[2024-05-22T08:13:12.440+0000] {processor.py:161} INFO - Started process (PID=3636) to work on /home/airflow/.local/lib/python3.12/site-packages/airflow/example_dags/example_sensor_decorator.py
[2024-05-22T08:13:12.443+0000] {processor.py:830} INFO - Processing file /home/airflow/.local/lib/python3.12/site-packages/airflow/example_dags/example_sensor_decorator.py for tasks to queue
[2024-05-22T08:13:12.446+0000] {logging_mixin.py:188} INFO - [2024-05-22T08:13:12.445+0000] {dagbag.py:540} INFO - Filling up the DagBag from /home/airflow/.local/lib/python3.12/site-packages/airflow/example_dags/example_sensor_decorator.py
[2024-05-22T08:13:12.455+0000] {processor.py:840} INFO - DAG(s) 'example_sensor_decorator' retrieved from /home/airflow/.local/lib/python3.12/site-packages/airflow/example_dags/example_sensor_decorator.py
[2024-05-22T08:13:12.474+0000] {logging_mixin.py:188} INFO - [2024-05-22T08:13:12.474+0000] {dag.py:3096} INFO - Sync 1 DAGs
[2024-05-22T08:13:12.483+0000] {logging_mixin.py:188} INFO - [2024-05-22T08:13:12.483+0000] {dag.py:3954} INFO - Setting next_dagrun for example_sensor_decorator to None, run_after=None
[2024-05-22T08:13:12.494+0000] {processor.py:183} INFO - Processing /home/airflow/.local/lib/python3.12/site-packages/airflow/example_dags/example_sensor_decorator.py took 0.066 seconds
[2024-05-22T08:13:42.663+0000] {processor.py:161} INFO - Started process (PID=3904) to work on /home/airflow/.local/lib/python3.12/site-packages/airflow/example_dags/example_sensor_decorator.py
[2024-05-22T08:13:42.664+0000] {processor.py:830} INFO - Processing file /home/airflow/.local/lib/python3.12/site-packages/airflow/example_dags/example_sensor_decorator.py for tasks to queue
[2024-05-22T08:13:42.666+0000] {logging_mixin.py:188} INFO - [2024-05-22T08:13:42.666+0000] {dagbag.py:540} INFO - Filling up the DagBag from /home/airflow/.local/lib/python3.12/site-packages/airflow/example_dags/example_sensor_decorator.py
[2024-05-22T08:13:42.678+0000] {processor.py:840} INFO - DAG(s) 'example_sensor_decorator' retrieved from /home/airflow/.local/lib/python3.12/site-packages/airflow/example_dags/example_sensor_decorator.py
[2024-05-22T08:13:42.699+0000] {logging_mixin.py:188} INFO - [2024-05-22T08:13:42.699+0000] {dag.py:3096} INFO - Sync 1 DAGs
[2024-05-22T08:13:42.708+0000] {logging_mixin.py:188} INFO - [2024-05-22T08:13:42.708+0000] {dag.py:3954} INFO - Setting next_dagrun for example_sensor_decorator to None, run_after=None
[2024-05-22T08:13:42.718+0000] {processor.py:183} INFO - Processing /home/airflow/.local/lib/python3.12/site-packages/airflow/example_dags/example_sensor_decorator.py took 0.065 seconds
[2024-05-22T08:14:12.854+0000] {processor.py:161} INFO - Started process (PID=4170) to work on /home/airflow/.local/lib/python3.12/site-packages/airflow/example_dags/example_sensor_decorator.py
[2024-05-22T08:14:12.856+0000] {processor.py:830} INFO - Processing file /home/airflow/.local/lib/python3.12/site-packages/airflow/example_dags/example_sensor_decorator.py for tasks to queue
[2024-05-22T08:14:12.858+0000] {logging_mixin.py:188} INFO - [2024-05-22T08:14:12.857+0000] {dagbag.py:540} INFO - Filling up the DagBag from /home/airflow/.local/lib/python3.12/site-packages/airflow/example_dags/example_sensor_decorator.py
[2024-05-22T08:14:12.866+0000] {processor.py:840} INFO - DAG(s) 'example_sensor_decorator' retrieved from /home/airflow/.local/lib/python3.12/site-packages/airflow/example_dags/example_sensor_decorator.py
[2024-05-22T08:14:12.894+0000] {logging_mixin.py:188} INFO - [2024-05-22T08:14:12.894+0000] {dag.py:3096} INFO - Sync 1 DAGs
[2024-05-22T08:14:12.904+0000] {logging_mixin.py:188} INFO - [2024-05-22T08:14:12.904+0000] {dag.py:3954} INFO - Setting next_dagrun for example_sensor_decorator to None, run_after=None
[2024-05-22T08:14:12.916+0000] {processor.py:183} INFO - Processing /home/airflow/.local/lib/python3.12/site-packages/airflow/example_dags/example_sensor_decorator.py took 0.073 seconds
[2024-05-22T08:14:43.013+0000] {processor.py:161} INFO - Started process (PID=4434) to work on /home/airflow/.local/lib/python3.12/site-packages/airflow/example_dags/example_sensor_decorator.py
[2024-05-22T08:14:43.015+0000] {processor.py:830} INFO - Processing file /home/airflow/.local/lib/python3.12/site-packages/airflow/example_dags/example_sensor_decorator.py for tasks to queue
[2024-05-22T08:14:43.020+0000] {logging_mixin.py:188} INFO - [2024-05-22T08:14:43.020+0000] {dagbag.py:540} INFO - Filling up the DagBag from /home/airflow/.local/lib/python3.12/site-packages/airflow/example_dags/example_sensor_decorator.py
[2024-05-22T08:14:43.031+0000] {processor.py:840} INFO - DAG(s) 'example_sensor_decorator' retrieved from /home/airflow/.local/lib/python3.12/site-packages/airflow/example_dags/example_sensor_decorator.py
[2024-05-22T08:14:43.051+0000] {logging_mixin.py:188} INFO - [2024-05-22T08:14:43.051+0000] {dag.py:3096} INFO - Sync 1 DAGs
[2024-05-22T08:14:43.059+0000] {logging_mixin.py:188} INFO - [2024-05-22T08:14:43.059+0000] {dag.py:3954} INFO - Setting next_dagrun for example_sensor_decorator to None, run_after=None
[2024-05-22T08:14:43.069+0000] {processor.py:183} INFO - Processing /home/airflow/.local/lib/python3.12/site-packages/airflow/example_dags/example_sensor_decorator.py took 0.070 seconds
[2024-05-22T08:15:13.431+0000] {processor.py:161} INFO - Started process (PID=4703) to work on /home/airflow/.local/lib/python3.12/site-packages/airflow/example_dags/example_sensor_decorator.py
[2024-05-22T08:15:13.432+0000] {processor.py:830} INFO - Processing file /home/airflow/.local/lib/python3.12/site-packages/airflow/example_dags/example_sensor_decorator.py for tasks to queue
[2024-05-22T08:15:13.442+0000] {logging_mixin.py:188} INFO - [2024-05-22T08:15:13.440+0000] {dagbag.py:540} INFO - Filling up the DagBag from /home/airflow/.local/lib/python3.12/site-packages/airflow/example_dags/example_sensor_decorator.py
[2024-05-22T08:15:13.458+0000] {processor.py:840} INFO - DAG(s) 'example_sensor_decorator' retrieved from /home/airflow/.local/lib/python3.12/site-packages/airflow/example_dags/example_sensor_decorator.py
[2024-05-22T08:15:13.476+0000] {logging_mixin.py:188} INFO - [2024-05-22T08:15:13.476+0000] {dag.py:3096} INFO - Sync 1 DAGs
[2024-05-22T08:15:13.485+0000] {logging_mixin.py:188} INFO - [2024-05-22T08:15:13.485+0000] {dag.py:3954} INFO - Setting next_dagrun for example_sensor_decorator to None, run_after=None
[2024-05-22T08:15:13.497+0000] {processor.py:183} INFO - Processing /home/airflow/.local/lib/python3.12/site-packages/airflow/example_dags/example_sensor_decorator.py took 0.078 seconds
