[2024-05-22T08:06:34.724+0000] {processor.py:161} INFO - Started process (PID=297) to work on /home/airflow/.local/lib/python3.12/site-packages/airflow/example_dags/tutorial.py
[2024-05-22T08:06:34.725+0000] {processor.py:830} INFO - Processing file /home/airflow/.local/lib/python3.12/site-packages/airflow/example_dags/tutorial.py for tasks to queue
[2024-05-22T08:06:34.726+0000] {logging_mixin.py:188} INFO - [2024-05-22T08:06:34.725+0000] {dagbag.py:540} INFO - Filling up the DagBag from /home/airflow/.local/lib/python3.12/site-packages/airflow/example_dags/tutorial.py
[2024-05-22T08:06:34.729+0000] {processor.py:840} INFO - DAG(s) 'tutorial' retrieved from /home/airflow/.local/lib/python3.12/site-packages/airflow/example_dags/tutorial.py
[2024-05-22T08:06:34.742+0000] {logging_mixin.py:188} INFO - [2024-05-22T08:06:34.742+0000] {dag.py:3096} INFO - Sync 1 DAGs
[2024-05-22T08:06:34.755+0000] {logging_mixin.py:188} INFO - [2024-05-22T08:06:34.755+0000] {dag.py:3954} INFO - Setting next_dagrun for tutorial to 2024-05-21 00:00:00+00:00, run_after=2024-05-22 00:00:00+00:00
[2024-05-22T08:06:34.766+0000] {processor.py:183} INFO - Processing /home/airflow/.local/lib/python3.12/site-packages/airflow/example_dags/tutorial.py took 0.045 seconds
[2024-05-22T08:07:04.898+0000] {processor.py:161} INFO - Started process (PID=564) to work on /home/airflow/.local/lib/python3.12/site-packages/airflow/example_dags/tutorial.py
[2024-05-22T08:07:04.899+0000] {processor.py:830} INFO - Processing file /home/airflow/.local/lib/python3.12/site-packages/airflow/example_dags/tutorial.py for tasks to queue
[2024-05-22T08:07:04.900+0000] {logging_mixin.py:188} INFO - [2024-05-22T08:07:04.900+0000] {dagbag.py:540} INFO - Filling up the DagBag from /home/airflow/.local/lib/python3.12/site-packages/airflow/example_dags/tutorial.py
[2024-05-22T08:07:04.903+0000] {processor.py:840} INFO - DAG(s) 'tutorial' retrieved from /home/airflow/.local/lib/python3.12/site-packages/airflow/example_dags/tutorial.py
[2024-05-22T08:07:04.913+0000] {logging_mixin.py:188} INFO - [2024-05-22T08:07:04.913+0000] {dag.py:3096} INFO - Sync 1 DAGs
[2024-05-22T08:07:04.923+0000] {logging_mixin.py:188} INFO - [2024-05-22T08:07:04.923+0000] {dag.py:3954} INFO - Setting next_dagrun for tutorial to 2024-05-21 00:00:00+00:00, run_after=2024-05-22 00:00:00+00:00
[2024-05-22T08:07:04.932+0000] {processor.py:183} INFO - Processing /home/airflow/.local/lib/python3.12/site-packages/airflow/example_dags/tutorial.py took 0.037 seconds
[2024-05-22T08:07:35.639+0000] {processor.py:161} INFO - Started process (PID=831) to work on /home/airflow/.local/lib/python3.12/site-packages/airflow/example_dags/tutorial.py
[2024-05-22T08:07:35.640+0000] {processor.py:830} INFO - Processing file /home/airflow/.local/lib/python3.12/site-packages/airflow/example_dags/tutorial.py for tasks to queue
[2024-05-22T08:07:35.641+0000] {logging_mixin.py:188} INFO - [2024-05-22T08:07:35.640+0000] {dagbag.py:540} INFO - Filling up the DagBag from /home/airflow/.local/lib/python3.12/site-packages/airflow/example_dags/tutorial.py
[2024-05-22T08:07:35.643+0000] {processor.py:840} INFO - DAG(s) 'tutorial' retrieved from /home/airflow/.local/lib/python3.12/site-packages/airflow/example_dags/tutorial.py
[2024-05-22T08:07:35.653+0000] {logging_mixin.py:188} INFO - [2024-05-22T08:07:35.653+0000] {dag.py:3096} INFO - Sync 1 DAGs
[2024-05-22T08:07:35.664+0000] {logging_mixin.py:188} INFO - [2024-05-22T08:07:35.664+0000] {dag.py:3954} INFO - Setting next_dagrun for tutorial to 2024-05-21 00:00:00+00:00, run_after=2024-05-22 00:00:00+00:00
[2024-05-22T08:07:35.674+0000] {processor.py:183} INFO - Processing /home/airflow/.local/lib/python3.12/site-packages/airflow/example_dags/tutorial.py took 0.037 seconds
[2024-05-22T08:08:06.314+0000] {processor.py:161} INFO - Started process (PID=1098) to work on /home/airflow/.local/lib/python3.12/site-packages/airflow/example_dags/tutorial.py
[2024-05-22T08:08:06.314+0000] {processor.py:830} INFO - Processing file /home/airflow/.local/lib/python3.12/site-packages/airflow/example_dags/tutorial.py for tasks to queue
[2024-05-22T08:08:06.315+0000] {logging_mixin.py:188} INFO - [2024-05-22T08:08:06.315+0000] {dagbag.py:540} INFO - Filling up the DagBag from /home/airflow/.local/lib/python3.12/site-packages/airflow/example_dags/tutorial.py
[2024-05-22T08:08:06.318+0000] {processor.py:840} INFO - DAG(s) 'tutorial' retrieved from /home/airflow/.local/lib/python3.12/site-packages/airflow/example_dags/tutorial.py
[2024-05-22T08:08:06.326+0000] {logging_mixin.py:188} INFO - [2024-05-22T08:08:06.326+0000] {dag.py:3096} INFO - Sync 1 DAGs
[2024-05-22T08:08:06.336+0000] {logging_mixin.py:188} INFO - [2024-05-22T08:08:06.335+0000] {dag.py:3954} INFO - Setting next_dagrun for tutorial to 2024-05-21 00:00:00+00:00, run_after=2024-05-22 00:00:00+00:00
[2024-05-22T08:08:06.343+0000] {processor.py:183} INFO - Processing /home/airflow/.local/lib/python3.12/site-packages/airflow/example_dags/tutorial.py took 0.032 seconds
[2024-05-22T08:08:37.037+0000] {processor.py:161} INFO - Started process (PID=1365) to work on /home/airflow/.local/lib/python3.12/site-packages/airflow/example_dags/tutorial.py
[2024-05-22T08:08:37.038+0000] {processor.py:830} INFO - Processing file /home/airflow/.local/lib/python3.12/site-packages/airflow/example_dags/tutorial.py for tasks to queue
[2024-05-22T08:08:37.039+0000] {logging_mixin.py:188} INFO - [2024-05-22T08:08:37.039+0000] {dagbag.py:540} INFO - Filling up the DagBag from /home/airflow/.local/lib/python3.12/site-packages/airflow/example_dags/tutorial.py
[2024-05-22T08:08:37.042+0000] {processor.py:840} INFO - DAG(s) 'tutorial' retrieved from /home/airflow/.local/lib/python3.12/site-packages/airflow/example_dags/tutorial.py
[2024-05-22T08:08:37.054+0000] {logging_mixin.py:188} INFO - [2024-05-22T08:08:37.054+0000] {dag.py:3096} INFO - Sync 1 DAGs
[2024-05-22T08:08:37.064+0000] {logging_mixin.py:188} INFO - [2024-05-22T08:08:37.064+0000] {dag.py:3954} INFO - Setting next_dagrun for tutorial to 2024-05-21 00:00:00+00:00, run_after=2024-05-22 00:00:00+00:00
[2024-05-22T08:08:37.072+0000] {processor.py:183} INFO - Processing /home/airflow/.local/lib/python3.12/site-packages/airflow/example_dags/tutorial.py took 0.038 seconds
[2024-05-22T08:09:08.009+0000] {processor.py:161} INFO - Started process (PID=1634) to work on /home/airflow/.local/lib/python3.12/site-packages/airflow/example_dags/tutorial.py
[2024-05-22T08:09:08.010+0000] {processor.py:830} INFO - Processing file /home/airflow/.local/lib/python3.12/site-packages/airflow/example_dags/tutorial.py for tasks to queue
[2024-05-22T08:09:08.010+0000] {logging_mixin.py:188} INFO - [2024-05-22T08:09:08.010+0000] {dagbag.py:540} INFO - Filling up the DagBag from /home/airflow/.local/lib/python3.12/site-packages/airflow/example_dags/tutorial.py
[2024-05-22T08:09:08.013+0000] {processor.py:840} INFO - DAG(s) 'tutorial' retrieved from /home/airflow/.local/lib/python3.12/site-packages/airflow/example_dags/tutorial.py
[2024-05-22T08:09:08.022+0000] {logging_mixin.py:188} INFO - [2024-05-22T08:09:08.022+0000] {dag.py:3096} INFO - Sync 1 DAGs
[2024-05-22T08:09:08.032+0000] {logging_mixin.py:188} INFO - [2024-05-22T08:09:08.032+0000] {dag.py:3954} INFO - Setting next_dagrun for tutorial to 2024-05-21 00:00:00+00:00, run_after=2024-05-22 00:00:00+00:00
[2024-05-22T08:09:08.040+0000] {processor.py:183} INFO - Processing /home/airflow/.local/lib/python3.12/site-packages/airflow/example_dags/tutorial.py took 0.034 seconds
[2024-05-22T08:09:38.842+0000] {processor.py:161} INFO - Started process (PID=1901) to work on /home/airflow/.local/lib/python3.12/site-packages/airflow/example_dags/tutorial.py
[2024-05-22T08:09:38.842+0000] {processor.py:830} INFO - Processing file /home/airflow/.local/lib/python3.12/site-packages/airflow/example_dags/tutorial.py for tasks to queue
[2024-05-22T08:09:38.843+0000] {logging_mixin.py:188} INFO - [2024-05-22T08:09:38.843+0000] {dagbag.py:540} INFO - Filling up the DagBag from /home/airflow/.local/lib/python3.12/site-packages/airflow/example_dags/tutorial.py
[2024-05-22T08:09:38.846+0000] {processor.py:840} INFO - DAG(s) 'tutorial' retrieved from /home/airflow/.local/lib/python3.12/site-packages/airflow/example_dags/tutorial.py
[2024-05-22T08:09:38.856+0000] {logging_mixin.py:188} INFO - [2024-05-22T08:09:38.855+0000] {dag.py:3096} INFO - Sync 1 DAGs
[2024-05-22T08:09:38.865+0000] {logging_mixin.py:188} INFO - [2024-05-22T08:09:38.865+0000] {dag.py:3954} INFO - Setting next_dagrun for tutorial to 2024-05-21 00:00:00+00:00, run_after=2024-05-22 00:00:00+00:00
[2024-05-22T08:09:38.877+0000] {processor.py:183} INFO - Processing /home/airflow/.local/lib/python3.12/site-packages/airflow/example_dags/tutorial.py took 0.039 seconds
[2024-05-22T08:10:09.733+0000] {processor.py:161} INFO - Started process (PID=2168) to work on /home/airflow/.local/lib/python3.12/site-packages/airflow/example_dags/tutorial.py
[2024-05-22T08:10:09.733+0000] {processor.py:830} INFO - Processing file /home/airflow/.local/lib/python3.12/site-packages/airflow/example_dags/tutorial.py for tasks to queue
[2024-05-22T08:10:09.734+0000] {logging_mixin.py:188} INFO - [2024-05-22T08:10:09.734+0000] {dagbag.py:540} INFO - Filling up the DagBag from /home/airflow/.local/lib/python3.12/site-packages/airflow/example_dags/tutorial.py
[2024-05-22T08:10:09.737+0000] {processor.py:840} INFO - DAG(s) 'tutorial' retrieved from /home/airflow/.local/lib/python3.12/site-packages/airflow/example_dags/tutorial.py
[2024-05-22T08:10:09.747+0000] {logging_mixin.py:188} INFO - [2024-05-22T08:10:09.747+0000] {dag.py:3096} INFO - Sync 1 DAGs
[2024-05-22T08:10:09.755+0000] {logging_mixin.py:188} INFO - [2024-05-22T08:10:09.755+0000] {dag.py:3954} INFO - Setting next_dagrun for tutorial to 2024-05-21 00:00:00+00:00, run_after=2024-05-22 00:00:00+00:00
[2024-05-22T08:10:09.762+0000] {processor.py:183} INFO - Processing /home/airflow/.local/lib/python3.12/site-packages/airflow/example_dags/tutorial.py took 0.032 seconds
[2024-05-22T08:10:40.379+0000] {processor.py:161} INFO - Started process (PID=2435) to work on /home/airflow/.local/lib/python3.12/site-packages/airflow/example_dags/tutorial.py
[2024-05-22T08:10:40.379+0000] {processor.py:830} INFO - Processing file /home/airflow/.local/lib/python3.12/site-packages/airflow/example_dags/tutorial.py for tasks to queue
[2024-05-22T08:10:40.380+0000] {logging_mixin.py:188} INFO - [2024-05-22T08:10:40.380+0000] {dagbag.py:540} INFO - Filling up the DagBag from /home/airflow/.local/lib/python3.12/site-packages/airflow/example_dags/tutorial.py
[2024-05-22T08:10:40.384+0000] {processor.py:840} INFO - DAG(s) 'tutorial' retrieved from /home/airflow/.local/lib/python3.12/site-packages/airflow/example_dags/tutorial.py
[2024-05-22T08:10:40.392+0000] {logging_mixin.py:188} INFO - [2024-05-22T08:10:40.392+0000] {dag.py:3096} INFO - Sync 1 DAGs
[2024-05-22T08:10:40.401+0000] {logging_mixin.py:188} INFO - [2024-05-22T08:10:40.401+0000] {dag.py:3954} INFO - Setting next_dagrun for tutorial to 2024-05-21 00:00:00+00:00, run_after=2024-05-22 00:00:00+00:00
[2024-05-22T08:10:40.408+0000] {processor.py:183} INFO - Processing /home/airflow/.local/lib/python3.12/site-packages/airflow/example_dags/tutorial.py took 0.032 seconds
[2024-05-22T08:11:11.075+0000] {processor.py:161} INFO - Started process (PID=2702) to work on /home/airflow/.local/lib/python3.12/site-packages/airflow/example_dags/tutorial.py
[2024-05-22T08:11:11.076+0000] {processor.py:830} INFO - Processing file /home/airflow/.local/lib/python3.12/site-packages/airflow/example_dags/tutorial.py for tasks to queue
[2024-05-22T08:11:11.076+0000] {logging_mixin.py:188} INFO - [2024-05-22T08:11:11.076+0000] {dagbag.py:540} INFO - Filling up the DagBag from /home/airflow/.local/lib/python3.12/site-packages/airflow/example_dags/tutorial.py
[2024-05-22T08:11:11.079+0000] {processor.py:840} INFO - DAG(s) 'tutorial' retrieved from /home/airflow/.local/lib/python3.12/site-packages/airflow/example_dags/tutorial.py
[2024-05-22T08:11:11.089+0000] {logging_mixin.py:188} INFO - [2024-05-22T08:11:11.089+0000] {dag.py:3096} INFO - Sync 1 DAGs
[2024-05-22T08:11:11.100+0000] {logging_mixin.py:188} INFO - [2024-05-22T08:11:11.100+0000] {dag.py:3954} INFO - Setting next_dagrun for tutorial to 2024-05-21 00:00:00+00:00, run_after=2024-05-22 00:00:00+00:00
[2024-05-22T08:11:11.109+0000] {processor.py:183} INFO - Processing /home/airflow/.local/lib/python3.12/site-packages/airflow/example_dags/tutorial.py took 0.037 seconds
[2024-05-22T08:11:41.793+0000] {processor.py:161} INFO - Started process (PID=2967) to work on /home/airflow/.local/lib/python3.12/site-packages/airflow/example_dags/tutorial.py
[2024-05-22T08:11:41.794+0000] {processor.py:830} INFO - Processing file /home/airflow/.local/lib/python3.12/site-packages/airflow/example_dags/tutorial.py for tasks to queue
[2024-05-22T08:11:41.795+0000] {logging_mixin.py:188} INFO - [2024-05-22T08:11:41.795+0000] {dagbag.py:540} INFO - Filling up the DagBag from /home/airflow/.local/lib/python3.12/site-packages/airflow/example_dags/tutorial.py
[2024-05-22T08:11:41.798+0000] {processor.py:840} INFO - DAG(s) 'tutorial' retrieved from /home/airflow/.local/lib/python3.12/site-packages/airflow/example_dags/tutorial.py
[2024-05-22T08:11:41.807+0000] {logging_mixin.py:188} INFO - [2024-05-22T08:11:41.807+0000] {dag.py:3096} INFO - Sync 1 DAGs
[2024-05-22T08:11:41.817+0000] {logging_mixin.py:188} INFO - [2024-05-22T08:11:41.817+0000] {dag.py:3954} INFO - Setting next_dagrun for tutorial to 2024-05-21 00:00:00+00:00, run_after=2024-05-22 00:00:00+00:00
[2024-05-22T08:11:41.825+0000] {processor.py:183} INFO - Processing /home/airflow/.local/lib/python3.12/site-packages/airflow/example_dags/tutorial.py took 0.035 seconds
[2024-05-22T08:12:12.803+0000] {processor.py:161} INFO - Started process (PID=3233) to work on /home/airflow/.local/lib/python3.12/site-packages/airflow/example_dags/tutorial.py
[2024-05-22T08:12:12.807+0000] {processor.py:830} INFO - Processing file /home/airflow/.local/lib/python3.12/site-packages/airflow/example_dags/tutorial.py for tasks to queue
[2024-05-22T08:12:12.814+0000] {logging_mixin.py:188} INFO - [2024-05-22T08:12:12.812+0000] {dagbag.py:540} INFO - Filling up the DagBag from /home/airflow/.local/lib/python3.12/site-packages/airflow/example_dags/tutorial.py
[2024-05-22T08:12:12.829+0000] {processor.py:840} INFO - DAG(s) 'tutorial' retrieved from /home/airflow/.local/lib/python3.12/site-packages/airflow/example_dags/tutorial.py
[2024-05-22T08:12:12.856+0000] {logging_mixin.py:188} INFO - [2024-05-22T08:12:12.856+0000] {dag.py:3096} INFO - Sync 1 DAGs
[2024-05-22T08:12:12.882+0000] {logging_mixin.py:188} INFO - [2024-05-22T08:12:12.882+0000] {dag.py:3954} INFO - Setting next_dagrun for tutorial to 2024-05-21 00:00:00+00:00, run_after=2024-05-22 00:00:00+00:00
[2024-05-22T08:12:12.911+0000] {processor.py:183} INFO - Processing /home/airflow/.local/lib/python3.12/site-packages/airflow/example_dags/tutorial.py took 0.114 seconds
[2024-05-22T08:12:43.376+0000] {processor.py:161} INFO - Started process (PID=3502) to work on /home/airflow/.local/lib/python3.12/site-packages/airflow/example_dags/tutorial.py
[2024-05-22T08:12:43.377+0000] {processor.py:830} INFO - Processing file /home/airflow/.local/lib/python3.12/site-packages/airflow/example_dags/tutorial.py for tasks to queue
[2024-05-22T08:12:43.378+0000] {logging_mixin.py:188} INFO - [2024-05-22T08:12:43.378+0000] {dagbag.py:540} INFO - Filling up the DagBag from /home/airflow/.local/lib/python3.12/site-packages/airflow/example_dags/tutorial.py
[2024-05-22T08:12:43.382+0000] {processor.py:840} INFO - DAG(s) 'tutorial' retrieved from /home/airflow/.local/lib/python3.12/site-packages/airflow/example_dags/tutorial.py
[2024-05-22T08:12:43.392+0000] {logging_mixin.py:188} INFO - [2024-05-22T08:12:43.392+0000] {dag.py:3096} INFO - Sync 1 DAGs
[2024-05-22T08:12:43.402+0000] {logging_mixin.py:188} INFO - [2024-05-22T08:12:43.402+0000] {dag.py:3954} INFO - Setting next_dagrun for tutorial to 2024-05-21 00:00:00+00:00, run_after=2024-05-22 00:00:00+00:00
[2024-05-22T08:12:43.413+0000] {processor.py:183} INFO - Processing /home/airflow/.local/lib/python3.12/site-packages/airflow/example_dags/tutorial.py took 0.039 seconds
[2024-05-22T08:13:14.521+0000] {processor.py:161} INFO - Started process (PID=3767) to work on /home/airflow/.local/lib/python3.12/site-packages/airflow/example_dags/tutorial.py
[2024-05-22T08:13:14.526+0000] {processor.py:830} INFO - Processing file /home/airflow/.local/lib/python3.12/site-packages/airflow/example_dags/tutorial.py for tasks to queue
[2024-05-22T08:13:14.527+0000] {logging_mixin.py:188} INFO - [2024-05-22T08:13:14.527+0000] {dagbag.py:540} INFO - Filling up the DagBag from /home/airflow/.local/lib/python3.12/site-packages/airflow/example_dags/tutorial.py
[2024-05-22T08:13:14.531+0000] {processor.py:840} INFO - DAG(s) 'tutorial' retrieved from /home/airflow/.local/lib/python3.12/site-packages/airflow/example_dags/tutorial.py
[2024-05-22T08:13:14.542+0000] {logging_mixin.py:188} INFO - [2024-05-22T08:13:14.542+0000] {dag.py:3096} INFO - Sync 1 DAGs
[2024-05-22T08:13:14.553+0000] {logging_mixin.py:188} INFO - [2024-05-22T08:13:14.553+0000] {dag.py:3954} INFO - Setting next_dagrun for tutorial to 2024-05-21 00:00:00+00:00, run_after=2024-05-22 00:00:00+00:00
[2024-05-22T08:13:14.563+0000] {processor.py:183} INFO - Processing /home/airflow/.local/lib/python3.12/site-packages/airflow/example_dags/tutorial.py took 0.046 seconds
[2024-05-22T08:13:45.468+0000] {processor.py:161} INFO - Started process (PID=4034) to work on /home/airflow/.local/lib/python3.12/site-packages/airflow/example_dags/tutorial.py
[2024-05-22T08:13:45.469+0000] {processor.py:830} INFO - Processing file /home/airflow/.local/lib/python3.12/site-packages/airflow/example_dags/tutorial.py for tasks to queue
[2024-05-22T08:13:45.470+0000] {logging_mixin.py:188} INFO - [2024-05-22T08:13:45.470+0000] {dagbag.py:540} INFO - Filling up the DagBag from /home/airflow/.local/lib/python3.12/site-packages/airflow/example_dags/tutorial.py
[2024-05-22T08:13:45.473+0000] {processor.py:840} INFO - DAG(s) 'tutorial' retrieved from /home/airflow/.local/lib/python3.12/site-packages/airflow/example_dags/tutorial.py
[2024-05-22T08:13:45.483+0000] {logging_mixin.py:188} INFO - [2024-05-22T08:13:45.483+0000] {dag.py:3096} INFO - Sync 1 DAGs
[2024-05-22T08:13:45.493+0000] {logging_mixin.py:188} INFO - [2024-05-22T08:13:45.493+0000] {dag.py:3954} INFO - Setting next_dagrun for tutorial to 2024-05-21 00:00:00+00:00, run_after=2024-05-22 00:00:00+00:00
[2024-05-22T08:13:45.501+0000] {processor.py:183} INFO - Processing /home/airflow/.local/lib/python3.12/site-packages/airflow/example_dags/tutorial.py took 0.036 seconds
[2024-05-22T08:14:15.631+0000] {processor.py:161} INFO - Started process (PID=4300) to work on /home/airflow/.local/lib/python3.12/site-packages/airflow/example_dags/tutorial.py
[2024-05-22T08:14:15.632+0000] {processor.py:830} INFO - Processing file /home/airflow/.local/lib/python3.12/site-packages/airflow/example_dags/tutorial.py for tasks to queue
[2024-05-22T08:14:15.633+0000] {logging_mixin.py:188} INFO - [2024-05-22T08:14:15.633+0000] {dagbag.py:540} INFO - Filling up the DagBag from /home/airflow/.local/lib/python3.12/site-packages/airflow/example_dags/tutorial.py
[2024-05-22T08:14:15.636+0000] {processor.py:840} INFO - DAG(s) 'tutorial' retrieved from /home/airflow/.local/lib/python3.12/site-packages/airflow/example_dags/tutorial.py
[2024-05-22T08:14:15.646+0000] {logging_mixin.py:188} INFO - [2024-05-22T08:14:15.646+0000] {dag.py:3096} INFO - Sync 1 DAGs
[2024-05-22T08:14:15.657+0000] {logging_mixin.py:188} INFO - [2024-05-22T08:14:15.657+0000] {dag.py:3954} INFO - Setting next_dagrun for tutorial to 2024-05-21 00:00:00+00:00, run_after=2024-05-22 00:00:00+00:00
[2024-05-22T08:14:15.666+0000] {processor.py:183} INFO - Processing /home/airflow/.local/lib/python3.12/site-packages/airflow/example_dags/tutorial.py took 0.038 seconds
[2024-05-22T08:14:45.925+0000] {processor.py:161} INFO - Started process (PID=4569) to work on /home/airflow/.local/lib/python3.12/site-packages/airflow/example_dags/tutorial.py
[2024-05-22T08:14:45.926+0000] {processor.py:830} INFO - Processing file /home/airflow/.local/lib/python3.12/site-packages/airflow/example_dags/tutorial.py for tasks to queue
[2024-05-22T08:14:45.927+0000] {logging_mixin.py:188} INFO - [2024-05-22T08:14:45.927+0000] {dagbag.py:540} INFO - Filling up the DagBag from /home/airflow/.local/lib/python3.12/site-packages/airflow/example_dags/tutorial.py
[2024-05-22T08:14:45.930+0000] {processor.py:840} INFO - DAG(s) 'tutorial' retrieved from /home/airflow/.local/lib/python3.12/site-packages/airflow/example_dags/tutorial.py
[2024-05-22T08:14:45.939+0000] {logging_mixin.py:188} INFO - [2024-05-22T08:14:45.939+0000] {dag.py:3096} INFO - Sync 1 DAGs
[2024-05-22T08:14:45.949+0000] {logging_mixin.py:188} INFO - [2024-05-22T08:14:45.949+0000] {dag.py:3954} INFO - Setting next_dagrun for tutorial to 2024-05-21 00:00:00+00:00, run_after=2024-05-22 00:00:00+00:00
[2024-05-22T08:14:45.956+0000] {processor.py:183} INFO - Processing /home/airflow/.local/lib/python3.12/site-packages/airflow/example_dags/tutorial.py took 0.034 seconds
[2024-05-22T08:15:16.225+0000] {processor.py:161} INFO - Started process (PID=4834) to work on /home/airflow/.local/lib/python3.12/site-packages/airflow/example_dags/tutorial.py
[2024-05-22T08:15:16.226+0000] {processor.py:830} INFO - Processing file /home/airflow/.local/lib/python3.12/site-packages/airflow/example_dags/tutorial.py for tasks to queue
[2024-05-22T08:15:16.227+0000] {logging_mixin.py:188} INFO - [2024-05-22T08:15:16.227+0000] {dagbag.py:540} INFO - Filling up the DagBag from /home/airflow/.local/lib/python3.12/site-packages/airflow/example_dags/tutorial.py
[2024-05-22T08:15:16.229+0000] {processor.py:840} INFO - DAG(s) 'tutorial' retrieved from /home/airflow/.local/lib/python3.12/site-packages/airflow/example_dags/tutorial.py
[2024-05-22T08:15:16.238+0000] {logging_mixin.py:188} INFO - [2024-05-22T08:15:16.238+0000] {dag.py:3096} INFO - Sync 1 DAGs
[2024-05-22T08:15:16.247+0000] {logging_mixin.py:188} INFO - [2024-05-22T08:15:16.247+0000] {dag.py:3954} INFO - Setting next_dagrun for tutorial to 2024-05-21 00:00:00+00:00, run_after=2024-05-22 00:00:00+00:00
[2024-05-22T08:15:16.255+0000] {processor.py:183} INFO - Processing /home/airflow/.local/lib/python3.12/site-packages/airflow/example_dags/tutorial.py took 0.032 seconds
